In file included from [01m[K/home/xinchen/Dev/SRTP/build/custom_interface/rosidl_generator_c/custom_interface/msg/detail/torque__functions.h:19[m[K,
                 from [01m[K/home/xinchen/Dev/SRTP/build/custom_interface/rosidl_generator_c/custom_interface/msg/detail/torque__functions.c:4[m[K:
[01m[K/home/xinchen/Dev/SRTP/build/custom_interface/rosidl_generator_c/custom_interface/msg/detail/torque__struct.h:23:11:[m[K [01;31m[Kerror: [m[Ktwo or more data types in declaration specifiers
   23 |   int64_t [01;31m[Kfloat[m[K;
      |           [01;31m[K^~~~~[m[K
[01m[K/home/xinchen/Dev/SRTP/build/custom_interface/rosidl_generator_c/custom_interface/msg/detail/torque__struct.h:23:16:[m[K [01;35m[Kwarning: [m[Kdeclaration does not declare anything
   23 |   int64_t float[01;35m[K;[m[K
      |                [01;35m[K^[m[K
[01m[K/home/xinchen/Dev/SRTP/build/custom_interface/rosidl_generator_c/custom_interface/msg/detail/torque__functions.c:[m[K In function ‘[01m[Kcustom_interface__msg__Torque__are_equal[m[K’:
[01m[K/home/xinchen/Dev/SRTP/build/custom_interface/rosidl_generator_c/custom_interface/msg/detail/torque__functions.c:40:12:[m[K [01;31m[Kerror: [m[Kexpected identifier before ‘[01m[Kfloat[m[K’
   40 |   if (lhs->[01;31m[Kfloat[m[K != rhs->float) {
      |            [01;31m[K^~~~~[m[K
[01m[K/home/xinchen/Dev/SRTP/build/custom_interface/rosidl_generator_c/custom_interface/msg/detail/torque__functions.c:[m[K In function ‘[01m[Kcustom_interface__msg__Torque__copy[m[K’:
[01m[K/home/xinchen/Dev/SRTP/build/custom_interface/rosidl_generator_c/custom_interface/msg/detail/torque__functions.c:55:11:[m[K [01;31m[Kerror: [m[Kexpected identifier before ‘[01m[Kfloat[m[K’
   55 |   output->[01;31m[Kfloat[m[K = input->float;
      |           [01;31m[K^~~~~[m[K
make[2]: *** [CMakeFiles/custom_interface__rosidl_generator_c.dir/build.make:92: CMakeFiles/custom_interface__rosidl_generator_c.dir/rosidl_generator_c/custom_interface/msg/detail/torque__functions.c.o] Error 1
make[1]: *** [CMakeFiles/Makefile2:299: CMakeFiles/custom_interface__rosidl_generator_c.dir/all] Error 2
make[1]: *** Waiting for unfinished jobs....
In file included from [01m[K/home/xinchen/Dev/SRTP/build/custom_interface/rosidl_typesupport_cpp/custom_interface/msg/torque__type_support.cpp:7[m[K:
[01m[K/home/xinchen/Dev/SRTP/build/custom_interface/rosidl_generator_cpp/custom_interface/msg/detail/torque__struct.hpp:57:15:[m[K [01;31m[Kerror: [m[Kmultiple types in one declaration
   57 |   _float_type [01;31m[Kfloat[m[K;
      |               [01;31m[K^~~~~[m[K
[01m[K/home/xinchen/Dev/SRTP/build/custom_interface/rosidl_generator_cpp/custom_interface/msg/detail/torque__struct.hpp:57:15:[m[K [01;31m[Kerror: [m[Kdeclaration does not declare anything [[01;31m[K-fpermissive[m[K]
In file included from [01m[K/home/xinchen/Dev/SRTP/build/custom_interface/rosidl_typesupport_cpp/custom_interface/msg/torque__type_support.cpp:7[m[K:
[01m[K/home/xinchen/Dev/SRTP/build/custom_interface/rosidl_generator_cpp/custom_interface/msg/detail/torque__struct.hpp:[m[K In constructor ‘[01m[Kcustom_interface::msg::Torque_<ContainerAllocator>::Torque_(rosidl_runtime_cpp::MessageInitialization)[m[K’:
[01m[K/home/xinchen/Dev/SRTP/build/custom_interface/rosidl_generator_cpp/custom_interface/msg/detail/torque__struct.hpp:40:13:[m[K [01;31m[Kerror: [m[Kexpected unqualified-id before ‘[01m[Kfloat[m[K’
   40 |       this->[01;31m[Kfloat[m[K = 0ll;
      |             [01;31m[K^~~~~[m[K
In file included from [01m[K/home/xinchen/Dev/SRTP/build/custom_interface/rosidl_typesupport_cpp/custom_interface/msg/torque__type_support.cpp:7[m[K:
[01m[K/home/xinchen/Dev/SRTP/build/custom_interface/rosidl_generator_cpp/custom_interface/msg/detail/torque__struct.hpp:[m[K In constructor ‘[01m[Kcustom_interface::msg::Torque_<ContainerAllocator>::Torque_(const ContainerAllocator&, rosidl_runtime_cpp::MessageInitialization)[m[K’:
[01m[K/home/xinchen/Dev/SRTP/build/custom_interface/rosidl_generator_cpp/custom_interface/msg/detail/torque__struct.hpp:50:13:[m[K [01;31m[Kerror: [m[Kexpected unqualified-id before ‘[01m[Kfloat[m[K’
   50 |       this->[01;31m[Kfloat[m[K = 0ll;
      |             [01;31m[K^~~~~[m[K
[01m[K/home/xinchen/Dev/SRTP/build/custom_interface/rosidl_generator_cpp/custom_interface/msg/detail/torque__struct.hpp:[m[K In member function ‘[01m[Kcustom_interface::msg::Torque_<ContainerAllocator>::Type& custom_interface::msg::Torque_<ContainerAllocator>::set__float(const int64_t&)[m[K’:
[01m[K/home/xinchen/Dev/SRTP/build/custom_interface/rosidl_generator_cpp/custom_interface/msg/detail/torque__struct.hpp:63:11:[m[K [01;31m[Kerror: [m[Kexpected unqualified-id before ‘[01m[Kfloat[m[K’
   63 |     this->[01;31m[Kfloat[m[K = _arg;
      |           [01;31m[K^~~~~[m[K
[01m[K/home/xinchen/Dev/SRTP/build/custom_interface/rosidl_generator_cpp/custom_interface/msg/detail/torque__struct.hpp:[m[K In member function ‘[01m[Kbool custom_interface::msg::Torque_<ContainerAllocator>::operator==(const custom_interface::msg::Torque_<ContainerAllocator>&) const[m[K’:
[01m[K/home/xinchen/Dev/SRTP/build/custom_interface/rosidl_generator_cpp/custom_interface/msg/detail/torque__struct.hpp:109:15:[m[K [01;31m[Kerror: [m[Kexpected unqualified-id before ‘[01m[Kfloat[m[K’
  109 |     if (this->[01;31m[Kfloat[m[K != other.float) {
      |               [01;31m[K^~~~~[m[K
[01m[K/home/xinchen/Dev/SRTP/build/custom_interface/rosidl_generator_cpp/custom_interface/msg/detail/torque__struct.hpp:109:15:[m[K [01;31m[Kerror: [m[Kexpected ‘[01m[K)[m[K’ before ‘[01m[Kfloat[m[K’
  109 |     if [34m[K([m[Kthis->[01;31m[Kf[m[K[32m[Kloat[m[K != other.float) {
      |        [34m[K~[m[K      [01;31m[K^[m[K[32m[K~~~~[m[K
      |               [32m[K)[m[K
In file included from [01m[K/home/xinchen/Dev/SRTP/build/custom_interface/rosidl_typesupport_introspection_cpp/custom_interface/msg/detail/torque__type_support.cpp:12[m[K:
[01m[K/home/xinchen/Dev/SRTP/build/custom_interface/rosidl_generator_cpp/custom_interface/msg/detail/torque__struct.hpp:57:15:[m[K [01;31m[Kerror: [m[Kmultiple types in one declaration
   57 |   _float_type [01;31m[Kfloat[m[K;
      |               [01;31m[K^~~~~[m[K
[01m[K/home/xinchen/Dev/SRTP/build/custom_interface/rosidl_generator_cpp/custom_interface/msg/detail/torque__struct.hpp:57:15:[m[K [01;31m[Kerror: [m[Kdeclaration does not declare anything [[01;31m[K-fpermissive[m[K]
In file included from [01m[K/home/xinchen/Dev/SRTP/build/custom_interface/rosidl_typesupport_introspection_cpp/custom_interface/msg/detail/torque__type_support.cpp:12[m[K:
[01m[K/home/xinchen/Dev/SRTP/build/custom_interface/rosidl_generator_cpp/custom_interface/msg/detail/torque__struct.hpp:[m[K In constructor ‘[01m[Kcustom_interface::msg::Torque_<ContainerAllocator>::Torque_(rosidl_runtime_cpp::MessageInitialization)[m[K’:
[01m[K/home/xinchen/Dev/SRTP/build/custom_interface/rosidl_generator_cpp/custom_interface/msg/detail/torque__struct.hpp:40:13:[m[K [01;31m[Kerror: [m[Kexpected unqualified-id before ‘[01m[Kfloat[m[K’
   40 |       this->[01;31m[Kfloat[m[K = 0ll;
      |             [01;31m[K^~~~~[m[K
In file included from [01m[K/home/xinchen/Dev/SRTP/build/custom_interface/rosidl_typesupport_introspection_cpp/custom_interface/msg/detail/torque__type_support.cpp:12[m[K:
[01m[K/home/xinchen/Dev/SRTP/build/custom_interface/rosidl_generator_cpp/custom_interface/msg/detail/torque__struct.hpp:[m[K In constructor ‘[01m[Kcustom_interface::msg::Torque_<ContainerAllocator>::Torque_(const ContainerAllocator&, rosidl_runtime_cpp::MessageInitialization)[m[K’:
[01m[K/home/xinchen/Dev/SRTP/build/custom_interface/rosidl_generator_cpp/custom_interface/msg/detail/torque__struct.hpp:50:13:[m[K [01;31m[Kerror: [m[Kexpected unqualified-id before ‘[01m[Kfloat[m[K’
   50 |       this->[01;31m[Kfloat[m[K = 0ll;
      |             [01;31m[K^~~~~[m[K
[01m[K/home/xinchen/Dev/SRTP/build/custom_interface/rosidl_generator_cpp/custom_interface/msg/detail/torque__struct.hpp:[m[K In member function ‘[01m[Kcustom_interface::msg::Torque_<ContainerAllocator>::Type& custom_interface::msg::Torque_<ContainerAllocator>::set__float(const int64_t&)[m[K’:
[01m[K/home/xinchen/Dev/SRTP/build/custom_interface/rosidl_generator_cpp/custom_interface/msg/detail/torque__struct.hpp:63:11:[m[K [01;31m[Kerror: [m[Kexpected unqualified-id before ‘[01m[Kfloat[m[K’
   63 |     this->[01;31m[Kfloat[m[K = _arg;
      |           [01;31m[K^~~~~[m[K
[01m[K/home/xinchen/Dev/SRTP/build/custom_interface/rosidl_generator_cpp/custom_interface/msg/detail/torque__struct.hpp:[m[K In member function ‘[01m[Kbool custom_interface::msg::Torque_<ContainerAllocator>::operator==(const custom_interface::msg::Torque_<ContainerAllocator>&) const[m[K’:
[01m[K/home/xinchen/Dev/SRTP/build/custom_interface/rosidl_generator_cpp/custom_interface/msg/detail/torque__struct.hpp:109:15:[m[K [01;31m[Kerror: [m[Kexpected unqualified-id before ‘[01m[Kfloat[m[K’
  109 |     if (this->[01;31m[Kfloat[m[K != other.float) {
      |               [01;31m[K^~~~~[m[K
[01m[K/home/xinchen/Dev/SRTP/build/custom_interface/rosidl_generator_cpp/custom_interface/msg/detail/torque__struct.hpp:109:15:[m[K [01;31m[Kerror: [m[Kexpected ‘[01m[K)[m[K’ before ‘[01m[Kfloat[m[K’
  109 |     if [34m[K([m[Kthis->[01;31m[Kf[m[K[32m[Kloat[m[K != other.float) {
      |        [34m[K~[m[K      [01;31m[K^[m[K[32m[K~~~~[m[K
      |               [32m[K)[m[K
In file included from [01m[K/usr/include/stdio.h:33[m[K,
                 from [01m[K/usr/include/c++/9/cstdio:42[m[K,
                 from [01m[K/usr/include/c++/9/ext/string_conversions.h:43[m[K,
                 from [01m[K/usr/include/c++/9/bits/basic_string.h:6496[m[K,
                 from [01m[K/usr/include/c++/9/string:55[m[K,
                 from [01m[K/usr/include/c++/9/stdexcept:39[m[K,
                 from [01m[K/usr/include/c++/9/array:39[m[K,
                 from [01m[K/home/xinchen/Dev/SRTP/build/custom_interface/rosidl_typesupport_introspection_cpp/custom_interface/msg/detail/torque__type_support.cpp:5[m[K:
[01m[K/home/xinchen/Dev/SRTP/build/custom_interface/rosidl_typesupport_introspection_cpp/custom_interface/msg/detail/torque__type_support.cpp:[m[K At global scope:
[01m[K/home/xinchen/Dev/SRTP/build/custom_interface/rosidl_typesupport_introspection_cpp/custom_interface/msg/detail/torque__type_support.cpp:49:45:[m[K [01;31m[Kerror: [m[Kexpected unqualified-id before ‘[01m[Kfloat[m[K’
   49 |     offsetof(custom_interface::msg::Torque, [01;31m[Kfloat[m[K),  // bytes offset in struct
      |                                             [01;31m[K^~~~~[m[K
[01m[K/home/xinchen/Dev/SRTP/build/custom_interface/rosidl_typesupport_introspection_cpp/custom_interface/msg/detail/torque__type_support.cpp:49:45:[m[K [01;31m[Kerror: [m[Kexpected ‘[01m[K)[m[K’ before ‘[01m[Kfloat[m[K’
[01m[K/home/xinchen/Dev/SRTP/build/custom_interface/rosidl_typesupport_introspection_cpp/custom_interface/msg/detail/torque__type_support.cpp:49:5:[m[K [01;36m[Knote: [m[Kto match this ‘[01m[K([m[K’
   49 |     [01;36m[Koffsetof[m[K(custom_interface::msg::Torque, float),  // bytes offset in struct
      |     [01;36m[K^~~~~~~~[m[K
In file included from [01m[K/home/xinchen/Dev/SRTP/build/custom_interface/rosidl_typesupport_fastrtps_cpp/custom_interface/msg/detail/torque__rosidl_typesupport_fastrtps_cpp.hpp:11[m[K,
                 from [01m[K/home/xinchen/Dev/SRTP/build/custom_interface/rosidl_typesupport_fastrtps_cpp/custom_interface/msg/detail/dds_fastrtps/torque__type_support.cpp:4[m[K:
[01m[K/home/xinchen/Dev/SRTP/build/custom_interface/rosidl_generator_cpp/custom_interface/msg/detail/torque__struct.hpp:57:15:[m[K [01;31m[Kerror: [m[Kmultiple types in one declaration
   57 |   _float_type [01;31m[Kfloat[m[K;
      |               [01;31m[K^~~~~[m[K
[01m[K/home/xinchen/Dev/SRTP/build/custom_interface/rosidl_generator_cpp/custom_interface/msg/detail/torque__struct.hpp:57:15:[m[K [01;31m[Kerror: [m[Kdeclaration does not declare anything [[01;31m[K-fpermissive[m[K]
In file included from [01m[K/home/xinchen/Dev/SRTP/build/custom_interface/rosidl_typesupport_fastrtps_cpp/custom_interface/msg/detail/torque__rosidl_typesupport_fastrtps_cpp.hpp:11[m[K,
                 from [01m[K/home/xinchen/Dev/SRTP/build/custom_interface/rosidl_typesupport_fastrtps_cpp/custom_interface/msg/detail/dds_fastrtps/torque__type_support.cpp:4[m[K:
[01m[K/home/xinchen/Dev/SRTP/build/custom_interface/rosidl_generator_cpp/custom_interface/msg/detail/torque__struct.hpp:[m[K In constructor ‘[01m[Kcustom_interface::msg::Torque_<ContainerAllocator>::Torque_(rosidl_runtime_cpp::MessageInitialization)[m[K’:
[01m[K/home/xinchen/Dev/SRTP/build/custom_interface/rosidl_generator_cpp/custom_interface/msg/detail/torque__struct.hpp:40:13:[m[K [01;31m[Kerror: [m[Kexpected unqualified-id before ‘[01m[Kfloat[m[K’
   40 |       this->[01;31m[Kfloat[m[K = 0ll;
      |             [01;31m[K^~~~~[m[K
In file included from [01m[K/home/xinchen/Dev/SRTP/build/custom_interface/rosidl_typesupport_fastrtps_cpp/custom_interface/msg/detail/torque__rosidl_typesupport_fastrtps_cpp.hpp:11[m[K,
                 from [01m[K/home/xinchen/Dev/SRTP/build/custom_interface/rosidl_typesupport_fastrtps_cpp/custom_interface/msg/detail/dds_fastrtps/torque__type_support.cpp:4[m[K:
[01m[K/home/xinchen/Dev/SRTP/build/custom_interface/rosidl_generator_cpp/custom_interface/msg/detail/torque__struct.hpp:[m[K In constructor ‘[01m[Kcustom_interface::msg::Torque_<ContainerAllocator>::Torque_(const ContainerAllocator&, rosidl_runtime_cpp::MessageInitialization)[m[K’:
[01m[K/home/xinchen/Dev/SRTP/build/custom_interface/rosidl_generator_cpp/custom_interface/msg/detail/torque__struct.hpp:50:13:[m[K [01;31m[Kerror: [m[Kexpected unqualified-id before ‘[01m[Kfloat[m[K’
   50 |       this->[01;31m[Kfloat[m[K = 0ll;
      |             [01;31m[K^~~~~[m[K
[01m[K/home/xinchen/Dev/SRTP/build/custom_interface/rosidl_generator_cpp/custom_interface/msg/detail/torque__struct.hpp:[m[K In member function ‘[01m[Kcustom_interface::msg::Torque_<ContainerAllocator>::Type& custom_interface::msg::Torque_<ContainerAllocator>::set__float(const int64_t&)[m[K’:
[01m[K/home/xinchen/Dev/SRTP/build/custom_interface/rosidl_generator_cpp/custom_interface/msg/detail/torque__struct.hpp:63:11:[m[K [01;31m[Kerror: [m[Kexpected unqualified-id before ‘[01m[Kfloat[m[K’
   63 |     this->[01;31m[Kfloat[m[K = _arg;
      |           [01;31m[K^~~~~[m[K
[01m[K/home/xinchen/Dev/SRTP/build/custom_interface/rosidl_generator_cpp/custom_interface/msg/detail/torque__struct.hpp:[m[K In member function ‘[01m[Kbool custom_interface::msg::Torque_<ContainerAllocator>::operator==(const custom_interface::msg::Torque_<ContainerAllocator>&) const[m[K’:
[01m[K/home/xinchen/Dev/SRTP/build/custom_interface/rosidl_generator_cpp/custom_interface/msg/detail/torque__struct.hpp:109:15:[m[K [01;31m[Kerror: [m[Kexpected unqualified-id before ‘[01m[Kfloat[m[K’
  109 |     if (this->[01;31m[Kfloat[m[K != other.float) {
      |               [01;31m[K^~~~~[m[K
[01m[K/home/xinchen/Dev/SRTP/build/custom_interface/rosidl_generator_cpp/custom_interface/msg/detail/torque__struct.hpp:109:15:[m[K [01;31m[Kerror: [m[Kexpected ‘[01m[K)[m[K’ before ‘[01m[Kfloat[m[K’
  109 |     if [34m[K([m[Kthis->[01;31m[Kf[m[K[32m[Kloat[m[K != other.float) {
      |        [34m[K~[m[K      [01;31m[K^[m[K[32m[K~~~~[m[K
      |               [32m[K)[m[K
make[2]: *** [CMakeFiles/custom_interface__rosidl_typesupport_cpp.dir/build.make:73: CMakeFiles/custom_interface__rosidl_typesupport_cpp.dir/rosidl_typesupport_cpp/custom_interface/msg/torque__type_support.cpp.o] Error 1
make[1]: *** [CMakeFiles/Makefile2:184: CMakeFiles/custom_interface__rosidl_typesupport_cpp.dir/all] Error 2
make[2]: *** [CMakeFiles/custom_interface__rosidl_typesupport_introspection_cpp.dir/build.make:78: CMakeFiles/custom_interface__rosidl_typesupport_introspection_cpp.dir/rosidl_typesupport_introspection_cpp/custom_interface/msg/detail/torque__type_support.cpp.o] Error 1
make[1]: *** [CMakeFiles/Makefile2:526: CMakeFiles/custom_interface__rosidl_typesupport_introspection_cpp.dir/all] Error 2
[01m[K/home/xinchen/Dev/SRTP/build/custom_interface/rosidl_typesupport_fastrtps_cpp/custom_interface/msg/detail/dds_fastrtps/torque__type_support.cpp:[m[K In function ‘[01m[Kbool custom_interface::msg::typesupport_fastrtps_cpp::cdr_serialize(const Torque&, eprosima::fastcdr::Cdr&)[m[K’:
[01m[K/home/xinchen/Dev/SRTP/build/custom_interface/rosidl_typesupport_fastrtps_cpp/custom_interface/msg/detail/dds_fastrtps/torque__type_support.cpp:36:22:[m[K [01;31m[Kerror: [m[Kexpected unqualified-id before ‘[01m[Kfloat[m[K’
   36 |   cdr << ros_message.[01;31m[Kfloat[m[K;
      |                      [01;31m[K^~~~~[m[K
[01m[K/home/xinchen/Dev/SRTP/build/custom_interface/rosidl_typesupport_fastrtps_cpp/custom_interface/msg/detail/dds_fastrtps/torque__type_support.cpp:[m[K In function ‘[01m[Kbool custom_interface::msg::typesupport_fastrtps_cpp::cdr_deserialize(eprosima::fastcdr::Cdr&, custom_interface::msg::Torque&)[m[K’:
[01m[K/home/xinchen/Dev/SRTP/build/custom_interface/rosidl_typesupport_fastrtps_cpp/custom_interface/msg/detail/dds_fastrtps/torque__type_support.cpp:47:22:[m[K [01;31m[Kerror: [m[Kexpected unqualified-id before ‘[01m[Kfloat[m[K’
   47 |   cdr >> ros_message.[01;31m[Kfloat[m[K;
      |                      [01;31m[K^~~~~[m[K
[01m[K/home/xinchen/Dev/SRTP/build/custom_interface/rosidl_typesupport_fastrtps_cpp/custom_interface/msg/detail/dds_fastrtps/torque__type_support.cpp:[m[K In function ‘[01m[Ksize_t custom_interface::msg::typesupport_fastrtps_cpp::get_serialized_size(const Torque&, size_t)[m[K’:
[01m[K/home/xinchen/Dev/SRTP/build/custom_interface/rosidl_typesupport_fastrtps_cpp/custom_interface/msg/detail/dds_fastrtps/torque__type_support.cpp:67:43:[m[K [01;31m[Kerror: [m[Kexpected unqualified-id before ‘[01m[Kfloat[m[K’
   67 |     size_t item_size = sizeof(ros_message.[01;31m[Kfloat[m[K);
      |                                           [01;31m[K^~~~~[m[K
[01m[K/home/xinchen/Dev/SRTP/build/custom_interface/rosidl_typesupport_fastrtps_cpp/custom_interface/msg/detail/dds_fastrtps/torque__type_support.cpp:67:43:[m[K [01;31m[Kerror: [m[Kexpected ‘[01m[K)[m[K’ before ‘[01m[Kfloat[m[K’
   67 |     size_t item_size = sizeof[34m[K([m[Kros_message.[01;31m[Kf[m[K[32m[Kloat[m[K);
      |                              [34m[K~[m[K            [01;31m[K^[m[K[32m[K~~~~[m[K
      |                                           [32m[K)[m[K
make[2]: *** [CMakeFiles/custom_interface__rosidl_typesupport_fastrtps_cpp.dir/build.make:78: CMakeFiles/custom_interface__rosidl_typesupport_fastrtps_cpp.dir/rosidl_typesupport_fastrtps_cpp/custom_interface/msg/detail/dds_fastrtps/torque__type_support.cpp.o] Error 1
make[1]: *** [CMakeFiles/Makefile2:388: CMakeFiles/custom_interface__rosidl_typesupport_fastrtps_cpp.dir/all] Error 2
make: *** [Makefile:141: all] Error 2
