-- Found ament_cmake: 0.9.12 (/opt/ros/foxy/share/ament_cmake/cmake)
-- Found PythonInterp: /usr/bin/python3 (found suitable version "3.8.10", minimum required is "3") 
-- Using PYTHON_EXECUTABLE: /usr/bin/python3
-- Found rosidl_default_generators: 1.0.1 (/opt/ros/foxy/share/rosidl_default_generators/cmake)
-- Using all available rosidl_typesupport_c: rosidl_typesupport_fastrtps_c;rosidl_typesupport_introspection_c
-- Found rosidl_adapter: 1.3.1 (/opt/ros/foxy/share/rosidl_adapter/cmake)
-- Using all available rosidl_typesupport_cpp: rosidl_typesupport_fastrtps_cpp;rosidl_typesupport_introspection_cpp
-- Found PythonInterp: /usr/bin/python3 (found version "3.8.10") 
-- Found ament_cmake_ros: 0.9.2 (/opt/ros/foxy/share/ament_cmake_ros/cmake)
-- Using all available rosidl_typesupport_c: rosidl_typesupport_fastrtps_c;rosidl_typesupport_introspection_c
-- Using all available rosidl_typesupport_cpp: rosidl_typesupport_fastrtps_cpp;rosidl_typesupport_introspection_cpp
-- Found PythonInterp: /usr/bin/python3 (found suitable version "3.8.10", minimum required is "3.5") 
-- Found python_cmake_module: 0.8.1 (/opt/ros/foxy/share/python_cmake_module/cmake)
-- Found PythonLibs: /usr/lib/aarch64-linux-gnu/libpython3.8.so (found suitable version "3.8.10", minimum required is "3.5") 
-- Using PYTHON_EXECUTABLE: /usr/bin/python3
-- Using PYTHON_INCLUDE_DIRS: /usr/include/python3.8
-- Using PYTHON_LIBRARIES: /usr/lib/aarch64-linux-gnu/libpython3.8.so
-- Found PythonExtra: .so  
-- Found ament_lint_auto: 0.9.8 (/opt/ros/foxy/share/ament_lint_auto/cmake)
-- Added test 'copyright' to check source files copyright and LICENSE
-- Added test 'lint_cmake' to check CMake code style
-- Added test 'xmllint' to check XML markup files
-- Configuring done
-- Generating done
-- Build files have been written to: /home/xinchen/Dev/SRTP/build/custom_interface
[  3%] [34m[1mGenerating C code for ROS interfaces[0m
[35m[1mScanning dependencies of target custom_interface__cpp[0m
[  6%] [34m[1mGenerating C++ code for ROS interfaces[0m
[35m[1mScanning dependencies of target custom_interface__rosidl_generator_c[0m
[  6%] Built target custom_interface__cpp
[ 12%] [32mBuilding C object CMakeFiles/custom_interface__rosidl_generator_c.dir/rosidl_generator_c/custom_interface/msg/detail/torque__functions.c.o[0m
[ 12%] [34m[1mGenerating C++ introspection for ROS interfaces[0m
[ 16%] [34m[1mGenerating C++ type support for eProsima Fast-RTPS[0m
[ 19%] [34m[1mGenerating C++ type support dispatch for ROS interfaces[0m
In file included from [01m[K/home/xinchen/Dev/SRTP/build/custom_interface/rosidl_generator_c/custom_interface/msg/detail/torque__functions.h:19[m[K,
                 from [01m[K/home/xinchen/Dev/SRTP/build/custom_interface/rosidl_generator_c/custom_interface/msg/detail/torque__functions.c:4[m[K:
[01m[K/home/xinchen/Dev/SRTP/build/custom_interface/rosidl_generator_c/custom_interface/msg/detail/torque__struct.h:23:11:[m[K [01;31m[Kerror: [m[Ktwo or more data types in declaration specifiers
   23 |   int64_t [01;31m[Kfloat[m[K;
      |           [01;31m[K^~~~~[m[K
[01m[K/home/xinchen/Dev/SRTP/build/custom_interface/rosidl_generator_c/custom_interface/msg/detail/torque__struct.h:23:16:[m[K [01;35m[Kwarning: [m[Kdeclaration does not declare anything
   23 |   int64_t float[01;35m[K;[m[K
      |                [01;35m[K^[m[K
[01m[K/home/xinchen/Dev/SRTP/build/custom_interface/rosidl_generator_c/custom_interface/msg/detail/torque__functions.c:[m[K In function ‘[01m[Kcustom_interface__msg__Torque__are_equal[m[K’:
[01m[K/home/xinchen/Dev/SRTP/build/custom_interface/rosidl_generator_c/custom_interface/msg/detail/torque__functions.c:40:12:[m[K [01;31m[Kerror: [m[Kexpected identifier before ‘[01m[Kfloat[m[K’
   40 |   if (lhs->[01;31m[Kfloat[m[K != rhs->float) {
      |            [01;31m[K^~~~~[m[K
[01m[K/home/xinchen/Dev/SRTP/build/custom_interface/rosidl_generator_c/custom_interface/msg/detail/torque__functions.c:[m[K In function ‘[01m[Kcustom_interface__msg__Torque__copy[m[K’:
[01m[K/home/xinchen/Dev/SRTP/build/custom_interface/rosidl_generator_c/custom_interface/msg/detail/torque__functions.c:55:11:[m[K [01;31m[Kerror: [m[Kexpected identifier before ‘[01m[Kfloat[m[K’
   55 |   output->[01;31m[Kfloat[m[K = input->float;
      |           [01;31m[K^~~~~[m[K
make[2]: *** [CMakeFiles/custom_interface__rosidl_generator_c.dir/build.make:92: CMakeFiles/custom_interface__rosidl_generator_c.dir/rosidl_generator_c/custom_interface/msg/detail/torque__functions.c.o] Error 1
make[1]: *** [CMakeFiles/Makefile2:299: CMakeFiles/custom_interface__rosidl_generator_c.dir/all] Error 2
make[1]: *** Waiting for unfinished jobs....
[35m[1mScanning dependencies of target custom_interface__rosidl_typesupport_introspection_cpp[0m
[35m[1mScanning dependencies of target custom_interface__rosidl_typesupport_cpp[0m
[ 22%] [32mBuilding CXX object CMakeFiles/custom_interface__rosidl_typesupport_cpp.dir/rosidl_typesupport_cpp/custom_interface/msg/torque__type_support.cpp.o[0m
[ 25%] [32mBuilding CXX object CMakeFiles/custom_interface__rosidl_typesupport_introspection_cpp.dir/rosidl_typesupport_introspection_cpp/custom_interface/msg/detail/torque__type_support.cpp.o[0m
[35m[1mScanning dependencies of target custom_interface__rosidl_typesupport_fastrtps_cpp[0m
[ 29%] [32mBuilding CXX object CMakeFiles/custom_interface__rosidl_typesupport_fastrtps_cpp.dir/rosidl_typesupport_fastrtps_cpp/custom_interface/msg/detail/dds_fastrtps/torque__type_support.cpp.o[0m
In file included from [01m[K/home/xinchen/Dev/SRTP/build/custom_interface/rosidl_typesupport_cpp/custom_interface/msg/torque__type_support.cpp:7[m[K:
[01m[K/home/xinchen/Dev/SRTP/build/custom_interface/rosidl_generator_cpp/custom_interface/msg/detail/torque__struct.hpp:57:15:[m[K [01;31m[Kerror: [m[Kmultiple types in one declaration
   57 |   _float_type [01;31m[Kfloat[m[K;
      |               [01;31m[K^~~~~[m[K
[01m[K/home/xinchen/Dev/SRTP/build/custom_interface/rosidl_generator_cpp/custom_interface/msg/detail/torque__struct.hpp:57:15:[m[K [01;31m[Kerror: [m[Kdeclaration does not declare anything [[01;31m[K-fpermissive[m[K]
In file included from [01m[K/home/xinchen/Dev/SRTP/build/custom_interface/rosidl_typesupport_cpp/custom_interface/msg/torque__type_support.cpp:7[m[K:
[01m[K/home/xinchen/Dev/SRTP/build/custom_interface/rosidl_generator_cpp/custom_interface/msg/detail/torque__struct.hpp:[m[K In constructor ‘[01m[Kcustom_interface::msg::Torque_<ContainerAllocator>::Torque_(rosidl_runtime_cpp::MessageInitialization)[m[K’:
[01m[K/home/xinchen/Dev/SRTP/build/custom_interface/rosidl_generator_cpp/custom_interface/msg/detail/torque__struct.hpp:40:13:[m[K [01;31m[Kerror: [m[Kexpected unqualified-id before ‘[01m[Kfloat[m[K’
   40 |       this->[01;31m[Kfloat[m[K = 0ll;
      |             [01;31m[K^~~~~[m[K
In file included from [01m[K/home/xinchen/Dev/SRTP/build/custom_interface/rosidl_typesupport_cpp/custom_interface/msg/torque__type_support.cpp:7[m[K:
[01m[K/home/xinchen/Dev/SRTP/build/custom_interface/rosidl_generator_cpp/custom_interface/msg/detail/torque__struct.hpp:[m[K In constructor ‘[01m[Kcustom_interface::msg::Torque_<ContainerAllocator>::Torque_(const ContainerAllocator&, rosidl_runtime_cpp::MessageInitialization)[m[K’:
[01m[K/home/xinchen/Dev/SRTP/build/custom_interface/rosidl_generator_cpp/custom_interface/msg/detail/torque__struct.hpp:50:13:[m[K [01;31m[Kerror: [m[Kexpected unqualified-id before ‘[01m[Kfloat[m[K’
   50 |       this->[01;31m[Kfloat[m[K = 0ll;
      |             [01;31m[K^~~~~[m[K
[01m[K/home/xinchen/Dev/SRTP/build/custom_interface/rosidl_generator_cpp/custom_interface/msg/detail/torque__struct.hpp:[m[K In member function ‘[01m[Kcustom_interface::msg::Torque_<ContainerAllocator>::Type& custom_interface::msg::Torque_<ContainerAllocator>::set__float(const int64_t&)[m[K’:
[01m[K/home/xinchen/Dev/SRTP/build/custom_interface/rosidl_generator_cpp/custom_interface/msg/detail/torque__struct.hpp:63:11:[m[K [01;31m[Kerror: [m[Kexpected unqualified-id before ‘[01m[Kfloat[m[K’
   63 |     this->[01;31m[Kfloat[m[K = _arg;
      |           [01;31m[K^~~~~[m[K
[01m[K/home/xinchen/Dev/SRTP/build/custom_interface/rosidl_generator_cpp/custom_interface/msg/detail/torque__struct.hpp:[m[K In member function ‘[01m[Kbool custom_interface::msg::Torque_<ContainerAllocator>::operator==(const custom_interface::msg::Torque_<ContainerAllocator>&) const[m[K’:
[01m[K/home/xinchen/Dev/SRTP/build/custom_interface/rosidl_generator_cpp/custom_interface/msg/detail/torque__struct.hpp:109:15:[m[K [01;31m[Kerror: [m[Kexpected unqualified-id before ‘[01m[Kfloat[m[K’
  109 |     if (this->[01;31m[Kfloat[m[K != other.float) {
      |               [01;31m[K^~~~~[m[K
[01m[K/home/xinchen/Dev/SRTP/build/custom_interface/rosidl_generator_cpp/custom_interface/msg/detail/torque__struct.hpp:109:15:[m[K [01;31m[Kerror: [m[Kexpected ‘[01m[K)[m[K’ before ‘[01m[Kfloat[m[K’
  109 |     if [34m[K([m[Kthis->[01;31m[Kf[m[K[32m[Kloat[m[K != other.float) {
      |        [34m[K~[m[K      [01;31m[K^[m[K[32m[K~~~~[m[K
      |               [32m[K)[m[K
In file included from [01m[K/home/xinchen/Dev/SRTP/build/custom_interface/rosidl_typesupport_introspection_cpp/custom_interface/msg/detail/torque__type_support.cpp:12[m[K:
[01m[K/home/xinchen/Dev/SRTP/build/custom_interface/rosidl_generator_cpp/custom_interface/msg/detail/torque__struct.hpp:57:15:[m[K [01;31m[Kerror: [m[Kmultiple types in one declaration
   57 |   _float_type [01;31m[Kfloat[m[K;
      |               [01;31m[K^~~~~[m[K
[01m[K/home/xinchen/Dev/SRTP/build/custom_interface/rosidl_generator_cpp/custom_interface/msg/detail/torque__struct.hpp:57:15:[m[K [01;31m[Kerror: [m[Kdeclaration does not declare anything [[01;31m[K-fpermissive[m[K]
In file included from [01m[K/home/xinchen/Dev/SRTP/build/custom_interface/rosidl_typesupport_introspection_cpp/custom_interface/msg/detail/torque__type_support.cpp:12[m[K:
[01m[K/home/xinchen/Dev/SRTP/build/custom_interface/rosidl_generator_cpp/custom_interface/msg/detail/torque__struct.hpp:[m[K In constructor ‘[01m[Kcustom_interface::msg::Torque_<ContainerAllocator>::Torque_(rosidl_runtime_cpp::MessageInitialization)[m[K’:
[01m[K/home/xinchen/Dev/SRTP/build/custom_interface/rosidl_generator_cpp/custom_interface/msg/detail/torque__struct.hpp:40:13:[m[K [01;31m[Kerror: [m[Kexpected unqualified-id before ‘[01m[Kfloat[m[K’
   40 |       this->[01;31m[Kfloat[m[K = 0ll;
      |             [01;31m[K^~~~~[m[K
In file included from [01m[K/home/xinchen/Dev/SRTP/build/custom_interface/rosidl_typesupport_introspection_cpp/custom_interface/msg/detail/torque__type_support.cpp:12[m[K:
[01m[K/home/xinchen/Dev/SRTP/build/custom_interface/rosidl_generator_cpp/custom_interface/msg/detail/torque__struct.hpp:[m[K In constructor ‘[01m[Kcustom_interface::msg::Torque_<ContainerAllocator>::Torque_(const ContainerAllocator&, rosidl_runtime_cpp::MessageInitialization)[m[K’:
[01m[K/home/xinchen/Dev/SRTP/build/custom_interface/rosidl_generator_cpp/custom_interface/msg/detail/torque__struct.hpp:50:13:[m[K [01;31m[Kerror: [m[Kexpected unqualified-id before ‘[01m[Kfloat[m[K’
   50 |       this->[01;31m[Kfloat[m[K = 0ll;
      |             [01;31m[K^~~~~[m[K
[01m[K/home/xinchen/Dev/SRTP/build/custom_interface/rosidl_generator_cpp/custom_interface/msg/detail/torque__struct.hpp:[m[K In member function ‘[01m[Kcustom_interface::msg::Torque_<ContainerAllocator>::Type& custom_interface::msg::Torque_<ContainerAllocator>::set__float(const int64_t&)[m[K’:
[01m[K/home/xinchen/Dev/SRTP/build/custom_interface/rosidl_generator_cpp/custom_interface/msg/detail/torque__struct.hpp:63:11:[m[K [01;31m[Kerror: [m[Kexpected unqualified-id before ‘[01m[Kfloat[m[K’
   63 |     this->[01;31m[Kfloat[m[K = _arg;
      |           [01;31m[K^~~~~[m[K
[01m[K/home/xinchen/Dev/SRTP/build/custom_interface/rosidl_generator_cpp/custom_interface/msg/detail/torque__struct.hpp:[m[K In member function ‘[01m[Kbool custom_interface::msg::Torque_<ContainerAllocator>::operator==(const custom_interface::msg::Torque_<ContainerAllocator>&) const[m[K’:
[01m[K/home/xinchen/Dev/SRTP/build/custom_interface/rosidl_generator_cpp/custom_interface/msg/detail/torque__struct.hpp:109:15:[m[K [01;31m[Kerror: [m[Kexpected unqualified-id before ‘[01m[Kfloat[m[K’
  109 |     if (this->[01;31m[Kfloat[m[K != other.float) {
      |               [01;31m[K^~~~~[m[K
[01m[K/home/xinchen/Dev/SRTP/build/custom_interface/rosidl_generator_cpp/custom_interface/msg/detail/torque__struct.hpp:109:15:[m[K [01;31m[Kerror: [m[Kexpected ‘[01m[K)[m[K’ before ‘[01m[Kfloat[m[K’
  109 |     if [34m[K([m[Kthis->[01;31m[Kf[m[K[32m[Kloat[m[K != other.float) {
      |        [34m[K~[m[K      [01;31m[K^[m[K[32m[K~~~~[m[K
      |               [32m[K)[m[K
In file included from [01m[K/usr/include/stdio.h:33[m[K,
                 from [01m[K/usr/include/c++/9/cstdio:42[m[K,
                 from [01m[K/usr/include/c++/9/ext/string_conversions.h:43[m[K,
                 from [01m[K/usr/include/c++/9/bits/basic_string.h:6496[m[K,
                 from [01m[K/usr/include/c++/9/string:55[m[K,
                 from [01m[K/usr/include/c++/9/stdexcept:39[m[K,
                 from [01m[K/usr/include/c++/9/array:39[m[K,
                 from [01m[K/home/xinchen/Dev/SRTP/build/custom_interface/rosidl_typesupport_introspection_cpp/custom_interface/msg/detail/torque__type_support.cpp:5[m[K:
[01m[K/home/xinchen/Dev/SRTP/build/custom_interface/rosidl_typesupport_introspection_cpp/custom_interface/msg/detail/torque__type_support.cpp:[m[K At global scope:
[01m[K/home/xinchen/Dev/SRTP/build/custom_interface/rosidl_typesupport_introspection_cpp/custom_interface/msg/detail/torque__type_support.cpp:49:45:[m[K [01;31m[Kerror: [m[Kexpected unqualified-id before ‘[01m[Kfloat[m[K’
   49 |     offsetof(custom_interface::msg::Torque, [01;31m[Kfloat[m[K),  // bytes offset in struct
      |                                             [01;31m[K^~~~~[m[K
[01m[K/home/xinchen/Dev/SRTP/build/custom_interface/rosidl_typesupport_introspection_cpp/custom_interface/msg/detail/torque__type_support.cpp:49:45:[m[K [01;31m[Kerror: [m[Kexpected ‘[01m[K)[m[K’ before ‘[01m[Kfloat[m[K’
[01m[K/home/xinchen/Dev/SRTP/build/custom_interface/rosidl_typesupport_introspection_cpp/custom_interface/msg/detail/torque__type_support.cpp:49:5:[m[K [01;36m[Knote: [m[Kto match this ‘[01m[K([m[K’
   49 |     [01;36m[Koffsetof[m[K(custom_interface::msg::Torque, float),  // bytes offset in struct
      |     [01;36m[K^~~~~~~~[m[K
In file included from [01m[K/home/xinchen/Dev/SRTP/build/custom_interface/rosidl_typesupport_fastrtps_cpp/custom_interface/msg/detail/torque__rosidl_typesupport_fastrtps_cpp.hpp:11[m[K,
                 from [01m[K/home/xinchen/Dev/SRTP/build/custom_interface/rosidl_typesupport_fastrtps_cpp/custom_interface/msg/detail/dds_fastrtps/torque__type_support.cpp:4[m[K:
[01m[K/home/xinchen/Dev/SRTP/build/custom_interface/rosidl_generator_cpp/custom_interface/msg/detail/torque__struct.hpp:57:15:[m[K [01;31m[Kerror: [m[Kmultiple types in one declaration
   57 |   _float_type [01;31m[Kfloat[m[K;
      |               [01;31m[K^~~~~[m[K
[01m[K/home/xinchen/Dev/SRTP/build/custom_interface/rosidl_generator_cpp/custom_interface/msg/detail/torque__struct.hpp:57:15:[m[K [01;31m[Kerror: [m[Kdeclaration does not declare anything [[01;31m[K-fpermissive[m[K]
In file included from [01m[K/home/xinchen/Dev/SRTP/build/custom_interface/rosidl_typesupport_fastrtps_cpp/custom_interface/msg/detail/torque__rosidl_typesupport_fastrtps_cpp.hpp:11[m[K,
                 from [01m[K/home/xinchen/Dev/SRTP/build/custom_interface/rosidl_typesupport_fastrtps_cpp/custom_interface/msg/detail/dds_fastrtps/torque__type_support.cpp:4[m[K:
[01m[K/home/xinchen/Dev/SRTP/build/custom_interface/rosidl_generator_cpp/custom_interface/msg/detail/torque__struct.hpp:[m[K In constructor ‘[01m[Kcustom_interface::msg::Torque_<ContainerAllocator>::Torque_(rosidl_runtime_cpp::MessageInitialization)[m[K’:
[01m[K/home/xinchen/Dev/SRTP/build/custom_interface/rosidl_generator_cpp/custom_interface/msg/detail/torque__struct.hpp:40:13:[m[K [01;31m[Kerror: [m[Kexpected unqualified-id before ‘[01m[Kfloat[m[K’
   40 |       this->[01;31m[Kfloat[m[K = 0ll;
      |             [01;31m[K^~~~~[m[K
In file included from [01m[K/home/xinchen/Dev/SRTP/build/custom_interface/rosidl_typesupport_fastrtps_cpp/custom_interface/msg/detail/torque__rosidl_typesupport_fastrtps_cpp.hpp:11[m[K,
                 from [01m[K/home/xinchen/Dev/SRTP/build/custom_interface/rosidl_typesupport_fastrtps_cpp/custom_interface/msg/detail/dds_fastrtps/torque__type_support.cpp:4[m[K:
[01m[K/home/xinchen/Dev/SRTP/build/custom_interface/rosidl_generator_cpp/custom_interface/msg/detail/torque__struct.hpp:[m[K In constructor ‘[01m[Kcustom_interface::msg::Torque_<ContainerAllocator>::Torque_(const ContainerAllocator&, rosidl_runtime_cpp::MessageInitialization)[m[K’:
[01m[K/home/xinchen/Dev/SRTP/build/custom_interface/rosidl_generator_cpp/custom_interface/msg/detail/torque__struct.hpp:50:13:[m[K [01;31m[Kerror: [m[Kexpected unqualified-id before ‘[01m[Kfloat[m[K’
   50 |       this->[01;31m[Kfloat[m[K = 0ll;
      |             [01;31m[K^~~~~[m[K
[01m[K/home/xinchen/Dev/SRTP/build/custom_interface/rosidl_generator_cpp/custom_interface/msg/detail/torque__struct.hpp:[m[K In member function ‘[01m[Kcustom_interface::msg::Torque_<ContainerAllocator>::Type& custom_interface::msg::Torque_<ContainerAllocator>::set__float(const int64_t&)[m[K’:
[01m[K/home/xinchen/Dev/SRTP/build/custom_interface/rosidl_generator_cpp/custom_interface/msg/detail/torque__struct.hpp:63:11:[m[K [01;31m[Kerror: [m[Kexpected unqualified-id before ‘[01m[Kfloat[m[K’
   63 |     this->[01;31m[Kfloat[m[K = _arg;
      |           [01;31m[K^~~~~[m[K
[01m[K/home/xinchen/Dev/SRTP/build/custom_interface/rosidl_generator_cpp/custom_interface/msg/detail/torque__struct.hpp:[m[K In member function ‘[01m[Kbool custom_interface::msg::Torque_<ContainerAllocator>::operator==(const custom_interface::msg::Torque_<ContainerAllocator>&) const[m[K’:
[01m[K/home/xinchen/Dev/SRTP/build/custom_interface/rosidl_generator_cpp/custom_interface/msg/detail/torque__struct.hpp:109:15:[m[K [01;31m[Kerror: [m[Kexpected unqualified-id before ‘[01m[Kfloat[m[K’
  109 |     if (this->[01;31m[Kfloat[m[K != other.float) {
      |               [01;31m[K^~~~~[m[K
[01m[K/home/xinchen/Dev/SRTP/build/custom_interface/rosidl_generator_cpp/custom_interface/msg/detail/torque__struct.hpp:109:15:[m[K [01;31m[Kerror: [m[Kexpected ‘[01m[K)[m[K’ before ‘[01m[Kfloat[m[K’
  109 |     if [34m[K([m[Kthis->[01;31m[Kf[m[K[32m[Kloat[m[K != other.float) {
      |        [34m[K~[m[K      [01;31m[K^[m[K[32m[K~~~~[m[K
      |               [32m[K)[m[K
make[2]: *** [CMakeFiles/custom_interface__rosidl_typesupport_cpp.dir/build.make:73: CMakeFiles/custom_interface__rosidl_typesupport_cpp.dir/rosidl_typesupport_cpp/custom_interface/msg/torque__type_support.cpp.o] Error 1
make[1]: *** [CMakeFiles/Makefile2:184: CMakeFiles/custom_interface__rosidl_typesupport_cpp.dir/all] Error 2
make[2]: *** [CMakeFiles/custom_interface__rosidl_typesupport_introspection_cpp.dir/build.make:78: CMakeFiles/custom_interface__rosidl_typesupport_introspection_cpp.dir/rosidl_typesupport_introspection_cpp/custom_interface/msg/detail/torque__type_support.cpp.o] Error 1
make[1]: *** [CMakeFiles/Makefile2:526: CMakeFiles/custom_interface__rosidl_typesupport_introspection_cpp.dir/all] Error 2
[01m[K/home/xinchen/Dev/SRTP/build/custom_interface/rosidl_typesupport_fastrtps_cpp/custom_interface/msg/detail/dds_fastrtps/torque__type_support.cpp:[m[K In function ‘[01m[Kbool custom_interface::msg::typesupport_fastrtps_cpp::cdr_serialize(const Torque&, eprosima::fastcdr::Cdr&)[m[K’:
[01m[K/home/xinchen/Dev/SRTP/build/custom_interface/rosidl_typesupport_fastrtps_cpp/custom_interface/msg/detail/dds_fastrtps/torque__type_support.cpp:36:22:[m[K [01;31m[Kerror: [m[Kexpected unqualified-id before ‘[01m[Kfloat[m[K’
   36 |   cdr << ros_message.[01;31m[Kfloat[m[K;
      |                      [01;31m[K^~~~~[m[K
[01m[K/home/xinchen/Dev/SRTP/build/custom_interface/rosidl_typesupport_fastrtps_cpp/custom_interface/msg/detail/dds_fastrtps/torque__type_support.cpp:[m[K In function ‘[01m[Kbool custom_interface::msg::typesupport_fastrtps_cpp::cdr_deserialize(eprosima::fastcdr::Cdr&, custom_interface::msg::Torque&)[m[K’:
[01m[K/home/xinchen/Dev/SRTP/build/custom_interface/rosidl_typesupport_fastrtps_cpp/custom_interface/msg/detail/dds_fastrtps/torque__type_support.cpp:47:22:[m[K [01;31m[Kerror: [m[Kexpected unqualified-id before ‘[01m[Kfloat[m[K’
   47 |   cdr >> ros_message.[01;31m[Kfloat[m[K;
      |                      [01;31m[K^~~~~[m[K
[01m[K/home/xinchen/Dev/SRTP/build/custom_interface/rosidl_typesupport_fastrtps_cpp/custom_interface/msg/detail/dds_fastrtps/torque__type_support.cpp:[m[K In function ‘[01m[Ksize_t custom_interface::msg::typesupport_fastrtps_cpp::get_serialized_size(const Torque&, size_t)[m[K’:
[01m[K/home/xinchen/Dev/SRTP/build/custom_interface/rosidl_typesupport_fastrtps_cpp/custom_interface/msg/detail/dds_fastrtps/torque__type_support.cpp:67:43:[m[K [01;31m[Kerror: [m[Kexpected unqualified-id before ‘[01m[Kfloat[m[K’
   67 |     size_t item_size = sizeof(ros_message.[01;31m[Kfloat[m[K);
      |                                           [01;31m[K^~~~~[m[K
[01m[K/home/xinchen/Dev/SRTP/build/custom_interface/rosidl_typesupport_fastrtps_cpp/custom_interface/msg/detail/dds_fastrtps/torque__type_support.cpp:67:43:[m[K [01;31m[Kerror: [m[Kexpected ‘[01m[K)[m[K’ before ‘[01m[Kfloat[m[K’
   67 |     size_t item_size = sizeof[34m[K([m[Kros_message.[01;31m[Kf[m[K[32m[Kloat[m[K);
      |                              [34m[K~[m[K            [01;31m[K^[m[K[32m[K~~~~[m[K
      |                                           [32m[K)[m[K
make[2]: *** [CMakeFiles/custom_interface__rosidl_typesupport_fastrtps_cpp.dir/build.make:78: CMakeFiles/custom_interface__rosidl_typesupport_fastrtps_cpp.dir/rosidl_typesupport_fastrtps_cpp/custom_interface/msg/detail/dds_fastrtps/torque__type_support.cpp.o] Error 1
make[1]: *** [CMakeFiles/Makefile2:388: CMakeFiles/custom_interface__rosidl_typesupport_fastrtps_cpp.dir/all] Error 2
make: *** [Makefile:141: all] Error 2
