[0.050s] Invoking command in '/home/xinchen/Dev/SRTP/build/custom_interface': CMAKE_PREFIX_PATH=${CMAKE_PREFIX_PATH}:/opt/ros/foxy /usr/bin/cmake --build /home/xinchen/Dev/SRTP/build/custom_interface -- -j6 -l6
[0.134s] -- Found ament_cmake: 0.9.12 (/opt/ros/foxy/share/ament_cmake/cmake)
[0.192s] -- Found PythonInterp: /usr/bin/python3 (found suitable version "3.8.10", minimum required is "3") 
[0.194s] -- Using PYTHON_EXECUTABLE: /usr/bin/python3
[0.761s] -- Found rosidl_default_generators: 1.0.1 (/opt/ros/foxy/share/rosidl_default_generators/cmake)
[0.768s] -- Using all available rosidl_typesupport_c: rosidl_typesupport_fastrtps_c;rosidl_typesupport_introspection_c
[0.777s] -- Found rosidl_adapter: 1.3.1 (/opt/ros/foxy/share/rosidl_adapter/cmake)
[1.095s] -- Using all available rosidl_typesupport_cpp: rosidl_typesupport_fastrtps_cpp;rosidl_typesupport_introspection_cpp
[1.187s] -- Found PythonInterp: /usr/bin/python3 (found version "3.8.10") 
[1.440s] -- Found ament_cmake_ros: 0.9.2 (/opt/ros/foxy/share/ament_cmake_ros/cmake)
[1.682s] -- Using all available rosidl_typesupport_c: rosidl_typesupport_fastrtps_c;rosidl_typesupport_introspection_c
[1.698s] -- Using all available rosidl_typesupport_cpp: rosidl_typesupport_fastrtps_cpp;rosidl_typesupport_introspection_cpp
[1.763s] -- Found PythonInterp: /usr/bin/python3 (found suitable version "3.8.10", minimum required is "3.5") 
[1.767s] -- Found python_cmake_module: 0.8.1 (/opt/ros/foxy/share/python_cmake_module/cmake)
[1.841s] -- Found PythonLibs: /usr/lib/aarch64-linux-gnu/libpython3.8.so (found suitable version "3.8.10", minimum required is "3.5") 
[1.842s] -- Using PYTHON_EXECUTABLE: /usr/bin/python3
[1.846s] -- Using PYTHON_INCLUDE_DIRS: /usr/include/python3.8
[1.846s] -- Using PYTHON_LIBRARIES: /usr/lib/aarch64-linux-gnu/libpython3.8.so
[1.896s] -- Found PythonExtra: .so  
[1.982s] -- Found ament_lint_auto: 0.9.8 (/opt/ros/foxy/share/ament_lint_auto/cmake)
[2.016s] -- Added test 'copyright' to check source files copyright and LICENSE
[2.021s] -- Added test 'lint_cmake' to check CMake code style
[2.023s] -- Added test 'xmllint' to check XML markup files
[2.033s] -- Configuring done
[2.104s] -- Generating done
[2.110s] -- Build files have been written to: /home/xinchen/Dev/SRTP/build/custom_interface
[2.176s] [  3%] [34m[1mGenerating C code for ROS interfaces[0m
[2.176s] [35m[1mScanning dependencies of target custom_interface__cpp[0m
[2.199s] [  6%] [34m[1mGenerating C++ code for ROS interfaces[0m
[2.772s] [35m[1mScanning dependencies of target custom_interface__rosidl_generator_c[0m
[2.781s] [  6%] Built target custom_interface__cpp
[2.805s] [ 12%] [32mBuilding C object CMakeFiles/custom_interface__rosidl_generator_c.dir/rosidl_generator_c/custom_interface/msg/detail/torque__functions.c.o[0m
[2.806s] [ 12%] [34m[1mGenerating C++ introspection for ROS interfaces[0m
[2.833s] [ 16%] [34m[1mGenerating C++ type support for eProsima Fast-RTPS[0m
[2.844s] [ 19%] [34m[1mGenerating C++ type support dispatch for ROS interfaces[0m
[2.960s] In file included from [01m[K/home/xinchen/Dev/SRTP/build/custom_interface/rosidl_generator_c/custom_interface/msg/detail/torque__functions.h:19[m[K,
[2.961s]                  from [01m[K/home/xinchen/Dev/SRTP/build/custom_interface/rosidl_generator_c/custom_interface/msg/detail/torque__functions.c:4[m[K:
[2.961s] [01m[K/home/xinchen/Dev/SRTP/build/custom_interface/rosidl_generator_c/custom_interface/msg/detail/torque__struct.h:23:11:[m[K [01;31m[Kerror: [m[Ktwo or more data types in declaration specifiers
[2.961s]    23 |   int64_t [01;31m[Kfloat[m[K;
[2.961s]       |           [01;31m[K^~~~~[m[K
[2.961s] [01m[K/home/xinchen/Dev/SRTP/build/custom_interface/rosidl_generator_c/custom_interface/msg/detail/torque__struct.h:23:16:[m[K [01;35m[Kwarning: [m[Kdeclaration does not declare anything
[2.961s]    23 |   int64_t float[01;35m[K;[m[K
[2.962s]       |                [01;35m[K^[m[K
[2.986s] [01m[K/home/xinchen/Dev/SRTP/build/custom_interface/rosidl_generator_c/custom_interface/msg/detail/torque__functions.c:[m[K In function ‘[01m[Kcustom_interface__msg__Torque__are_equal[m[K’:
[2.988s] [01m[K/home/xinchen/Dev/SRTP/build/custom_interface/rosidl_generator_c/custom_interface/msg/detail/torque__functions.c:40:12:[m[K [01;31m[Kerror: [m[Kexpected identifier before ‘[01m[Kfloat[m[K’
[2.989s]    40 |   if (lhs->[01;31m[Kfloat[m[K != rhs->float) {
[2.989s]       |            [01;31m[K^~~~~[m[K
[2.991s] [01m[K/home/xinchen/Dev/SRTP/build/custom_interface/rosidl_generator_c/custom_interface/msg/detail/torque__functions.c:[m[K In function ‘[01m[Kcustom_interface__msg__Torque__copy[m[K’:
[2.991s] [01m[K/home/xinchen/Dev/SRTP/build/custom_interface/rosidl_generator_c/custom_interface/msg/detail/torque__functions.c:55:11:[m[K [01;31m[Kerror: [m[Kexpected identifier before ‘[01m[Kfloat[m[K’
[2.991s]    55 |   output->[01;31m[Kfloat[m[K = input->float;
[2.991s]       |           [01;31m[K^~~~~[m[K
[3.012s] make[2]: *** [CMakeFiles/custom_interface__rosidl_generator_c.dir/build.make:92: CMakeFiles/custom_interface__rosidl_generator_c.dir/rosidl_generator_c/custom_interface/msg/detail/torque__functions.c.o] Error 1
[3.015s] make[1]: *** [CMakeFiles/Makefile2:299: CMakeFiles/custom_interface__rosidl_generator_c.dir/all] Error 2
[3.015s] make[1]: *** Waiting for unfinished jobs....
[3.289s] [35m[1mScanning dependencies of target custom_interface__rosidl_typesupport_introspection_cpp[0m
[3.290s] [35m[1mScanning dependencies of target custom_interface__rosidl_typesupport_cpp[0m
[3.320s] [ 22%] [32mBuilding CXX object CMakeFiles/custom_interface__rosidl_typesupport_cpp.dir/rosidl_typesupport_cpp/custom_interface/msg/torque__type_support.cpp.o[0m
[3.334s] [ 25%] [32mBuilding CXX object CMakeFiles/custom_interface__rosidl_typesupport_introspection_cpp.dir/rosidl_typesupport_introspection_cpp/custom_interface/msg/detail/torque__type_support.cpp.o[0m
[3.378s] [35m[1mScanning dependencies of target custom_interface__rosidl_typesupport_fastrtps_cpp[0m
[3.414s] [ 29%] [32mBuilding CXX object CMakeFiles/custom_interface__rosidl_typesupport_fastrtps_cpp.dir/rosidl_typesupport_fastrtps_cpp/custom_interface/msg/detail/dds_fastrtps/torque__type_support.cpp.o[0m
[4.100s] In file included from [01m[K/home/xinchen/Dev/SRTP/build/custom_interface/rosidl_typesupport_cpp/custom_interface/msg/torque__type_support.cpp:7[m[K:
[4.102s] [01m[K/home/xinchen/Dev/SRTP/build/custom_interface/rosidl_generator_cpp/custom_interface/msg/detail/torque__struct.hpp:57:15:[m[K [01;31m[Kerror: [m[Kmultiple types in one declaration
[4.103s]    57 |   _float_type [01;31m[Kfloat[m[K;
[4.104s]       |               [01;31m[K^~~~~[m[K
[4.105s] [01m[K/home/xinchen/Dev/SRTP/build/custom_interface/rosidl_generator_cpp/custom_interface/msg/detail/torque__struct.hpp:57:15:[m[K [01;31m[Kerror: [m[Kdeclaration does not declare anything [[01;31m[K-fpermissive[m[K]
[4.107s] In file included from [01m[K/home/xinchen/Dev/SRTP/build/custom_interface/rosidl_typesupport_cpp/custom_interface/msg/torque__type_support.cpp:7[m[K:
[4.108s] [01m[K/home/xinchen/Dev/SRTP/build/custom_interface/rosidl_generator_cpp/custom_interface/msg/detail/torque__struct.hpp:[m[K In constructor ‘[01m[Kcustom_interface::msg::Torque_<ContainerAllocator>::Torque_(rosidl_runtime_cpp::MessageInitialization)[m[K’:
[4.109s] [01m[K/home/xinchen/Dev/SRTP/build/custom_interface/rosidl_generator_cpp/custom_interface/msg/detail/torque__struct.hpp:40:13:[m[K [01;31m[Kerror: [m[Kexpected unqualified-id before ‘[01m[Kfloat[m[K’
[4.109s]    40 |       this->[01;31m[Kfloat[m[K = 0ll;
[4.110s]       |             [01;31m[K^~~~~[m[K
[4.111s] In file included from [01m[K/home/xinchen/Dev/SRTP/build/custom_interface/rosidl_typesupport_cpp/custom_interface/msg/torque__type_support.cpp:7[m[K:
[4.112s] [01m[K/home/xinchen/Dev/SRTP/build/custom_interface/rosidl_generator_cpp/custom_interface/msg/detail/torque__struct.hpp:[m[K In constructor ‘[01m[Kcustom_interface::msg::Torque_<ContainerAllocator>::Torque_(const ContainerAllocator&, rosidl_runtime_cpp::MessageInitialization)[m[K’:
[4.113s] [01m[K/home/xinchen/Dev/SRTP/build/custom_interface/rosidl_generator_cpp/custom_interface/msg/detail/torque__struct.hpp:50:13:[m[K [01;31m[Kerror: [m[Kexpected unqualified-id before ‘[01m[Kfloat[m[K’
[4.114s]    50 |       this->[01;31m[Kfloat[m[K = 0ll;
[4.116s]       |             [01;31m[K^~~~~[m[K
[4.117s] [01m[K/home/xinchen/Dev/SRTP/build/custom_interface/rosidl_generator_cpp/custom_interface/msg/detail/torque__struct.hpp:[m[K In member function ‘[01m[Kcustom_interface::msg::Torque_<ContainerAllocator>::Type& custom_interface::msg::Torque_<ContainerAllocator>::set__float(const int64_t&)[m[K’:
[4.118s] [01m[K/home/xinchen/Dev/SRTP/build/custom_interface/rosidl_generator_cpp/custom_interface/msg/detail/torque__struct.hpp:63:11:[m[K [01;31m[Kerror: [m[Kexpected unqualified-id before ‘[01m[Kfloat[m[K’
[4.119s]    63 |     this->[01;31m[Kfloat[m[K = _arg;
[4.119s]       |           [01;31m[K^~~~~[m[K
[4.121s] [01m[K/home/xinchen/Dev/SRTP/build/custom_interface/rosidl_generator_cpp/custom_interface/msg/detail/torque__struct.hpp:[m[K In member function ‘[01m[Kbool custom_interface::msg::Torque_<ContainerAllocator>::operator==(const custom_interface::msg::Torque_<ContainerAllocator>&) const[m[K’:
[4.122s] [01m[K/home/xinchen/Dev/SRTP/build/custom_interface/rosidl_generator_cpp/custom_interface/msg/detail/torque__struct.hpp:109:15:[m[K [01;31m[Kerror: [m[Kexpected unqualified-id before ‘[01m[Kfloat[m[K’
[4.122s]   109 |     if (this->[01;31m[Kfloat[m[K != other.float) {
[4.122s]       |               [01;31m[K^~~~~[m[K
[4.122s] [01m[K/home/xinchen/Dev/SRTP/build/custom_interface/rosidl_generator_cpp/custom_interface/msg/detail/torque__struct.hpp:109:15:[m[K [01;31m[Kerror: [m[Kexpected ‘[01m[K)[m[K’ before ‘[01m[Kfloat[m[K’
[4.122s]   109 |     if [34m[K([m[Kthis->[01;31m[Kf[m[K[32m[Kloat[m[K != other.float) {
[4.122s]       |        [34m[K~[m[K      [01;31m[K^[m[K[32m[K~~~~[m[K
[4.123s]       |               [32m[K)[m[K
[4.152s] In file included from [01m[K/home/xinchen/Dev/SRTP/build/custom_interface/rosidl_typesupport_introspection_cpp/custom_interface/msg/detail/torque__type_support.cpp:12[m[K:
[4.153s] [01m[K/home/xinchen/Dev/SRTP/build/custom_interface/rosidl_generator_cpp/custom_interface/msg/detail/torque__struct.hpp:57:15:[m[K [01;31m[Kerror: [m[Kmultiple types in one declaration
[4.153s]    57 |   _float_type [01;31m[Kfloat[m[K;
[4.153s]       |               [01;31m[K^~~~~[m[K
[4.153s] [01m[K/home/xinchen/Dev/SRTP/build/custom_interface/rosidl_generator_cpp/custom_interface/msg/detail/torque__struct.hpp:57:15:[m[K [01;31m[Kerror: [m[Kdeclaration does not declare anything [[01;31m[K-fpermissive[m[K]
[4.154s] In file included from [01m[K/home/xinchen/Dev/SRTP/build/custom_interface/rosidl_typesupport_introspection_cpp/custom_interface/msg/detail/torque__type_support.cpp:12[m[K:
[4.154s] [01m[K/home/xinchen/Dev/SRTP/build/custom_interface/rosidl_generator_cpp/custom_interface/msg/detail/torque__struct.hpp:[m[K In constructor ‘[01m[Kcustom_interface::msg::Torque_<ContainerAllocator>::Torque_(rosidl_runtime_cpp::MessageInitialization)[m[K’:
[4.155s] [01m[K/home/xinchen/Dev/SRTP/build/custom_interface/rosidl_generator_cpp/custom_interface/msg/detail/torque__struct.hpp:40:13:[m[K [01;31m[Kerror: [m[Kexpected unqualified-id before ‘[01m[Kfloat[m[K’
[4.155s]    40 |       this->[01;31m[Kfloat[m[K = 0ll;
[4.155s]       |             [01;31m[K^~~~~[m[K
[4.155s] In file included from [01m[K/home/xinchen/Dev/SRTP/build/custom_interface/rosidl_typesupport_introspection_cpp/custom_interface/msg/detail/torque__type_support.cpp:12[m[K:
[4.156s] [01m[K/home/xinchen/Dev/SRTP/build/custom_interface/rosidl_generator_cpp/custom_interface/msg/detail/torque__struct.hpp:[m[K In constructor ‘[01m[Kcustom_interface::msg::Torque_<ContainerAllocator>::Torque_(const ContainerAllocator&, rosidl_runtime_cpp::MessageInitialization)[m[K’:
[4.156s] [01m[K/home/xinchen/Dev/SRTP/build/custom_interface/rosidl_generator_cpp/custom_interface/msg/detail/torque__struct.hpp:50:13:[m[K [01;31m[Kerror: [m[Kexpected unqualified-id before ‘[01m[Kfloat[m[K’
[4.156s]    50 |       this->[01;31m[Kfloat[m[K = 0ll;
[4.156s]       |             [01;31m[K^~~~~[m[K
[4.157s] [01m[K/home/xinchen/Dev/SRTP/build/custom_interface/rosidl_generator_cpp/custom_interface/msg/detail/torque__struct.hpp:[m[K In member function ‘[01m[Kcustom_interface::msg::Torque_<ContainerAllocator>::Type& custom_interface::msg::Torque_<ContainerAllocator>::set__float(const int64_t&)[m[K’:
[4.157s] [01m[K/home/xinchen/Dev/SRTP/build/custom_interface/rosidl_generator_cpp/custom_interface/msg/detail/torque__struct.hpp:63:11:[m[K [01;31m[Kerror: [m[Kexpected unqualified-id before ‘[01m[Kfloat[m[K’
[4.157s]    63 |     this->[01;31m[Kfloat[m[K = _arg;
[4.157s]       |           [01;31m[K^~~~~[m[K
[4.158s] [01m[K/home/xinchen/Dev/SRTP/build/custom_interface/rosidl_generator_cpp/custom_interface/msg/detail/torque__struct.hpp:[m[K In member function ‘[01m[Kbool custom_interface::msg::Torque_<ContainerAllocator>::operator==(const custom_interface::msg::Torque_<ContainerAllocator>&) const[m[K’:
[4.158s] [01m[K/home/xinchen/Dev/SRTP/build/custom_interface/rosidl_generator_cpp/custom_interface/msg/detail/torque__struct.hpp:109:15:[m[K [01;31m[Kerror: [m[Kexpected unqualified-id before ‘[01m[Kfloat[m[K’
[4.158s]   109 |     if (this->[01;31m[Kfloat[m[K != other.float) {
[4.158s]       |               [01;31m[K^~~~~[m[K
[4.158s] [01m[K/home/xinchen/Dev/SRTP/build/custom_interface/rosidl_generator_cpp/custom_interface/msg/detail/torque__struct.hpp:109:15:[m[K [01;31m[Kerror: [m[Kexpected ‘[01m[K)[m[K’ before ‘[01m[Kfloat[m[K’
[4.158s]   109 |     if [34m[K([m[Kthis->[01;31m[Kf[m[K[32m[Kloat[m[K != other.float) {
[4.158s]       |        [34m[K~[m[K      [01;31m[K^[m[K[32m[K~~~~[m[K
[4.159s]       |               [32m[K)[m[K
[4.161s] In file included from [01m[K/usr/include/stdio.h:33[m[K,
[4.162s]                  from [01m[K/usr/include/c++/9/cstdio:42[m[K,
[4.162s]                  from [01m[K/usr/include/c++/9/ext/string_conversions.h:43[m[K,
[4.162s]                  from [01m[K/usr/include/c++/9/bits/basic_string.h:6496[m[K,
[4.162s]                  from [01m[K/usr/include/c++/9/string:55[m[K,
[4.162s]                  from [01m[K/usr/include/c++/9/stdexcept:39[m[K,
[4.162s]                  from [01m[K/usr/include/c++/9/array:39[m[K,
[4.163s]                  from [01m[K/home/xinchen/Dev/SRTP/build/custom_interface/rosidl_typesupport_introspection_cpp/custom_interface/msg/detail/torque__type_support.cpp:5[m[K:
[4.163s] [01m[K/home/xinchen/Dev/SRTP/build/custom_interface/rosidl_typesupport_introspection_cpp/custom_interface/msg/detail/torque__type_support.cpp:[m[K At global scope:
[4.163s] [01m[K/home/xinchen/Dev/SRTP/build/custom_interface/rosidl_typesupport_introspection_cpp/custom_interface/msg/detail/torque__type_support.cpp:49:45:[m[K [01;31m[Kerror: [m[Kexpected unqualified-id before ‘[01m[Kfloat[m[K’
[4.163s]    49 |     offsetof(custom_interface::msg::Torque, [01;31m[Kfloat[m[K),  // bytes offset in struct
[4.163s]       |                                             [01;31m[K^~~~~[m[K
[4.163s] [01m[K/home/xinchen/Dev/SRTP/build/custom_interface/rosidl_typesupport_introspection_cpp/custom_interface/msg/detail/torque__type_support.cpp:49:45:[m[K [01;31m[Kerror: [m[Kexpected ‘[01m[K)[m[K’ before ‘[01m[Kfloat[m[K’
[4.163s] [01m[K/home/xinchen/Dev/SRTP/build/custom_interface/rosidl_typesupport_introspection_cpp/custom_interface/msg/detail/torque__type_support.cpp:49:5:[m[K [01;36m[Knote: [m[Kto match this ‘[01m[K([m[K’
[4.164s]    49 |     [01;36m[Koffsetof[m[K(custom_interface::msg::Torque, float),  // bytes offset in struct
[4.164s]       |     [01;36m[K^~~~~~~~[m[K
[4.243s] In file included from [01m[K/home/xinchen/Dev/SRTP/build/custom_interface/rosidl_typesupport_fastrtps_cpp/custom_interface/msg/detail/torque__rosidl_typesupport_fastrtps_cpp.hpp:11[m[K,
[4.245s]                  from [01m[K/home/xinchen/Dev/SRTP/build/custom_interface/rosidl_typesupport_fastrtps_cpp/custom_interface/msg/detail/dds_fastrtps/torque__type_support.cpp:4[m[K:
[4.245s] [01m[K/home/xinchen/Dev/SRTP/build/custom_interface/rosidl_generator_cpp/custom_interface/msg/detail/torque__struct.hpp:57:15:[m[K [01;31m[Kerror: [m[Kmultiple types in one declaration
[4.245s]    57 |   _float_type [01;31m[Kfloat[m[K;
[4.245s]       |               [01;31m[K^~~~~[m[K
[4.246s] [01m[K/home/xinchen/Dev/SRTP/build/custom_interface/rosidl_generator_cpp/custom_interface/msg/detail/torque__struct.hpp:57:15:[m[K [01;31m[Kerror: [m[Kdeclaration does not declare anything [[01;31m[K-fpermissive[m[K]
[4.246s] In file included from [01m[K/home/xinchen/Dev/SRTP/build/custom_interface/rosidl_typesupport_fastrtps_cpp/custom_interface/msg/detail/torque__rosidl_typesupport_fastrtps_cpp.hpp:11[m[K,
[4.246s]                  from [01m[K/home/xinchen/Dev/SRTP/build/custom_interface/rosidl_typesupport_fastrtps_cpp/custom_interface/msg/detail/dds_fastrtps/torque__type_support.cpp:4[m[K:
[4.246s] [01m[K/home/xinchen/Dev/SRTP/build/custom_interface/rosidl_generator_cpp/custom_interface/msg/detail/torque__struct.hpp:[m[K In constructor ‘[01m[Kcustom_interface::msg::Torque_<ContainerAllocator>::Torque_(rosidl_runtime_cpp::MessageInitialization)[m[K’:
[4.246s] [01m[K/home/xinchen/Dev/SRTP/build/custom_interface/rosidl_generator_cpp/custom_interface/msg/detail/torque__struct.hpp:40:13:[m[K [01;31m[Kerror: [m[Kexpected unqualified-id before ‘[01m[Kfloat[m[K’
[4.246s]    40 |       this->[01;31m[Kfloat[m[K = 0ll;
[4.246s]       |             [01;31m[K^~~~~[m[K
[4.247s] In file included from [01m[K/home/xinchen/Dev/SRTP/build/custom_interface/rosidl_typesupport_fastrtps_cpp/custom_interface/msg/detail/torque__rosidl_typesupport_fastrtps_cpp.hpp:11[m[K,
[4.247s]                  from [01m[K/home/xinchen/Dev/SRTP/build/custom_interface/rosidl_typesupport_fastrtps_cpp/custom_interface/msg/detail/dds_fastrtps/torque__type_support.cpp:4[m[K:
[4.247s] [01m[K/home/xinchen/Dev/SRTP/build/custom_interface/rosidl_generator_cpp/custom_interface/msg/detail/torque__struct.hpp:[m[K In constructor ‘[01m[Kcustom_interface::msg::Torque_<ContainerAllocator>::Torque_(const ContainerAllocator&, rosidl_runtime_cpp::MessageInitialization)[m[K’:
[4.247s] [01m[K/home/xinchen/Dev/SRTP/build/custom_interface/rosidl_generator_cpp/custom_interface/msg/detail/torque__struct.hpp:50:13:[m[K [01;31m[Kerror: [m[Kexpected unqualified-id before ‘[01m[Kfloat[m[K’
[4.247s]    50 |       this->[01;31m[Kfloat[m[K = 0ll;
[4.247s]       |             [01;31m[K^~~~~[m[K
[4.247s] [01m[K/home/xinchen/Dev/SRTP/build/custom_interface/rosidl_generator_cpp/custom_interface/msg/detail/torque__struct.hpp:[m[K In member function ‘[01m[Kcustom_interface::msg::Torque_<ContainerAllocator>::Type& custom_interface::msg::Torque_<ContainerAllocator>::set__float(const int64_t&)[m[K’:
[4.248s] [01m[K/home/xinchen/Dev/SRTP/build/custom_interface/rosidl_generator_cpp/custom_interface/msg/detail/torque__struct.hpp:63:11:[m[K [01;31m[Kerror: [m[Kexpected unqualified-id before ‘[01m[Kfloat[m[K’
[4.248s]    63 |     this->[01;31m[Kfloat[m[K = _arg;
[4.248s]       |           [01;31m[K^~~~~[m[K
[4.248s] [01m[K/home/xinchen/Dev/SRTP/build/custom_interface/rosidl_generator_cpp/custom_interface/msg/detail/torque__struct.hpp:[m[K In member function ‘[01m[Kbool custom_interface::msg::Torque_<ContainerAllocator>::operator==(const custom_interface::msg::Torque_<ContainerAllocator>&) const[m[K’:
[4.248s] [01m[K/home/xinchen/Dev/SRTP/build/custom_interface/rosidl_generator_cpp/custom_interface/msg/detail/torque__struct.hpp:109:15:[m[K [01;31m[Kerror: [m[Kexpected unqualified-id before ‘[01m[Kfloat[m[K’
[4.248s]   109 |     if (this->[01;31m[Kfloat[m[K != other.float) {
[4.248s]       |               [01;31m[K^~~~~[m[K
[4.249s] [01m[K/home/xinchen/Dev/SRTP/build/custom_interface/rosidl_generator_cpp/custom_interface/msg/detail/torque__struct.hpp:109:15:[m[K [01;31m[Kerror: [m[Kexpected ‘[01m[K)[m[K’ before ‘[01m[Kfloat[m[K’
[4.249s]   109 |     if [34m[K([m[Kthis->[01;31m[Kf[m[K[32m[Kloat[m[K != other.float) {
[4.249s]       |        [34m[K~[m[K      [01;31m[K^[m[K[32m[K~~~~[m[K
[4.249s]       |               [32m[K)[m[K
[4.267s] make[2]: *** [CMakeFiles/custom_interface__rosidl_typesupport_cpp.dir/build.make:73: CMakeFiles/custom_interface__rosidl_typesupport_cpp.dir/rosidl_typesupport_cpp/custom_interface/msg/torque__type_support.cpp.o] Error 1
[4.267s] make[1]: *** [CMakeFiles/Makefile2:184: CMakeFiles/custom_interface__rosidl_typesupport_cpp.dir/all] Error 2
[4.280s] make[2]: *** [CMakeFiles/custom_interface__rosidl_typesupport_introspection_cpp.dir/build.make:78: CMakeFiles/custom_interface__rosidl_typesupport_introspection_cpp.dir/rosidl_typesupport_introspection_cpp/custom_interface/msg/detail/torque__type_support.cpp.o] Error 1
[4.281s] make[1]: *** [CMakeFiles/Makefile2:526: CMakeFiles/custom_interface__rosidl_typesupport_introspection_cpp.dir/all] Error 2
[4.678s] [01m[K/home/xinchen/Dev/SRTP/build/custom_interface/rosidl_typesupport_fastrtps_cpp/custom_interface/msg/detail/dds_fastrtps/torque__type_support.cpp:[m[K In function ‘[01m[Kbool custom_interface::msg::typesupport_fastrtps_cpp::cdr_serialize(const Torque&, eprosima::fastcdr::Cdr&)[m[K’:
[4.680s] [01m[K/home/xinchen/Dev/SRTP/build/custom_interface/rosidl_typesupport_fastrtps_cpp/custom_interface/msg/detail/dds_fastrtps/torque__type_support.cpp:36:22:[m[K [01;31m[Kerror: [m[Kexpected unqualified-id before ‘[01m[Kfloat[m[K’
[4.680s]    36 |   cdr << ros_message.[01;31m[Kfloat[m[K;
[4.682s]       |                      [01;31m[K^~~~~[m[K
[4.682s] [01m[K/home/xinchen/Dev/SRTP/build/custom_interface/rosidl_typesupport_fastrtps_cpp/custom_interface/msg/detail/dds_fastrtps/torque__type_support.cpp:[m[K In function ‘[01m[Kbool custom_interface::msg::typesupport_fastrtps_cpp::cdr_deserialize(eprosima::fastcdr::Cdr&, custom_interface::msg::Torque&)[m[K’:
[4.682s] [01m[K/home/xinchen/Dev/SRTP/build/custom_interface/rosidl_typesupport_fastrtps_cpp/custom_interface/msg/detail/dds_fastrtps/torque__type_support.cpp:47:22:[m[K [01;31m[Kerror: [m[Kexpected unqualified-id before ‘[01m[Kfloat[m[K’
[4.683s]    47 |   cdr >> ros_message.[01;31m[Kfloat[m[K;
[4.683s]       |                      [01;31m[K^~~~~[m[K
[4.683s] [01m[K/home/xinchen/Dev/SRTP/build/custom_interface/rosidl_typesupport_fastrtps_cpp/custom_interface/msg/detail/dds_fastrtps/torque__type_support.cpp:[m[K In function ‘[01m[Ksize_t custom_interface::msg::typesupport_fastrtps_cpp::get_serialized_size(const Torque&, size_t)[m[K’:
[4.683s] [01m[K/home/xinchen/Dev/SRTP/build/custom_interface/rosidl_typesupport_fastrtps_cpp/custom_interface/msg/detail/dds_fastrtps/torque__type_support.cpp:67:43:[m[K [01;31m[Kerror: [m[Kexpected unqualified-id before ‘[01m[Kfloat[m[K’
[4.683s]    67 |     size_t item_size = sizeof(ros_message.[01;31m[Kfloat[m[K);
[4.683s]       |                                           [01;31m[K^~~~~[m[K
[4.683s] [01m[K/home/xinchen/Dev/SRTP/build/custom_interface/rosidl_typesupport_fastrtps_cpp/custom_interface/msg/detail/dds_fastrtps/torque__type_support.cpp:67:43:[m[K [01;31m[Kerror: [m[Kexpected ‘[01m[K)[m[K’ before ‘[01m[Kfloat[m[K’
[4.684s]    67 |     size_t item_size = sizeof[34m[K([m[Kros_message.[01;31m[Kf[m[K[32m[Kloat[m[K);
[4.684s]       |                              [34m[K~[m[K            [01;31m[K^[m[K[32m[K~~~~[m[K
[4.684s]       |                                           [32m[K)[m[K
[4.776s] make[2]: *** [CMakeFiles/custom_interface__rosidl_typesupport_fastrtps_cpp.dir/build.make:78: CMakeFiles/custom_interface__rosidl_typesupport_fastrtps_cpp.dir/rosidl_typesupport_fastrtps_cpp/custom_interface/msg/detail/dds_fastrtps/torque__type_support.cpp.o] Error 1
[4.777s] make[1]: *** [CMakeFiles/Makefile2:388: CMakeFiles/custom_interface__rosidl_typesupport_fastrtps_cpp.dir/all] Error 2
[4.778s] make: *** [Makefile:141: all] Error 2
[4.783s] Invoked command in '/home/xinchen/Dev/SRTP/build/custom_interface' returned '2': CMAKE_PREFIX_PATH=${CMAKE_PREFIX_PATH}:/opt/ros/foxy /usr/bin/cmake --build /home/xinchen/Dev/SRTP/build/custom_interface -- -j6 -l6
