[0.863s] DEBUG:colcon:Command line arguments: ['/usr/bin/colcon', 'build', '--packages-select', 'custom_interface']
[0.863s] DEBUG:colcon:Parsed command line arguments: Namespace(allow_overriding=[], ament_cmake_args=None, base_paths=['.'], build_base='build', catkin_cmake_args=None, catkin_skip_building_tests=False, cmake_args=None, cmake_clean_cache=False, cmake_clean_first=False, cmake_force_configure=False, cmake_target=None, cmake_target_skip_unavailable=False, continue_on_error=False, event_handlers=None, executor='parallel', ignore_user_meta=False, install_base='install', log_base=None, log_level=None, main=<bound method BuildVerb.main of <colcon_core.verb.build.BuildVerb object at 0xffffbae9c9a0>>, merge_install=False, metas=['./colcon.meta'], packages_above=None, packages_above_and_dependencies=None, packages_above_depth=None, packages_end=None, packages_ignore=None, packages_ignore_regex=None, packages_select=['custom_interface'], packages_select_build_failed=False, packages_select_by_dep=None, packages_select_regex=None, packages_select_test_failures=False, packages_skip=None, packages_skip_build_finished=False, packages_skip_by_dep=None, packages_skip_regex=None, packages_skip_test_passed=False, packages_skip_up_to=None, packages_start=None, packages_up_to=None, packages_up_to_regex=None, parallel_workers=6, paths=None, symlink_install=False, test_result_base=None, verb_extension=<colcon_core.verb.build.BuildVerb object at 0xffffbae9c9a0>, verb_name='build', verb_parser=<colcon_defaults.argument_parser.defaults.DefaultArgumentsDecorator object at 0xffffbae9cf10>)
[0.973s] Level 1:colcon.colcon_core.package_discovery:discover_packages(colcon_meta) check parameters
[0.973s] Level 1:colcon.colcon_core.package_discovery:discover_packages(recursive) check parameters
[0.973s] Level 1:colcon.colcon_core.package_discovery:discover_packages(ignore) check parameters
[0.974s] Level 1:colcon.colcon_core.package_discovery:discover_packages(path) check parameters
[0.974s] Level 1:colcon.colcon_core.package_discovery:discover_packages(colcon_meta) discover
[0.974s] Level 1:colcon.colcon_core.package_discovery:discover_packages(recursive) discover
[0.974s] INFO:colcon.colcon_core.package_discovery:Crawling recursively for packages in '/home/xinchen/Dev/SRTP'
[0.974s] Level 1:colcon.colcon_core.package_identification:_identify(.) by extensions ['ignore', 'ignore_ament_install']
[0.974s] Level 1:colcon.colcon_core.package_identification:_identify(.) by extension 'ignore'
[0.975s] Level 1:colcon.colcon_core.package_identification:_identify(.) by extension 'ignore_ament_install'
[0.975s] Level 1:colcon.colcon_core.package_identification:_identify(.) by extensions ['colcon_pkg']
[0.975s] Level 1:colcon.colcon_core.package_identification:_identify(.) by extension 'colcon_pkg'
[0.975s] Level 1:colcon.colcon_core.package_identification:_identify(.) by extensions ['colcon_meta']
[0.975s] Level 1:colcon.colcon_core.package_identification:_identify(.) by extension 'colcon_meta'
[0.975s] Level 1:colcon.colcon_core.package_identification:_identify(.) by extensions ['ros']
[0.975s] Level 1:colcon.colcon_core.package_identification:_identify(.) by extension 'ros'
[1.005s] Level 1:colcon.colcon_core.package_identification:_identify(.) by extensions ['cmake', 'python']
[1.005s] Level 1:colcon.colcon_core.package_identification:_identify(.) by extension 'cmake'
[1.005s] Level 1:colcon.colcon_core.package_identification:_identify(.) by extension 'python'
[1.006s] Level 1:colcon.colcon_core.package_identification:_identify(.) by extensions ['python_setup_py']
[1.006s] Level 1:colcon.colcon_core.package_identification:_identify(.) by extension 'python_setup_py'
[1.006s] Level 1:colcon.colcon_core.package_identification:_identify(build) by extensions ['ignore', 'ignore_ament_install']
[1.006s] Level 1:colcon.colcon_core.package_identification:_identify(build) by extension 'ignore'
[1.006s] Level 1:colcon.colcon_core.package_identification:_identify(build) ignored
[1.007s] Level 1:colcon.colcon_core.package_identification:_identify(install) by extensions ['ignore', 'ignore_ament_install']
[1.007s] Level 1:colcon.colcon_core.package_identification:_identify(install) by extension 'ignore'
[1.007s] Level 1:colcon.colcon_core.package_identification:_identify(install) ignored
[1.007s] Level 1:colcon.colcon_core.package_identification:_identify(log) by extensions ['ignore', 'ignore_ament_install']
[1.008s] Level 1:colcon.colcon_core.package_identification:_identify(log) by extension 'ignore'
[1.008s] Level 1:colcon.colcon_core.package_identification:_identify(log) ignored
[1.008s] Level 1:colcon.colcon_core.package_identification:_identify(src) by extensions ['ignore', 'ignore_ament_install']
[1.008s] Level 1:colcon.colcon_core.package_identification:_identify(src) by extension 'ignore'
[1.008s] Level 1:colcon.colcon_core.package_identification:_identify(src) by extension 'ignore_ament_install'
[1.008s] Level 1:colcon.colcon_core.package_identification:_identify(src) by extensions ['colcon_pkg']
[1.008s] Level 1:colcon.colcon_core.package_identification:_identify(src) by extension 'colcon_pkg'
[1.008s] Level 1:colcon.colcon_core.package_identification:_identify(src) by extensions ['colcon_meta']
[1.009s] Level 1:colcon.colcon_core.package_identification:_identify(src) by extension 'colcon_meta'
[1.009s] Level 1:colcon.colcon_core.package_identification:_identify(src) by extensions ['ros']
[1.009s] Level 1:colcon.colcon_core.package_identification:_identify(src) by extension 'ros'
[1.009s] Level 1:colcon.colcon_core.package_identification:_identify(src) by extensions ['cmake', 'python']
[1.009s] Level 1:colcon.colcon_core.package_identification:_identify(src) by extension 'cmake'
[1.009s] Level 1:colcon.colcon_core.package_identification:_identify(src) by extension 'python'
[1.009s] Level 1:colcon.colcon_core.package_identification:_identify(src) by extensions ['python_setup_py']
[1.009s] Level 1:colcon.colcon_core.package_identification:_identify(src) by extension 'python_setup_py'
[1.010s] Level 1:colcon.colcon_core.package_identification:_identify(src/DynamixelSDK) by extensions ['ignore', 'ignore_ament_install']
[1.010s] Level 1:colcon.colcon_core.package_identification:_identify(src/DynamixelSDK) by extension 'ignore'
[1.010s] Level 1:colcon.colcon_core.package_identification:_identify(src/DynamixelSDK) by extension 'ignore_ament_install'
[1.010s] Level 1:colcon.colcon_core.package_identification:_identify(src/DynamixelSDK) by extensions ['colcon_pkg']
[1.010s] Level 1:colcon.colcon_core.package_identification:_identify(src/DynamixelSDK) by extension 'colcon_pkg'
[1.010s] Level 1:colcon.colcon_core.package_identification:_identify(src/DynamixelSDK) by extensions ['colcon_meta']
[1.010s] Level 1:colcon.colcon_core.package_identification:_identify(src/DynamixelSDK) by extension 'colcon_meta'
[1.010s] Level 1:colcon.colcon_core.package_identification:_identify(src/DynamixelSDK) by extensions ['ros']
[1.011s] Level 1:colcon.colcon_core.package_identification:_identify(src/DynamixelSDK) by extension 'ros'
[1.011s] Level 1:colcon.colcon_core.package_identification:_identify(src/DynamixelSDK) by extensions ['cmake', 'python']
[1.011s] Level 1:colcon.colcon_core.package_identification:_identify(src/DynamixelSDK) by extension 'cmake'
[1.011s] Level 1:colcon.colcon_core.package_identification:_identify(src/DynamixelSDK) by extension 'python'
[1.011s] Level 1:colcon.colcon_core.package_identification:_identify(src/DynamixelSDK) by extensions ['python_setup_py']
[1.011s] Level 1:colcon.colcon_core.package_identification:_identify(src/DynamixelSDK) by extension 'python_setup_py'
[1.012s] Level 1:colcon.colcon_core.package_identification:_identify(src/DynamixelSDK/dynamixel_sdk) by extensions ['ignore', 'ignore_ament_install']
[1.012s] Level 1:colcon.colcon_core.package_identification:_identify(src/DynamixelSDK/dynamixel_sdk) by extension 'ignore'
[1.012s] Level 1:colcon.colcon_core.package_identification:_identify(src/DynamixelSDK/dynamixel_sdk) by extension 'ignore_ament_install'
[1.012s] Level 1:colcon.colcon_core.package_identification:_identify(src/DynamixelSDK/dynamixel_sdk) by extensions ['colcon_pkg']
[1.012s] Level 1:colcon.colcon_core.package_identification:_identify(src/DynamixelSDK/dynamixel_sdk) by extension 'colcon_pkg'
[1.012s] Level 1:colcon.colcon_core.package_identification:_identify(src/DynamixelSDK/dynamixel_sdk) by extensions ['colcon_meta']
[1.012s] Level 1:colcon.colcon_core.package_identification:_identify(src/DynamixelSDK/dynamixel_sdk) by extension 'colcon_meta'
[1.013s] Level 1:colcon.colcon_core.package_identification:_identify(src/DynamixelSDK/dynamixel_sdk) by extensions ['ros']
[1.013s] Level 1:colcon.colcon_core.package_identification:_identify(src/DynamixelSDK/dynamixel_sdk) by extension 'ros'
[1.020s] DEBUG:colcon.colcon_core.package_identification:Package 'src/DynamixelSDK/dynamixel_sdk' with type 'ros.ament_cmake' and name 'dynamixel_sdk'
[1.020s] Level 1:colcon.colcon_core.package_identification:_identify(src/DynamixelSDK/dynamixel_sdk_custom_interfaces) by extensions ['ignore', 'ignore_ament_install']
[1.021s] Level 1:colcon.colcon_core.package_identification:_identify(src/DynamixelSDK/dynamixel_sdk_custom_interfaces) by extension 'ignore'
[1.021s] Level 1:colcon.colcon_core.package_identification:_identify(src/DynamixelSDK/dynamixel_sdk_custom_interfaces) by extension 'ignore_ament_install'
[1.021s] Level 1:colcon.colcon_core.package_identification:_identify(src/DynamixelSDK/dynamixel_sdk_custom_interfaces) by extensions ['colcon_pkg']
[1.021s] Level 1:colcon.colcon_core.package_identification:_identify(src/DynamixelSDK/dynamixel_sdk_custom_interfaces) by extension 'colcon_pkg'
[1.022s] Level 1:colcon.colcon_core.package_identification:_identify(src/DynamixelSDK/dynamixel_sdk_custom_interfaces) by extensions ['colcon_meta']
[1.022s] Level 1:colcon.colcon_core.package_identification:_identify(src/DynamixelSDK/dynamixel_sdk_custom_interfaces) by extension 'colcon_meta'
[1.022s] Level 1:colcon.colcon_core.package_identification:_identify(src/DynamixelSDK/dynamixel_sdk_custom_interfaces) by extensions ['ros']
[1.022s] Level 1:colcon.colcon_core.package_identification:_identify(src/DynamixelSDK/dynamixel_sdk_custom_interfaces) by extension 'ros'
[1.023s] DEBUG:colcon.colcon_core.package_identification:Package 'src/DynamixelSDK/dynamixel_sdk_custom_interfaces' with type 'ros.ament_cmake' and name 'dynamixel_sdk_custom_interfaces'
[1.024s] Level 1:colcon.colcon_core.package_identification:_identify(src/DynamixelSDK/dynamixel_sdk_examples) by extensions ['ignore', 'ignore_ament_install']
[1.024s] Level 1:colcon.colcon_core.package_identification:_identify(src/DynamixelSDK/dynamixel_sdk_examples) by extension 'ignore'
[1.024s] Level 1:colcon.colcon_core.package_identification:_identify(src/DynamixelSDK/dynamixel_sdk_examples) by extension 'ignore_ament_install'
[1.024s] Level 1:colcon.colcon_core.package_identification:_identify(src/DynamixelSDK/dynamixel_sdk_examples) by extensions ['colcon_pkg']
[1.024s] Level 1:colcon.colcon_core.package_identification:_identify(src/DynamixelSDK/dynamixel_sdk_examples) by extension 'colcon_pkg'
[1.024s] Level 1:colcon.colcon_core.package_identification:_identify(src/DynamixelSDK/dynamixel_sdk_examples) by extensions ['colcon_meta']
[1.024s] Level 1:colcon.colcon_core.package_identification:_identify(src/DynamixelSDK/dynamixel_sdk_examples) by extension 'colcon_meta'
[1.024s] Level 1:colcon.colcon_core.package_identification:_identify(src/DynamixelSDK/dynamixel_sdk_examples) by extensions ['ros']
[1.024s] Level 1:colcon.colcon_core.package_identification:_identify(src/DynamixelSDK/dynamixel_sdk_examples) by extension 'ros'
[1.026s] DEBUG:colcon.colcon_core.package_identification:Package 'src/DynamixelSDK/dynamixel_sdk_examples' with type 'ros.ament_cmake' and name 'dynamixel_sdk_examples'
[1.026s] Level 1:colcon.colcon_core.package_identification:_identify(src/custom_interface) by extensions ['ignore', 'ignore_ament_install']
[1.027s] Level 1:colcon.colcon_core.package_identification:_identify(src/custom_interface) by extension 'ignore'
[1.027s] Level 1:colcon.colcon_core.package_identification:_identify(src/custom_interface) by extension 'ignore_ament_install'
[1.027s] Level 1:colcon.colcon_core.package_identification:_identify(src/custom_interface) by extensions ['colcon_pkg']
[1.027s] Level 1:colcon.colcon_core.package_identification:_identify(src/custom_interface) by extension 'colcon_pkg'
[1.027s] Level 1:colcon.colcon_core.package_identification:_identify(src/custom_interface) by extensions ['colcon_meta']
[1.027s] Level 1:colcon.colcon_core.package_identification:_identify(src/custom_interface) by extension 'colcon_meta'
[1.027s] Level 1:colcon.colcon_core.package_identification:_identify(src/custom_interface) by extensions ['ros']
[1.027s] Level 1:colcon.colcon_core.package_identification:_identify(src/custom_interface) by extension 'ros'
[1.029s] DEBUG:colcon.colcon_core.package_identification:Package 'src/custom_interface' with type 'ros.ament_cmake' and name 'custom_interface'
[1.029s] Level 1:colcon.colcon_core.package_identification:_identify(src/dynamixel-workbench) by extensions ['ignore', 'ignore_ament_install']
[1.029s] Level 1:colcon.colcon_core.package_identification:_identify(src/dynamixel-workbench) by extension 'ignore'
[1.029s] Level 1:colcon.colcon_core.package_identification:_identify(src/dynamixel-workbench) by extension 'ignore_ament_install'
[1.029s] Level 1:colcon.colcon_core.package_identification:_identify(src/dynamixel-workbench) by extensions ['colcon_pkg']
[1.029s] Level 1:colcon.colcon_core.package_identification:_identify(src/dynamixel-workbench) by extension 'colcon_pkg'
[1.030s] Level 1:colcon.colcon_core.package_identification:_identify(src/dynamixel-workbench) by extensions ['colcon_meta']
[1.030s] Level 1:colcon.colcon_core.package_identification:_identify(src/dynamixel-workbench) by extension 'colcon_meta'
[1.030s] Level 1:colcon.colcon_core.package_identification:_identify(src/dynamixel-workbench) by extensions ['ros']
[1.030s] Level 1:colcon.colcon_core.package_identification:_identify(src/dynamixel-workbench) by extension 'ros'
[1.030s] Level 1:colcon.colcon_core.package_identification:_identify(src/dynamixel-workbench) by extensions ['cmake', 'python']
[1.030s] Level 1:colcon.colcon_core.package_identification:_identify(src/dynamixel-workbench) by extension 'cmake'
[1.030s] Level 1:colcon.colcon_core.package_identification:_identify(src/dynamixel-workbench) by extension 'python'
[1.030s] Level 1:colcon.colcon_core.package_identification:_identify(src/dynamixel-workbench) by extensions ['python_setup_py']
[1.030s] Level 1:colcon.colcon_core.package_identification:_identify(src/dynamixel-workbench) by extension 'python_setup_py'
[1.031s] Level 1:colcon.colcon_core.package_identification:_identify(src/dynamixel-workbench/dynamixel_workbench) by extensions ['ignore', 'ignore_ament_install']
[1.031s] Level 1:colcon.colcon_core.package_identification:_identify(src/dynamixel-workbench/dynamixel_workbench) by extension 'ignore'
[1.031s] Level 1:colcon.colcon_core.package_identification:_identify(src/dynamixel-workbench/dynamixel_workbench) by extension 'ignore_ament_install'
[1.031s] Level 1:colcon.colcon_core.package_identification:_identify(src/dynamixel-workbench/dynamixel_workbench) by extensions ['colcon_pkg']
[1.031s] Level 1:colcon.colcon_core.package_identification:_identify(src/dynamixel-workbench/dynamixel_workbench) by extension 'colcon_pkg'
[1.031s] Level 1:colcon.colcon_core.package_identification:_identify(src/dynamixel-workbench/dynamixel_workbench) by extensions ['colcon_meta']
[1.031s] Level 1:colcon.colcon_core.package_identification:_identify(src/dynamixel-workbench/dynamixel_workbench) by extension 'colcon_meta'
[1.031s] Level 1:colcon.colcon_core.package_identification:_identify(src/dynamixel-workbench/dynamixel_workbench) by extensions ['ros']
[1.032s] Level 1:colcon.colcon_core.package_identification:_identify(src/dynamixel-workbench/dynamixel_workbench) by extension 'ros'
[1.033s] DEBUG:colcon.colcon_core.package_identification:Package 'src/dynamixel-workbench/dynamixel_workbench' with type 'ros.ament_cmake' and name 'dynamixel_workbench'
[1.033s] Level 1:colcon.colcon_core.package_identification:_identify(src/dynamixel-workbench/dynamixel_workbench_toolbox) by extensions ['ignore', 'ignore_ament_install']
[1.033s] Level 1:colcon.colcon_core.package_identification:_identify(src/dynamixel-workbench/dynamixel_workbench_toolbox) by extension 'ignore'
[1.033s] Level 1:colcon.colcon_core.package_identification:_identify(src/dynamixel-workbench/dynamixel_workbench_toolbox) by extension 'ignore_ament_install'
[1.033s] Level 1:colcon.colcon_core.package_identification:_identify(src/dynamixel-workbench/dynamixel_workbench_toolbox) by extensions ['colcon_pkg']
[1.033s] Level 1:colcon.colcon_core.package_identification:_identify(src/dynamixel-workbench/dynamixel_workbench_toolbox) by extension 'colcon_pkg'
[1.034s] Level 1:colcon.colcon_core.package_identification:_identify(src/dynamixel-workbench/dynamixel_workbench_toolbox) by extensions ['colcon_meta']
[1.034s] Level 1:colcon.colcon_core.package_identification:_identify(src/dynamixel-workbench/dynamixel_workbench_toolbox) by extension 'colcon_meta'
[1.034s] Level 1:colcon.colcon_core.package_identification:_identify(src/dynamixel-workbench/dynamixel_workbench_toolbox) by extensions ['ros']
[1.034s] Level 1:colcon.colcon_core.package_identification:_identify(src/dynamixel-workbench/dynamixel_workbench_toolbox) by extension 'ros'
[1.035s] DEBUG:colcon.colcon_core.package_identification:Package 'src/dynamixel-workbench/dynamixel_workbench_toolbox' with type 'ros.ament_cmake' and name 'dynamixel_workbench_toolbox'
[1.035s] Level 1:colcon.colcon_core.package_identification:_identify(src/motor_controller) by extensions ['ignore', 'ignore_ament_install']
[1.036s] Level 1:colcon.colcon_core.package_identification:_identify(src/motor_controller) by extension 'ignore'
[1.036s] Level 1:colcon.colcon_core.package_identification:_identify(src/motor_controller) by extension 'ignore_ament_install'
[1.036s] Level 1:colcon.colcon_core.package_identification:_identify(src/motor_controller) by extensions ['colcon_pkg']
[1.036s] Level 1:colcon.colcon_core.package_identification:_identify(src/motor_controller) by extension 'colcon_pkg'
[1.036s] Level 1:colcon.colcon_core.package_identification:_identify(src/motor_controller) by extensions ['colcon_meta']
[1.036s] Level 1:colcon.colcon_core.package_identification:_identify(src/motor_controller) by extension 'colcon_meta'
[1.036s] Level 1:colcon.colcon_core.package_identification:_identify(src/motor_controller) by extensions ['ros']
[1.036s] Level 1:colcon.colcon_core.package_identification:_identify(src/motor_controller) by extension 'ros'
[1.037s] DEBUG:colcon.colcon_core.package_identification:Package 'src/motor_controller' with type 'ros.ament_cmake' and name 'motor_controller'
[1.038s] Level 1:colcon.colcon_core.package_discovery:discover_packages(recursive) using defaults
[1.038s] Level 1:colcon.colcon_core.package_discovery:discover_packages(ignore) discover
[1.038s] Level 1:colcon.colcon_core.package_discovery:discover_packages(ignore) using defaults
[1.038s] Level 1:colcon.colcon_core.package_discovery:discover_packages(path) discover
[1.038s] Level 1:colcon.colcon_core.package_discovery:discover_packages(path) using defaults
[1.102s] INFO:colcon.colcon_core.package_selection:Skipping not selected package 'dynamixel_sdk' in 'src/DynamixelSDK/dynamixel_sdk'
[1.102s] INFO:colcon.colcon_core.package_selection:Skipping not selected package 'dynamixel_sdk_custom_interfaces' in 'src/DynamixelSDK/dynamixel_sdk_custom_interfaces'
[1.102s] INFO:colcon.colcon_core.package_selection:Skipping not selected package 'motor_controller' in 'src/motor_controller'
[1.102s] INFO:colcon.colcon_core.package_selection:Skipping not selected package 'dynamixel_sdk_examples' in 'src/DynamixelSDK/dynamixel_sdk_examples'
[1.102s] INFO:colcon.colcon_core.package_selection:Skipping not selected package 'dynamixel_workbench_toolbox' in 'src/dynamixel-workbench/dynamixel_workbench_toolbox'
[1.102s] INFO:colcon.colcon_core.package_selection:Skipping not selected package 'dynamixel_workbench' in 'src/dynamixel-workbench/dynamixel_workbench'
[1.105s] Level 1:colcon.colcon_core.package_discovery:discover_packages(prefix_path) check parameters
[1.106s] Level 1:colcon.colcon_core.package_discovery:discover_packages(prefix_path) discover
[1.118s] DEBUG:colcon.colcon_installed_package_information.package_discovery:Found 8 installed packages in /home/xinchen/Dev/SRTP/install
[1.124s] DEBUG:colcon.colcon_installed_package_information.package_discovery:Found 308 installed packages in /opt/ros/foxy
[1.127s] Level 1:colcon.colcon_core.package_discovery:discover_packages(prefix_path) using defaults
[1.353s] Level 5:colcon.colcon_core.verb:set package 'custom_interface' build argument 'cmake_args' from command line to 'None'
[1.354s] Level 5:colcon.colcon_core.verb:set package 'custom_interface' build argument 'cmake_target' from command line to 'None'
[1.354s] Level 5:colcon.colcon_core.verb:set package 'custom_interface' build argument 'cmake_target_skip_unavailable' from command line to 'False'
[1.354s] Level 5:colcon.colcon_core.verb:set package 'custom_interface' build argument 'cmake_clean_cache' from command line to 'False'
[1.354s] Level 5:colcon.colcon_core.verb:set package 'custom_interface' build argument 'cmake_clean_first' from command line to 'False'
[1.354s] Level 5:colcon.colcon_core.verb:set package 'custom_interface' build argument 'cmake_force_configure' from command line to 'False'
[1.354s] Level 5:colcon.colcon_core.verb:set package 'custom_interface' build argument 'ament_cmake_args' from command line to 'None'
[1.354s] Level 5:colcon.colcon_core.verb:set package 'custom_interface' build argument 'catkin_cmake_args' from command line to 'None'
[1.354s] Level 5:colcon.colcon_core.verb:set package 'custom_interface' build argument 'catkin_skip_building_tests' from command line to 'False'
[1.354s] DEBUG:colcon.colcon_core.verb:Building package 'custom_interface' with the following arguments: {'ament_cmake_args': None, 'build_base': '/home/xinchen/Dev/SRTP/build/custom_interface', 'catkin_cmake_args': None, 'catkin_skip_building_tests': False, 'cmake_args': None, 'cmake_clean_cache': False, 'cmake_clean_first': False, 'cmake_force_configure': False, 'cmake_target': None, 'cmake_target_skip_unavailable': False, 'install_base': '/home/xinchen/Dev/SRTP/install/custom_interface', 'merge_install': False, 'path': '/home/xinchen/Dev/SRTP/src/custom_interface', 'symlink_install': False, 'test_result_base': None}
[1.357s] INFO:colcon.colcon_core.executor:Executing jobs using 'parallel' executor
[1.369s] DEBUG:colcon.colcon_parallel_executor.executor.parallel:run_until_complete
[1.370s] INFO:colcon.colcon_ros.task.ament_cmake.build:Building ROS package in '/home/xinchen/Dev/SRTP/src/custom_interface' with build type 'ament_cmake'
[1.371s] INFO:colcon.colcon_cmake.task.cmake.build:Building CMake package in '/home/xinchen/Dev/SRTP/src/custom_interface'
[1.388s] INFO:colcon.colcon_core.plugin_system:Skipping extension 'colcon_core.shell.bat': Not used on non-Windows systems
[1.389s] INFO:colcon.colcon_core.shell:Skip shell extension 'powershell' for command environment: Not usable outside of PowerShell
[1.389s] DEBUG:colcon.colcon_core.shell:Skip shell extension 'dsv' for command environment
[1.424s] DEBUG:colcon.colcon_core.event_handler.log_command:Invoking command in '/home/xinchen/Dev/SRTP/build/custom_interface': CMAKE_PREFIX_PATH=${CMAKE_PREFIX_PATH}:/opt/ros/foxy /usr/bin/cmake --build /home/xinchen/Dev/SRTP/build/custom_interface -- -j6 -l6
[6.156s] DEBUG:colcon.colcon_core.event_handler.log_command:Invoked command in '/home/xinchen/Dev/SRTP/build/custom_interface' returned '2': CMAKE_PREFIX_PATH=${CMAKE_PREFIX_PATH}:/opt/ros/foxy /usr/bin/cmake --build /home/xinchen/Dev/SRTP/build/custom_interface -- -j6 -l6
[6.290s] Level 1:colcon.colcon_core.environment:create_environment_scripts_only(custom_interface)
[6.314s] Level 1:colcon.colcon_core.environment:checking '/home/xinchen/Dev/SRTP/install/custom_interface' for CMake module files
[6.317s] Level 1:colcon.colcon_core.environment:checking '/home/xinchen/Dev/SRTP/install/custom_interface' for CMake config files
[6.320s] Level 1:colcon.colcon_core.shell:create_environment_hook('custom_interface', 'cmake_prefix_path')
[6.327s] INFO:colcon.colcon_core.shell:Creating environment hook '/home/xinchen/Dev/SRTP/install/custom_interface/share/custom_interface/hook/cmake_prefix_path.ps1'
[6.331s] INFO:colcon.colcon_core.shell:Creating environment descriptor '/home/xinchen/Dev/SRTP/install/custom_interface/share/custom_interface/hook/cmake_prefix_path.dsv'
[6.333s] INFO:colcon.colcon_core.shell:Creating environment hook '/home/xinchen/Dev/SRTP/install/custom_interface/share/custom_interface/hook/cmake_prefix_path.sh'
[6.336s] Level 1:colcon.colcon_core.environment:checking '/home/xinchen/Dev/SRTP/install/custom_interface/bin'
[6.336s] Level 1:colcon.colcon_core.environment:checking '/home/xinchen/Dev/SRTP/install/custom_interface/lib/pkgconfig/custom_interface.pc'
[6.337s] Level 1:colcon.colcon_core.environment:checking '/home/xinchen/Dev/SRTP/install/custom_interface/lib/python3.8/site-packages'
[6.337s] Level 1:colcon.colcon_core.environment:checking '/home/xinchen/Dev/SRTP/install/custom_interface/bin'
[6.343s] INFO:colcon.colcon_core.shell:Creating package script '/home/xinchen/Dev/SRTP/install/custom_interface/share/custom_interface/package.ps1'
[6.345s] INFO:colcon.colcon_core.shell:Creating package descriptor '/home/xinchen/Dev/SRTP/install/custom_interface/share/custom_interface/package.dsv'
[6.347s] INFO:colcon.colcon_core.shell:Creating package script '/home/xinchen/Dev/SRTP/install/custom_interface/share/custom_interface/package.sh'
[6.349s] INFO:colcon.colcon_core.shell:Creating package script '/home/xinchen/Dev/SRTP/install/custom_interface/share/custom_interface/package.bash'
[6.370s] INFO:colcon.colcon_core.shell:Creating package script '/home/xinchen/Dev/SRTP/install/custom_interface/share/custom_interface/package.zsh'
[6.372s] Level 1:colcon.colcon_core.environment:create_file_with_runtime_dependencies(/home/xinchen/Dev/SRTP/install/custom_interface/share/colcon-core/packages/custom_interface)
[6.385s] DEBUG:colcon.colcon_parallel_executor.executor.parallel:closing loop
[6.386s] DEBUG:colcon.colcon_parallel_executor.executor.parallel:loop closed
[6.387s] DEBUG:colcon.colcon_parallel_executor.executor.parallel:run_until_complete finished with '2'
[6.387s] DEBUG:colcon.colcon_core.event_reactor:joining thread
[6.410s] INFO:colcon.colcon_core.plugin_system:Skipping extension 'colcon_notification.desktop_notification.terminal_notifier': Not used on non-Darwin systems
[6.411s] INFO:colcon.colcon_core.plugin_system:Skipping extension 'colcon_notification.desktop_notification.win32': Not used on non-Windows systems
[6.411s] INFO:colcon.colcon_notification.desktop_notification:Sending desktop notification using 'notify2'
[6.469s] DEBUG:colcon.colcon_core.event_reactor:joined thread
[6.476s] INFO:colcon.colcon_core.shell:Creating prefix script '/home/xinchen/Dev/SRTP/install/local_setup.ps1'
[6.482s] INFO:colcon.colcon_core.shell:Creating prefix util module '/home/xinchen/Dev/SRTP/install/_local_setup_util_ps1.py'
[6.488s] INFO:colcon.colcon_core.shell:Creating prefix chain script '/home/xinchen/Dev/SRTP/install/setup.ps1'
[6.500s] INFO:colcon.colcon_core.shell:Creating prefix script '/home/xinchen/Dev/SRTP/install/local_setup.sh'
[6.505s] INFO:colcon.colcon_core.shell:Creating prefix util module '/home/xinchen/Dev/SRTP/install/_local_setup_util_sh.py'
[6.510s] INFO:colcon.colcon_core.shell:Creating prefix chain script '/home/xinchen/Dev/SRTP/install/setup.sh'
[6.518s] INFO:colcon.colcon_core.shell:Creating prefix script '/home/xinchen/Dev/SRTP/install/local_setup.bash'
[6.520s] INFO:colcon.colcon_core.shell:Creating prefix chain script '/home/xinchen/Dev/SRTP/install/setup.bash'
[6.525s] INFO:colcon.colcon_core.shell:Creating prefix script '/home/xinchen/Dev/SRTP/install/local_setup.zsh'
[6.526s] INFO:colcon.colcon_core.shell:Creating prefix chain script '/home/xinchen/Dev/SRTP/install/setup.zsh'
