[0.953s] DEBUG:colcon:Command line arguments: ['/usr/bin/colcon', 'build']
[0.953s] DEBUG:colcon:Parsed command line arguments: Namespace(allow_overriding=[], ament_cmake_args=None, base_paths=['.'], build_base='build', catkin_cmake_args=None, catkin_skip_building_tests=False, cmake_args=None, cmake_clean_cache=False, cmake_clean_first=False, cmake_force_configure=False, cmake_target=None, cmake_target_skip_unavailable=False, continue_on_error=False, event_handlers=None, executor='parallel', ignore_user_meta=False, install_base='install', log_base=None, log_level=None, main=<bound method BuildVerb.main of <colcon_core.verb.build.BuildVerb object at 0xffff8a266700>>, merge_install=False, metas=['./colcon.meta'], packages_above=None, packages_above_and_dependencies=None, packages_above_depth=None, packages_end=None, packages_ignore=None, packages_ignore_regex=None, packages_select=None, packages_select_build_failed=False, packages_select_by_dep=None, packages_select_regex=None, packages_select_test_failures=False, packages_skip=None, packages_skip_build_finished=False, packages_skip_by_dep=None, packages_skip_regex=None, packages_skip_test_passed=False, packages_skip_up_to=None, packages_start=None, packages_up_to=None, packages_up_to_regex=None, parallel_workers=6, paths=None, symlink_install=False, test_result_base=None, verb_extension=<colcon_core.verb.build.BuildVerb object at 0xffff8a266700>, verb_name='build', verb_parser=<colcon_defaults.argument_parser.defaults.DefaultArgumentsDecorator object at 0xffff8a266c40>)
[1.059s] Level 1:colcon.colcon_core.package_discovery:discover_packages(colcon_meta) check parameters
[1.059s] Level 1:colcon.colcon_core.package_discovery:discover_packages(recursive) check parameters
[1.059s] Level 1:colcon.colcon_core.package_discovery:discover_packages(ignore) check parameters
[1.059s] Level 1:colcon.colcon_core.package_discovery:discover_packages(path) check parameters
[1.060s] Level 1:colcon.colcon_core.package_discovery:discover_packages(colcon_meta) discover
[1.060s] Level 1:colcon.colcon_core.package_discovery:discover_packages(recursive) discover
[1.060s] INFO:colcon.colcon_core.package_discovery:Crawling recursively for packages in '/home/xinchen/Dev/SRTP'
[1.060s] Level 1:colcon.colcon_core.package_identification:_identify(.) by extensions ['ignore', 'ignore_ament_install']
[1.060s] Level 1:colcon.colcon_core.package_identification:_identify(.) by extension 'ignore'
[1.061s] Level 1:colcon.colcon_core.package_identification:_identify(.) by extension 'ignore_ament_install'
[1.061s] Level 1:colcon.colcon_core.package_identification:_identify(.) by extensions ['colcon_pkg']
[1.061s] Level 1:colcon.colcon_core.package_identification:_identify(.) by extension 'colcon_pkg'
[1.061s] Level 1:colcon.colcon_core.package_identification:_identify(.) by extensions ['colcon_meta']
[1.061s] Level 1:colcon.colcon_core.package_identification:_identify(.) by extension 'colcon_meta'
[1.061s] Level 1:colcon.colcon_core.package_identification:_identify(.) by extensions ['ros']
[1.061s] Level 1:colcon.colcon_core.package_identification:_identify(.) by extension 'ros'
[1.086s] Level 1:colcon.colcon_core.package_identification:_identify(.) by extensions ['cmake', 'python']
[1.086s] Level 1:colcon.colcon_core.package_identification:_identify(.) by extension 'cmake'
[1.087s] Level 1:colcon.colcon_core.package_identification:_identify(.) by extension 'python'
[1.087s] Level 1:colcon.colcon_core.package_identification:_identify(.) by extensions ['python_setup_py']
[1.087s] Level 1:colcon.colcon_core.package_identification:_identify(.) by extension 'python_setup_py'
[1.087s] Level 1:colcon.colcon_core.package_identification:_identify(build) by extensions ['ignore', 'ignore_ament_install']
[1.087s] Level 1:colcon.colcon_core.package_identification:_identify(build) by extension 'ignore'
[1.087s] Level 1:colcon.colcon_core.package_identification:_identify(build) ignored
[1.088s] Level 1:colcon.colcon_core.package_identification:_identify(install) by extensions ['ignore', 'ignore_ament_install']
[1.088s] Level 1:colcon.colcon_core.package_identification:_identify(install) by extension 'ignore'
[1.088s] Level 1:colcon.colcon_core.package_identification:_identify(install) ignored
[1.088s] Level 1:colcon.colcon_core.package_identification:_identify(log) by extensions ['ignore', 'ignore_ament_install']
[1.088s] Level 1:colcon.colcon_core.package_identification:_identify(log) by extension 'ignore'
[1.089s] Level 1:colcon.colcon_core.package_identification:_identify(log) ignored
[1.089s] Level 1:colcon.colcon_core.package_identification:_identify(src) by extensions ['ignore', 'ignore_ament_install']
[1.089s] Level 1:colcon.colcon_core.package_identification:_identify(src) by extension 'ignore'
[1.089s] Level 1:colcon.colcon_core.package_identification:_identify(src) by extension 'ignore_ament_install'
[1.089s] Level 1:colcon.colcon_core.package_identification:_identify(src) by extensions ['colcon_pkg']
[1.089s] Level 1:colcon.colcon_core.package_identification:_identify(src) by extension 'colcon_pkg'
[1.089s] Level 1:colcon.colcon_core.package_identification:_identify(src) by extensions ['colcon_meta']
[1.089s] Level 1:colcon.colcon_core.package_identification:_identify(src) by extension 'colcon_meta'
[1.090s] Level 1:colcon.colcon_core.package_identification:_identify(src) by extensions ['ros']
[1.090s] Level 1:colcon.colcon_core.package_identification:_identify(src) by extension 'ros'
[1.090s] Level 1:colcon.colcon_core.package_identification:_identify(src) by extensions ['cmake', 'python']
[1.090s] Level 1:colcon.colcon_core.package_identification:_identify(src) by extension 'cmake'
[1.090s] Level 1:colcon.colcon_core.package_identification:_identify(src) by extension 'python'
[1.090s] Level 1:colcon.colcon_core.package_identification:_identify(src) by extensions ['python_setup_py']
[1.090s] Level 1:colcon.colcon_core.package_identification:_identify(src) by extension 'python_setup_py'
[1.091s] Level 1:colcon.colcon_core.package_identification:_identify(src/DynamixelSDK) by extensions ['ignore', 'ignore_ament_install']
[1.091s] Level 1:colcon.colcon_core.package_identification:_identify(src/DynamixelSDK) by extension 'ignore'
[1.091s] Level 1:colcon.colcon_core.package_identification:_identify(src/DynamixelSDK) by extension 'ignore_ament_install'
[1.091s] Level 1:colcon.colcon_core.package_identification:_identify(src/DynamixelSDK) by extensions ['colcon_pkg']
[1.091s] Level 1:colcon.colcon_core.package_identification:_identify(src/DynamixelSDK) by extension 'colcon_pkg'
[1.091s] Level 1:colcon.colcon_core.package_identification:_identify(src/DynamixelSDK) by extensions ['colcon_meta']
[1.091s] Level 1:colcon.colcon_core.package_identification:_identify(src/DynamixelSDK) by extension 'colcon_meta'
[1.091s] Level 1:colcon.colcon_core.package_identification:_identify(src/DynamixelSDK) by extensions ['ros']
[1.091s] Level 1:colcon.colcon_core.package_identification:_identify(src/DynamixelSDK) by extension 'ros'
[1.092s] Level 1:colcon.colcon_core.package_identification:_identify(src/DynamixelSDK) by extensions ['cmake', 'python']
[1.092s] Level 1:colcon.colcon_core.package_identification:_identify(src/DynamixelSDK) by extension 'cmake'
[1.092s] Level 1:colcon.colcon_core.package_identification:_identify(src/DynamixelSDK) by extension 'python'
[1.092s] Level 1:colcon.colcon_core.package_identification:_identify(src/DynamixelSDK) by extensions ['python_setup_py']
[1.092s] Level 1:colcon.colcon_core.package_identification:_identify(src/DynamixelSDK) by extension 'python_setup_py'
[1.092s] Level 1:colcon.colcon_core.package_identification:_identify(src/DynamixelSDK/dynamixel_sdk) by extensions ['ignore', 'ignore_ament_install']
[1.093s] Level 1:colcon.colcon_core.package_identification:_identify(src/DynamixelSDK/dynamixel_sdk) by extension 'ignore'
[1.093s] Level 1:colcon.colcon_core.package_identification:_identify(src/DynamixelSDK/dynamixel_sdk) by extension 'ignore_ament_install'
[1.093s] Level 1:colcon.colcon_core.package_identification:_identify(src/DynamixelSDK/dynamixel_sdk) by extensions ['colcon_pkg']
[1.093s] Level 1:colcon.colcon_core.package_identification:_identify(src/DynamixelSDK/dynamixel_sdk) by extension 'colcon_pkg'
[1.093s] Level 1:colcon.colcon_core.package_identification:_identify(src/DynamixelSDK/dynamixel_sdk) by extensions ['colcon_meta']
[1.093s] Level 1:colcon.colcon_core.package_identification:_identify(src/DynamixelSDK/dynamixel_sdk) by extension 'colcon_meta'
[1.093s] Level 1:colcon.colcon_core.package_identification:_identify(src/DynamixelSDK/dynamixel_sdk) by extensions ['ros']
[1.093s] Level 1:colcon.colcon_core.package_identification:_identify(src/DynamixelSDK/dynamixel_sdk) by extension 'ros'
[1.099s] DEBUG:colcon.colcon_core.package_identification:Package 'src/DynamixelSDK/dynamixel_sdk' with type 'ros.ament_cmake' and name 'dynamixel_sdk'
[1.100s] Level 1:colcon.colcon_core.package_identification:_identify(src/DynamixelSDK/dynamixel_sdk_custom_interfaces) by extensions ['ignore', 'ignore_ament_install']
[1.100s] Level 1:colcon.colcon_core.package_identification:_identify(src/DynamixelSDK/dynamixel_sdk_custom_interfaces) by extension 'ignore'
[1.100s] Level 1:colcon.colcon_core.package_identification:_identify(src/DynamixelSDK/dynamixel_sdk_custom_interfaces) by extension 'ignore_ament_install'
[1.100s] Level 1:colcon.colcon_core.package_identification:_identify(src/DynamixelSDK/dynamixel_sdk_custom_interfaces) by extensions ['colcon_pkg']
[1.100s] Level 1:colcon.colcon_core.package_identification:_identify(src/DynamixelSDK/dynamixel_sdk_custom_interfaces) by extension 'colcon_pkg'
[1.100s] Level 1:colcon.colcon_core.package_identification:_identify(src/DynamixelSDK/dynamixel_sdk_custom_interfaces) by extensions ['colcon_meta']
[1.100s] Level 1:colcon.colcon_core.package_identification:_identify(src/DynamixelSDK/dynamixel_sdk_custom_interfaces) by extension 'colcon_meta'
[1.101s] Level 1:colcon.colcon_core.package_identification:_identify(src/DynamixelSDK/dynamixel_sdk_custom_interfaces) by extensions ['ros']
[1.101s] Level 1:colcon.colcon_core.package_identification:_identify(src/DynamixelSDK/dynamixel_sdk_custom_interfaces) by extension 'ros'
[1.102s] DEBUG:colcon.colcon_core.package_identification:Package 'src/DynamixelSDK/dynamixel_sdk_custom_interfaces' with type 'ros.ament_cmake' and name 'dynamixel_sdk_custom_interfaces'
[1.102s] Level 1:colcon.colcon_core.package_identification:_identify(src/DynamixelSDK/dynamixel_sdk_examples) by extensions ['ignore', 'ignore_ament_install']
[1.103s] Level 1:colcon.colcon_core.package_identification:_identify(src/DynamixelSDK/dynamixel_sdk_examples) by extension 'ignore'
[1.103s] Level 1:colcon.colcon_core.package_identification:_identify(src/DynamixelSDK/dynamixel_sdk_examples) by extension 'ignore_ament_install'
[1.103s] Level 1:colcon.colcon_core.package_identification:_identify(src/DynamixelSDK/dynamixel_sdk_examples) by extensions ['colcon_pkg']
[1.103s] Level 1:colcon.colcon_core.package_identification:_identify(src/DynamixelSDK/dynamixel_sdk_examples) by extension 'colcon_pkg'
[1.103s] Level 1:colcon.colcon_core.package_identification:_identify(src/DynamixelSDK/dynamixel_sdk_examples) by extensions ['colcon_meta']
[1.103s] Level 1:colcon.colcon_core.package_identification:_identify(src/DynamixelSDK/dynamixel_sdk_examples) by extension 'colcon_meta'
[1.103s] Level 1:colcon.colcon_core.package_identification:_identify(src/DynamixelSDK/dynamixel_sdk_examples) by extensions ['ros']
[1.103s] Level 1:colcon.colcon_core.package_identification:_identify(src/DynamixelSDK/dynamixel_sdk_examples) by extension 'ros'
[1.105s] DEBUG:colcon.colcon_core.package_identification:Package 'src/DynamixelSDK/dynamixel_sdk_examples' with type 'ros.ament_cmake' and name 'dynamixel_sdk_examples'
[1.105s] Level 1:colcon.colcon_core.package_identification:_identify(src/launch_files) by extensions ['ignore', 'ignore_ament_install']
[1.106s] Level 1:colcon.colcon_core.package_identification:_identify(src/launch_files) by extension 'ignore'
[1.106s] Level 1:colcon.colcon_core.package_identification:_identify(src/launch_files) by extension 'ignore_ament_install'
[1.106s] Level 1:colcon.colcon_core.package_identification:_identify(src/launch_files) by extensions ['colcon_pkg']
[1.106s] Level 1:colcon.colcon_core.package_identification:_identify(src/launch_files) by extension 'colcon_pkg'
[1.106s] Level 1:colcon.colcon_core.package_identification:_identify(src/launch_files) by extensions ['colcon_meta']
[1.106s] Level 1:colcon.colcon_core.package_identification:_identify(src/launch_files) by extension 'colcon_meta'
[1.106s] Level 1:colcon.colcon_core.package_identification:_identify(src/launch_files) by extensions ['ros']
[1.106s] Level 1:colcon.colcon_core.package_identification:_identify(src/launch_files) by extension 'ros'
[1.107s] DEBUG:colcon.colcon_core.package_identification:Package 'src/launch_files' with type 'ros.ament_cmake' and name 'launch_files'
[1.108s] Level 1:colcon.colcon_core.package_identification:_identify(src/motor_controller) by extensions ['ignore', 'ignore_ament_install']
[1.108s] Level 1:colcon.colcon_core.package_identification:_identify(src/motor_controller) by extension 'ignore'
[1.108s] Level 1:colcon.colcon_core.package_identification:_identify(src/motor_controller) by extension 'ignore_ament_install'
[1.108s] Level 1:colcon.colcon_core.package_identification:_identify(src/motor_controller) by extensions ['colcon_pkg']
[1.108s] Level 1:colcon.colcon_core.package_identification:_identify(src/motor_controller) by extension 'colcon_pkg'
[1.108s] Level 1:colcon.colcon_core.package_identification:_identify(src/motor_controller) by extensions ['colcon_meta']
[1.108s] Level 1:colcon.colcon_core.package_identification:_identify(src/motor_controller) by extension 'colcon_meta'
[1.108s] Level 1:colcon.colcon_core.package_identification:_identify(src/motor_controller) by extensions ['ros']
[1.109s] Level 1:colcon.colcon_core.package_identification:_identify(src/motor_controller) by extension 'ros'
[1.110s] DEBUG:colcon.colcon_core.package_identification:Package 'src/motor_controller' with type 'ros.ament_cmake' and name 'motor_controller'
[1.110s] Level 1:colcon.colcon_core.package_discovery:discover_packages(recursive) using defaults
[1.110s] Level 1:colcon.colcon_core.package_discovery:discover_packages(ignore) discover
[1.110s] Level 1:colcon.colcon_core.package_discovery:discover_packages(ignore) using defaults
[1.110s] Level 1:colcon.colcon_core.package_discovery:discover_packages(path) discover
[1.110s] Level 1:colcon.colcon_core.package_discovery:discover_packages(path) using defaults
[1.168s] Level 1:colcon.colcon_core.package_discovery:discover_packages(prefix_path) check parameters
[1.168s] Level 1:colcon.colcon_core.package_discovery:discover_packages(prefix_path) discover
[1.178s] DEBUG:colcon.colcon_installed_package_information.package_discovery:Found 308 installed packages in /opt/ros/foxy
[1.182s] Level 1:colcon.colcon_core.package_discovery:discover_packages(prefix_path) using defaults
[1.396s] Level 5:colcon.colcon_core.verb:set package 'dynamixel_sdk' build argument 'cmake_args' from command line to 'None'
[1.396s] Level 5:colcon.colcon_core.verb:set package 'dynamixel_sdk' build argument 'cmake_target' from command line to 'None'
[1.397s] Level 5:colcon.colcon_core.verb:set package 'dynamixel_sdk' build argument 'cmake_target_skip_unavailable' from command line to 'False'
[1.397s] Level 5:colcon.colcon_core.verb:set package 'dynamixel_sdk' build argument 'cmake_clean_cache' from command line to 'False'
[1.397s] Level 5:colcon.colcon_core.verb:set package 'dynamixel_sdk' build argument 'cmake_clean_first' from command line to 'False'
[1.397s] Level 5:colcon.colcon_core.verb:set package 'dynamixel_sdk' build argument 'cmake_force_configure' from command line to 'False'
[1.397s] Level 5:colcon.colcon_core.verb:set package 'dynamixel_sdk' build argument 'ament_cmake_args' from command line to 'None'
[1.397s] Level 5:colcon.colcon_core.verb:set package 'dynamixel_sdk' build argument 'catkin_cmake_args' from command line to 'None'
[1.397s] Level 5:colcon.colcon_core.verb:set package 'dynamixel_sdk' build argument 'catkin_skip_building_tests' from command line to 'False'
[1.397s] DEBUG:colcon.colcon_core.verb:Building package 'dynamixel_sdk' with the following arguments: {'ament_cmake_args': None, 'build_base': '/home/xinchen/Dev/SRTP/build/dynamixel_sdk', 'catkin_cmake_args': None, 'catkin_skip_building_tests': False, 'cmake_args': None, 'cmake_clean_cache': False, 'cmake_clean_first': False, 'cmake_force_configure': False, 'cmake_target': None, 'cmake_target_skip_unavailable': False, 'install_base': '/home/xinchen/Dev/SRTP/install/dynamixel_sdk', 'merge_install': False, 'path': '/home/xinchen/Dev/SRTP/src/DynamixelSDK/dynamixel_sdk', 'symlink_install': False, 'test_result_base': None}
[1.400s] Level 5:colcon.colcon_core.verb:set package 'dynamixel_sdk_custom_interfaces' build argument 'cmake_args' from command line to 'None'
[1.400s] Level 5:colcon.colcon_core.verb:set package 'dynamixel_sdk_custom_interfaces' build argument 'cmake_target' from command line to 'None'
[1.400s] Level 5:colcon.colcon_core.verb:set package 'dynamixel_sdk_custom_interfaces' build argument 'cmake_target_skip_unavailable' from command line to 'False'
[1.400s] Level 5:colcon.colcon_core.verb:set package 'dynamixel_sdk_custom_interfaces' build argument 'cmake_clean_cache' from command line to 'False'
[1.400s] Level 5:colcon.colcon_core.verb:set package 'dynamixel_sdk_custom_interfaces' build argument 'cmake_clean_first' from command line to 'False'
[1.400s] Level 5:colcon.colcon_core.verb:set package 'dynamixel_sdk_custom_interfaces' build argument 'cmake_force_configure' from command line to 'False'
[1.400s] Level 5:colcon.colcon_core.verb:set package 'dynamixel_sdk_custom_interfaces' build argument 'ament_cmake_args' from command line to 'None'
[1.400s] Level 5:colcon.colcon_core.verb:set package 'dynamixel_sdk_custom_interfaces' build argument 'catkin_cmake_args' from command line to 'None'
[1.401s] Level 5:colcon.colcon_core.verb:set package 'dynamixel_sdk_custom_interfaces' build argument 'catkin_skip_building_tests' from command line to 'False'
[1.401s] DEBUG:colcon.colcon_core.verb:Building package 'dynamixel_sdk_custom_interfaces' with the following arguments: {'ament_cmake_args': None, 'build_base': '/home/xinchen/Dev/SRTP/build/dynamixel_sdk_custom_interfaces', 'catkin_cmake_args': None, 'catkin_skip_building_tests': False, 'cmake_args': None, 'cmake_clean_cache': False, 'cmake_clean_first': False, 'cmake_force_configure': False, 'cmake_target': None, 'cmake_target_skip_unavailable': False, 'install_base': '/home/xinchen/Dev/SRTP/install/dynamixel_sdk_custom_interfaces', 'merge_install': False, 'path': '/home/xinchen/Dev/SRTP/src/DynamixelSDK/dynamixel_sdk_custom_interfaces', 'symlink_install': False, 'test_result_base': None}
[1.403s] Level 5:colcon.colcon_core.verb:set package 'launch_files' build argument 'cmake_args' from command line to 'None'
[1.403s] Level 5:colcon.colcon_core.verb:set package 'launch_files' build argument 'cmake_target' from command line to 'None'
[1.404s] Level 5:colcon.colcon_core.verb:set package 'launch_files' build argument 'cmake_target_skip_unavailable' from command line to 'False'
[1.404s] Level 5:colcon.colcon_core.verb:set package 'launch_files' build argument 'cmake_clean_cache' from command line to 'False'
[1.404s] Level 5:colcon.colcon_core.verb:set package 'launch_files' build argument 'cmake_clean_first' from command line to 'False'
[1.404s] Level 5:colcon.colcon_core.verb:set package 'launch_files' build argument 'cmake_force_configure' from command line to 'False'
[1.404s] Level 5:colcon.colcon_core.verb:set package 'launch_files' build argument 'ament_cmake_args' from command line to 'None'
[1.404s] Level 5:colcon.colcon_core.verb:set package 'launch_files' build argument 'catkin_cmake_args' from command line to 'None'
[1.404s] Level 5:colcon.colcon_core.verb:set package 'launch_files' build argument 'catkin_skip_building_tests' from command line to 'False'
[1.404s] DEBUG:colcon.colcon_core.verb:Building package 'launch_files' with the following arguments: {'ament_cmake_args': None, 'build_base': '/home/xinchen/Dev/SRTP/build/launch_files', 'catkin_cmake_args': None, 'catkin_skip_building_tests': False, 'cmake_args': None, 'cmake_clean_cache': False, 'cmake_clean_first': False, 'cmake_force_configure': False, 'cmake_target': None, 'cmake_target_skip_unavailable': False, 'install_base': '/home/xinchen/Dev/SRTP/install/launch_files', 'merge_install': False, 'path': '/home/xinchen/Dev/SRTP/src/launch_files', 'symlink_install': False, 'test_result_base': None}
[1.407s] Level 5:colcon.colcon_core.verb:set package 'motor_controller' build argument 'cmake_args' from command line to 'None'
[1.407s] Level 5:colcon.colcon_core.verb:set package 'motor_controller' build argument 'cmake_target' from command line to 'None'
[1.407s] Level 5:colcon.colcon_core.verb:set package 'motor_controller' build argument 'cmake_target_skip_unavailable' from command line to 'False'
[1.407s] Level 5:colcon.colcon_core.verb:set package 'motor_controller' build argument 'cmake_clean_cache' from command line to 'False'
[1.407s] Level 5:colcon.colcon_core.verb:set package 'motor_controller' build argument 'cmake_clean_first' from command line to 'False'
[1.407s] Level 5:colcon.colcon_core.verb:set package 'motor_controller' build argument 'cmake_force_configure' from command line to 'False'
[1.407s] Level 5:colcon.colcon_core.verb:set package 'motor_controller' build argument 'ament_cmake_args' from command line to 'None'
[1.407s] Level 5:colcon.colcon_core.verb:set package 'motor_controller' build argument 'catkin_cmake_args' from command line to 'None'
[1.407s] Level 5:colcon.colcon_core.verb:set package 'motor_controller' build argument 'catkin_skip_building_tests' from command line to 'False'
[1.408s] DEBUG:colcon.colcon_core.verb:Building package 'motor_controller' with the following arguments: {'ament_cmake_args': None, 'build_base': '/home/xinchen/Dev/SRTP/build/motor_controller', 'catkin_cmake_args': None, 'catkin_skip_building_tests': False, 'cmake_args': None, 'cmake_clean_cache': False, 'cmake_clean_first': False, 'cmake_force_configure': False, 'cmake_target': None, 'cmake_target_skip_unavailable': False, 'install_base': '/home/xinchen/Dev/SRTP/install/motor_controller', 'merge_install': False, 'path': '/home/xinchen/Dev/SRTP/src/motor_controller', 'symlink_install': False, 'test_result_base': None}
[1.410s] Level 5:colcon.colcon_core.verb:set package 'dynamixel_sdk_examples' build argument 'cmake_args' from command line to 'None'
[1.410s] Level 5:colcon.colcon_core.verb:set package 'dynamixel_sdk_examples' build argument 'cmake_target' from command line to 'None'
[1.410s] Level 5:colcon.colcon_core.verb:set package 'dynamixel_sdk_examples' build argument 'cmake_target_skip_unavailable' from command line to 'False'
[1.411s] Level 5:colcon.colcon_core.verb:set package 'dynamixel_sdk_examples' build argument 'cmake_clean_cache' from command line to 'False'
[1.411s] Level 5:colcon.colcon_core.verb:set package 'dynamixel_sdk_examples' build argument 'cmake_clean_first' from command line to 'False'
[1.411s] Level 5:colcon.colcon_core.verb:set package 'dynamixel_sdk_examples' build argument 'cmake_force_configure' from command line to 'False'
[1.411s] Level 5:colcon.colcon_core.verb:set package 'dynamixel_sdk_examples' build argument 'ament_cmake_args' from command line to 'None'
[1.411s] Level 5:colcon.colcon_core.verb:set package 'dynamixel_sdk_examples' build argument 'catkin_cmake_args' from command line to 'None'
[1.411s] Level 5:colcon.colcon_core.verb:set package 'dynamixel_sdk_examples' build argument 'catkin_skip_building_tests' from command line to 'False'
[1.411s] DEBUG:colcon.colcon_core.verb:Building package 'dynamixel_sdk_examples' with the following arguments: {'ament_cmake_args': None, 'build_base': '/home/xinchen/Dev/SRTP/build/dynamixel_sdk_examples', 'catkin_cmake_args': None, 'catkin_skip_building_tests': False, 'cmake_args': None, 'cmake_clean_cache': False, 'cmake_clean_first': False, 'cmake_force_configure': False, 'cmake_target': None, 'cmake_target_skip_unavailable': False, 'install_base': '/home/xinchen/Dev/SRTP/install/dynamixel_sdk_examples', 'merge_install': False, 'path': '/home/xinchen/Dev/SRTP/src/DynamixelSDK/dynamixel_sdk_examples', 'symlink_install': False, 'test_result_base': None}
[1.413s] INFO:colcon.colcon_core.executor:Executing jobs using 'parallel' executor
[1.425s] DEBUG:colcon.colcon_parallel_executor.executor.parallel:run_until_complete
[1.426s] INFO:colcon.colcon_ros.task.ament_cmake.build:Building ROS package in '/home/xinchen/Dev/SRTP/src/DynamixelSDK/dynamixel_sdk' with build type 'ament_cmake'
[1.426s] INFO:colcon.colcon_cmake.task.cmake.build:Building CMake package in '/home/xinchen/Dev/SRTP/src/DynamixelSDK/dynamixel_sdk'
[1.442s] INFO:colcon.colcon_core.plugin_system:Skipping extension 'colcon_core.shell.bat': Not used on non-Windows systems
[1.443s] INFO:colcon.colcon_core.shell:Skip shell extension 'powershell' for command environment: Not usable outside of PowerShell
[1.443s] DEBUG:colcon.colcon_core.shell:Skip shell extension 'dsv' for command environment
[1.459s] INFO:colcon.colcon_ros.task.ament_cmake.build:Building ROS package in '/home/xinchen/Dev/SRTP/src/DynamixelSDK/dynamixel_sdk_custom_interfaces' with build type 'ament_cmake'
[1.459s] INFO:colcon.colcon_cmake.task.cmake.build:Building CMake package in '/home/xinchen/Dev/SRTP/src/DynamixelSDK/dynamixel_sdk_custom_interfaces'
[1.465s] INFO:colcon.colcon_core.shell:Skip shell extension 'powershell' for command environment: Not usable outside of PowerShell
[1.466s] DEBUG:colcon.colcon_core.shell:Skip shell extension 'dsv' for command environment
[1.480s] INFO:colcon.colcon_ros.task.ament_cmake.build:Building ROS package in '/home/xinchen/Dev/SRTP/src/launch_files' with build type 'ament_cmake'
[1.481s] INFO:colcon.colcon_cmake.task.cmake.build:Building CMake package in '/home/xinchen/Dev/SRTP/src/launch_files'
[1.487s] INFO:colcon.colcon_core.shell:Skip shell extension 'powershell' for command environment: Not usable outside of PowerShell
[1.487s] DEBUG:colcon.colcon_core.shell:Skip shell extension 'dsv' for command environment
[1.501s] INFO:colcon.colcon_ros.task.ament_cmake.build:Building ROS package in '/home/xinchen/Dev/SRTP/src/motor_controller' with build type 'ament_cmake'
[1.502s] INFO:colcon.colcon_cmake.task.cmake.build:Building CMake package in '/home/xinchen/Dev/SRTP/src/motor_controller'
[1.508s] INFO:colcon.colcon_core.shell:Skip shell extension 'powershell' for command environment: Not usable outside of PowerShell
[1.509s] DEBUG:colcon.colcon_core.shell:Skip shell extension 'dsv' for command environment
[1.532s] DEBUG:colcon.colcon_core.event_handler.log_command:Invoking command in '/home/xinchen/Dev/SRTP/build/dynamixel_sdk': CMAKE_PREFIX_PATH=/opt/ros/foxy /usr/bin/cmake --build /home/xinchen/Dev/SRTP/build/dynamixel_sdk -- -j6 -l6
[1.560s] DEBUG:colcon.colcon_core.event_handler.log_command:Invoking command in '/home/xinchen/Dev/SRTP/build/dynamixel_sdk_custom_interfaces': CMAKE_PREFIX_PATH=/opt/ros/foxy /usr/bin/cmake --build /home/xinchen/Dev/SRTP/build/dynamixel_sdk_custom_interfaces -- -j6 -l6
[1.576s] DEBUG:colcon.colcon_core.event_handler.log_command:Invoking command in '/home/xinchen/Dev/SRTP/build/launch_files': CMAKE_PREFIX_PATH=/opt/ros/foxy /usr/bin/cmake --build /home/xinchen/Dev/SRTP/build/launch_files -- -j6 -l6
[1.605s] DEBUG:colcon.colcon_core.event_handler.log_command:Invoking command in '/home/xinchen/Dev/SRTP/build/motor_controller': CMAKE_PREFIX_PATH=/opt/ros/foxy /usr/bin/cmake --build /home/xinchen/Dev/SRTP/build/motor_controller -- -j6 -l6
[1.782s] DEBUG:colcon.colcon_core.event_handler.log_command:Invoked command in '/home/xinchen/Dev/SRTP/build/launch_files' returned '0': CMAKE_PREFIX_PATH=/opt/ros/foxy /usr/bin/cmake --build /home/xinchen/Dev/SRTP/build/launch_files -- -j6 -l6
[1.836s] DEBUG:colcon.colcon_core.event_handler.log_command:Invoked command in '/home/xinchen/Dev/SRTP/build/dynamixel_sdk' returned '0': CMAKE_PREFIX_PATH=/opt/ros/foxy /usr/bin/cmake --build /home/xinchen/Dev/SRTP/build/dynamixel_sdk -- -j6 -l6
[1.887s] DEBUG:colcon.colcon_core.event_handler.log_command:Invoking command in '/home/xinchen/Dev/SRTP/build/launch_files': CMAKE_PREFIX_PATH=/opt/ros/foxy /usr/bin/cmake --install /home/xinchen/Dev/SRTP/build/launch_files
[1.916s] Level 1:colcon.colcon_core.environment:create_environment_scripts_only(launch_files)
[1.918s] DEBUG:colcon.colcon_core.event_handler.log_command:Invoked command in '/home/xinchen/Dev/SRTP/build/launch_files' returned '0': CMAKE_PREFIX_PATH=/opt/ros/foxy /usr/bin/cmake --install /home/xinchen/Dev/SRTP/build/launch_files
[1.942s] Level 1:colcon.colcon_core.environment:checking '/home/xinchen/Dev/SRTP/install/launch_files' for CMake module files
[1.943s] Level 1:colcon.colcon_core.environment:checking '/home/xinchen/Dev/SRTP/install/launch_files' for CMake config files
[1.944s] Level 1:colcon.colcon_core.shell:create_environment_hook('launch_files', 'cmake_prefix_path')
[1.949s] INFO:colcon.colcon_core.shell:Creating environment hook '/home/xinchen/Dev/SRTP/install/launch_files/share/launch_files/hook/cmake_prefix_path.ps1'
[1.951s] INFO:colcon.colcon_core.shell:Creating environment descriptor '/home/xinchen/Dev/SRTP/install/launch_files/share/launch_files/hook/cmake_prefix_path.dsv'
[1.953s] INFO:colcon.colcon_core.shell:Creating environment hook '/home/xinchen/Dev/SRTP/install/launch_files/share/launch_files/hook/cmake_prefix_path.sh'
[1.956s] Level 1:colcon.colcon_core.environment:checking '/home/xinchen/Dev/SRTP/install/launch_files/bin'
[1.956s] Level 1:colcon.colcon_core.environment:checking '/home/xinchen/Dev/SRTP/install/launch_files/lib/pkgconfig/launch_files.pc'
[1.956s] Level 1:colcon.colcon_core.environment:checking '/home/xinchen/Dev/SRTP/install/launch_files/lib/python3.8/site-packages'
[1.957s] Level 1:colcon.colcon_core.environment:checking '/home/xinchen/Dev/SRTP/install/launch_files/bin'
[1.962s] INFO:colcon.colcon_core.shell:Creating package script '/home/xinchen/Dev/SRTP/install/launch_files/share/launch_files/package.ps1'
[1.964s] INFO:colcon.colcon_core.shell:Creating package descriptor '/home/xinchen/Dev/SRTP/install/launch_files/share/launch_files/package.dsv'
[1.965s] INFO:colcon.colcon_core.shell:Creating package script '/home/xinchen/Dev/SRTP/install/launch_files/share/launch_files/package.sh'
[1.967s] INFO:colcon.colcon_core.shell:Creating package script '/home/xinchen/Dev/SRTP/install/launch_files/share/launch_files/package.bash'
[1.969s] INFO:colcon.colcon_core.shell:Creating package script '/home/xinchen/Dev/SRTP/install/launch_files/share/launch_files/package.zsh'
[1.971s] Level 1:colcon.colcon_core.environment:create_file_with_runtime_dependencies(/home/xinchen/Dev/SRTP/install/launch_files/share/colcon-core/packages/launch_files)
[1.987s] DEBUG:colcon.colcon_core.event_handler.log_command:Invoking command in '/home/xinchen/Dev/SRTP/build/dynamixel_sdk': CMAKE_PREFIX_PATH=/opt/ros/foxy /usr/bin/cmake --install /home/xinchen/Dev/SRTP/build/dynamixel_sdk
[2.027s] Level 1:colcon.colcon_core.environment:create_environment_scripts_only(launch_files)
[2.035s] Level 1:colcon.colcon_core.environment:checking '/home/xinchen/Dev/SRTP/install/launch_files' for CMake module files
[2.036s] Level 1:colcon.colcon_core.environment:checking '/home/xinchen/Dev/SRTP/install/launch_files' for CMake config files
[2.037s] Level 1:colcon.colcon_core.shell:create_environment_hook('launch_files', 'cmake_prefix_path')
[2.042s] INFO:colcon.colcon_core.shell:Creating environment hook '/home/xinchen/Dev/SRTP/install/launch_files/share/launch_files/hook/cmake_prefix_path.ps1'
[2.044s] INFO:colcon.colcon_core.shell:Creating environment descriptor '/home/xinchen/Dev/SRTP/install/launch_files/share/launch_files/hook/cmake_prefix_path.dsv'
[2.045s] INFO:colcon.colcon_core.shell:Creating environment hook '/home/xinchen/Dev/SRTP/install/launch_files/share/launch_files/hook/cmake_prefix_path.sh'
[2.046s] Level 1:colcon.colcon_core.environment:checking '/home/xinchen/Dev/SRTP/install/launch_files/bin'
[2.046s] Level 1:colcon.colcon_core.environment:checking '/home/xinchen/Dev/SRTP/install/launch_files/lib/pkgconfig/launch_files.pc'
[2.047s] Level 1:colcon.colcon_core.environment:checking '/home/xinchen/Dev/SRTP/install/launch_files/lib/python3.8/site-packages'
[2.047s] Level 1:colcon.colcon_core.environment:checking '/home/xinchen/Dev/SRTP/install/launch_files/bin'
[2.052s] INFO:colcon.colcon_core.shell:Creating package script '/home/xinchen/Dev/SRTP/install/launch_files/share/launch_files/package.ps1'
[2.054s] INFO:colcon.colcon_core.shell:Creating package descriptor '/home/xinchen/Dev/SRTP/install/launch_files/share/launch_files/package.dsv'
[2.055s] INFO:colcon.colcon_core.shell:Creating package script '/home/xinchen/Dev/SRTP/install/launch_files/share/launch_files/package.sh'
[2.056s] INFO:colcon.colcon_core.shell:Creating package script '/home/xinchen/Dev/SRTP/install/launch_files/share/launch_files/package.bash'
[2.057s] INFO:colcon.colcon_core.shell:Creating package script '/home/xinchen/Dev/SRTP/install/launch_files/share/launch_files/package.zsh'
[2.058s] Level 1:colcon.colcon_core.environment:create_file_with_runtime_dependencies(/home/xinchen/Dev/SRTP/install/launch_files/share/colcon-core/packages/launch_files)
[2.061s] Level 1:colcon.colcon_core.environment:create_environment_scripts_only(dynamixel_sdk)
[2.070s] Level 1:colcon.colcon_core.environment:checking '/home/xinchen/Dev/SRTP/install/dynamixel_sdk' for CMake module files
[2.070s] DEBUG:colcon.colcon_core.event_handler.log_command:Invoked command in '/home/xinchen/Dev/SRTP/build/dynamixel_sdk' returned '0': CMAKE_PREFIX_PATH=/opt/ros/foxy /usr/bin/cmake --install /home/xinchen/Dev/SRTP/build/dynamixel_sdk
[2.071s] Level 1:colcon.colcon_core.environment:checking '/home/xinchen/Dev/SRTP/install/dynamixel_sdk' for CMake config files
[2.073s] Level 1:colcon.colcon_core.shell:create_environment_hook('dynamixel_sdk', 'cmake_prefix_path')
[2.077s] INFO:colcon.colcon_core.shell:Creating environment hook '/home/xinchen/Dev/SRTP/install/dynamixel_sdk/share/dynamixel_sdk/hook/cmake_prefix_path.ps1'
[2.079s] INFO:colcon.colcon_core.shell:Creating environment descriptor '/home/xinchen/Dev/SRTP/install/dynamixel_sdk/share/dynamixel_sdk/hook/cmake_prefix_path.dsv'
[2.079s] INFO:colcon.colcon_core.shell:Creating environment hook '/home/xinchen/Dev/SRTP/install/dynamixel_sdk/share/dynamixel_sdk/hook/cmake_prefix_path.sh'
[2.080s] Level 1:colcon.colcon_core.environment:checking '/home/xinchen/Dev/SRTP/install/dynamixel_sdk/lib'
[2.081s] Level 1:colcon.colcon_core.shell:create_environment_hook('dynamixel_sdk', 'ld_library_path_lib')
[2.086s] INFO:colcon.colcon_core.shell:Creating environment hook '/home/xinchen/Dev/SRTP/install/dynamixel_sdk/share/dynamixel_sdk/hook/ld_library_path_lib.ps1'
[2.088s] INFO:colcon.colcon_core.shell:Creating environment descriptor '/home/xinchen/Dev/SRTP/install/dynamixel_sdk/share/dynamixel_sdk/hook/ld_library_path_lib.dsv'
[2.088s] INFO:colcon.colcon_core.shell:Creating environment hook '/home/xinchen/Dev/SRTP/install/dynamixel_sdk/share/dynamixel_sdk/hook/ld_library_path_lib.sh'
[2.089s] Level 1:colcon.colcon_core.environment:checking '/home/xinchen/Dev/SRTP/install/dynamixel_sdk/bin'
[2.089s] Level 1:colcon.colcon_core.environment:checking '/home/xinchen/Dev/SRTP/install/dynamixel_sdk/lib/pkgconfig/dynamixel_sdk.pc'
[2.090s] Level 1:colcon.colcon_core.environment:checking '/home/xinchen/Dev/SRTP/install/dynamixel_sdk/lib/python3.8/site-packages'
[2.090s] Level 1:colcon.colcon_core.environment:checking '/home/xinchen/Dev/SRTP/install/dynamixel_sdk/bin'
[2.095s] INFO:colcon.colcon_core.shell:Creating package script '/home/xinchen/Dev/SRTP/install/dynamixel_sdk/share/dynamixel_sdk/package.ps1'
[2.096s] INFO:colcon.colcon_core.shell:Creating package descriptor '/home/xinchen/Dev/SRTP/install/dynamixel_sdk/share/dynamixel_sdk/package.dsv'
[2.097s] INFO:colcon.colcon_core.shell:Creating package script '/home/xinchen/Dev/SRTP/install/dynamixel_sdk/share/dynamixel_sdk/package.sh'
[2.098s] INFO:colcon.colcon_core.shell:Creating package script '/home/xinchen/Dev/SRTP/install/dynamixel_sdk/share/dynamixel_sdk/package.bash'
[2.099s] INFO:colcon.colcon_core.shell:Creating package script '/home/xinchen/Dev/SRTP/install/dynamixel_sdk/share/dynamixel_sdk/package.zsh'
[2.099s] Level 1:colcon.colcon_core.environment:create_file_with_runtime_dependencies(/home/xinchen/Dev/SRTP/install/dynamixel_sdk/share/colcon-core/packages/dynamixel_sdk)
[2.219s] Level 1:colcon.colcon_core.environment:create_environment_scripts_only(dynamixel_sdk)
[2.227s] Level 1:colcon.colcon_core.environment:checking '/home/xinchen/Dev/SRTP/install/dynamixel_sdk' for CMake module files
[2.229s] Level 1:colcon.colcon_core.environment:checking '/home/xinchen/Dev/SRTP/install/dynamixel_sdk' for CMake config files
[2.230s] Level 1:colcon.colcon_core.shell:create_environment_hook('dynamixel_sdk', 'cmake_prefix_path')
[2.235s] INFO:colcon.colcon_core.shell:Creating environment hook '/home/xinchen/Dev/SRTP/install/dynamixel_sdk/share/dynamixel_sdk/hook/cmake_prefix_path.ps1'
[2.237s] INFO:colcon.colcon_core.shell:Creating environment descriptor '/home/xinchen/Dev/SRTP/install/dynamixel_sdk/share/dynamixel_sdk/hook/cmake_prefix_path.dsv'
[2.238s] INFO:colcon.colcon_core.shell:Creating environment hook '/home/xinchen/Dev/SRTP/install/dynamixel_sdk/share/dynamixel_sdk/hook/cmake_prefix_path.sh'
[2.239s] Level 1:colcon.colcon_core.environment:checking '/home/xinchen/Dev/SRTP/install/dynamixel_sdk/lib'
[2.239s] Level 1:colcon.colcon_core.shell:create_environment_hook('dynamixel_sdk', 'ld_library_path_lib')
[2.244s] INFO:colcon.colcon_core.shell:Creating environment hook '/home/xinchen/Dev/SRTP/install/dynamixel_sdk/share/dynamixel_sdk/hook/ld_library_path_lib.ps1'
[2.245s] INFO:colcon.colcon_core.shell:Creating environment descriptor '/home/xinchen/Dev/SRTP/install/dynamixel_sdk/share/dynamixel_sdk/hook/ld_library_path_lib.dsv'
[2.246s] INFO:colcon.colcon_core.shell:Creating environment hook '/home/xinchen/Dev/SRTP/install/dynamixel_sdk/share/dynamixel_sdk/hook/ld_library_path_lib.sh'
[2.247s] Level 1:colcon.colcon_core.environment:checking '/home/xinchen/Dev/SRTP/install/dynamixel_sdk/bin'
[2.247s] Level 1:colcon.colcon_core.environment:checking '/home/xinchen/Dev/SRTP/install/dynamixel_sdk/lib/pkgconfig/dynamixel_sdk.pc'
[2.248s] Level 1:colcon.colcon_core.environment:checking '/home/xinchen/Dev/SRTP/install/dynamixel_sdk/lib/python3.8/site-packages'
[2.248s] Level 1:colcon.colcon_core.environment:checking '/home/xinchen/Dev/SRTP/install/dynamixel_sdk/bin'
[2.253s] INFO:colcon.colcon_core.shell:Creating package script '/home/xinchen/Dev/SRTP/install/dynamixel_sdk/share/dynamixel_sdk/package.ps1'
[2.255s] INFO:colcon.colcon_core.shell:Creating package descriptor '/home/xinchen/Dev/SRTP/install/dynamixel_sdk/share/dynamixel_sdk/package.dsv'
[2.256s] INFO:colcon.colcon_core.shell:Creating package script '/home/xinchen/Dev/SRTP/install/dynamixel_sdk/share/dynamixel_sdk/package.sh'
[2.257s] INFO:colcon.colcon_core.shell:Creating package script '/home/xinchen/Dev/SRTP/install/dynamixel_sdk/share/dynamixel_sdk/package.bash'
[2.257s] INFO:colcon.colcon_core.shell:Creating package script '/home/xinchen/Dev/SRTP/install/dynamixel_sdk/share/dynamixel_sdk/package.zsh'
[2.258s] Level 1:colcon.colcon_core.environment:create_file_with_runtime_dependencies(/home/xinchen/Dev/SRTP/install/dynamixel_sdk/share/colcon-core/packages/dynamixel_sdk)
[2.267s] DEBUG:colcon.colcon_core.event_handler.log_command:Invoked command in '/home/xinchen/Dev/SRTP/build/dynamixel_sdk_custom_interfaces' returned '0': CMAKE_PREFIX_PATH=/opt/ros/foxy /usr/bin/cmake --build /home/xinchen/Dev/SRTP/build/dynamixel_sdk_custom_interfaces -- -j6 -l6
[2.353s] DEBUG:colcon.colcon_core.event_handler.log_command:Invoked command in '/home/xinchen/Dev/SRTP/build/motor_controller' returned '2': CMAKE_PREFIX_PATH=/opt/ros/foxy /usr/bin/cmake --build /home/xinchen/Dev/SRTP/build/motor_controller -- -j6 -l6
[2.397s] DEBUG:colcon.colcon_core.event_handler.log_command:Invoking command in '/home/xinchen/Dev/SRTP/build/dynamixel_sdk_custom_interfaces': CMAKE_PREFIX_PATH=/opt/ros/foxy /usr/bin/cmake --install /home/xinchen/Dev/SRTP/build/dynamixel_sdk_custom_interfaces
[2.408s] Level 1:colcon.colcon_core.environment:create_environment_scripts_only(motor_controller)
[2.415s] Level 1:colcon.colcon_core.environment:checking '/home/xinchen/Dev/SRTP/install/motor_controller' for CMake module files
[2.417s] Level 1:colcon.colcon_core.environment:checking '/home/xinchen/Dev/SRTP/install/motor_controller' for CMake config files
[2.418s] Level 1:colcon.colcon_core.shell:create_environment_hook('motor_controller', 'cmake_prefix_path')
[2.423s] INFO:colcon.colcon_core.shell:Creating environment hook '/home/xinchen/Dev/SRTP/install/motor_controller/share/motor_controller/hook/cmake_prefix_path.ps1'
[2.426s] INFO:colcon.colcon_core.shell:Creating environment descriptor '/home/xinchen/Dev/SRTP/install/motor_controller/share/motor_controller/hook/cmake_prefix_path.dsv'
[2.428s] INFO:colcon.colcon_core.shell:Creating environment hook '/home/xinchen/Dev/SRTP/install/motor_controller/share/motor_controller/hook/cmake_prefix_path.sh'
[2.431s] Level 1:colcon.colcon_core.environment:checking '/home/xinchen/Dev/SRTP/install/motor_controller/bin'
[2.431s] Level 1:colcon.colcon_core.environment:checking '/home/xinchen/Dev/SRTP/install/motor_controller/lib/pkgconfig/motor_controller.pc'
[2.432s] Level 1:colcon.colcon_core.environment:checking '/home/xinchen/Dev/SRTP/install/motor_controller/lib/python3.8/site-packages'
[2.432s] Level 1:colcon.colcon_core.environment:checking '/home/xinchen/Dev/SRTP/install/motor_controller/bin'
[2.438s] INFO:colcon.colcon_core.shell:Creating package script '/home/xinchen/Dev/SRTP/install/motor_controller/share/motor_controller/package.ps1'
[2.440s] INFO:colcon.colcon_core.shell:Creating package descriptor '/home/xinchen/Dev/SRTP/install/motor_controller/share/motor_controller/package.dsv'
[2.442s] INFO:colcon.colcon_core.shell:Creating package script '/home/xinchen/Dev/SRTP/install/motor_controller/share/motor_controller/package.sh'
[2.443s] INFO:colcon.colcon_core.shell:Creating package script '/home/xinchen/Dev/SRTP/install/motor_controller/share/motor_controller/package.bash'
[2.445s] INFO:colcon.colcon_core.shell:Creating package script '/home/xinchen/Dev/SRTP/install/motor_controller/share/motor_controller/package.zsh'
[2.446s] Level 1:colcon.colcon_core.environment:create_file_with_runtime_dependencies(/home/xinchen/Dev/SRTP/install/motor_controller/share/colcon-core/packages/motor_controller)
[2.538s] DEBUG:colcon.colcon_parallel_executor.executor.parallel:closing loop
[2.539s] DEBUG:colcon.colcon_parallel_executor.executor.parallel:loop closed
[2.539s] DEBUG:colcon.colcon_parallel_executor.executor.parallel:run_until_complete finished with '2'
[2.539s] DEBUG:colcon.colcon_core.event_reactor:joining thread
[2.562s] INFO:colcon.colcon_core.plugin_system:Skipping extension 'colcon_notification.desktop_notification.terminal_notifier': Not used on non-Darwin systems
[2.562s] INFO:colcon.colcon_core.plugin_system:Skipping extension 'colcon_notification.desktop_notification.win32': Not used on non-Windows systems
[2.562s] INFO:colcon.colcon_notification.desktop_notification:Sending desktop notification using 'notify2'
[2.642s] DEBUG:colcon.colcon_core.event_reactor:joined thread
[2.648s] INFO:colcon.colcon_core.shell:Creating prefix script '/home/xinchen/Dev/SRTP/install/local_setup.ps1'
[2.650s] INFO:colcon.colcon_core.shell:Creating prefix util module '/home/xinchen/Dev/SRTP/install/_local_setup_util_ps1.py'
[2.653s] INFO:colcon.colcon_core.shell:Creating prefix chain script '/home/xinchen/Dev/SRTP/install/setup.ps1'
[2.658s] INFO:colcon.colcon_core.shell:Creating prefix script '/home/xinchen/Dev/SRTP/install/local_setup.sh'
[2.659s] INFO:colcon.colcon_core.shell:Creating prefix util module '/home/xinchen/Dev/SRTP/install/_local_setup_util_sh.py'
[2.660s] INFO:colcon.colcon_core.shell:Creating prefix chain script '/home/xinchen/Dev/SRTP/install/setup.sh'
[2.664s] INFO:colcon.colcon_core.shell:Creating prefix script '/home/xinchen/Dev/SRTP/install/local_setup.bash'
[2.665s] INFO:colcon.colcon_core.shell:Creating prefix chain script '/home/xinchen/Dev/SRTP/install/setup.bash'
[2.669s] INFO:colcon.colcon_core.shell:Creating prefix script '/home/xinchen/Dev/SRTP/install/local_setup.zsh'
[2.670s] INFO:colcon.colcon_core.shell:Creating prefix chain script '/home/xinchen/Dev/SRTP/install/setup.zsh'
