[0.970s] DEBUG:colcon:Command line arguments: ['/usr/bin/colcon', 'build', '--cmake-args', '-DCMAKE_EXPORT_COMPILE_COMMANDS=On']
[0.970s] DEBUG:colcon:Parsed command line arguments: Namespace(allow_overriding=[], ament_cmake_args=None, base_paths=['.'], build_base='build', catkin_cmake_args=None, catkin_skip_building_tests=False, cmake_args=['-DCMAKE_EXPORT_COMPILE_COMMANDS=On'], cmake_clean_cache=False, cmake_clean_first=False, cmake_force_configure=False, cmake_target=None, cmake_target_skip_unavailable=False, continue_on_error=False, event_handlers=None, executor='parallel', ignore_user_meta=False, install_base='install', log_base=None, log_level=None, main=<bound method BuildVerb.main of <colcon_core.verb.build.BuildVerb object at 0xffffb2a5a9d0>>, merge_install=False, metas=['./colcon.meta'], packages_above=None, packages_above_and_dependencies=None, packages_above_depth=None, packages_end=None, packages_ignore=None, packages_ignore_regex=None, packages_select=None, packages_select_build_failed=False, packages_select_by_dep=None, packages_select_regex=None, packages_select_test_failures=False, packages_skip=None, packages_skip_build_finished=False, packages_skip_by_dep=None, packages_skip_regex=None, packages_skip_test_passed=False, packages_skip_up_to=None, packages_start=None, packages_up_to=None, packages_up_to_regex=None, parallel_workers=6, paths=None, symlink_install=False, test_result_base=None, verb_extension=<colcon_core.verb.build.BuildVerb object at 0xffffb2a5a9d0>, verb_name='build', verb_parser=<colcon_defaults.argument_parser.defaults.DefaultArgumentsDecorator object at 0xffffb2a5af40>)
[1.076s] Level 1:colcon.colcon_core.package_discovery:discover_packages(colcon_meta) check parameters
[1.076s] Level 1:colcon.colcon_core.package_discovery:discover_packages(recursive) check parameters
[1.077s] Level 1:colcon.colcon_core.package_discovery:discover_packages(ignore) check parameters
[1.077s] Level 1:colcon.colcon_core.package_discovery:discover_packages(path) check parameters
[1.077s] Level 1:colcon.colcon_core.package_discovery:discover_packages(colcon_meta) discover
[1.078s] Level 1:colcon.colcon_core.package_discovery:discover_packages(recursive) discover
[1.078s] INFO:colcon.colcon_core.package_discovery:Crawling recursively for packages in '/home/xinchen/Dev/SRTP'
[1.078s] Level 1:colcon.colcon_core.package_identification:_identify(.) by extensions ['ignore', 'ignore_ament_install']
[1.079s] Level 1:colcon.colcon_core.package_identification:_identify(.) by extension 'ignore'
[1.079s] Level 1:colcon.colcon_core.package_identification:_identify(.) by extension 'ignore_ament_install'
[1.079s] Level 1:colcon.colcon_core.package_identification:_identify(.) by extensions ['colcon_pkg']
[1.080s] Level 1:colcon.colcon_core.package_identification:_identify(.) by extension 'colcon_pkg'
[1.080s] Level 1:colcon.colcon_core.package_identification:_identify(.) by extensions ['colcon_meta']
[1.080s] Level 1:colcon.colcon_core.package_identification:_identify(.) by extension 'colcon_meta'
[1.080s] Level 1:colcon.colcon_core.package_identification:_identify(.) by extensions ['ros']
[1.081s] Level 1:colcon.colcon_core.package_identification:_identify(.) by extension 'ros'
[1.105s] Level 1:colcon.colcon_core.package_identification:_identify(.) by extensions ['cmake', 'python']
[1.106s] Level 1:colcon.colcon_core.package_identification:_identify(.) by extension 'cmake'
[1.106s] Level 1:colcon.colcon_core.package_identification:_identify(.) by extension 'python'
[1.106s] Level 1:colcon.colcon_core.package_identification:_identify(.) by extensions ['python_setup_py']
[1.106s] Level 1:colcon.colcon_core.package_identification:_identify(.) by extension 'python_setup_py'
[1.106s] Level 1:colcon.colcon_core.package_identification:_identify(build) by extensions ['ignore', 'ignore_ament_install']
[1.107s] Level 1:colcon.colcon_core.package_identification:_identify(build) by extension 'ignore'
[1.107s] Level 1:colcon.colcon_core.package_identification:_identify(build) ignored
[1.107s] Level 1:colcon.colcon_core.package_identification:_identify(install) by extensions ['ignore', 'ignore_ament_install']
[1.107s] Level 1:colcon.colcon_core.package_identification:_identify(install) by extension 'ignore'
[1.107s] Level 1:colcon.colcon_core.package_identification:_identify(install) ignored
[1.108s] Level 1:colcon.colcon_core.package_identification:_identify(log) by extensions ['ignore', 'ignore_ament_install']
[1.108s] Level 1:colcon.colcon_core.package_identification:_identify(log) by extension 'ignore'
[1.108s] Level 1:colcon.colcon_core.package_identification:_identify(log) ignored
[1.108s] Level 1:colcon.colcon_core.package_identification:_identify(src) by extensions ['ignore', 'ignore_ament_install']
[1.108s] Level 1:colcon.colcon_core.package_identification:_identify(src) by extension 'ignore'
[1.109s] Level 1:colcon.colcon_core.package_identification:_identify(src) by extension 'ignore_ament_install'
[1.109s] Level 1:colcon.colcon_core.package_identification:_identify(src) by extensions ['colcon_pkg']
[1.109s] Level 1:colcon.colcon_core.package_identification:_identify(src) by extension 'colcon_pkg'
[1.109s] Level 1:colcon.colcon_core.package_identification:_identify(src) by extensions ['colcon_meta']
[1.109s] Level 1:colcon.colcon_core.package_identification:_identify(src) by extension 'colcon_meta'
[1.109s] Level 1:colcon.colcon_core.package_identification:_identify(src) by extensions ['ros']
[1.109s] Level 1:colcon.colcon_core.package_identification:_identify(src) by extension 'ros'
[1.109s] Level 1:colcon.colcon_core.package_identification:_identify(src) by extensions ['cmake', 'python']
[1.110s] Level 1:colcon.colcon_core.package_identification:_identify(src) by extension 'cmake'
[1.110s] Level 1:colcon.colcon_core.package_identification:_identify(src) by extension 'python'
[1.110s] Level 1:colcon.colcon_core.package_identification:_identify(src) by extensions ['python_setup_py']
[1.110s] Level 1:colcon.colcon_core.package_identification:_identify(src) by extension 'python_setup_py'
[1.110s] Level 1:colcon.colcon_core.package_identification:_identify(src/DynamixelSDK) by extensions ['ignore', 'ignore_ament_install']
[1.110s] Level 1:colcon.colcon_core.package_identification:_identify(src/DynamixelSDK) by extension 'ignore'
[1.110s] Level 1:colcon.colcon_core.package_identification:_identify(src/DynamixelSDK) by extension 'ignore_ament_install'
[1.111s] Level 1:colcon.colcon_core.package_identification:_identify(src/DynamixelSDK) by extensions ['colcon_pkg']
[1.111s] Level 1:colcon.colcon_core.package_identification:_identify(src/DynamixelSDK) by extension 'colcon_pkg'
[1.111s] Level 1:colcon.colcon_core.package_identification:_identify(src/DynamixelSDK) by extensions ['colcon_meta']
[1.111s] Level 1:colcon.colcon_core.package_identification:_identify(src/DynamixelSDK) by extension 'colcon_meta'
[1.111s] Level 1:colcon.colcon_core.package_identification:_identify(src/DynamixelSDK) by extensions ['ros']
[1.111s] Level 1:colcon.colcon_core.package_identification:_identify(src/DynamixelSDK) by extension 'ros'
[1.111s] Level 1:colcon.colcon_core.package_identification:_identify(src/DynamixelSDK) by extensions ['cmake', 'python']
[1.111s] Level 1:colcon.colcon_core.package_identification:_identify(src/DynamixelSDK) by extension 'cmake'
[1.111s] Level 1:colcon.colcon_core.package_identification:_identify(src/DynamixelSDK) by extension 'python'
[1.112s] Level 1:colcon.colcon_core.package_identification:_identify(src/DynamixelSDK) by extensions ['python_setup_py']
[1.112s] Level 1:colcon.colcon_core.package_identification:_identify(src/DynamixelSDK) by extension 'python_setup_py'
[1.112s] Level 1:colcon.colcon_core.package_identification:_identify(src/DynamixelSDK/dynamixel_sdk) by extensions ['ignore', 'ignore_ament_install']
[1.112s] Level 1:colcon.colcon_core.package_identification:_identify(src/DynamixelSDK/dynamixel_sdk) by extension 'ignore'
[1.112s] Level 1:colcon.colcon_core.package_identification:_identify(src/DynamixelSDK/dynamixel_sdk) by extension 'ignore_ament_install'
[1.112s] Level 1:colcon.colcon_core.package_identification:_identify(src/DynamixelSDK/dynamixel_sdk) by extensions ['colcon_pkg']
[1.112s] Level 1:colcon.colcon_core.package_identification:_identify(src/DynamixelSDK/dynamixel_sdk) by extension 'colcon_pkg'
[1.113s] Level 1:colcon.colcon_core.package_identification:_identify(src/DynamixelSDK/dynamixel_sdk) by extensions ['colcon_meta']
[1.113s] Level 1:colcon.colcon_core.package_identification:_identify(src/DynamixelSDK/dynamixel_sdk) by extension 'colcon_meta'
[1.113s] Level 1:colcon.colcon_core.package_identification:_identify(src/DynamixelSDK/dynamixel_sdk) by extensions ['ros']
[1.113s] Level 1:colcon.colcon_core.package_identification:_identify(src/DynamixelSDK/dynamixel_sdk) by extension 'ros'
[1.119s] DEBUG:colcon.colcon_core.package_identification:Package 'src/DynamixelSDK/dynamixel_sdk' with type 'ros.ament_cmake' and name 'dynamixel_sdk'
[1.119s] Level 1:colcon.colcon_core.package_identification:_identify(src/DynamixelSDK/dynamixel_sdk_custom_interfaces) by extensions ['ignore', 'ignore_ament_install']
[1.120s] Level 1:colcon.colcon_core.package_identification:_identify(src/DynamixelSDK/dynamixel_sdk_custom_interfaces) by extension 'ignore'
[1.120s] Level 1:colcon.colcon_core.package_identification:_identify(src/DynamixelSDK/dynamixel_sdk_custom_interfaces) by extension 'ignore_ament_install'
[1.120s] Level 1:colcon.colcon_core.package_identification:_identify(src/DynamixelSDK/dynamixel_sdk_custom_interfaces) by extensions ['colcon_pkg']
[1.120s] Level 1:colcon.colcon_core.package_identification:_identify(src/DynamixelSDK/dynamixel_sdk_custom_interfaces) by extension 'colcon_pkg'
[1.120s] Level 1:colcon.colcon_core.package_identification:_identify(src/DynamixelSDK/dynamixel_sdk_custom_interfaces) by extensions ['colcon_meta']
[1.120s] Level 1:colcon.colcon_core.package_identification:_identify(src/DynamixelSDK/dynamixel_sdk_custom_interfaces) by extension 'colcon_meta'
[1.120s] Level 1:colcon.colcon_core.package_identification:_identify(src/DynamixelSDK/dynamixel_sdk_custom_interfaces) by extensions ['ros']
[1.121s] Level 1:colcon.colcon_core.package_identification:_identify(src/DynamixelSDK/dynamixel_sdk_custom_interfaces) by extension 'ros'
[1.122s] DEBUG:colcon.colcon_core.package_identification:Package 'src/DynamixelSDK/dynamixel_sdk_custom_interfaces' with type 'ros.ament_cmake' and name 'dynamixel_sdk_custom_interfaces'
[1.122s] Level 1:colcon.colcon_core.package_identification:_identify(src/DynamixelSDK/dynamixel_sdk_examples) by extensions ['ignore', 'ignore_ament_install']
[1.122s] Level 1:colcon.colcon_core.package_identification:_identify(src/DynamixelSDK/dynamixel_sdk_examples) by extension 'ignore'
[1.123s] Level 1:colcon.colcon_core.package_identification:_identify(src/DynamixelSDK/dynamixel_sdk_examples) by extension 'ignore_ament_install'
[1.123s] Level 1:colcon.colcon_core.package_identification:_identify(src/DynamixelSDK/dynamixel_sdk_examples) by extensions ['colcon_pkg']
[1.123s] Level 1:colcon.colcon_core.package_identification:_identify(src/DynamixelSDK/dynamixel_sdk_examples) by extension 'colcon_pkg'
[1.123s] Level 1:colcon.colcon_core.package_identification:_identify(src/DynamixelSDK/dynamixel_sdk_examples) by extensions ['colcon_meta']
[1.123s] Level 1:colcon.colcon_core.package_identification:_identify(src/DynamixelSDK/dynamixel_sdk_examples) by extension 'colcon_meta'
[1.123s] Level 1:colcon.colcon_core.package_identification:_identify(src/DynamixelSDK/dynamixel_sdk_examples) by extensions ['ros']
[1.123s] Level 1:colcon.colcon_core.package_identification:_identify(src/DynamixelSDK/dynamixel_sdk_examples) by extension 'ros'
[1.125s] DEBUG:colcon.colcon_core.package_identification:Package 'src/DynamixelSDK/dynamixel_sdk_examples' with type 'ros.ament_cmake' and name 'dynamixel_sdk_examples'
[1.125s] Level 1:colcon.colcon_core.package_identification:_identify(src/custom_interface) by extensions ['ignore', 'ignore_ament_install']
[1.125s] Level 1:colcon.colcon_core.package_identification:_identify(src/custom_interface) by extension 'ignore'
[1.126s] Level 1:colcon.colcon_core.package_identification:_identify(src/custom_interface) by extension 'ignore_ament_install'
[1.126s] Level 1:colcon.colcon_core.package_identification:_identify(src/custom_interface) by extensions ['colcon_pkg']
[1.126s] Level 1:colcon.colcon_core.package_identification:_identify(src/custom_interface) by extension 'colcon_pkg'
[1.126s] Level 1:colcon.colcon_core.package_identification:_identify(src/custom_interface) by extensions ['colcon_meta']
[1.126s] Level 1:colcon.colcon_core.package_identification:_identify(src/custom_interface) by extension 'colcon_meta'
[1.126s] Level 1:colcon.colcon_core.package_identification:_identify(src/custom_interface) by extensions ['ros']
[1.126s] Level 1:colcon.colcon_core.package_identification:_identify(src/custom_interface) by extension 'ros'
[1.127s] DEBUG:colcon.colcon_core.package_identification:Package 'src/custom_interface' with type 'ros.ament_cmake' and name 'custom_interface'
[1.128s] Level 1:colcon.colcon_core.package_identification:_identify(src/dynamixel-workbench) by extensions ['ignore', 'ignore_ament_install']
[1.128s] Level 1:colcon.colcon_core.package_identification:_identify(src/dynamixel-workbench) by extension 'ignore'
[1.128s] Level 1:colcon.colcon_core.package_identification:_identify(src/dynamixel-workbench) by extension 'ignore_ament_install'
[1.128s] Level 1:colcon.colcon_core.package_identification:_identify(src/dynamixel-workbench) by extensions ['colcon_pkg']
[1.128s] Level 1:colcon.colcon_core.package_identification:_identify(src/dynamixel-workbench) by extension 'colcon_pkg'
[1.128s] Level 1:colcon.colcon_core.package_identification:_identify(src/dynamixel-workbench) by extensions ['colcon_meta']
[1.128s] Level 1:colcon.colcon_core.package_identification:_identify(src/dynamixel-workbench) by extension 'colcon_meta'
[1.129s] Level 1:colcon.colcon_core.package_identification:_identify(src/dynamixel-workbench) by extensions ['ros']
[1.129s] Level 1:colcon.colcon_core.package_identification:_identify(src/dynamixel-workbench) by extension 'ros'
[1.129s] Level 1:colcon.colcon_core.package_identification:_identify(src/dynamixel-workbench) by extensions ['cmake', 'python']
[1.129s] Level 1:colcon.colcon_core.package_identification:_identify(src/dynamixel-workbench) by extension 'cmake'
[1.129s] Level 1:colcon.colcon_core.package_identification:_identify(src/dynamixel-workbench) by extension 'python'
[1.129s] Level 1:colcon.colcon_core.package_identification:_identify(src/dynamixel-workbench) by extensions ['python_setup_py']
[1.129s] Level 1:colcon.colcon_core.package_identification:_identify(src/dynamixel-workbench) by extension 'python_setup_py'
[1.130s] Level 1:colcon.colcon_core.package_identification:_identify(src/dynamixel-workbench/dynamixel_workbench) by extensions ['ignore', 'ignore_ament_install']
[1.130s] Level 1:colcon.colcon_core.package_identification:_identify(src/dynamixel-workbench/dynamixel_workbench) by extension 'ignore'
[1.130s] Level 1:colcon.colcon_core.package_identification:_identify(src/dynamixel-workbench/dynamixel_workbench) by extension 'ignore_ament_install'
[1.130s] Level 1:colcon.colcon_core.package_identification:_identify(src/dynamixel-workbench/dynamixel_workbench) by extensions ['colcon_pkg']
[1.130s] Level 1:colcon.colcon_core.package_identification:_identify(src/dynamixel-workbench/dynamixel_workbench) by extension 'colcon_pkg'
[1.130s] Level 1:colcon.colcon_core.package_identification:_identify(src/dynamixel-workbench/dynamixel_workbench) by extensions ['colcon_meta']
[1.130s] Level 1:colcon.colcon_core.package_identification:_identify(src/dynamixel-workbench/dynamixel_workbench) by extension 'colcon_meta'
[1.130s] Level 1:colcon.colcon_core.package_identification:_identify(src/dynamixel-workbench/dynamixel_workbench) by extensions ['ros']
[1.131s] Level 1:colcon.colcon_core.package_identification:_identify(src/dynamixel-workbench/dynamixel_workbench) by extension 'ros'
[1.132s] DEBUG:colcon.colcon_core.package_identification:Package 'src/dynamixel-workbench/dynamixel_workbench' with type 'ros.ament_cmake' and name 'dynamixel_workbench'
[1.132s] Level 1:colcon.colcon_core.package_identification:_identify(src/dynamixel-workbench/dynamixel_workbench_toolbox) by extensions ['ignore', 'ignore_ament_install']
[1.133s] Level 1:colcon.colcon_core.package_identification:_identify(src/dynamixel-workbench/dynamixel_workbench_toolbox) by extension 'ignore'
[1.133s] Level 1:colcon.colcon_core.package_identification:_identify(src/dynamixel-workbench/dynamixel_workbench_toolbox) by extension 'ignore_ament_install'
[1.133s] Level 1:colcon.colcon_core.package_identification:_identify(src/dynamixel-workbench/dynamixel_workbench_toolbox) by extensions ['colcon_pkg']
[1.133s] Level 1:colcon.colcon_core.package_identification:_identify(src/dynamixel-workbench/dynamixel_workbench_toolbox) by extension 'colcon_pkg'
[1.133s] Level 1:colcon.colcon_core.package_identification:_identify(src/dynamixel-workbench/dynamixel_workbench_toolbox) by extensions ['colcon_meta']
[1.133s] Level 1:colcon.colcon_core.package_identification:_identify(src/dynamixel-workbench/dynamixel_workbench_toolbox) by extension 'colcon_meta'
[1.133s] Level 1:colcon.colcon_core.package_identification:_identify(src/dynamixel-workbench/dynamixel_workbench_toolbox) by extensions ['ros']
[1.133s] Level 1:colcon.colcon_core.package_identification:_identify(src/dynamixel-workbench/dynamixel_workbench_toolbox) by extension 'ros'
[1.135s] DEBUG:colcon.colcon_core.package_identification:Package 'src/dynamixel-workbench/dynamixel_workbench_toolbox' with type 'ros.ament_cmake' and name 'dynamixel_workbench_toolbox'
[1.135s] Level 1:colcon.colcon_core.package_identification:_identify(src/motor_controller) by extensions ['ignore', 'ignore_ament_install']
[1.135s] Level 1:colcon.colcon_core.package_identification:_identify(src/motor_controller) by extension 'ignore'
[1.135s] Level 1:colcon.colcon_core.package_identification:_identify(src/motor_controller) by extension 'ignore_ament_install'
[1.136s] Level 1:colcon.colcon_core.package_identification:_identify(src/motor_controller) by extensions ['colcon_pkg']
[1.136s] Level 1:colcon.colcon_core.package_identification:_identify(src/motor_controller) by extension 'colcon_pkg'
[1.136s] Level 1:colcon.colcon_core.package_identification:_identify(src/motor_controller) by extensions ['colcon_meta']
[1.136s] Level 1:colcon.colcon_core.package_identification:_identify(src/motor_controller) by extension 'colcon_meta'
[1.136s] Level 1:colcon.colcon_core.package_identification:_identify(src/motor_controller) by extensions ['ros']
[1.136s] Level 1:colcon.colcon_core.package_identification:_identify(src/motor_controller) by extension 'ros'
[1.139s] DEBUG:colcon.colcon_core.package_identification:Package 'src/motor_controller' with type 'ros.ament_cmake' and name 'motor_controller'
[1.140s] Level 1:colcon.colcon_core.package_discovery:discover_packages(recursive) using defaults
[1.140s] Level 1:colcon.colcon_core.package_discovery:discover_packages(ignore) discover
[1.140s] Level 1:colcon.colcon_core.package_discovery:discover_packages(ignore) using defaults
[1.140s] Level 1:colcon.colcon_core.package_discovery:discover_packages(path) discover
[1.140s] Level 1:colcon.colcon_core.package_discovery:discover_packages(path) using defaults
[1.195s] Level 1:colcon.colcon_core.package_discovery:discover_packages(prefix_path) check parameters
[1.196s] Level 1:colcon.colcon_core.package_discovery:discover_packages(prefix_path) discover
[1.205s] DEBUG:colcon.colcon_installed_package_information.package_discovery:Found 308 installed packages in /opt/ros/foxy
[1.209s] Level 1:colcon.colcon_core.package_discovery:discover_packages(prefix_path) using defaults
[1.379s] Level 5:colcon.colcon_core.verb:set package 'custom_interface' build argument 'cmake_args' from command line to '['-DCMAKE_EXPORT_COMPILE_COMMANDS=On']'
[1.379s] Level 5:colcon.colcon_core.verb:set package 'custom_interface' build argument 'cmake_target' from command line to 'None'
[1.379s] Level 5:colcon.colcon_core.verb:set package 'custom_interface' build argument 'cmake_target_skip_unavailable' from command line to 'False'
[1.379s] Level 5:colcon.colcon_core.verb:set package 'custom_interface' build argument 'cmake_clean_cache' from command line to 'False'
[1.380s] Level 5:colcon.colcon_core.verb:set package 'custom_interface' build argument 'cmake_clean_first' from command line to 'False'
[1.380s] Level 5:colcon.colcon_core.verb:set package 'custom_interface' build argument 'cmake_force_configure' from command line to 'False'
[1.380s] Level 5:colcon.colcon_core.verb:set package 'custom_interface' build argument 'ament_cmake_args' from command line to 'None'
[1.380s] Level 5:colcon.colcon_core.verb:set package 'custom_interface' build argument 'catkin_cmake_args' from command line to 'None'
[1.380s] Level 5:colcon.colcon_core.verb:set package 'custom_interface' build argument 'catkin_skip_building_tests' from command line to 'False'
[1.380s] DEBUG:colcon.colcon_core.verb:Building package 'custom_interface' with the following arguments: {'ament_cmake_args': None, 'build_base': '/home/xinchen/Dev/SRTP/build/custom_interface', 'catkin_cmake_args': None, 'catkin_skip_building_tests': False, 'cmake_args': ['-DCMAKE_EXPORT_COMPILE_COMMANDS=On'], 'cmake_clean_cache': False, 'cmake_clean_first': False, 'cmake_force_configure': False, 'cmake_target': None, 'cmake_target_skip_unavailable': False, 'install_base': '/home/xinchen/Dev/SRTP/install/custom_interface', 'merge_install': False, 'path': '/home/xinchen/Dev/SRTP/src/custom_interface', 'symlink_install': False, 'test_result_base': None}
[1.383s] Level 5:colcon.colcon_core.verb:set package 'dynamixel_sdk' build argument 'cmake_args' from command line to '['-DCMAKE_EXPORT_COMPILE_COMMANDS=On']'
[1.383s] Level 5:colcon.colcon_core.verb:set package 'dynamixel_sdk' build argument 'cmake_target' from command line to 'None'
[1.383s] Level 5:colcon.colcon_core.verb:set package 'dynamixel_sdk' build argument 'cmake_target_skip_unavailable' from command line to 'False'
[1.383s] Level 5:colcon.colcon_core.verb:set package 'dynamixel_sdk' build argument 'cmake_clean_cache' from command line to 'False'
[1.383s] Level 5:colcon.colcon_core.verb:set package 'dynamixel_sdk' build argument 'cmake_clean_first' from command line to 'False'
[1.383s] Level 5:colcon.colcon_core.verb:set package 'dynamixel_sdk' build argument 'cmake_force_configure' from command line to 'False'
[1.383s] Level 5:colcon.colcon_core.verb:set package 'dynamixel_sdk' build argument 'ament_cmake_args' from command line to 'None'
[1.384s] Level 5:colcon.colcon_core.verb:set package 'dynamixel_sdk' build argument 'catkin_cmake_args' from command line to 'None'
[1.384s] Level 5:colcon.colcon_core.verb:set package 'dynamixel_sdk' build argument 'catkin_skip_building_tests' from command line to 'False'
[1.384s] DEBUG:colcon.colcon_core.verb:Building package 'dynamixel_sdk' with the following arguments: {'ament_cmake_args': None, 'build_base': '/home/xinchen/Dev/SRTP/build/dynamixel_sdk', 'catkin_cmake_args': None, 'catkin_skip_building_tests': False, 'cmake_args': ['-DCMAKE_EXPORT_COMPILE_COMMANDS=On'], 'cmake_clean_cache': False, 'cmake_clean_first': False, 'cmake_force_configure': False, 'cmake_target': None, 'cmake_target_skip_unavailable': False, 'install_base': '/home/xinchen/Dev/SRTP/install/dynamixel_sdk', 'merge_install': False, 'path': '/home/xinchen/Dev/SRTP/src/DynamixelSDK/dynamixel_sdk', 'symlink_install': False, 'test_result_base': None}
[1.387s] Level 5:colcon.colcon_core.verb:set package 'dynamixel_sdk_custom_interfaces' build argument 'cmake_args' from command line to '['-DCMAKE_EXPORT_COMPILE_COMMANDS=On']'
[1.387s] Level 5:colcon.colcon_core.verb:set package 'dynamixel_sdk_custom_interfaces' build argument 'cmake_target' from command line to 'None'
[1.387s] Level 5:colcon.colcon_core.verb:set package 'dynamixel_sdk_custom_interfaces' build argument 'cmake_target_skip_unavailable' from command line to 'False'
[1.387s] Level 5:colcon.colcon_core.verb:set package 'dynamixel_sdk_custom_interfaces' build argument 'cmake_clean_cache' from command line to 'False'
[1.387s] Level 5:colcon.colcon_core.verb:set package 'dynamixel_sdk_custom_interfaces' build argument 'cmake_clean_first' from command line to 'False'
[1.387s] Level 5:colcon.colcon_core.verb:set package 'dynamixel_sdk_custom_interfaces' build argument 'cmake_force_configure' from command line to 'False'
[1.387s] Level 5:colcon.colcon_core.verb:set package 'dynamixel_sdk_custom_interfaces' build argument 'ament_cmake_args' from command line to 'None'
[1.387s] Level 5:colcon.colcon_core.verb:set package 'dynamixel_sdk_custom_interfaces' build argument 'catkin_cmake_args' from command line to 'None'
[1.387s] Level 5:colcon.colcon_core.verb:set package 'dynamixel_sdk_custom_interfaces' build argument 'catkin_skip_building_tests' from command line to 'False'
[1.387s] DEBUG:colcon.colcon_core.verb:Building package 'dynamixel_sdk_custom_interfaces' with the following arguments: {'ament_cmake_args': None, 'build_base': '/home/xinchen/Dev/SRTP/build/dynamixel_sdk_custom_interfaces', 'catkin_cmake_args': None, 'catkin_skip_building_tests': False, 'cmake_args': ['-DCMAKE_EXPORT_COMPILE_COMMANDS=On'], 'cmake_clean_cache': False, 'cmake_clean_first': False, 'cmake_force_configure': False, 'cmake_target': None, 'cmake_target_skip_unavailable': False, 'install_base': '/home/xinchen/Dev/SRTP/install/dynamixel_sdk_custom_interfaces', 'merge_install': False, 'path': '/home/xinchen/Dev/SRTP/src/DynamixelSDK/dynamixel_sdk_custom_interfaces', 'symlink_install': False, 'test_result_base': None}
[1.390s] Level 5:colcon.colcon_core.verb:set package 'dynamixel_sdk_examples' build argument 'cmake_args' from command line to '['-DCMAKE_EXPORT_COMPILE_COMMANDS=On']'
[1.390s] Level 5:colcon.colcon_core.verb:set package 'dynamixel_sdk_examples' build argument 'cmake_target' from command line to 'None'
[1.391s] Level 5:colcon.colcon_core.verb:set package 'dynamixel_sdk_examples' build argument 'cmake_target_skip_unavailable' from command line to 'False'
[1.391s] Level 5:colcon.colcon_core.verb:set package 'dynamixel_sdk_examples' build argument 'cmake_clean_cache' from command line to 'False'
[1.391s] Level 5:colcon.colcon_core.verb:set package 'dynamixel_sdk_examples' build argument 'cmake_clean_first' from command line to 'False'
[1.391s] Level 5:colcon.colcon_core.verb:set package 'dynamixel_sdk_examples' build argument 'cmake_force_configure' from command line to 'False'
[1.391s] Level 5:colcon.colcon_core.verb:set package 'dynamixel_sdk_examples' build argument 'ament_cmake_args' from command line to 'None'
[1.391s] Level 5:colcon.colcon_core.verb:set package 'dynamixel_sdk_examples' build argument 'catkin_cmake_args' from command line to 'None'
[1.391s] Level 5:colcon.colcon_core.verb:set package 'dynamixel_sdk_examples' build argument 'catkin_skip_building_tests' from command line to 'False'
[1.391s] DEBUG:colcon.colcon_core.verb:Building package 'dynamixel_sdk_examples' with the following arguments: {'ament_cmake_args': None, 'build_base': '/home/xinchen/Dev/SRTP/build/dynamixel_sdk_examples', 'catkin_cmake_args': None, 'catkin_skip_building_tests': False, 'cmake_args': ['-DCMAKE_EXPORT_COMPILE_COMMANDS=On'], 'cmake_clean_cache': False, 'cmake_clean_first': False, 'cmake_force_configure': False, 'cmake_target': None, 'cmake_target_skip_unavailable': False, 'install_base': '/home/xinchen/Dev/SRTP/install/dynamixel_sdk_examples', 'merge_install': False, 'path': '/home/xinchen/Dev/SRTP/src/DynamixelSDK/dynamixel_sdk_examples', 'symlink_install': False, 'test_result_base': None}
[1.394s] Level 5:colcon.colcon_core.verb:set package 'dynamixel_workbench_toolbox' build argument 'cmake_args' from command line to '['-DCMAKE_EXPORT_COMPILE_COMMANDS=On']'
[1.394s] Level 5:colcon.colcon_core.verb:set package 'dynamixel_workbench_toolbox' build argument 'cmake_target' from command line to 'None'
[1.394s] Level 5:colcon.colcon_core.verb:set package 'dynamixel_workbench_toolbox' build argument 'cmake_target_skip_unavailable' from command line to 'False'
[1.394s] Level 5:colcon.colcon_core.verb:set package 'dynamixel_workbench_toolbox' build argument 'cmake_clean_cache' from command line to 'False'
[1.394s] Level 5:colcon.colcon_core.verb:set package 'dynamixel_workbench_toolbox' build argument 'cmake_clean_first' from command line to 'False'
[1.394s] Level 5:colcon.colcon_core.verb:set package 'dynamixel_workbench_toolbox' build argument 'cmake_force_configure' from command line to 'False'
[1.394s] Level 5:colcon.colcon_core.verb:set package 'dynamixel_workbench_toolbox' build argument 'ament_cmake_args' from command line to 'None'
[1.394s] Level 5:colcon.colcon_core.verb:set package 'dynamixel_workbench_toolbox' build argument 'catkin_cmake_args' from command line to 'None'
[1.394s] Level 5:colcon.colcon_core.verb:set package 'dynamixel_workbench_toolbox' build argument 'catkin_skip_building_tests' from command line to 'False'
[1.394s] DEBUG:colcon.colcon_core.verb:Building package 'dynamixel_workbench_toolbox' with the following arguments: {'ament_cmake_args': None, 'build_base': '/home/xinchen/Dev/SRTP/build/dynamixel_workbench_toolbox', 'catkin_cmake_args': None, 'catkin_skip_building_tests': False, 'cmake_args': ['-DCMAKE_EXPORT_COMPILE_COMMANDS=On'], 'cmake_clean_cache': False, 'cmake_clean_first': False, 'cmake_force_configure': False, 'cmake_target': None, 'cmake_target_skip_unavailable': False, 'install_base': '/home/xinchen/Dev/SRTP/install/dynamixel_workbench_toolbox', 'merge_install': False, 'path': '/home/xinchen/Dev/SRTP/src/dynamixel-workbench/dynamixel_workbench_toolbox', 'symlink_install': False, 'test_result_base': None}
[1.397s] Level 5:colcon.colcon_core.verb:set package 'dynamixel_workbench' build argument 'cmake_args' from command line to '['-DCMAKE_EXPORT_COMPILE_COMMANDS=On']'
[1.397s] Level 5:colcon.colcon_core.verb:set package 'dynamixel_workbench' build argument 'cmake_target' from command line to 'None'
[1.398s] Level 5:colcon.colcon_core.verb:set package 'dynamixel_workbench' build argument 'cmake_target_skip_unavailable' from command line to 'False'
[1.398s] Level 5:colcon.colcon_core.verb:set package 'dynamixel_workbench' build argument 'cmake_clean_cache' from command line to 'False'
[1.398s] Level 5:colcon.colcon_core.verb:set package 'dynamixel_workbench' build argument 'cmake_clean_first' from command line to 'False'
[1.398s] Level 5:colcon.colcon_core.verb:set package 'dynamixel_workbench' build argument 'cmake_force_configure' from command line to 'False'
[1.398s] Level 5:colcon.colcon_core.verb:set package 'dynamixel_workbench' build argument 'ament_cmake_args' from command line to 'None'
[1.398s] Level 5:colcon.colcon_core.verb:set package 'dynamixel_workbench' build argument 'catkin_cmake_args' from command line to 'None'
[1.398s] Level 5:colcon.colcon_core.verb:set package 'dynamixel_workbench' build argument 'catkin_skip_building_tests' from command line to 'False'
[1.398s] DEBUG:colcon.colcon_core.verb:Building package 'dynamixel_workbench' with the following arguments: {'ament_cmake_args': None, 'build_base': '/home/xinchen/Dev/SRTP/build/dynamixel_workbench', 'catkin_cmake_args': None, 'catkin_skip_building_tests': False, 'cmake_args': ['-DCMAKE_EXPORT_COMPILE_COMMANDS=On'], 'cmake_clean_cache': False, 'cmake_clean_first': False, 'cmake_force_configure': False, 'cmake_target': None, 'cmake_target_skip_unavailable': False, 'install_base': '/home/xinchen/Dev/SRTP/install/dynamixel_workbench', 'merge_install': False, 'path': '/home/xinchen/Dev/SRTP/src/dynamixel-workbench/dynamixel_workbench', 'symlink_install': False, 'test_result_base': None}
[1.401s] Level 5:colcon.colcon_core.verb:set package 'motor_controller' build argument 'cmake_args' from command line to '['-DCMAKE_EXPORT_COMPILE_COMMANDS=On']'
[1.401s] Level 5:colcon.colcon_core.verb:set package 'motor_controller' build argument 'cmake_target' from command line to 'None'
[1.401s] Level 5:colcon.colcon_core.verb:set package 'motor_controller' build argument 'cmake_target_skip_unavailable' from command line to 'False'
[1.401s] Level 5:colcon.colcon_core.verb:set package 'motor_controller' build argument 'cmake_clean_cache' from command line to 'False'
[1.401s] Level 5:colcon.colcon_core.verb:set package 'motor_controller' build argument 'cmake_clean_first' from command line to 'False'
[1.401s] Level 5:colcon.colcon_core.verb:set package 'motor_controller' build argument 'cmake_force_configure' from command line to 'False'
[1.401s] Level 5:colcon.colcon_core.verb:set package 'motor_controller' build argument 'ament_cmake_args' from command line to 'None'
[1.401s] Level 5:colcon.colcon_core.verb:set package 'motor_controller' build argument 'catkin_cmake_args' from command line to 'None'
[1.401s] Level 5:colcon.colcon_core.verb:set package 'motor_controller' build argument 'catkin_skip_building_tests' from command line to 'False'
[1.402s] DEBUG:colcon.colcon_core.verb:Building package 'motor_controller' with the following arguments: {'ament_cmake_args': None, 'build_base': '/home/xinchen/Dev/SRTP/build/motor_controller', 'catkin_cmake_args': None, 'catkin_skip_building_tests': False, 'cmake_args': ['-DCMAKE_EXPORT_COMPILE_COMMANDS=On'], 'cmake_clean_cache': False, 'cmake_clean_first': False, 'cmake_force_configure': False, 'cmake_target': None, 'cmake_target_skip_unavailable': False, 'install_base': '/home/xinchen/Dev/SRTP/install/motor_controller', 'merge_install': False, 'path': '/home/xinchen/Dev/SRTP/src/motor_controller', 'symlink_install': False, 'test_result_base': None}
[1.404s] INFO:colcon.colcon_core.executor:Executing jobs using 'parallel' executor
[1.416s] DEBUG:colcon.colcon_parallel_executor.executor.parallel:run_until_complete
[1.417s] INFO:colcon.colcon_ros.task.ament_cmake.build:Building ROS package in '/home/xinchen/Dev/SRTP/src/DynamixelSDK/dynamixel_sdk' with build type 'ament_cmake'
[1.418s] INFO:colcon.colcon_cmake.task.cmake.build:Building CMake package in '/home/xinchen/Dev/SRTP/src/DynamixelSDK/dynamixel_sdk'
[1.436s] INFO:colcon.colcon_core.plugin_system:Skipping extension 'colcon_core.shell.bat': Not used on non-Windows systems
[1.437s] INFO:colcon.colcon_core.shell:Skip shell extension 'powershell' for command environment: Not usable outside of PowerShell
[1.437s] DEBUG:colcon.colcon_core.shell:Skip shell extension 'dsv' for command environment
[1.466s] INFO:colcon.colcon_ros.task.ament_cmake.build:Building ROS package in '/home/xinchen/Dev/SRTP/src/custom_interface' with build type 'ament_cmake'
[1.468s] INFO:colcon.colcon_cmake.task.cmake.build:Building CMake package in '/home/xinchen/Dev/SRTP/src/custom_interface'
[1.475s] INFO:colcon.colcon_core.shell:Skip shell extension 'powershell' for command environment: Not usable outside of PowerShell
[1.475s] DEBUG:colcon.colcon_core.shell:Skip shell extension 'dsv' for command environment
[1.490s] INFO:colcon.colcon_ros.task.ament_cmake.build:Building ROS package in '/home/xinchen/Dev/SRTP/src/DynamixelSDK/dynamixel_sdk_custom_interfaces' with build type 'ament_cmake'
[1.491s] INFO:colcon.colcon_cmake.task.cmake.build:Building CMake package in '/home/xinchen/Dev/SRTP/src/DynamixelSDK/dynamixel_sdk_custom_interfaces'
[1.498s] INFO:colcon.colcon_core.shell:Skip shell extension 'powershell' for command environment: Not usable outside of PowerShell
[1.500s] DEBUG:colcon.colcon_core.shell:Skip shell extension 'dsv' for command environment
[1.540s] DEBUG:colcon.colcon_core.event_handler.log_command:Invoking command in '/home/xinchen/Dev/SRTP/build/dynamixel_sdk': CMAKE_PREFIX_PATH=/opt/ros/foxy /usr/bin/cmake --build /home/xinchen/Dev/SRTP/build/dynamixel_sdk -- -j6 -l6
[1.574s] DEBUG:colcon.colcon_core.event_handler.log_command:Invoking command in '/home/xinchen/Dev/SRTP/build/custom_interface': CMAKE_PREFIX_PATH=/opt/ros/foxy /usr/bin/cmake --build /home/xinchen/Dev/SRTP/build/custom_interface -- -j6 -l6
[1.589s] DEBUG:colcon.colcon_core.event_handler.log_command:Invoking command in '/home/xinchen/Dev/SRTP/build/dynamixel_sdk_custom_interfaces': CMAKE_PREFIX_PATH=/opt/ros/foxy /usr/bin/cmake --build /home/xinchen/Dev/SRTP/build/dynamixel_sdk_custom_interfaces -- -j6 -l6
[1.902s] DEBUG:colcon.colcon_core.event_handler.log_command:Invoked command in '/home/xinchen/Dev/SRTP/build/dynamixel_sdk' returned '0': CMAKE_PREFIX_PATH=/opt/ros/foxy /usr/bin/cmake --build /home/xinchen/Dev/SRTP/build/dynamixel_sdk -- -j6 -l6
[2.156s] DEBUG:colcon.colcon_core.event_handler.log_command:Invoking command in '/home/xinchen/Dev/SRTP/build/dynamixel_sdk': CMAKE_PREFIX_PATH=/opt/ros/foxy /usr/bin/cmake --install /home/xinchen/Dev/SRTP/build/dynamixel_sdk
[2.191s] Level 1:colcon.colcon_core.environment:create_environment_scripts_only(dynamixel_sdk)
[2.198s] DEBUG:colcon.colcon_core.event_handler.log_command:Invoked command in '/home/xinchen/Dev/SRTP/build/dynamixel_sdk' returned '0': CMAKE_PREFIX_PATH=/opt/ros/foxy /usr/bin/cmake --install /home/xinchen/Dev/SRTP/build/dynamixel_sdk
[2.213s] Level 1:colcon.colcon_core.environment:checking '/home/xinchen/Dev/SRTP/install/dynamixel_sdk' for CMake module files
[2.214s] Level 1:colcon.colcon_core.environment:checking '/home/xinchen/Dev/SRTP/install/dynamixel_sdk' for CMake config files
[2.215s] Level 1:colcon.colcon_core.shell:create_environment_hook('dynamixel_sdk', 'cmake_prefix_path')
[2.221s] INFO:colcon.colcon_core.shell:Creating environment hook '/home/xinchen/Dev/SRTP/install/dynamixel_sdk/share/dynamixel_sdk/hook/cmake_prefix_path.ps1'
[2.224s] INFO:colcon.colcon_core.shell:Creating environment descriptor '/home/xinchen/Dev/SRTP/install/dynamixel_sdk/share/dynamixel_sdk/hook/cmake_prefix_path.dsv'
[2.225s] INFO:colcon.colcon_core.shell:Creating environment hook '/home/xinchen/Dev/SRTP/install/dynamixel_sdk/share/dynamixel_sdk/hook/cmake_prefix_path.sh'
[2.228s] Level 1:colcon.colcon_core.environment:checking '/home/xinchen/Dev/SRTP/install/dynamixel_sdk/lib'
[2.229s] Level 1:colcon.colcon_core.shell:create_environment_hook('dynamixel_sdk', 'ld_library_path_lib')
[2.234s] INFO:colcon.colcon_core.shell:Creating environment hook '/home/xinchen/Dev/SRTP/install/dynamixel_sdk/share/dynamixel_sdk/hook/ld_library_path_lib.ps1'
[2.236s] INFO:colcon.colcon_core.shell:Creating environment descriptor '/home/xinchen/Dev/SRTP/install/dynamixel_sdk/share/dynamixel_sdk/hook/ld_library_path_lib.dsv'
[2.237s] INFO:colcon.colcon_core.shell:Creating environment hook '/home/xinchen/Dev/SRTP/install/dynamixel_sdk/share/dynamixel_sdk/hook/ld_library_path_lib.sh'
[2.238s] Level 1:colcon.colcon_core.environment:checking '/home/xinchen/Dev/SRTP/install/dynamixel_sdk/bin'
[2.238s] Level 1:colcon.colcon_core.environment:checking '/home/xinchen/Dev/SRTP/install/dynamixel_sdk/lib/pkgconfig/dynamixel_sdk.pc'
[2.238s] Level 1:colcon.colcon_core.environment:checking '/home/xinchen/Dev/SRTP/install/dynamixel_sdk/lib/python3.8/site-packages'
[2.239s] Level 1:colcon.colcon_core.environment:checking '/home/xinchen/Dev/SRTP/install/dynamixel_sdk/bin'
[2.245s] INFO:colcon.colcon_core.shell:Creating package script '/home/xinchen/Dev/SRTP/install/dynamixel_sdk/share/dynamixel_sdk/package.ps1'
[2.258s] INFO:colcon.colcon_core.shell:Creating package descriptor '/home/xinchen/Dev/SRTP/install/dynamixel_sdk/share/dynamixel_sdk/package.dsv'
[2.262s] INFO:colcon.colcon_core.shell:Creating package script '/home/xinchen/Dev/SRTP/install/dynamixel_sdk/share/dynamixel_sdk/package.sh'
[2.265s] INFO:colcon.colcon_core.shell:Creating package script '/home/xinchen/Dev/SRTP/install/dynamixel_sdk/share/dynamixel_sdk/package.bash'
[2.269s] INFO:colcon.colcon_core.shell:Creating package script '/home/xinchen/Dev/SRTP/install/dynamixel_sdk/share/dynamixel_sdk/package.zsh'
[2.272s] Level 1:colcon.colcon_core.environment:create_file_with_runtime_dependencies(/home/xinchen/Dev/SRTP/install/dynamixel_sdk/share/colcon-core/packages/dynamixel_sdk)
[2.380s] Level 1:colcon.colcon_core.environment:create_environment_scripts_only(dynamixel_sdk)
[2.399s] Level 1:colcon.colcon_core.environment:checking '/home/xinchen/Dev/SRTP/install/dynamixel_sdk' for CMake module files
[2.407s] Level 1:colcon.colcon_core.environment:checking '/home/xinchen/Dev/SRTP/install/dynamixel_sdk' for CMake config files
[2.409s] Level 1:colcon.colcon_core.shell:create_environment_hook('dynamixel_sdk', 'cmake_prefix_path')
[2.423s] INFO:colcon.colcon_core.shell:Creating environment hook '/home/xinchen/Dev/SRTP/install/dynamixel_sdk/share/dynamixel_sdk/hook/cmake_prefix_path.ps1'
[2.427s] INFO:colcon.colcon_core.shell:Creating environment descriptor '/home/xinchen/Dev/SRTP/install/dynamixel_sdk/share/dynamixel_sdk/hook/cmake_prefix_path.dsv'
[2.429s] INFO:colcon.colcon_core.shell:Creating environment hook '/home/xinchen/Dev/SRTP/install/dynamixel_sdk/share/dynamixel_sdk/hook/cmake_prefix_path.sh'
[2.435s] Level 1:colcon.colcon_core.environment:checking '/home/xinchen/Dev/SRTP/install/dynamixel_sdk/lib'
[2.436s] Level 1:colcon.colcon_core.shell:create_environment_hook('dynamixel_sdk', 'ld_library_path_lib')
[2.442s] INFO:colcon.colcon_core.shell:Creating environment hook '/home/xinchen/Dev/SRTP/install/dynamixel_sdk/share/dynamixel_sdk/hook/ld_library_path_lib.ps1'
[2.445s] INFO:colcon.colcon_core.shell:Creating environment descriptor '/home/xinchen/Dev/SRTP/install/dynamixel_sdk/share/dynamixel_sdk/hook/ld_library_path_lib.dsv'
[2.447s] INFO:colcon.colcon_core.shell:Creating environment hook '/home/xinchen/Dev/SRTP/install/dynamixel_sdk/share/dynamixel_sdk/hook/ld_library_path_lib.sh'
[2.451s] Level 1:colcon.colcon_core.environment:checking '/home/xinchen/Dev/SRTP/install/dynamixel_sdk/bin'
[2.452s] Level 1:colcon.colcon_core.environment:checking '/home/xinchen/Dev/SRTP/install/dynamixel_sdk/lib/pkgconfig/dynamixel_sdk.pc'
[2.457s] Level 1:colcon.colcon_core.environment:checking '/home/xinchen/Dev/SRTP/install/dynamixel_sdk/lib/python3.8/site-packages'
[2.459s] Level 1:colcon.colcon_core.environment:checking '/home/xinchen/Dev/SRTP/install/dynamixel_sdk/bin'
[2.469s] INFO:colcon.colcon_core.shell:Creating package script '/home/xinchen/Dev/SRTP/install/dynamixel_sdk/share/dynamixel_sdk/package.ps1'
[2.477s] INFO:colcon.colcon_core.shell:Creating package descriptor '/home/xinchen/Dev/SRTP/install/dynamixel_sdk/share/dynamixel_sdk/package.dsv'
[2.478s] INFO:colcon.colcon_core.shell:Creating package script '/home/xinchen/Dev/SRTP/install/dynamixel_sdk/share/dynamixel_sdk/package.sh'
[2.480s] INFO:colcon.colcon_core.shell:Creating package script '/home/xinchen/Dev/SRTP/install/dynamixel_sdk/share/dynamixel_sdk/package.bash'
[2.482s] INFO:colcon.colcon_core.shell:Creating package script '/home/xinchen/Dev/SRTP/install/dynamixel_sdk/share/dynamixel_sdk/package.zsh'
[2.484s] Level 1:colcon.colcon_core.environment:create_file_with_runtime_dependencies(/home/xinchen/Dev/SRTP/install/dynamixel_sdk/share/colcon-core/packages/dynamixel_sdk)
[2.487s] INFO:colcon.colcon_ros.task.ament_cmake.build:Building ROS package in '/home/xinchen/Dev/SRTP/src/dynamixel-workbench/dynamixel_workbench_toolbox' with build type 'ament_cmake'
[2.488s] INFO:colcon.colcon_cmake.task.cmake.build:Building CMake package in '/home/xinchen/Dev/SRTP/src/dynamixel-workbench/dynamixel_workbench_toolbox'
[2.495s] INFO:colcon.colcon_core.shell:Skip shell extension 'powershell' for command environment: Not usable outside of PowerShell
[2.497s] DEBUG:colcon.colcon_core.shell:Skip shell extension 'dsv' for command environment
[2.528s] DEBUG:colcon.colcon_core.event_handler.log_command:Invoked command in '/home/xinchen/Dev/SRTP/build/custom_interface' returned '0': CMAKE_PREFIX_PATH=/opt/ros/foxy /usr/bin/cmake --build /home/xinchen/Dev/SRTP/build/custom_interface -- -j6 -l6
[2.557s] DEBUG:colcon.colcon_core.event_handler.log_command:Invoked command in '/home/xinchen/Dev/SRTP/build/dynamixel_sdk_custom_interfaces' returned '0': CMAKE_PREFIX_PATH=/opt/ros/foxy /usr/bin/cmake --build /home/xinchen/Dev/SRTP/build/dynamixel_sdk_custom_interfaces -- -j6 -l6
[2.582s] DEBUG:colcon.colcon_core.event_handler.log_command:Invoking command in '/home/xinchen/Dev/SRTP/build/dynamixel_workbench_toolbox': AMENT_PREFIX_PATH=/home/xinchen/Dev/SRTP/install/dynamixel_sdk:${AMENT_PREFIX_PATH} CMAKE_PREFIX_PATH=/home/xinchen/Dev/SRTP/install/dynamixel_sdk:/opt/ros/foxy LD_LIBRARY_PATH=/home/xinchen/Dev/SRTP/install/dynamixel_sdk/lib:${LD_LIBRARY_PATH} /usr/bin/cmake --build /home/xinchen/Dev/SRTP/build/dynamixel_workbench_toolbox -- -j6 -l6
[2.647s] DEBUG:colcon.colcon_core.event_handler.log_command:Invoking command in '/home/xinchen/Dev/SRTP/build/custom_interface': CMAKE_PREFIX_PATH=/opt/ros/foxy /usr/bin/cmake --install /home/xinchen/Dev/SRTP/build/custom_interface
[2.786s] DEBUG:colcon.colcon_core.event_handler.log_command:Invoked command in '/home/xinchen/Dev/SRTP/build/dynamixel_workbench_toolbox' returned '0': AMENT_PREFIX_PATH=/home/xinchen/Dev/SRTP/install/dynamixel_sdk:${AMENT_PREFIX_PATH} CMAKE_PREFIX_PATH=/home/xinchen/Dev/SRTP/install/dynamixel_sdk:/opt/ros/foxy LD_LIBRARY_PATH=/home/xinchen/Dev/SRTP/install/dynamixel_sdk/lib:${LD_LIBRARY_PATH} /usr/bin/cmake --build /home/xinchen/Dev/SRTP/build/dynamixel_workbench_toolbox -- -j6 -l6
[2.813s] DEBUG:colcon.colcon_core.event_handler.log_command:Invoking command in '/home/xinchen/Dev/SRTP/build/dynamixel_sdk_custom_interfaces': CMAKE_PREFIX_PATH=/opt/ros/foxy /usr/bin/cmake --install /home/xinchen/Dev/SRTP/build/dynamixel_sdk_custom_interfaces
[2.825s] Level 1:colcon.colcon_core.environment:create_environment_scripts_only(custom_interface)
[2.832s] DEBUG:colcon.colcon_core.event_handler.log_command:Invoked command in '/home/xinchen/Dev/SRTP/build/custom_interface' returned '0': CMAKE_PREFIX_PATH=/opt/ros/foxy /usr/bin/cmake --install /home/xinchen/Dev/SRTP/build/custom_interface
[2.835s] Level 1:colcon.colcon_core.environment:checking '/home/xinchen/Dev/SRTP/install/custom_interface' for CMake module files
[2.837s] Level 1:colcon.colcon_core.environment:checking '/home/xinchen/Dev/SRTP/install/custom_interface' for CMake config files
[2.851s] Level 1:colcon.colcon_core.shell:create_environment_hook('custom_interface', 'cmake_prefix_path')
[2.871s] INFO:colcon.colcon_core.shell:Creating environment hook '/home/xinchen/Dev/SRTP/install/custom_interface/share/custom_interface/hook/cmake_prefix_path.ps1'
[2.875s] INFO:colcon.colcon_core.shell:Creating environment descriptor '/home/xinchen/Dev/SRTP/install/custom_interface/share/custom_interface/hook/cmake_prefix_path.dsv'
[2.877s] INFO:colcon.colcon_core.shell:Creating environment hook '/home/xinchen/Dev/SRTP/install/custom_interface/share/custom_interface/hook/cmake_prefix_path.sh'
[2.879s] Level 1:colcon.colcon_core.environment:checking '/home/xinchen/Dev/SRTP/install/custom_interface/lib'
[2.879s] Level 1:colcon.colcon_core.shell:create_environment_hook('custom_interface', 'ld_library_path_lib')
[2.900s] INFO:colcon.colcon_core.shell:Creating environment hook '/home/xinchen/Dev/SRTP/install/custom_interface/share/custom_interface/hook/ld_library_path_lib.ps1'
[2.901s] INFO:colcon.colcon_core.shell:Creating environment descriptor '/home/xinchen/Dev/SRTP/install/custom_interface/share/custom_interface/hook/ld_library_path_lib.dsv'
[2.902s] INFO:colcon.colcon_core.shell:Creating environment hook '/home/xinchen/Dev/SRTP/install/custom_interface/share/custom_interface/hook/ld_library_path_lib.sh'
[2.903s] Level 1:colcon.colcon_core.environment:checking '/home/xinchen/Dev/SRTP/install/custom_interface/bin'
[2.903s] Level 1:colcon.colcon_core.environment:checking '/home/xinchen/Dev/SRTP/install/custom_interface/lib/pkgconfig/custom_interface.pc'
[2.903s] Level 1:colcon.colcon_core.environment:checking '/home/xinchen/Dev/SRTP/install/custom_interface/lib/python3.8/site-packages'
[2.904s] Level 1:colcon.colcon_core.shell:create_environment_hook('custom_interface', 'pythonpath')
[2.909s] INFO:colcon.colcon_core.shell:Creating environment hook '/home/xinchen/Dev/SRTP/install/custom_interface/share/custom_interface/hook/pythonpath.ps1'
[2.910s] INFO:colcon.colcon_core.shell:Creating environment descriptor '/home/xinchen/Dev/SRTP/install/custom_interface/share/custom_interface/hook/pythonpath.dsv'
[2.911s] INFO:colcon.colcon_core.shell:Creating environment hook '/home/xinchen/Dev/SRTP/install/custom_interface/share/custom_interface/hook/pythonpath.sh'
[2.912s] Level 1:colcon.colcon_core.environment:checking '/home/xinchen/Dev/SRTP/install/custom_interface/bin'
[2.921s] INFO:colcon.colcon_core.shell:Creating package script '/home/xinchen/Dev/SRTP/install/custom_interface/share/custom_interface/package.ps1'
[2.923s] INFO:colcon.colcon_core.shell:Creating package descriptor '/home/xinchen/Dev/SRTP/install/custom_interface/share/custom_interface/package.dsv'
[2.924s] INFO:colcon.colcon_core.shell:Creating package script '/home/xinchen/Dev/SRTP/install/custom_interface/share/custom_interface/package.sh'
[2.925s] INFO:colcon.colcon_core.shell:Creating package script '/home/xinchen/Dev/SRTP/install/custom_interface/share/custom_interface/package.bash'
[2.925s] INFO:colcon.colcon_core.shell:Creating package script '/home/xinchen/Dev/SRTP/install/custom_interface/share/custom_interface/package.zsh'
[2.926s] Level 1:colcon.colcon_core.environment:create_file_with_runtime_dependencies(/home/xinchen/Dev/SRTP/install/custom_interface/share/colcon-core/packages/custom_interface)
[2.944s] DEBUG:colcon.colcon_core.event_handler.log_command:Invoking command in '/home/xinchen/Dev/SRTP/build/dynamixel_workbench_toolbox': AMENT_PREFIX_PATH=/home/xinchen/Dev/SRTP/install/dynamixel_sdk:${AMENT_PREFIX_PATH} CMAKE_PREFIX_PATH=/home/xinchen/Dev/SRTP/install/dynamixel_sdk:/opt/ros/foxy LD_LIBRARY_PATH=/home/xinchen/Dev/SRTP/install/dynamixel_sdk/lib:${LD_LIBRARY_PATH} /usr/bin/cmake --install /home/xinchen/Dev/SRTP/build/dynamixel_workbench_toolbox
[3.013s] Level 1:colcon.colcon_core.environment:create_environment_scripts_only(dynamixel_workbench_toolbox)
[3.022s] Level 1:colcon.colcon_core.environment:checking '/home/xinchen/Dev/SRTP/install/dynamixel_workbench_toolbox' for CMake module files
[3.023s] DEBUG:colcon.colcon_core.event_handler.log_command:Invoked command in '/home/xinchen/Dev/SRTP/build/dynamixel_workbench_toolbox' returned '0': AMENT_PREFIX_PATH=/home/xinchen/Dev/SRTP/install/dynamixel_sdk:${AMENT_PREFIX_PATH} CMAKE_PREFIX_PATH=/home/xinchen/Dev/SRTP/install/dynamixel_sdk:/opt/ros/foxy LD_LIBRARY_PATH=/home/xinchen/Dev/SRTP/install/dynamixel_sdk/lib:${LD_LIBRARY_PATH} /usr/bin/cmake --install /home/xinchen/Dev/SRTP/build/dynamixel_workbench_toolbox
[3.026s] Level 1:colcon.colcon_core.environment:checking '/home/xinchen/Dev/SRTP/install/dynamixel_workbench_toolbox' for CMake config files
[3.029s] Level 1:colcon.colcon_core.shell:create_environment_hook('dynamixel_workbench_toolbox', 'cmake_prefix_path')
[3.036s] INFO:colcon.colcon_core.shell:Creating environment hook '/home/xinchen/Dev/SRTP/install/dynamixel_workbench_toolbox/share/dynamixel_workbench_toolbox/hook/cmake_prefix_path.ps1'
[3.039s] INFO:colcon.colcon_core.shell:Creating environment descriptor '/home/xinchen/Dev/SRTP/install/dynamixel_workbench_toolbox/share/dynamixel_workbench_toolbox/hook/cmake_prefix_path.dsv'
[3.040s] INFO:colcon.colcon_core.shell:Creating environment hook '/home/xinchen/Dev/SRTP/install/dynamixel_workbench_toolbox/share/dynamixel_workbench_toolbox/hook/cmake_prefix_path.sh'
[3.042s] Level 1:colcon.colcon_core.environment:checking '/home/xinchen/Dev/SRTP/install/dynamixel_workbench_toolbox/lib'
[3.042s] Level 1:colcon.colcon_core.shell:create_environment_hook('dynamixel_workbench_toolbox', 'ld_library_path_lib')
[3.049s] INFO:colcon.colcon_core.shell:Creating environment hook '/home/xinchen/Dev/SRTP/install/dynamixel_workbench_toolbox/share/dynamixel_workbench_toolbox/hook/ld_library_path_lib.ps1'
[3.051s] INFO:colcon.colcon_core.shell:Creating environment descriptor '/home/xinchen/Dev/SRTP/install/dynamixel_workbench_toolbox/share/dynamixel_workbench_toolbox/hook/ld_library_path_lib.dsv'
[3.052s] INFO:colcon.colcon_core.shell:Creating environment hook '/home/xinchen/Dev/SRTP/install/dynamixel_workbench_toolbox/share/dynamixel_workbench_toolbox/hook/ld_library_path_lib.sh'
[3.053s] Level 1:colcon.colcon_core.environment:checking '/home/xinchen/Dev/SRTP/install/dynamixel_workbench_toolbox/bin'
[3.053s] Level 1:colcon.colcon_core.environment:checking '/home/xinchen/Dev/SRTP/install/dynamixel_workbench_toolbox/lib/pkgconfig/dynamixel_workbench_toolbox.pc'
[3.054s] Level 1:colcon.colcon_core.environment:checking '/home/xinchen/Dev/SRTP/install/dynamixel_workbench_toolbox/lib/python3.8/site-packages'
[3.054s] Level 1:colcon.colcon_core.environment:checking '/home/xinchen/Dev/SRTP/install/dynamixel_workbench_toolbox/bin'
[3.061s] INFO:colcon.colcon_core.shell:Creating package script '/home/xinchen/Dev/SRTP/install/dynamixel_workbench_toolbox/share/dynamixel_workbench_toolbox/package.ps1'
[3.064s] INFO:colcon.colcon_core.shell:Creating package descriptor '/home/xinchen/Dev/SRTP/install/dynamixel_workbench_toolbox/share/dynamixel_workbench_toolbox/package.dsv'
[3.065s] INFO:colcon.colcon_core.shell:Creating package script '/home/xinchen/Dev/SRTP/install/dynamixel_workbench_toolbox/share/dynamixel_workbench_toolbox/package.sh'
[3.066s] INFO:colcon.colcon_core.shell:Creating package script '/home/xinchen/Dev/SRTP/install/dynamixel_workbench_toolbox/share/dynamixel_workbench_toolbox/package.bash'
[3.068s] INFO:colcon.colcon_core.shell:Creating package script '/home/xinchen/Dev/SRTP/install/dynamixel_workbench_toolbox/share/dynamixel_workbench_toolbox/package.zsh'
[3.069s] Level 1:colcon.colcon_core.environment:create_file_with_runtime_dependencies(/home/xinchen/Dev/SRTP/install/dynamixel_workbench_toolbox/share/colcon-core/packages/dynamixel_workbench_toolbox)
[3.087s] Level 1:colcon.colcon_core.environment:create_environment_scripts_only(custom_interface)
[3.095s] Level 1:colcon.colcon_core.environment:checking '/home/xinchen/Dev/SRTP/install/custom_interface' for CMake module files
[3.096s] Level 1:colcon.colcon_core.environment:checking '/home/xinchen/Dev/SRTP/install/custom_interface' for CMake config files
[3.098s] Level 1:colcon.colcon_core.shell:create_environment_hook('custom_interface', 'cmake_prefix_path')
[3.103s] INFO:colcon.colcon_core.shell:Creating environment hook '/home/xinchen/Dev/SRTP/install/custom_interface/share/custom_interface/hook/cmake_prefix_path.ps1'
[3.105s] INFO:colcon.colcon_core.shell:Creating environment descriptor '/home/xinchen/Dev/SRTP/install/custom_interface/share/custom_interface/hook/cmake_prefix_path.dsv'
[3.105s] INFO:colcon.colcon_core.shell:Creating environment hook '/home/xinchen/Dev/SRTP/install/custom_interface/share/custom_interface/hook/cmake_prefix_path.sh'
[3.107s] Level 1:colcon.colcon_core.environment:checking '/home/xinchen/Dev/SRTP/install/custom_interface/lib'
[3.107s] Level 1:colcon.colcon_core.shell:create_environment_hook('custom_interface', 'ld_library_path_lib')
[3.112s] INFO:colcon.colcon_core.shell:Creating environment hook '/home/xinchen/Dev/SRTP/install/custom_interface/share/custom_interface/hook/ld_library_path_lib.ps1'
[3.113s] INFO:colcon.colcon_core.shell:Creating environment descriptor '/home/xinchen/Dev/SRTP/install/custom_interface/share/custom_interface/hook/ld_library_path_lib.dsv'
[3.114s] INFO:colcon.colcon_core.shell:Creating environment hook '/home/xinchen/Dev/SRTP/install/custom_interface/share/custom_interface/hook/ld_library_path_lib.sh'
[3.115s] Level 1:colcon.colcon_core.environment:checking '/home/xinchen/Dev/SRTP/install/custom_interface/bin'
[3.115s] Level 1:colcon.colcon_core.environment:checking '/home/xinchen/Dev/SRTP/install/custom_interface/lib/pkgconfig/custom_interface.pc'
[3.115s] Level 1:colcon.colcon_core.environment:checking '/home/xinchen/Dev/SRTP/install/custom_interface/lib/python3.8/site-packages'
[3.116s] Level 1:colcon.colcon_core.shell:create_environment_hook('custom_interface', 'pythonpath')
[3.121s] INFO:colcon.colcon_core.shell:Creating environment hook '/home/xinchen/Dev/SRTP/install/custom_interface/share/custom_interface/hook/pythonpath.ps1'
[3.122s] INFO:colcon.colcon_core.shell:Creating environment descriptor '/home/xinchen/Dev/SRTP/install/custom_interface/share/custom_interface/hook/pythonpath.dsv'
[3.122s] INFO:colcon.colcon_core.shell:Creating environment hook '/home/xinchen/Dev/SRTP/install/custom_interface/share/custom_interface/hook/pythonpath.sh'
[3.124s] Level 1:colcon.colcon_core.environment:checking '/home/xinchen/Dev/SRTP/install/custom_interface/bin'
[3.129s] INFO:colcon.colcon_core.shell:Creating package script '/home/xinchen/Dev/SRTP/install/custom_interface/share/custom_interface/package.ps1'
[3.131s] INFO:colcon.colcon_core.shell:Creating package descriptor '/home/xinchen/Dev/SRTP/install/custom_interface/share/custom_interface/package.dsv'
[3.132s] INFO:colcon.colcon_core.shell:Creating package script '/home/xinchen/Dev/SRTP/install/custom_interface/share/custom_interface/package.sh'
[3.134s] INFO:colcon.colcon_core.shell:Creating package script '/home/xinchen/Dev/SRTP/install/custom_interface/share/custom_interface/package.bash'
[3.135s] INFO:colcon.colcon_core.shell:Creating package script '/home/xinchen/Dev/SRTP/install/custom_interface/share/custom_interface/package.zsh'
[3.136s] Level 1:colcon.colcon_core.environment:create_file_with_runtime_dependencies(/home/xinchen/Dev/SRTP/install/custom_interface/share/colcon-core/packages/custom_interface)
[3.138s] Level 1:colcon.colcon_core.environment:create_environment_scripts_only(dynamixel_sdk_custom_interfaces)
[3.146s] Level 1:colcon.colcon_core.environment:checking '/home/xinchen/Dev/SRTP/install/dynamixel_sdk_custom_interfaces' for CMake module files
[3.148s] DEBUG:colcon.colcon_core.event_handler.log_command:Invoked command in '/home/xinchen/Dev/SRTP/build/dynamixel_sdk_custom_interfaces' returned '0': CMAKE_PREFIX_PATH=/opt/ros/foxy /usr/bin/cmake --install /home/xinchen/Dev/SRTP/build/dynamixel_sdk_custom_interfaces
[3.149s] Level 1:colcon.colcon_core.environment:checking '/home/xinchen/Dev/SRTP/install/dynamixel_sdk_custom_interfaces' for CMake config files
[3.151s] Level 1:colcon.colcon_core.shell:create_environment_hook('dynamixel_sdk_custom_interfaces', 'cmake_prefix_path')
[3.156s] INFO:colcon.colcon_core.shell:Creating environment hook '/home/xinchen/Dev/SRTP/install/dynamixel_sdk_custom_interfaces/share/dynamixel_sdk_custom_interfaces/hook/cmake_prefix_path.ps1'
[3.157s] INFO:colcon.colcon_core.shell:Creating environment descriptor '/home/xinchen/Dev/SRTP/install/dynamixel_sdk_custom_interfaces/share/dynamixel_sdk_custom_interfaces/hook/cmake_prefix_path.dsv'
[3.158s] INFO:colcon.colcon_core.shell:Creating environment hook '/home/xinchen/Dev/SRTP/install/dynamixel_sdk_custom_interfaces/share/dynamixel_sdk_custom_interfaces/hook/cmake_prefix_path.sh'
[3.159s] Level 1:colcon.colcon_core.environment:checking '/home/xinchen/Dev/SRTP/install/dynamixel_sdk_custom_interfaces/lib'
[3.159s] Level 1:colcon.colcon_core.shell:create_environment_hook('dynamixel_sdk_custom_interfaces', 'ld_library_path_lib')
[3.164s] INFO:colcon.colcon_core.shell:Creating environment hook '/home/xinchen/Dev/SRTP/install/dynamixel_sdk_custom_interfaces/share/dynamixel_sdk_custom_interfaces/hook/ld_library_path_lib.ps1'
[3.165s] INFO:colcon.colcon_core.shell:Creating environment descriptor '/home/xinchen/Dev/SRTP/install/dynamixel_sdk_custom_interfaces/share/dynamixel_sdk_custom_interfaces/hook/ld_library_path_lib.dsv'
[3.166s] INFO:colcon.colcon_core.shell:Creating environment hook '/home/xinchen/Dev/SRTP/install/dynamixel_sdk_custom_interfaces/share/dynamixel_sdk_custom_interfaces/hook/ld_library_path_lib.sh'
[3.167s] Level 1:colcon.colcon_core.environment:checking '/home/xinchen/Dev/SRTP/install/dynamixel_sdk_custom_interfaces/bin'
[3.167s] Level 1:colcon.colcon_core.environment:checking '/home/xinchen/Dev/SRTP/install/dynamixel_sdk_custom_interfaces/lib/pkgconfig/dynamixel_sdk_custom_interfaces.pc'
[3.167s] Level 1:colcon.colcon_core.environment:checking '/home/xinchen/Dev/SRTP/install/dynamixel_sdk_custom_interfaces/lib/python3.8/site-packages'
[3.167s] Level 1:colcon.colcon_core.shell:create_environment_hook('dynamixel_sdk_custom_interfaces', 'pythonpath')
[3.172s] INFO:colcon.colcon_core.shell:Creating environment hook '/home/xinchen/Dev/SRTP/install/dynamixel_sdk_custom_interfaces/share/dynamixel_sdk_custom_interfaces/hook/pythonpath.ps1'
[3.173s] INFO:colcon.colcon_core.shell:Creating environment descriptor '/home/xinchen/Dev/SRTP/install/dynamixel_sdk_custom_interfaces/share/dynamixel_sdk_custom_interfaces/hook/pythonpath.dsv'
[3.174s] INFO:colcon.colcon_core.shell:Creating environment hook '/home/xinchen/Dev/SRTP/install/dynamixel_sdk_custom_interfaces/share/dynamixel_sdk_custom_interfaces/hook/pythonpath.sh'
[3.175s] Level 1:colcon.colcon_core.environment:checking '/home/xinchen/Dev/SRTP/install/dynamixel_sdk_custom_interfaces/bin'
[3.180s] INFO:colcon.colcon_core.shell:Creating package script '/home/xinchen/Dev/SRTP/install/dynamixel_sdk_custom_interfaces/share/dynamixel_sdk_custom_interfaces/package.ps1'
[3.182s] INFO:colcon.colcon_core.shell:Creating package descriptor '/home/xinchen/Dev/SRTP/install/dynamixel_sdk_custom_interfaces/share/dynamixel_sdk_custom_interfaces/package.dsv'
[3.183s] INFO:colcon.colcon_core.shell:Creating package script '/home/xinchen/Dev/SRTP/install/dynamixel_sdk_custom_interfaces/share/dynamixel_sdk_custom_interfaces/package.sh'
[3.183s] INFO:colcon.colcon_core.shell:Creating package script '/home/xinchen/Dev/SRTP/install/dynamixel_sdk_custom_interfaces/share/dynamixel_sdk_custom_interfaces/package.bash'
[3.184s] INFO:colcon.colcon_core.shell:Creating package script '/home/xinchen/Dev/SRTP/install/dynamixel_sdk_custom_interfaces/share/dynamixel_sdk_custom_interfaces/package.zsh'
[3.185s] Level 1:colcon.colcon_core.environment:create_file_with_runtime_dependencies(/home/xinchen/Dev/SRTP/install/dynamixel_sdk_custom_interfaces/share/colcon-core/packages/dynamixel_sdk_custom_interfaces)
[3.202s] Level 1:colcon.colcon_core.environment:create_environment_scripts_only(dynamixel_workbench_toolbox)
[3.209s] Level 1:colcon.colcon_core.environment:checking '/home/xinchen/Dev/SRTP/install/dynamixel_workbench_toolbox' for CMake module files
[3.210s] Level 1:colcon.colcon_core.environment:checking '/home/xinchen/Dev/SRTP/install/dynamixel_workbench_toolbox' for CMake config files
[3.211s] Level 1:colcon.colcon_core.shell:create_environment_hook('dynamixel_workbench_toolbox', 'cmake_prefix_path')
[3.216s] INFO:colcon.colcon_core.shell:Creating environment hook '/home/xinchen/Dev/SRTP/install/dynamixel_workbench_toolbox/share/dynamixel_workbench_toolbox/hook/cmake_prefix_path.ps1'
[3.217s] INFO:colcon.colcon_core.shell:Creating environment descriptor '/home/xinchen/Dev/SRTP/install/dynamixel_workbench_toolbox/share/dynamixel_workbench_toolbox/hook/cmake_prefix_path.dsv'
[3.218s] INFO:colcon.colcon_core.shell:Creating environment hook '/home/xinchen/Dev/SRTP/install/dynamixel_workbench_toolbox/share/dynamixel_workbench_toolbox/hook/cmake_prefix_path.sh'
[3.219s] Level 1:colcon.colcon_core.environment:checking '/home/xinchen/Dev/SRTP/install/dynamixel_workbench_toolbox/lib'
[3.220s] Level 1:colcon.colcon_core.shell:create_environment_hook('dynamixel_workbench_toolbox', 'ld_library_path_lib')
[3.224s] INFO:colcon.colcon_core.shell:Creating environment hook '/home/xinchen/Dev/SRTP/install/dynamixel_workbench_toolbox/share/dynamixel_workbench_toolbox/hook/ld_library_path_lib.ps1'
[3.225s] INFO:colcon.colcon_core.shell:Creating environment descriptor '/home/xinchen/Dev/SRTP/install/dynamixel_workbench_toolbox/share/dynamixel_workbench_toolbox/hook/ld_library_path_lib.dsv'
[3.226s] INFO:colcon.colcon_core.shell:Creating environment hook '/home/xinchen/Dev/SRTP/install/dynamixel_workbench_toolbox/share/dynamixel_workbench_toolbox/hook/ld_library_path_lib.sh'
[3.227s] Level 1:colcon.colcon_core.environment:checking '/home/xinchen/Dev/SRTP/install/dynamixel_workbench_toolbox/bin'
[3.227s] Level 1:colcon.colcon_core.environment:checking '/home/xinchen/Dev/SRTP/install/dynamixel_workbench_toolbox/lib/pkgconfig/dynamixel_workbench_toolbox.pc'
[3.227s] Level 1:colcon.colcon_core.environment:checking '/home/xinchen/Dev/SRTP/install/dynamixel_workbench_toolbox/lib/python3.8/site-packages'
[3.228s] Level 1:colcon.colcon_core.environment:checking '/home/xinchen/Dev/SRTP/install/dynamixel_workbench_toolbox/bin'
[3.233s] INFO:colcon.colcon_core.shell:Creating package script '/home/xinchen/Dev/SRTP/install/dynamixel_workbench_toolbox/share/dynamixel_workbench_toolbox/package.ps1'
[3.234s] INFO:colcon.colcon_core.shell:Creating package descriptor '/home/xinchen/Dev/SRTP/install/dynamixel_workbench_toolbox/share/dynamixel_workbench_toolbox/package.dsv'
[3.235s] INFO:colcon.colcon_core.shell:Creating package script '/home/xinchen/Dev/SRTP/install/dynamixel_workbench_toolbox/share/dynamixel_workbench_toolbox/package.sh'
[3.236s] INFO:colcon.colcon_core.shell:Creating package script '/home/xinchen/Dev/SRTP/install/dynamixel_workbench_toolbox/share/dynamixel_workbench_toolbox/package.bash'
[3.237s] INFO:colcon.colcon_core.shell:Creating package script '/home/xinchen/Dev/SRTP/install/dynamixel_workbench_toolbox/share/dynamixel_workbench_toolbox/package.zsh'
[3.238s] Level 1:colcon.colcon_core.environment:create_file_with_runtime_dependencies(/home/xinchen/Dev/SRTP/install/dynamixel_workbench_toolbox/share/colcon-core/packages/dynamixel_workbench_toolbox)
[3.241s] INFO:colcon.colcon_ros.task.ament_cmake.build:Building ROS package in '/home/xinchen/Dev/SRTP/src/dynamixel-workbench/dynamixel_workbench' with build type 'ament_cmake'
[3.241s] INFO:colcon.colcon_cmake.task.cmake.build:Building CMake package in '/home/xinchen/Dev/SRTP/src/dynamixel-workbench/dynamixel_workbench'
[3.248s] INFO:colcon.colcon_core.shell:Skip shell extension 'powershell' for command environment: Not usable outside of PowerShell
[3.249s] DEBUG:colcon.colcon_core.shell:Skip shell extension 'dsv' for command environment
[3.278s] INFO:colcon.colcon_ros.task.ament_cmake.build:Building ROS package in '/home/xinchen/Dev/SRTP/src/motor_controller' with build type 'ament_cmake'
[3.278s] INFO:colcon.colcon_cmake.task.cmake.build:Building CMake package in '/home/xinchen/Dev/SRTP/src/motor_controller'
[3.298s] INFO:colcon.colcon_core.shell:Skip shell extension 'powershell' for command environment: Not usable outside of PowerShell
[3.299s] DEBUG:colcon.colcon_core.shell:Skip shell extension 'dsv' for command environment
[3.336s] DEBUG:colcon.colcon_core.event_handler.log_command:Invoking command in '/home/xinchen/Dev/SRTP/build/dynamixel_workbench': AMENT_PREFIX_PATH=/home/xinchen/Dev/SRTP/install/dynamixel_workbench_toolbox:/home/xinchen/Dev/SRTP/install/dynamixel_sdk:${AMENT_PREFIX_PATH} CMAKE_PREFIX_PATH=/home/xinchen/Dev/SRTP/install/dynamixel_workbench_toolbox:/home/xinchen/Dev/SRTP/install/dynamixel_sdk:/opt/ros/foxy LD_LIBRARY_PATH=/home/xinchen/Dev/SRTP/install/dynamixel_workbench_toolbox/lib:/home/xinchen/Dev/SRTP/install/dynamixel_sdk/lib:${LD_LIBRARY_PATH} /usr/bin/cmake --build /home/xinchen/Dev/SRTP/build/dynamixel_workbench -- -j6 -l6
[3.358s] DEBUG:colcon.colcon_core.event_handler.log_command:Invoking command in '/home/xinchen/Dev/SRTP/build/motor_controller': AMENT_PREFIX_PATH=/home/xinchen/Dev/SRTP/install/dynamixel_workbench_toolbox:/home/xinchen/Dev/SRTP/install/dynamixel_sdk:/home/xinchen/Dev/SRTP/install/custom_interface:${AMENT_PREFIX_PATH} CMAKE_PREFIX_PATH=/home/xinchen/Dev/SRTP/install/dynamixel_workbench_toolbox:/home/xinchen/Dev/SRTP/install/dynamixel_sdk:/home/xinchen/Dev/SRTP/install/custom_interface:/opt/ros/foxy LD_LIBRARY_PATH=/home/xinchen/Dev/SRTP/install/dynamixel_workbench_toolbox/lib:/home/xinchen/Dev/SRTP/install/dynamixel_sdk/lib:/home/xinchen/Dev/SRTP/install/custom_interface/lib:${LD_LIBRARY_PATH} PYTHONPATH=/home/xinchen/Dev/SRTP/install/custom_interface/lib/python3.8/site-packages:${PYTHONPATH} /usr/bin/cmake --build /home/xinchen/Dev/SRTP/build/motor_controller -- -j6 -l6
[3.397s] Level 1:colcon.colcon_core.environment:create_environment_scripts_only(dynamixel_sdk_custom_interfaces)
[3.404s] Level 1:colcon.colcon_core.environment:checking '/home/xinchen/Dev/SRTP/install/dynamixel_sdk_custom_interfaces' for CMake module files
[3.406s] Level 1:colcon.colcon_core.environment:checking '/home/xinchen/Dev/SRTP/install/dynamixel_sdk_custom_interfaces' for CMake config files
[3.408s] Level 1:colcon.colcon_core.shell:create_environment_hook('dynamixel_sdk_custom_interfaces', 'cmake_prefix_path')
[3.413s] INFO:colcon.colcon_core.shell:Creating environment hook '/home/xinchen/Dev/SRTP/install/dynamixel_sdk_custom_interfaces/share/dynamixel_sdk_custom_interfaces/hook/cmake_prefix_path.ps1'
[3.415s] INFO:colcon.colcon_core.shell:Creating environment descriptor '/home/xinchen/Dev/SRTP/install/dynamixel_sdk_custom_interfaces/share/dynamixel_sdk_custom_interfaces/hook/cmake_prefix_path.dsv'
[3.417s] INFO:colcon.colcon_core.shell:Creating environment hook '/home/xinchen/Dev/SRTP/install/dynamixel_sdk_custom_interfaces/share/dynamixel_sdk_custom_interfaces/hook/cmake_prefix_path.sh'
[3.419s] Level 1:colcon.colcon_core.environment:checking '/home/xinchen/Dev/SRTP/install/dynamixel_sdk_custom_interfaces/lib'
[3.419s] Level 1:colcon.colcon_core.shell:create_environment_hook('dynamixel_sdk_custom_interfaces', 'ld_library_path_lib')
[3.424s] INFO:colcon.colcon_core.shell:Creating environment hook '/home/xinchen/Dev/SRTP/install/dynamixel_sdk_custom_interfaces/share/dynamixel_sdk_custom_interfaces/hook/ld_library_path_lib.ps1'
[3.426s] INFO:colcon.colcon_core.shell:Creating environment descriptor '/home/xinchen/Dev/SRTP/install/dynamixel_sdk_custom_interfaces/share/dynamixel_sdk_custom_interfaces/hook/ld_library_path_lib.dsv'
[3.428s] INFO:colcon.colcon_core.shell:Creating environment hook '/home/xinchen/Dev/SRTP/install/dynamixel_sdk_custom_interfaces/share/dynamixel_sdk_custom_interfaces/hook/ld_library_path_lib.sh'
[3.430s] Level 1:colcon.colcon_core.environment:checking '/home/xinchen/Dev/SRTP/install/dynamixel_sdk_custom_interfaces/bin'
[3.430s] Level 1:colcon.colcon_core.environment:checking '/home/xinchen/Dev/SRTP/install/dynamixel_sdk_custom_interfaces/lib/pkgconfig/dynamixel_sdk_custom_interfaces.pc'
[3.431s] Level 1:colcon.colcon_core.environment:checking '/home/xinchen/Dev/SRTP/install/dynamixel_sdk_custom_interfaces/lib/python3.8/site-packages'
[3.431s] Level 1:colcon.colcon_core.shell:create_environment_hook('dynamixel_sdk_custom_interfaces', 'pythonpath')
[3.436s] INFO:colcon.colcon_core.shell:Creating environment hook '/home/xinchen/Dev/SRTP/install/dynamixel_sdk_custom_interfaces/share/dynamixel_sdk_custom_interfaces/hook/pythonpath.ps1'
[3.438s] INFO:colcon.colcon_core.shell:Creating environment descriptor '/home/xinchen/Dev/SRTP/install/dynamixel_sdk_custom_interfaces/share/dynamixel_sdk_custom_interfaces/hook/pythonpath.dsv'
[3.439s] INFO:colcon.colcon_core.shell:Creating environment hook '/home/xinchen/Dev/SRTP/install/dynamixel_sdk_custom_interfaces/share/dynamixel_sdk_custom_interfaces/hook/pythonpath.sh'
[3.441s] Level 1:colcon.colcon_core.environment:checking '/home/xinchen/Dev/SRTP/install/dynamixel_sdk_custom_interfaces/bin'
[3.447s] INFO:colcon.colcon_core.shell:Creating package script '/home/xinchen/Dev/SRTP/install/dynamixel_sdk_custom_interfaces/share/dynamixel_sdk_custom_interfaces/package.ps1'
[3.449s] INFO:colcon.colcon_core.shell:Creating package descriptor '/home/xinchen/Dev/SRTP/install/dynamixel_sdk_custom_interfaces/share/dynamixel_sdk_custom_interfaces/package.dsv'
[3.454s] INFO:colcon.colcon_core.shell:Creating package script '/home/xinchen/Dev/SRTP/install/dynamixel_sdk_custom_interfaces/share/dynamixel_sdk_custom_interfaces/package.sh'
[3.456s] INFO:colcon.colcon_core.shell:Creating package script '/home/xinchen/Dev/SRTP/install/dynamixel_sdk_custom_interfaces/share/dynamixel_sdk_custom_interfaces/package.bash'
[3.458s] INFO:colcon.colcon_core.shell:Creating package script '/home/xinchen/Dev/SRTP/install/dynamixel_sdk_custom_interfaces/share/dynamixel_sdk_custom_interfaces/package.zsh'
[3.459s] Level 1:colcon.colcon_core.environment:create_file_with_runtime_dependencies(/home/xinchen/Dev/SRTP/install/dynamixel_sdk_custom_interfaces/share/colcon-core/packages/dynamixel_sdk_custom_interfaces)
[3.461s] INFO:colcon.colcon_ros.task.ament_cmake.build:Building ROS package in '/home/xinchen/Dev/SRTP/src/DynamixelSDK/dynamixel_sdk_examples' with build type 'ament_cmake'
[3.462s] INFO:colcon.colcon_cmake.task.cmake.build:Building CMake package in '/home/xinchen/Dev/SRTP/src/DynamixelSDK/dynamixel_sdk_examples'
[3.467s] INFO:colcon.colcon_core.shell:Skip shell extension 'powershell' for command environment: Not usable outside of PowerShell
[3.471s] DEBUG:colcon.colcon_core.shell:Skip shell extension 'dsv' for command environment
[3.521s] DEBUG:colcon.colcon_core.event_handler.log_command:Invoked command in '/home/xinchen/Dev/SRTP/build/dynamixel_workbench' returned '0': AMENT_PREFIX_PATH=/home/xinchen/Dev/SRTP/install/dynamixel_workbench_toolbox:/home/xinchen/Dev/SRTP/install/dynamixel_sdk:${AMENT_PREFIX_PATH} CMAKE_PREFIX_PATH=/home/xinchen/Dev/SRTP/install/dynamixel_workbench_toolbox:/home/xinchen/Dev/SRTP/install/dynamixel_sdk:/opt/ros/foxy LD_LIBRARY_PATH=/home/xinchen/Dev/SRTP/install/dynamixel_workbench_toolbox/lib:/home/xinchen/Dev/SRTP/install/dynamixel_sdk/lib:${LD_LIBRARY_PATH} /usr/bin/cmake --build /home/xinchen/Dev/SRTP/build/dynamixel_workbench -- -j6 -l6
[3.568s] DEBUG:colcon.colcon_core.event_handler.log_command:Invoking command in '/home/xinchen/Dev/SRTP/build/dynamixel_sdk_examples': AMENT_PREFIX_PATH=/home/xinchen/Dev/SRTP/install/dynamixel_sdk_custom_interfaces:/home/xinchen/Dev/SRTP/install/dynamixel_sdk:${AMENT_PREFIX_PATH} CMAKE_PREFIX_PATH=/home/xinchen/Dev/SRTP/install/dynamixel_sdk_custom_interfaces:/home/xinchen/Dev/SRTP/install/dynamixel_sdk:/opt/ros/foxy LD_LIBRARY_PATH=/home/xinchen/Dev/SRTP/install/dynamixel_sdk_custom_interfaces/lib:/home/xinchen/Dev/SRTP/install/dynamixel_sdk/lib:${LD_LIBRARY_PATH} PYTHONPATH=/home/xinchen/Dev/SRTP/install/dynamixel_sdk_custom_interfaces/lib/python3.8/site-packages:${PYTHONPATH} /usr/bin/cmake --build /home/xinchen/Dev/SRTP/build/dynamixel_sdk_examples -- -j6 -l6
[3.725s] DEBUG:colcon.colcon_core.event_handler.log_command:Invoking command in '/home/xinchen/Dev/SRTP/build/dynamixel_workbench': AMENT_PREFIX_PATH=/home/xinchen/Dev/SRTP/install/dynamixel_workbench_toolbox:/home/xinchen/Dev/SRTP/install/dynamixel_sdk:${AMENT_PREFIX_PATH} CMAKE_PREFIX_PATH=/home/xinchen/Dev/SRTP/install/dynamixel_workbench_toolbox:/home/xinchen/Dev/SRTP/install/dynamixel_sdk:/opt/ros/foxy LD_LIBRARY_PATH=/home/xinchen/Dev/SRTP/install/dynamixel_workbench_toolbox/lib:/home/xinchen/Dev/SRTP/install/dynamixel_sdk/lib:${LD_LIBRARY_PATH} /usr/bin/cmake --install /home/xinchen/Dev/SRTP/build/dynamixel_workbench
[3.770s] Level 1:colcon.colcon_core.environment:create_environment_scripts_only(dynamixel_workbench)
[3.782s] DEBUG:colcon.colcon_core.event_handler.log_command:Invoked command in '/home/xinchen/Dev/SRTP/build/dynamixel_workbench' returned '0': AMENT_PREFIX_PATH=/home/xinchen/Dev/SRTP/install/dynamixel_workbench_toolbox:/home/xinchen/Dev/SRTP/install/dynamixel_sdk:${AMENT_PREFIX_PATH} CMAKE_PREFIX_PATH=/home/xinchen/Dev/SRTP/install/dynamixel_workbench_toolbox:/home/xinchen/Dev/SRTP/install/dynamixel_sdk:/opt/ros/foxy LD_LIBRARY_PATH=/home/xinchen/Dev/SRTP/install/dynamixel_workbench_toolbox/lib:/home/xinchen/Dev/SRTP/install/dynamixel_sdk/lib:${LD_LIBRARY_PATH} /usr/bin/cmake --install /home/xinchen/Dev/SRTP/build/dynamixel_workbench
[3.781s] Level 1:colcon.colcon_core.environment:checking '/home/xinchen/Dev/SRTP/install/dynamixel_workbench' for CMake module files
[3.787s] Level 1:colcon.colcon_core.environment:checking '/home/xinchen/Dev/SRTP/install/dynamixel_workbench' for CMake config files
[3.787s] Level 1:colcon.colcon_core.shell:create_environment_hook('dynamixel_workbench', 'cmake_prefix_path')
[3.793s] INFO:colcon.colcon_core.shell:Creating environment hook '/home/xinchen/Dev/SRTP/install/dynamixel_workbench/share/dynamixel_workbench/hook/cmake_prefix_path.ps1'
[3.794s] INFO:colcon.colcon_core.shell:Creating environment descriptor '/home/xinchen/Dev/SRTP/install/dynamixel_workbench/share/dynamixel_workbench/hook/cmake_prefix_path.dsv'
[3.795s] INFO:colcon.colcon_core.shell:Creating environment hook '/home/xinchen/Dev/SRTP/install/dynamixel_workbench/share/dynamixel_workbench/hook/cmake_prefix_path.sh'
[3.796s] Level 1:colcon.colcon_core.environment:checking '/home/xinchen/Dev/SRTP/install/dynamixel_workbench/bin'
[3.797s] Level 1:colcon.colcon_core.environment:checking '/home/xinchen/Dev/SRTP/install/dynamixel_workbench/lib/pkgconfig/dynamixel_workbench.pc'
[3.797s] Level 1:colcon.colcon_core.environment:checking '/home/xinchen/Dev/SRTP/install/dynamixel_workbench/lib/python3.8/site-packages'
[3.797s] Level 1:colcon.colcon_core.environment:checking '/home/xinchen/Dev/SRTP/install/dynamixel_workbench/bin'
[3.803s] INFO:colcon.colcon_core.shell:Creating package script '/home/xinchen/Dev/SRTP/install/dynamixel_workbench/share/dynamixel_workbench/package.ps1'
[3.804s] INFO:colcon.colcon_core.shell:Creating package descriptor '/home/xinchen/Dev/SRTP/install/dynamixel_workbench/share/dynamixel_workbench/package.dsv'
[3.805s] INFO:colcon.colcon_core.shell:Creating package script '/home/xinchen/Dev/SRTP/install/dynamixel_workbench/share/dynamixel_workbench/package.sh'
[3.805s] INFO:colcon.colcon_core.shell:Creating package script '/home/xinchen/Dev/SRTP/install/dynamixel_workbench/share/dynamixel_workbench/package.bash'
[3.806s] INFO:colcon.colcon_core.shell:Creating package script '/home/xinchen/Dev/SRTP/install/dynamixel_workbench/share/dynamixel_workbench/package.zsh'
[3.807s] Level 1:colcon.colcon_core.environment:create_file_with_runtime_dependencies(/home/xinchen/Dev/SRTP/install/dynamixel_workbench/share/colcon-core/packages/dynamixel_workbench)
[3.928s] Level 1:colcon.colcon_core.environment:create_environment_scripts_only(dynamixel_workbench)
[3.941s] Level 1:colcon.colcon_core.environment:checking '/home/xinchen/Dev/SRTP/install/dynamixel_workbench' for CMake module files
[3.942s] Level 1:colcon.colcon_core.environment:checking '/home/xinchen/Dev/SRTP/install/dynamixel_workbench' for CMake config files
[3.958s] Level 1:colcon.colcon_core.shell:create_environment_hook('dynamixel_workbench', 'cmake_prefix_path')
[3.986s] INFO:colcon.colcon_core.shell:Creating environment hook '/home/xinchen/Dev/SRTP/install/dynamixel_workbench/share/dynamixel_workbench/hook/cmake_prefix_path.ps1'
[3.988s] INFO:colcon.colcon_core.shell:Creating environment descriptor '/home/xinchen/Dev/SRTP/install/dynamixel_workbench/share/dynamixel_workbench/hook/cmake_prefix_path.dsv'
[3.989s] INFO:colcon.colcon_core.shell:Creating environment hook '/home/xinchen/Dev/SRTP/install/dynamixel_workbench/share/dynamixel_workbench/hook/cmake_prefix_path.sh'
[3.990s] Level 1:colcon.colcon_core.environment:checking '/home/xinchen/Dev/SRTP/install/dynamixel_workbench/bin'
[3.990s] Level 1:colcon.colcon_core.environment:checking '/home/xinchen/Dev/SRTP/install/dynamixel_workbench/lib/pkgconfig/dynamixel_workbench.pc'
[3.999s] Level 1:colcon.colcon_core.environment:checking '/home/xinchen/Dev/SRTP/install/dynamixel_workbench/lib/python3.8/site-packages'
[4.000s] Level 1:colcon.colcon_core.environment:checking '/home/xinchen/Dev/SRTP/install/dynamixel_workbench/bin'
[4.006s] INFO:colcon.colcon_core.shell:Creating package script '/home/xinchen/Dev/SRTP/install/dynamixel_workbench/share/dynamixel_workbench/package.ps1'
[4.024s] INFO:colcon.colcon_core.shell:Creating package descriptor '/home/xinchen/Dev/SRTP/install/dynamixel_workbench/share/dynamixel_workbench/package.dsv'
[4.025s] INFO:colcon.colcon_core.shell:Creating package script '/home/xinchen/Dev/SRTP/install/dynamixel_workbench/share/dynamixel_workbench/package.sh'
[4.027s] INFO:colcon.colcon_core.shell:Creating package script '/home/xinchen/Dev/SRTP/install/dynamixel_workbench/share/dynamixel_workbench/package.bash'
[4.027s] INFO:colcon.colcon_core.shell:Creating package script '/home/xinchen/Dev/SRTP/install/dynamixel_workbench/share/dynamixel_workbench/package.zsh'
[4.028s] Level 1:colcon.colcon_core.environment:create_file_with_runtime_dependencies(/home/xinchen/Dev/SRTP/install/dynamixel_workbench/share/colcon-core/packages/dynamixel_workbench)
[4.050s] DEBUG:colcon.colcon_core.event_handler.log_command:Invoked command in '/home/xinchen/Dev/SRTP/build/dynamixel_sdk_examples' returned '0': AMENT_PREFIX_PATH=/home/xinchen/Dev/SRTP/install/dynamixel_sdk_custom_interfaces:/home/xinchen/Dev/SRTP/install/dynamixel_sdk:${AMENT_PREFIX_PATH} CMAKE_PREFIX_PATH=/home/xinchen/Dev/SRTP/install/dynamixel_sdk_custom_interfaces:/home/xinchen/Dev/SRTP/install/dynamixel_sdk:/opt/ros/foxy LD_LIBRARY_PATH=/home/xinchen/Dev/SRTP/install/dynamixel_sdk_custom_interfaces/lib:/home/xinchen/Dev/SRTP/install/dynamixel_sdk/lib:${LD_LIBRARY_PATH} PYTHONPATH=/home/xinchen/Dev/SRTP/install/dynamixel_sdk_custom_interfaces/lib/python3.8/site-packages:${PYTHONPATH} /usr/bin/cmake --build /home/xinchen/Dev/SRTP/build/dynamixel_sdk_examples -- -j6 -l6
[4.192s] DEBUG:colcon.colcon_core.event_handler.log_command:Invoking command in '/home/xinchen/Dev/SRTP/build/dynamixel_sdk_examples': AMENT_PREFIX_PATH=/home/xinchen/Dev/SRTP/install/dynamixel_sdk_custom_interfaces:/home/xinchen/Dev/SRTP/install/dynamixel_sdk:${AMENT_PREFIX_PATH} CMAKE_PREFIX_PATH=/home/xinchen/Dev/SRTP/install/dynamixel_sdk_custom_interfaces:/home/xinchen/Dev/SRTP/install/dynamixel_sdk:/opt/ros/foxy LD_LIBRARY_PATH=/home/xinchen/Dev/SRTP/install/dynamixel_sdk_custom_interfaces/lib:/home/xinchen/Dev/SRTP/install/dynamixel_sdk/lib:${LD_LIBRARY_PATH} PYTHONPATH=/home/xinchen/Dev/SRTP/install/dynamixel_sdk_custom_interfaces/lib/python3.8/site-packages:${PYTHONPATH} /usr/bin/cmake --install /home/xinchen/Dev/SRTP/build/dynamixel_sdk_examples
[4.296s] Level 1:colcon.colcon_core.environment:create_environment_scripts_only(dynamixel_sdk_examples)
[4.305s] Level 1:colcon.colcon_core.environment:checking '/home/xinchen/Dev/SRTP/install/dynamixel_sdk_examples' for CMake module files
[4.306s] DEBUG:colcon.colcon_core.event_handler.log_command:Invoked command in '/home/xinchen/Dev/SRTP/build/dynamixel_sdk_examples' returned '0': AMENT_PREFIX_PATH=/home/xinchen/Dev/SRTP/install/dynamixel_sdk_custom_interfaces:/home/xinchen/Dev/SRTP/install/dynamixel_sdk:${AMENT_PREFIX_PATH} CMAKE_PREFIX_PATH=/home/xinchen/Dev/SRTP/install/dynamixel_sdk_custom_interfaces:/home/xinchen/Dev/SRTP/install/dynamixel_sdk:/opt/ros/foxy LD_LIBRARY_PATH=/home/xinchen/Dev/SRTP/install/dynamixel_sdk_custom_interfaces/lib:/home/xinchen/Dev/SRTP/install/dynamixel_sdk/lib:${LD_LIBRARY_PATH} PYTHONPATH=/home/xinchen/Dev/SRTP/install/dynamixel_sdk_custom_interfaces/lib/python3.8/site-packages:${PYTHONPATH} /usr/bin/cmake --install /home/xinchen/Dev/SRTP/build/dynamixel_sdk_examples
[4.307s] Level 1:colcon.colcon_core.environment:checking '/home/xinchen/Dev/SRTP/install/dynamixel_sdk_examples' for CMake config files
[4.308s] Level 1:colcon.colcon_core.shell:create_environment_hook('dynamixel_sdk_examples', 'cmake_prefix_path')
[4.314s] INFO:colcon.colcon_core.shell:Creating environment hook '/home/xinchen/Dev/SRTP/install/dynamixel_sdk_examples/share/dynamixel_sdk_examples/hook/cmake_prefix_path.ps1'
[4.316s] INFO:colcon.colcon_core.shell:Creating environment descriptor '/home/xinchen/Dev/SRTP/install/dynamixel_sdk_examples/share/dynamixel_sdk_examples/hook/cmake_prefix_path.dsv'
[4.319s] INFO:colcon.colcon_core.shell:Creating environment hook '/home/xinchen/Dev/SRTP/install/dynamixel_sdk_examples/share/dynamixel_sdk_examples/hook/cmake_prefix_path.sh'
[4.325s] Level 1:colcon.colcon_core.environment:checking '/home/xinchen/Dev/SRTP/install/dynamixel_sdk_examples/lib'
[4.325s] Level 1:colcon.colcon_core.environment:checking '/home/xinchen/Dev/SRTP/install/dynamixel_sdk_examples/bin'
[4.326s] Level 1:colcon.colcon_core.environment:checking '/home/xinchen/Dev/SRTP/install/dynamixel_sdk_examples/lib/pkgconfig/dynamixel_sdk_examples.pc'
[4.326s] Level 1:colcon.colcon_core.environment:checking '/home/xinchen/Dev/SRTP/install/dynamixel_sdk_examples/lib/python3.8/site-packages'
[4.327s] Level 1:colcon.colcon_core.environment:checking '/home/xinchen/Dev/SRTP/install/dynamixel_sdk_examples/bin'
[4.340s] INFO:colcon.colcon_core.shell:Creating package script '/home/xinchen/Dev/SRTP/install/dynamixel_sdk_examples/share/dynamixel_sdk_examples/package.ps1'
[4.342s] INFO:colcon.colcon_core.shell:Creating package descriptor '/home/xinchen/Dev/SRTP/install/dynamixel_sdk_examples/share/dynamixel_sdk_examples/package.dsv'
[4.343s] INFO:colcon.colcon_core.shell:Creating package script '/home/xinchen/Dev/SRTP/install/dynamixel_sdk_examples/share/dynamixel_sdk_examples/package.sh'
[4.344s] INFO:colcon.colcon_core.shell:Creating package script '/home/xinchen/Dev/SRTP/install/dynamixel_sdk_examples/share/dynamixel_sdk_examples/package.bash'
[4.345s] INFO:colcon.colcon_core.shell:Creating package script '/home/xinchen/Dev/SRTP/install/dynamixel_sdk_examples/share/dynamixel_sdk_examples/package.zsh'
[4.346s] Level 1:colcon.colcon_core.environment:create_file_with_runtime_dependencies(/home/xinchen/Dev/SRTP/install/dynamixel_sdk_examples/share/colcon-core/packages/dynamixel_sdk_examples)
[4.439s] Level 1:colcon.colcon_core.environment:create_environment_scripts_only(dynamixel_sdk_examples)
[4.447s] Level 1:colcon.colcon_core.environment:checking '/home/xinchen/Dev/SRTP/install/dynamixel_sdk_examples' for CMake module files
[4.448s] Level 1:colcon.colcon_core.environment:checking '/home/xinchen/Dev/SRTP/install/dynamixel_sdk_examples' for CMake config files
[4.449s] Level 1:colcon.colcon_core.shell:create_environment_hook('dynamixel_sdk_examples', 'cmake_prefix_path')
[4.454s] INFO:colcon.colcon_core.shell:Creating environment hook '/home/xinchen/Dev/SRTP/install/dynamixel_sdk_examples/share/dynamixel_sdk_examples/hook/cmake_prefix_path.ps1'
[4.458s] INFO:colcon.colcon_core.shell:Creating environment descriptor '/home/xinchen/Dev/SRTP/install/dynamixel_sdk_examples/share/dynamixel_sdk_examples/hook/cmake_prefix_path.dsv'
[4.459s] INFO:colcon.colcon_core.shell:Creating environment hook '/home/xinchen/Dev/SRTP/install/dynamixel_sdk_examples/share/dynamixel_sdk_examples/hook/cmake_prefix_path.sh'
[4.460s] Level 1:colcon.colcon_core.environment:checking '/home/xinchen/Dev/SRTP/install/dynamixel_sdk_examples/lib'
[4.461s] Level 1:colcon.colcon_core.environment:checking '/home/xinchen/Dev/SRTP/install/dynamixel_sdk_examples/bin'
[4.462s] Level 1:colcon.colcon_core.environment:checking '/home/xinchen/Dev/SRTP/install/dynamixel_sdk_examples/lib/pkgconfig/dynamixel_sdk_examples.pc'
[4.464s] Level 1:colcon.colcon_core.environment:checking '/home/xinchen/Dev/SRTP/install/dynamixel_sdk_examples/lib/python3.8/site-packages'
[4.464s] Level 1:colcon.colcon_core.environment:checking '/home/xinchen/Dev/SRTP/install/dynamixel_sdk_examples/bin'
[4.471s] INFO:colcon.colcon_core.shell:Creating package script '/home/xinchen/Dev/SRTP/install/dynamixel_sdk_examples/share/dynamixel_sdk_examples/package.ps1'
[4.473s] INFO:colcon.colcon_core.shell:Creating package descriptor '/home/xinchen/Dev/SRTP/install/dynamixel_sdk_examples/share/dynamixel_sdk_examples/package.dsv'
[4.475s] INFO:colcon.colcon_core.shell:Creating package script '/home/xinchen/Dev/SRTP/install/dynamixel_sdk_examples/share/dynamixel_sdk_examples/package.sh'
[4.477s] INFO:colcon.colcon_core.shell:Creating package script '/home/xinchen/Dev/SRTP/install/dynamixel_sdk_examples/share/dynamixel_sdk_examples/package.bash'
[4.478s] INFO:colcon.colcon_core.shell:Creating package script '/home/xinchen/Dev/SRTP/install/dynamixel_sdk_examples/share/dynamixel_sdk_examples/package.zsh'
[4.480s] Level 1:colcon.colcon_core.environment:create_file_with_runtime_dependencies(/home/xinchen/Dev/SRTP/install/dynamixel_sdk_examples/share/colcon-core/packages/dynamixel_sdk_examples)
[15.435s] DEBUG:colcon.colcon_core.event_handler.log_command:Invoked command in '/home/xinchen/Dev/SRTP/build/motor_controller' returned '2': AMENT_PREFIX_PATH=/home/xinchen/Dev/SRTP/install/dynamixel_workbench_toolbox:/home/xinchen/Dev/SRTP/install/dynamixel_sdk:/home/xinchen/Dev/SRTP/install/custom_interface:${AMENT_PREFIX_PATH} CMAKE_PREFIX_PATH=/home/xinchen/Dev/SRTP/install/dynamixel_workbench_toolbox:/home/xinchen/Dev/SRTP/install/dynamixel_sdk:/home/xinchen/Dev/SRTP/install/custom_interface:/opt/ros/foxy LD_LIBRARY_PATH=/home/xinchen/Dev/SRTP/install/dynamixel_workbench_toolbox/lib:/home/xinchen/Dev/SRTP/install/dynamixel_sdk/lib:/home/xinchen/Dev/SRTP/install/custom_interface/lib:${LD_LIBRARY_PATH} PYTHONPATH=/home/xinchen/Dev/SRTP/install/custom_interface/lib/python3.8/site-packages:${PYTHONPATH} /usr/bin/cmake --build /home/xinchen/Dev/SRTP/build/motor_controller -- -j6 -l6
[15.494s] Level 1:colcon.colcon_core.environment:create_environment_scripts_only(motor_controller)
[15.502s] Level 1:colcon.colcon_core.environment:checking '/home/xinchen/Dev/SRTP/install/motor_controller' for CMake module files
[15.504s] Level 1:colcon.colcon_core.environment:checking '/home/xinchen/Dev/SRTP/install/motor_controller' for CMake config files
[15.505s] Level 1:colcon.colcon_core.shell:create_environment_hook('motor_controller', 'cmake_prefix_path')
[15.510s] INFO:colcon.colcon_core.shell:Creating environment hook '/home/xinchen/Dev/SRTP/install/motor_controller/share/motor_controller/hook/cmake_prefix_path.ps1'
[15.512s] INFO:colcon.colcon_core.shell:Creating environment descriptor '/home/xinchen/Dev/SRTP/install/motor_controller/share/motor_controller/hook/cmake_prefix_path.dsv'
[15.515s] INFO:colcon.colcon_core.shell:Creating environment hook '/home/xinchen/Dev/SRTP/install/motor_controller/share/motor_controller/hook/cmake_prefix_path.sh'
[15.517s] Level 1:colcon.colcon_core.environment:checking '/home/xinchen/Dev/SRTP/install/motor_controller/lib'
[15.517s] Level 1:colcon.colcon_core.environment:checking '/home/xinchen/Dev/SRTP/install/motor_controller/bin'
[15.517s] Level 1:colcon.colcon_core.environment:checking '/home/xinchen/Dev/SRTP/install/motor_controller/lib/pkgconfig/motor_controller.pc'
[15.518s] Level 1:colcon.colcon_core.environment:checking '/home/xinchen/Dev/SRTP/install/motor_controller/lib/python3.8/site-packages'
[15.518s] Level 1:colcon.colcon_core.environment:checking '/home/xinchen/Dev/SRTP/install/motor_controller/bin'
[15.523s] INFO:colcon.colcon_core.shell:Creating package script '/home/xinchen/Dev/SRTP/install/motor_controller/share/motor_controller/package.ps1'
[15.525s] INFO:colcon.colcon_core.shell:Creating package descriptor '/home/xinchen/Dev/SRTP/install/motor_controller/share/motor_controller/package.dsv'
[15.527s] INFO:colcon.colcon_core.shell:Creating package script '/home/xinchen/Dev/SRTP/install/motor_controller/share/motor_controller/package.sh'
[15.528s] INFO:colcon.colcon_core.shell:Creating package script '/home/xinchen/Dev/SRTP/install/motor_controller/share/motor_controller/package.bash'
[15.530s] INFO:colcon.colcon_core.shell:Creating package script '/home/xinchen/Dev/SRTP/install/motor_controller/share/motor_controller/package.zsh'
[15.532s] Level 1:colcon.colcon_core.environment:create_file_with_runtime_dependencies(/home/xinchen/Dev/SRTP/install/motor_controller/share/colcon-core/packages/motor_controller)
[15.544s] DEBUG:colcon.colcon_parallel_executor.executor.parallel:closing loop
[15.545s] DEBUG:colcon.colcon_parallel_executor.executor.parallel:loop closed
[15.545s] DEBUG:colcon.colcon_parallel_executor.executor.parallel:run_until_complete finished with '2'
[15.545s] DEBUG:colcon.colcon_core.event_reactor:joining thread
[15.574s] INFO:colcon.colcon_core.plugin_system:Skipping extension 'colcon_notification.desktop_notification.terminal_notifier': Not used on non-Darwin systems
[15.574s] INFO:colcon.colcon_core.plugin_system:Skipping extension 'colcon_notification.desktop_notification.win32': Not used on non-Windows systems
[15.574s] INFO:colcon.colcon_notification.desktop_notification:Sending desktop notification using 'notify2'
[15.689s] DEBUG:colcon.colcon_core.event_reactor:joined thread
[15.695s] INFO:colcon.colcon_core.shell:Creating prefix script '/home/xinchen/Dev/SRTP/install/local_setup.ps1'
[15.698s] INFO:colcon.colcon_core.shell:Creating prefix util module '/home/xinchen/Dev/SRTP/install/_local_setup_util_ps1.py'
[15.701s] INFO:colcon.colcon_core.shell:Creating prefix chain script '/home/xinchen/Dev/SRTP/install/setup.ps1'
[15.706s] INFO:colcon.colcon_core.shell:Creating prefix script '/home/xinchen/Dev/SRTP/install/local_setup.sh'
[15.707s] INFO:colcon.colcon_core.shell:Creating prefix util module '/home/xinchen/Dev/SRTP/install/_local_setup_util_sh.py'
[15.708s] INFO:colcon.colcon_core.shell:Creating prefix chain script '/home/xinchen/Dev/SRTP/install/setup.sh'
[15.712s] INFO:colcon.colcon_core.shell:Creating prefix script '/home/xinchen/Dev/SRTP/install/local_setup.bash'
[15.713s] INFO:colcon.colcon_core.shell:Creating prefix chain script '/home/xinchen/Dev/SRTP/install/setup.bash'
[15.717s] INFO:colcon.colcon_core.shell:Creating prefix script '/home/xinchen/Dev/SRTP/install/local_setup.zsh'
[15.719s] INFO:colcon.colcon_core.shell:Creating prefix chain script '/home/xinchen/Dev/SRTP/install/setup.zsh'
