[0.111s] Invoking command in '/home/xinchen/Dev/SRTP/build/motor_controller': CMAKE_PREFIX_PATH=/opt/ros/foxy /usr/bin/cmake --build /home/xinchen/Dev/SRTP/build/motor_controller -- -j6 -l6
[0.237s] -- Found ament_cmake: 0.9.12 (/opt/ros/foxy/share/ament_cmake/cmake)
[0.340s] -- Using PYTHON_EXECUTABLE: /usr/bin/python3
[0.888s] -- Found rclcpp: 2.4.3 (/opt/ros/foxy/share/rclcpp/cmake)
[0.966s] -- Using all available rosidl_typesupport_c: rosidl_typesupport_fastrtps_c;rosidl_typesupport_introspection_c
[0.974s] -- Found rosidl_adapter: 1.3.1 (/opt/ros/foxy/share/rosidl_adapter/cmake)
[1.242s] -- Using all available rosidl_typesupport_cpp: rosidl_typesupport_fastrtps_cpp;rosidl_typesupport_introspection_cpp
[1.346s] -- Found rmw_implementation_cmake: 1.0.4 (/opt/ros/foxy/share/rmw_implementation_cmake/cmake)
[1.350s] -- Using RMW implementation 'rmw_fastrtps_cpp' as default
[1.645s] -- Found ament_lint_auto: 0.9.8 (/opt/ros/foxy/share/ament_lint_auto/cmake)
[1.795s] -- Added test 'copyright' to check source files copyright and LICENSE
[1.797s] -- Added test 'cppcheck' to perform static code analysis on C / C++ code
[1.797s] -- Configured cppcheck include dirs: 
[1.798s] -- Configured cppcheck exclude dirs and/or files: 
[1.799s] -- Added test 'cpplint' to check C / C++ code against the Google style
[1.799s] -- Configured cpplint exclude dirs and/or files: 
[1.800s] -- Added test 'lint_cmake' to check CMake code style
[1.802s] -- Added test 'uncrustify' to check C / C++ code style
[1.802s] -- Configured uncrustify additional arguments: 
[1.803s] -- Added test 'xmllint' to check XML markup files
[1.810s] -- Configuring done
[1.820s] -- Generating done
[1.823s] -- Build files have been written to: /home/xinchen/Dev/SRTP/build/motor_controller
[1.886s] Invoked command in '/home/xinchen/Dev/SRTP/build/motor_controller' returned '0': CMAKE_PREFIX_PATH=/opt/ros/foxy /usr/bin/cmake --build /home/xinchen/Dev/SRTP/build/motor_controller -- -j6 -l6
[1.938s] Invoking command in '/home/xinchen/Dev/SRTP/build/motor_controller': CMAKE_PREFIX_PATH=/opt/ros/foxy /usr/bin/cmake --install /home/xinchen/Dev/SRTP/build/motor_controller
[1.956s] -- Install configuration: ""
[1.956s] -- Up-to-date: /home/xinchen/Dev/SRTP/install/motor_controller/share/ament_index/resource_index/package_run_dependencies/motor_controller
[1.957s] -- Up-to-date: /home/xinchen/Dev/SRTP/install/motor_controller/share/ament_index/resource_index/parent_prefix_path/motor_controller
[1.957s] -- Up-to-date: /home/xinchen/Dev/SRTP/install/motor_controller/share/motor_controller/environment/ament_prefix_path.sh
[1.957s] -- Installing: /home/xinchen/Dev/SRTP/install/motor_controller/share/motor_controller/environment/ament_prefix_path.dsv
[1.957s] -- Up-to-date: /home/xinchen/Dev/SRTP/install/motor_controller/share/motor_controller/environment/path.sh
[1.958s] -- Installing: /home/xinchen/Dev/SRTP/install/motor_controller/share/motor_controller/environment/path.dsv
[1.958s] -- Up-to-date: /home/xinchen/Dev/SRTP/install/motor_controller/share/motor_controller/local_setup.bash
[1.958s] -- Up-to-date: /home/xinchen/Dev/SRTP/install/motor_controller/share/motor_controller/local_setup.sh
[1.958s] -- Up-to-date: /home/xinchen/Dev/SRTP/install/motor_controller/share/motor_controller/local_setup.zsh
[1.958s] -- Installing: /home/xinchen/Dev/SRTP/install/motor_controller/share/motor_controller/local_setup.dsv
[1.959s] -- Installing: /home/xinchen/Dev/SRTP/install/motor_controller/share/motor_controller/package.dsv
[1.959s] -- Up-to-date: /home/xinchen/Dev/SRTP/install/motor_controller/share/ament_index/resource_index/packages/motor_controller
[1.959s] -- Up-to-date: /home/xinchen/Dev/SRTP/install/motor_controller/share/motor_controller/cmake/motor_controllerConfig.cmake
[1.959s] -- Up-to-date: /home/xinchen/Dev/SRTP/install/motor_controller/share/motor_controller/cmake/motor_controllerConfig-version.cmake
[1.959s] -- Up-to-date: /home/xinchen/Dev/SRTP/install/motor_controller/share/motor_controller/package.xml
[1.969s] Invoked command in '/home/xinchen/Dev/SRTP/build/motor_controller' returned '0': CMAKE_PREFIX_PATH=/opt/ros/foxy /usr/bin/cmake --install /home/xinchen/Dev/SRTP/build/motor_controller
