-- Found ament_cmake: 0.9.12 (/opt/ros/foxy/share/ament_cmake/cmake)
-- Using PYTHON_EXECUTABLE: /usr/bin/python3
-- Found dynamixel_workbench_toolbox: 2.2.3 (/home/xinchen/Dev/SRTP/install/dynamixel_workbench_toolbox/share/dynamixel_workbench_toolbox/cmake)
-- Using all available rosidl_typesupport_c: rosidl_typesupport_fastrtps_c;rosidl_typesupport_introspection_c
-- Found rosidl_adapter: 1.3.1 (/opt/ros/foxy/share/rosidl_adapter/cmake)
-- Using all available rosidl_typesupport_cpp: rosidl_typesupport_fastrtps_cpp;rosidl_typesupport_introspection_cpp
-- Found rmw_implementation_cmake: 1.0.4 (/opt/ros/foxy/share/rmw_implementation_cmake/cmake)
-- Using RMW implementation 'rmw_fastrtps_cpp' as default
-- Found custom_interface: 0.0.0 (/home/xinchen/Dev/SRTP/install/custom_interface/share/custom_interface/cmake)
-- Found ament_lint_auto: 0.9.8 (/opt/ros/foxy/share/ament_lint_auto/cmake)
-- Added test 'copyright' to check source files copyright and LICENSE
-- Added test 'cppcheck' to perform static code analysis on C / C++ code
-- Configured cppcheck include dirs: 
-- Configured cppcheck exclude dirs and/or files: 
-- Added test 'cpplint' to check C / C++ code against the Google style
-- Configured cpplint exclude dirs and/or files: 
-- Added test 'lint_cmake' to check CMake code style
-- Added test 'uncrustify' to check C / C++ code style
-- Configured uncrustify additional arguments: 
-- Added test 'xmllint' to check XML markup files
-- Configuring done
-- Generating done
-- Build files have been written to: /home/xinchen/Dev/SRTP/build/motor_controller
[35m[1mScanning dependencies of target torque_controller[0m
[ 25%] [32m[1mLinking CXX executable position_controller[0m
[ 50%] [32mBuilding CXX object CMakeFiles/torque_controller.dir/src/torque_controller.cpp.o[0m
[ 75%] Built target position_controller
[100%] [32m[1mLinking CXX executable torque_controller[0m
[100%] Built target torque_controller
-- Install configuration: ""
-- Installing: /home/xinchen/Dev/SRTP/install/motor_controller/lib/motor_controller/torque_controller
-- Set runtime path of "/home/xinchen/Dev/SRTP/install/motor_controller/lib/motor_controller/torque_controller" to ""
-- Installing: /home/xinchen/Dev/SRTP/install/motor_controller/lib/motor_controller/position_controller
-- Set runtime path of "/home/xinchen/Dev/SRTP/install/motor_controller/lib/motor_controller/position_controller" to ""
-- Up-to-date: /home/xinchen/Dev/SRTP/install/motor_controller/share/ament_index/resource_index/package_run_dependencies/motor_controller
-- Installing: /home/xinchen/Dev/SRTP/install/motor_controller/share/ament_index/resource_index/parent_prefix_path/motor_controller
-- Up-to-date: /home/xinchen/Dev/SRTP/install/motor_controller/share/motor_controller/environment/ament_prefix_path.sh
-- Installing: /home/xinchen/Dev/SRTP/install/motor_controller/share/motor_controller/environment/ament_prefix_path.dsv
-- Up-to-date: /home/xinchen/Dev/SRTP/install/motor_controller/share/motor_controller/environment/path.sh
-- Installing: /home/xinchen/Dev/SRTP/install/motor_controller/share/motor_controller/environment/path.dsv
-- Up-to-date: /home/xinchen/Dev/SRTP/install/motor_controller/share/motor_controller/local_setup.bash
-- Up-to-date: /home/xinchen/Dev/SRTP/install/motor_controller/share/motor_controller/local_setup.sh
-- Up-to-date: /home/xinchen/Dev/SRTP/install/motor_controller/share/motor_controller/local_setup.zsh
-- Installing: /home/xinchen/Dev/SRTP/install/motor_controller/share/motor_controller/local_setup.dsv
-- Installing: /home/xinchen/Dev/SRTP/install/motor_controller/share/motor_controller/package.dsv
-- Up-to-date: /home/xinchen/Dev/SRTP/install/motor_controller/share/ament_index/resource_index/packages/motor_controller
-- Up-to-date: /home/xinchen/Dev/SRTP/install/motor_controller/share/motor_controller/cmake/motor_controllerConfig.cmake
-- Up-to-date: /home/xinchen/Dev/SRTP/install/motor_controller/share/motor_controller/cmake/motor_controllerConfig-version.cmake
-- Up-to-date: /home/xinchen/Dev/SRTP/install/motor_controller/share/motor_controller/package.xml
