[0.118s] Invoking command in '/home/xinchen/Dev/SRTP/build/custom_interface': CMAKE_PREFIX_PATH=${CMAKE_PREFIX_PATH}:/opt/ros/foxy /usr/bin/cmake --build /home/xinchen/Dev/SRTP/build/custom_interface -- -j6 -l6
[0.335s] [  9%] Built target custom_interface__rosidl_generator_c
[0.385s] [ 12%] Built target custom_interface__cpp
[0.487s] [ 22%] Built target custom_interface__rosidl_typesupport_introspection_c
[0.535s] [ 32%] Built target custom_interface__rosidl_typesupport_c
[0.541s] [ 41%] Built target custom_interface__rosidl_typesupport_cpp
[0.555s] [ 51%] Built target custom_interface__rosidl_typesupport_fastrtps_cpp
[0.573s] [ 61%] Built target custom_interface__rosidl_typesupport_introspection_cpp
[0.630s] [ 70%] Built target custom_interface__rosidl_typesupport_fastrtps_c
[0.692s] [ 70%] Built target custom_interface
[0.768s] [ 74%] Built target custom_interface__py
[0.849s] [ 80%] Built target custom_interface__python
[0.924s] [ 87%] Built target custom_interface__rosidl_typesupport_fastrtps_c__pyext
[0.957s] [ 93%] Built target custom_interface__rosidl_typesupport_c__pyext
[0.977s] [100%] Built target custom_interface__rosidl_typesupport_introspection_c__pyext
[1.066s] Invoked command in '/home/xinchen/Dev/SRTP/build/custom_interface' returned '0': CMAKE_PREFIX_PATH=${CMAKE_PREFIX_PATH}:/opt/ros/foxy /usr/bin/cmake --build /home/xinchen/Dev/SRTP/build/custom_interface -- -j6 -l6
[1.297s] Invoking command in '/home/xinchen/Dev/SRTP/build/custom_interface': CMAKE_PREFIX_PATH=${CMAKE_PREFIX_PATH}:/opt/ros/foxy /usr/bin/cmake --install /home/xinchen/Dev/SRTP/build/custom_interface
[1.355s] -- Install configuration: ""
[1.355s] -- Up-to-date: /home/xinchen/Dev/SRTP/install/custom_interface/share/ament_index/resource_index/rosidl_interfaces/custom_interface
[1.356s] -- Up-to-date: /home/xinchen/Dev/SRTP/install/custom_interface/include/custom_interface
[1.356s] -- Up-to-date: /home/xinchen/Dev/SRTP/install/custom_interface/include/custom_interface/msg
[1.356s] -- Up-to-date: /home/xinchen/Dev/SRTP/install/custom_interface/include/custom_interface/msg/torque.h
[1.356s] -- Up-to-date: /home/xinchen/Dev/SRTP/install/custom_interface/include/custom_interface/msg/detail
[1.356s] -- Up-to-date: /home/xinchen/Dev/SRTP/install/custom_interface/include/custom_interface/msg/detail/torque__functions.c
[1.356s] -- Up-to-date: /home/xinchen/Dev/SRTP/install/custom_interface/include/custom_interface/msg/detail/torque__type_support.h
[1.357s] -- Up-to-date: /home/xinchen/Dev/SRTP/install/custom_interface/include/custom_interface/msg/detail/torque__functions.h
[1.357s] -- Up-to-date: /home/xinchen/Dev/SRTP/install/custom_interface/include/custom_interface/msg/detail/torque__struct.h
[1.357s] -- Up-to-date: /home/xinchen/Dev/SRTP/install/custom_interface/include/custom_interface/msg/rosidl_generator_c__visibility_control.h
[1.357s] -- Up-to-date: /home/xinchen/Dev/SRTP/install/custom_interface/share/custom_interface/environment/library_path.sh
[1.357s] -- Up-to-date: /home/xinchen/Dev/SRTP/install/custom_interface/share/custom_interface/environment/library_path.dsv
[1.357s] -- Up-to-date: /home/xinchen/Dev/SRTP/install/custom_interface/lib/libcustom_interface__rosidl_generator_c.so
[1.357s] -- Up-to-date: /home/xinchen/Dev/SRTP/install/custom_interface/include/custom_interface
[1.357s] -- Up-to-date: /home/xinchen/Dev/SRTP/install/custom_interface/include/custom_interface/msg
[1.358s] -- Up-to-date: /home/xinchen/Dev/SRTP/install/custom_interface/include/custom_interface/msg/detail
[1.358s] -- Up-to-date: /home/xinchen/Dev/SRTP/install/custom_interface/include/custom_interface/msg/detail/torque__rosidl_typesupport_fastrtps_c.h
[1.359s] -- Up-to-date: /home/xinchen/Dev/SRTP/install/custom_interface/include/custom_interface/msg/rosidl_typesupport_fastrtps_c__visibility_control.h
[1.359s] -- Up-to-date: /home/xinchen/Dev/SRTP/install/custom_interface/lib/libcustom_interface__rosidl_typesupport_fastrtps_c.so
[1.359s] -- Up-to-date: /home/xinchen/Dev/SRTP/install/custom_interface/include/custom_interface
[1.360s] -- Up-to-date: /home/xinchen/Dev/SRTP/install/custom_interface/include/custom_interface/msg
[1.360s] -- Up-to-date: /home/xinchen/Dev/SRTP/install/custom_interface/include/custom_interface/msg/detail
[1.360s] -- Up-to-date: /home/xinchen/Dev/SRTP/install/custom_interface/include/custom_interface/msg/detail/torque__rosidl_typesupport_fastrtps_cpp.hpp
[1.360s] -- Up-to-date: /home/xinchen/Dev/SRTP/install/custom_interface/include/custom_interface/msg/detail/dds_fastrtps
[1.360s] -- Up-to-date: /home/xinchen/Dev/SRTP/install/custom_interface/include/custom_interface/msg/rosidl_typesupport_fastrtps_cpp__visibility_control.h
[1.361s] -- Up-to-date: /home/xinchen/Dev/SRTP/install/custom_interface/lib/libcustom_interface__rosidl_typesupport_fastrtps_cpp.so
[1.361s] -- Up-to-date: /home/xinchen/Dev/SRTP/install/custom_interface/include/custom_interface
[1.361s] -- Up-to-date: /home/xinchen/Dev/SRTP/install/custom_interface/include/custom_interface/msg
[1.361s] -- Up-to-date: /home/xinchen/Dev/SRTP/install/custom_interface/include/custom_interface/msg/detail
[1.361s] -- Up-to-date: /home/xinchen/Dev/SRTP/install/custom_interface/include/custom_interface/msg/detail/torque__type_support.c
[1.361s] -- Up-to-date: /home/xinchen/Dev/SRTP/install/custom_interface/include/custom_interface/msg/detail/torque__rosidl_typesupport_introspection_c.h
[1.361s] -- Up-to-date: /home/xinchen/Dev/SRTP/install/custom_interface/include/custom_interface/msg/rosidl_typesupport_introspection_c__visibility_control.h
[1.363s] -- Up-to-date: /home/xinchen/Dev/SRTP/install/custom_interface/lib/libcustom_interface__rosidl_typesupport_introspection_c.so
[1.364s] -- Up-to-date: /home/xinchen/Dev/SRTP/install/custom_interface/lib/libcustom_interface__rosidl_typesupport_c.so
[1.364s] -- Up-to-date: /home/xinchen/Dev/SRTP/install/custom_interface/include/custom_interface
[1.364s] -- Up-to-date: /home/xinchen/Dev/SRTP/install/custom_interface/include/custom_interface/msg
[1.364s] -- Up-to-date: /home/xinchen/Dev/SRTP/install/custom_interface/include/custom_interface/msg/detail
[1.364s] -- Up-to-date: /home/xinchen/Dev/SRTP/install/custom_interface/include/custom_interface/msg/detail/torque__builder.hpp
[1.364s] -- Up-to-date: /home/xinchen/Dev/SRTP/install/custom_interface/include/custom_interface/msg/detail/torque__type_support.hpp
[1.364s] -- Up-to-date: /home/xinchen/Dev/SRTP/install/custom_interface/include/custom_interface/msg/detail/torque__traits.hpp
[1.365s] -- Up-to-date: /home/xinchen/Dev/SRTP/install/custom_interface/include/custom_interface/msg/detail/torque__struct.hpp
[1.365s] -- Up-to-date: /home/xinchen/Dev/SRTP/install/custom_interface/include/custom_interface/msg/rosidl_generator_cpp__visibility_control.hpp
[1.365s] -- Up-to-date: /home/xinchen/Dev/SRTP/install/custom_interface/include/custom_interface/msg/torque.hpp
[1.367s] -- Up-to-date: /home/xinchen/Dev/SRTP/install/custom_interface/include/custom_interface
[1.368s] -- Up-to-date: /home/xinchen/Dev/SRTP/install/custom_interface/include/custom_interface/msg
[1.368s] -- Up-to-date: /home/xinchen/Dev/SRTP/install/custom_interface/include/custom_interface/msg/detail
[1.368s] -- Up-to-date: /home/xinchen/Dev/SRTP/install/custom_interface/include/custom_interface/msg/detail/torque__rosidl_typesupport_introspection_cpp.hpp
[1.368s] -- Up-to-date: /home/xinchen/Dev/SRTP/install/custom_interface/include/custom_interface/msg/detail/torque__type_support.cpp
[1.368s] -- Up-to-date: /home/xinchen/Dev/SRTP/install/custom_interface/lib/libcustom_interface__rosidl_typesupport_introspection_cpp.so
[1.369s] -- Up-to-date: /home/xinchen/Dev/SRTP/install/custom_interface/lib/libcustom_interface__rosidl_typesupport_cpp.so
[1.369s] -- Up-to-date: /home/xinchen/Dev/SRTP/install/custom_interface/share/custom_interface/environment/pythonpath.sh
[1.369s] -- Up-to-date: /home/xinchen/Dev/SRTP/install/custom_interface/share/custom_interface/environment/pythonpath.dsv
[1.369s] -- Up-to-date: /home/xinchen/Dev/SRTP/install/custom_interface/lib/python3.8/site-packages/custom_interface/__init__.py
[1.455s] -- Up-to-date: /home/xinchen/Dev/SRTP/install/custom_interface/lib/python3.8/site-packages/custom_interface/msg
[1.455s] -- Up-to-date: /home/xinchen/Dev/SRTP/install/custom_interface/lib/python3.8/site-packages/custom_interface/msg/_torque_s.c
[1.455s] -- Up-to-date: /home/xinchen/Dev/SRTP/install/custom_interface/lib/python3.8/site-packages/custom_interface/msg/_torque.py
[1.455s] -- Up-to-date: /home/xinchen/Dev/SRTP/install/custom_interface/lib/python3.8/site-packages/custom_interface/msg/__init__.py
[1.456s] -- Up-to-date: /home/xinchen/Dev/SRTP/install/custom_interface/lib/python3.8/site-packages/custom_interface/custom_interface_s__rosidl_typesupport_fastrtps_c.cpython-38-aarch64-linux-gnu.so
[1.459s] -- Up-to-date: /home/xinchen/Dev/SRTP/install/custom_interface/lib/python3.8/site-packages/custom_interface/custom_interface_s__rosidl_typesupport_introspection_c.cpython-38-aarch64-linux-gnu.so
[1.491s] -- Up-to-date: /home/xinchen/Dev/SRTP/install/custom_interface/lib/python3.8/site-packages/custom_interface/custom_interface_s__rosidl_typesupport_c.cpython-38-aarch64-linux-gnu.so
[1.501s] -- Up-to-date: /home/xinchen/Dev/SRTP/install/custom_interface/lib/libcustom_interface__python.so
[1.501s] -- Up-to-date: /home/xinchen/Dev/SRTP/install/custom_interface/share/custom_interface/msg/Torque.idl
[1.501s] -- Up-to-date: /home/xinchen/Dev/SRTP/install/custom_interface/share/custom_interface/msg/Torque.msg
[1.501s] -- Up-to-date: /home/xinchen/Dev/SRTP/install/custom_interface/share/ament_index/resource_index/package_run_dependencies/custom_interface
[1.512s] -- Up-to-date: /home/xinchen/Dev/SRTP/install/custom_interface/share/ament_index/resource_index/parent_prefix_path/custom_interface
[1.513s] -- Up-to-date: /home/xinchen/Dev/SRTP/install/custom_interface/share/custom_interface/environment/ament_prefix_path.sh
[1.513s] -- Up-to-date: /home/xinchen/Dev/SRTP/install/custom_interface/share/custom_interface/environment/ament_prefix_path.dsv
[1.513s] -- Up-to-date: /home/xinchen/Dev/SRTP/install/custom_interface/share/custom_interface/environment/path.sh
[1.513s] -- Up-to-date: /home/xinchen/Dev/SRTP/install/custom_interface/share/custom_interface/environment/path.dsv
[1.513s] -- Up-to-date: /home/xinchen/Dev/SRTP/install/custom_interface/share/custom_interface/local_setup.bash
[1.513s] -- Up-to-date: /home/xinchen/Dev/SRTP/install/custom_interface/share/custom_interface/local_setup.sh
[1.514s] -- Up-to-date: /home/xinchen/Dev/SRTP/install/custom_interface/share/custom_interface/local_setup.zsh
[1.514s] -- Up-to-date: /home/xinchen/Dev/SRTP/install/custom_interface/share/custom_interface/local_setup.dsv
[1.514s] -- Installing: /home/xinchen/Dev/SRTP/install/custom_interface/share/custom_interface/package.dsv
[1.514s] -- Up-to-date: /home/xinchen/Dev/SRTP/install/custom_interface/share/ament_index/resource_index/packages/custom_interface
[1.515s] -- Up-to-date: /home/xinchen/Dev/SRTP/install/custom_interface/share/custom_interface/cmake/custom_interface__rosidl_generator_cExport.cmake
[1.515s] -- Up-to-date: /home/xinchen/Dev/SRTP/install/custom_interface/share/custom_interface/cmake/custom_interface__rosidl_generator_cExport-noconfig.cmake
[1.516s] -- Up-to-date: /home/xinchen/Dev/SRTP/install/custom_interface/share/custom_interface/cmake/custom_interface__rosidl_typesupport_introspection_cExport.cmake
[1.516s] -- Up-to-date: /home/xinchen/Dev/SRTP/install/custom_interface/share/custom_interface/cmake/custom_interface__rosidl_typesupport_introspection_cExport-noconfig.cmake
[1.516s] -- Up-to-date: /home/xinchen/Dev/SRTP/install/custom_interface/share/custom_interface/cmake/custom_interface__rosidl_typesupport_cExport.cmake
[1.516s] -- Up-to-date: /home/xinchen/Dev/SRTP/install/custom_interface/share/custom_interface/cmake/custom_interface__rosidl_typesupport_cExport-noconfig.cmake
[1.516s] -- Up-to-date: /home/xinchen/Dev/SRTP/install/custom_interface/share/custom_interface/cmake/custom_interface__rosidl_generator_cppExport.cmake
[1.516s] -- Up-to-date: /home/xinchen/Dev/SRTP/install/custom_interface/share/custom_interface/cmake/custom_interface__rosidl_typesupport_introspection_cppExport.cmake
[1.516s] -- Up-to-date: /home/xinchen/Dev/SRTP/install/custom_interface/share/custom_interface/cmake/custom_interface__rosidl_typesupport_introspection_cppExport-noconfig.cmake
[1.517s] -- Up-to-date: /home/xinchen/Dev/SRTP/install/custom_interface/share/custom_interface/cmake/custom_interface__rosidl_typesupport_cppExport.cmake
[1.517s] -- Up-to-date: /home/xinchen/Dev/SRTP/install/custom_interface/share/custom_interface/cmake/custom_interface__rosidl_typesupport_cppExport-noconfig.cmake
[1.517s] -- Up-to-date: /home/xinchen/Dev/SRTP/install/custom_interface/share/custom_interface/cmake/rosidl_cmake-extras.cmake
[1.517s] -- Up-to-date: /home/xinchen/Dev/SRTP/install/custom_interface/share/custom_interface/cmake/ament_cmake_export_dependencies-extras.cmake
[1.517s] -- Up-to-date: /home/xinchen/Dev/SRTP/install/custom_interface/share/custom_interface/cmake/ament_cmake_export_libraries-extras.cmake
[1.517s] -- Up-to-date: /home/xinchen/Dev/SRTP/install/custom_interface/share/custom_interface/cmake/ament_cmake_export_targets-extras.cmake
[1.517s] -- Up-to-date: /home/xinchen/Dev/SRTP/install/custom_interface/share/custom_interface/cmake/ament_cmake_export_include_directories-extras.cmake
[1.517s] -- Up-to-date: /home/xinchen/Dev/SRTP/install/custom_interface/share/custom_interface/cmake/rosidl_cmake_export_typesupport_libraries-extras.cmake
[1.518s] -- Up-to-date: /home/xinchen/Dev/SRTP/install/custom_interface/share/custom_interface/cmake/rosidl_cmake_export_typesupport_targets-extras.cmake
[1.518s] -- Up-to-date: /home/xinchen/Dev/SRTP/install/custom_interface/share/custom_interface/cmake/custom_interfaceConfig.cmake
[1.518s] -- Up-to-date: /home/xinchen/Dev/SRTP/install/custom_interface/share/custom_interface/cmake/custom_interfaceConfig-version.cmake
[1.518s] -- Up-to-date: /home/xinchen/Dev/SRTP/install/custom_interface/share/custom_interface/package.xml
[1.593s] Invoked command in '/home/xinchen/Dev/SRTP/build/custom_interface' returned '0': CMAKE_PREFIX_PATH=${CMAKE_PREFIX_PATH}:/opt/ros/foxy /usr/bin/cmake --install /home/xinchen/Dev/SRTP/build/custom_interface
