[0.115s] Invoking command in '/home/xinchen/Dev/SRTP/build/custom_interface': CMAKE_PREFIX_PATH=${CMAKE_PREFIX_PATH}:/opt/ros/foxy /usr/bin/cmake --build /home/xinchen/Dev/SRTP/build/custom_interface -- -j6 -l6
[0.396s] [  9%] Built target custom_interface__rosidl_generator_c
[0.408s] [ 12%] Built target custom_interface__cpp
[0.515s] [ 22%] Built target custom_interface__rosidl_typesupport_c
[0.524s] [ 32%] Built target custom_interface__rosidl_typesupport_introspection_c
[0.592s] [ 41%] Built target custom_interface__rosidl_typesupport_introspection_cpp
[0.616s] [ 51%] Built target custom_interface__rosidl_typesupport_cpp
[0.622s] [ 61%] Built target custom_interface__rosidl_typesupport_fastrtps_cpp
[0.677s] [ 70%] Built target custom_interface__rosidl_typesupport_fastrtps_c
[0.743s] [ 70%] Built target custom_interface
[0.798s] [ 74%] Built target custom_interface__py
[0.863s] [ 80%] Built target custom_interface__python
[0.981s] [ 87%] Built target custom_interface__rosidl_typesupport_introspection_c__pyext
[0.984s] [ 93%] Built target custom_interface__rosidl_typesupport_fastrtps_c__pyext
[1.029s] [100%] Built target custom_interface__rosidl_typesupport_c__pyext
[1.148s] Invoked command in '/home/xinchen/Dev/SRTP/build/custom_interface' returned '0': CMAKE_PREFIX_PATH=${CMAKE_PREFIX_PATH}:/opt/ros/foxy /usr/bin/cmake --build /home/xinchen/Dev/SRTP/build/custom_interface -- -j6 -l6
[1.475s] Invoking command in '/home/xinchen/Dev/SRTP/build/custom_interface': CMAKE_PREFIX_PATH=${CMAKE_PREFIX_PATH}:/opt/ros/foxy /usr/bin/cmake --install /home/xinchen/Dev/SRTP/build/custom_interface
[1.516s] -- Install configuration: ""
[1.516s] -- Up-to-date: /home/xinchen/Dev/SRTP/install/custom_interface/share/ament_index/resource_index/rosidl_interfaces/custom_interface
[1.522s] -- Up-to-date: /home/xinchen/Dev/SRTP/install/custom_interface/include/custom_interface
[1.522s] -- Up-to-date: /home/xinchen/Dev/SRTP/install/custom_interface/include/custom_interface/msg
[1.522s] -- Up-to-date: /home/xinchen/Dev/SRTP/install/custom_interface/include/custom_interface/msg/torque.h
[1.522s] -- Up-to-date: /home/xinchen/Dev/SRTP/install/custom_interface/include/custom_interface/msg/detail
[1.522s] -- Up-to-date: /home/xinchen/Dev/SRTP/install/custom_interface/include/custom_interface/msg/detail/torque__functions.c
[1.523s] -- Up-to-date: /home/xinchen/Dev/SRTP/install/custom_interface/include/custom_interface/msg/detail/torque__type_support.h
[1.523s] -- Up-to-date: /home/xinchen/Dev/SRTP/install/custom_interface/include/custom_interface/msg/detail/torque__functions.h
[1.524s] -- Up-to-date: /home/xinchen/Dev/SRTP/install/custom_interface/include/custom_interface/msg/detail/torque__struct.h
[1.524s] -- Up-to-date: /home/xinchen/Dev/SRTP/install/custom_interface/include/custom_interface/msg/rosidl_generator_c__visibility_control.h
[1.524s] -- Up-to-date: /home/xinchen/Dev/SRTP/install/custom_interface/share/custom_interface/environment/library_path.sh
[1.524s] -- Up-to-date: /home/xinchen/Dev/SRTP/install/custom_interface/share/custom_interface/environment/library_path.dsv
[1.524s] -- Up-to-date: /home/xinchen/Dev/SRTP/install/custom_interface/lib/libcustom_interface__rosidl_generator_c.so
[1.526s] -- Up-to-date: /home/xinchen/Dev/SRTP/install/custom_interface/include/custom_interface
[1.526s] -- Up-to-date: /home/xinchen/Dev/SRTP/install/custom_interface/include/custom_interface/msg
[1.527s] -- Up-to-date: /home/xinchen/Dev/SRTP/install/custom_interface/include/custom_interface/msg/detail
[1.528s] -- Up-to-date: /home/xinchen/Dev/SRTP/install/custom_interface/include/custom_interface/msg/detail/torque__rosidl_typesupport_fastrtps_c.h
[1.528s] -- Up-to-date: /home/xinchen/Dev/SRTP/install/custom_interface/include/custom_interface/msg/rosidl_typesupport_fastrtps_c__visibility_control.h
[1.528s] -- Up-to-date: /home/xinchen/Dev/SRTP/install/custom_interface/lib/libcustom_interface__rosidl_typesupport_fastrtps_c.so
[1.530s] -- Up-to-date: /home/xinchen/Dev/SRTP/install/custom_interface/include/custom_interface
[1.531s] -- Up-to-date: /home/xinchen/Dev/SRTP/install/custom_interface/include/custom_interface/msg
[1.531s] -- Up-to-date: /home/xinchen/Dev/SRTP/install/custom_interface/include/custom_interface/msg/detail
[1.532s] -- Up-to-date: /home/xinchen/Dev/SRTP/install/custom_interface/include/custom_interface/msg/detail/torque__rosidl_typesupport_fastrtps_cpp.hpp
[1.532s] -- Up-to-date: /home/xinchen/Dev/SRTP/install/custom_interface/include/custom_interface/msg/detail/dds_fastrtps
[1.532s] -- Up-to-date: /home/xinchen/Dev/SRTP/install/custom_interface/include/custom_interface/msg/rosidl_typesupport_fastrtps_cpp__visibility_control.h
[1.533s] -- Up-to-date: /home/xinchen/Dev/SRTP/install/custom_interface/lib/libcustom_interface__rosidl_typesupport_fastrtps_cpp.so
[1.534s] -- Up-to-date: /home/xinchen/Dev/SRTP/install/custom_interface/include/custom_interface
[1.534s] -- Up-to-date: /home/xinchen/Dev/SRTP/install/custom_interface/include/custom_interface/msg
[1.534s] -- Up-to-date: /home/xinchen/Dev/SRTP/install/custom_interface/include/custom_interface/msg/detail
[1.534s] -- Up-to-date: /home/xinchen/Dev/SRTP/install/custom_interface/include/custom_interface/msg/detail/torque__type_support.c
[1.534s] -- Up-to-date: /home/xinchen/Dev/SRTP/install/custom_interface/include/custom_interface/msg/detail/torque__rosidl_typesupport_introspection_c.h
[1.534s] -- Up-to-date: /home/xinchen/Dev/SRTP/install/custom_interface/include/custom_interface/msg/rosidl_typesupport_introspection_c__visibility_control.h
[1.535s] -- Up-to-date: /home/xinchen/Dev/SRTP/install/custom_interface/lib/libcustom_interface__rosidl_typesupport_introspection_c.so
[1.535s] -- Up-to-date: /home/xinchen/Dev/SRTP/install/custom_interface/lib/libcustom_interface__rosidl_typesupport_c.so
[1.535s] -- Up-to-date: /home/xinchen/Dev/SRTP/install/custom_interface/include/custom_interface
[1.535s] -- Up-to-date: /home/xinchen/Dev/SRTP/install/custom_interface/include/custom_interface/msg
[1.535s] -- Up-to-date: /home/xinchen/Dev/SRTP/install/custom_interface/include/custom_interface/msg/detail
[1.536s] -- Up-to-date: /home/xinchen/Dev/SRTP/install/custom_interface/include/custom_interface/msg/detail/torque__builder.hpp
[1.536s] -- Up-to-date: /home/xinchen/Dev/SRTP/install/custom_interface/include/custom_interface/msg/detail/torque__type_support.hpp
[1.536s] -- Up-to-date: /home/xinchen/Dev/SRTP/install/custom_interface/include/custom_interface/msg/detail/torque__traits.hpp
[1.536s] -- Up-to-date: /home/xinchen/Dev/SRTP/install/custom_interface/include/custom_interface/msg/detail/torque__struct.hpp
[1.537s] -- Up-to-date: /home/xinchen/Dev/SRTP/install/custom_interface/include/custom_interface/msg/rosidl_generator_cpp__visibility_control.hpp
[1.537s] -- Up-to-date: /home/xinchen/Dev/SRTP/install/custom_interface/include/custom_interface/msg/torque.hpp
[1.537s] -- Up-to-date: /home/xinchen/Dev/SRTP/install/custom_interface/include/custom_interface
[1.537s] -- Up-to-date: /home/xinchen/Dev/SRTP/install/custom_interface/include/custom_interface/msg
[1.537s] -- Up-to-date: /home/xinchen/Dev/SRTP/install/custom_interface/include/custom_interface/msg/detail
[1.558s] -- Up-to-date: /home/xinchen/Dev/SRTP/install/custom_interface/include/custom_interface/msg/detail/torque__rosidl_typesupport_introspection_cpp.hpp
[1.558s] -- Up-to-date: /home/xinchen/Dev/SRTP/install/custom_interface/include/custom_interface/msg/detail/torque__type_support.cpp
[1.558s] -- Up-to-date: /home/xinchen/Dev/SRTP/install/custom_interface/lib/libcustom_interface__rosidl_typesupport_introspection_cpp.so
[1.558s] -- Up-to-date: /home/xinchen/Dev/SRTP/install/custom_interface/lib/libcustom_interface__rosidl_typesupport_cpp.so
[1.558s] -- Up-to-date: /home/xinchen/Dev/SRTP/install/custom_interface/share/custom_interface/environment/pythonpath.sh
[1.558s] -- Up-to-date: /home/xinchen/Dev/SRTP/install/custom_interface/share/custom_interface/environment/pythonpath.dsv
[1.559s] -- Up-to-date: /home/xinchen/Dev/SRTP/install/custom_interface/lib/python3.8/site-packages/custom_interface/__init__.py
[1.626s] -- Up-to-date: /home/xinchen/Dev/SRTP/install/custom_interface/lib/python3.8/site-packages/custom_interface/msg
[1.627s] -- Up-to-date: /home/xinchen/Dev/SRTP/install/custom_interface/lib/python3.8/site-packages/custom_interface/msg/_torque_s.c
[1.627s] -- Up-to-date: /home/xinchen/Dev/SRTP/install/custom_interface/lib/python3.8/site-packages/custom_interface/msg/_torque.py
[1.627s] -- Up-to-date: /home/xinchen/Dev/SRTP/install/custom_interface/lib/python3.8/site-packages/custom_interface/msg/__init__.py
[1.627s] -- Up-to-date: /home/xinchen/Dev/SRTP/install/custom_interface/lib/python3.8/site-packages/custom_interface/custom_interface_s__rosidl_typesupport_fastrtps_c.cpython-38-aarch64-linux-gnu.so
[1.628s] -- Up-to-date: /home/xinchen/Dev/SRTP/install/custom_interface/lib/python3.8/site-packages/custom_interface/custom_interface_s__rosidl_typesupport_introspection_c.cpython-38-aarch64-linux-gnu.so
[1.630s] -- Up-to-date: /home/xinchen/Dev/SRTP/install/custom_interface/lib/python3.8/site-packages/custom_interface/custom_interface_s__rosidl_typesupport_c.cpython-38-aarch64-linux-gnu.so
[1.630s] -- Up-to-date: /home/xinchen/Dev/SRTP/install/custom_interface/lib/libcustom_interface__python.so
[1.631s] -- Up-to-date: /home/xinchen/Dev/SRTP/install/custom_interface/share/custom_interface/msg/Torque.idl
[1.631s] -- Up-to-date: /home/xinchen/Dev/SRTP/install/custom_interface/share/custom_interface/msg/Torque.msg
[1.631s] -- Up-to-date: /home/xinchen/Dev/SRTP/install/custom_interface/share/ament_index/resource_index/package_run_dependencies/custom_interface
[1.632s] -- Up-to-date: /home/xinchen/Dev/SRTP/install/custom_interface/share/ament_index/resource_index/parent_prefix_path/custom_interface
[1.632s] -- Up-to-date: /home/xinchen/Dev/SRTP/install/custom_interface/share/custom_interface/environment/ament_prefix_path.sh
[1.633s] -- Up-to-date: /home/xinchen/Dev/SRTP/install/custom_interface/share/custom_interface/environment/ament_prefix_path.dsv
[1.633s] -- Up-to-date: /home/xinchen/Dev/SRTP/install/custom_interface/share/custom_interface/environment/path.sh
[1.633s] -- Up-to-date: /home/xinchen/Dev/SRTP/install/custom_interface/share/custom_interface/environment/path.dsv
[1.633s] -- Up-to-date: /home/xinchen/Dev/SRTP/install/custom_interface/share/custom_interface/local_setup.bash
[1.633s] -- Up-to-date: /home/xinchen/Dev/SRTP/install/custom_interface/share/custom_interface/local_setup.sh
[1.634s] -- Up-to-date: /home/xinchen/Dev/SRTP/install/custom_interface/share/custom_interface/local_setup.zsh
[1.634s] -- Up-to-date: /home/xinchen/Dev/SRTP/install/custom_interface/share/custom_interface/local_setup.dsv
[1.634s] -- Installing: /home/xinchen/Dev/SRTP/install/custom_interface/share/custom_interface/package.dsv
[1.634s] -- Up-to-date: /home/xinchen/Dev/SRTP/install/custom_interface/share/ament_index/resource_index/packages/custom_interface
[1.635s] -- Up-to-date: /home/xinchen/Dev/SRTP/install/custom_interface/share/custom_interface/cmake/custom_interface__rosidl_generator_cExport.cmake
[1.636s] -- Up-to-date: /home/xinchen/Dev/SRTP/install/custom_interface/share/custom_interface/cmake/custom_interface__rosidl_generator_cExport-noconfig.cmake
[1.637s] -- Up-to-date: /home/xinchen/Dev/SRTP/install/custom_interface/share/custom_interface/cmake/custom_interface__rosidl_typesupport_introspection_cExport.cmake
[1.637s] -- Up-to-date: /home/xinchen/Dev/SRTP/install/custom_interface/share/custom_interface/cmake/custom_interface__rosidl_typesupport_introspection_cExport-noconfig.cmake
[1.642s] -- Up-to-date: /home/xinchen/Dev/SRTP/install/custom_interface/share/custom_interface/cmake/custom_interface__rosidl_typesupport_cExport.cmake
[1.642s] -- Up-to-date: /home/xinchen/Dev/SRTP/install/custom_interface/share/custom_interface/cmake/custom_interface__rosidl_typesupport_cExport-noconfig.cmake
[1.645s] -- Up-to-date: /home/xinchen/Dev/SRTP/install/custom_interface/share/custom_interface/cmake/custom_interface__rosidl_generator_cppExport.cmake
[1.647s] -- Up-to-date: /home/xinchen/Dev/SRTP/install/custom_interface/share/custom_interface/cmake/custom_interface__rosidl_typesupport_introspection_cppExport.cmake
[1.647s] -- Up-to-date: /home/xinchen/Dev/SRTP/install/custom_interface/share/custom_interface/cmake/custom_interface__rosidl_typesupport_introspection_cppExport-noconfig.cmake
[1.649s] -- Up-to-date: /home/xinchen/Dev/SRTP/install/custom_interface/share/custom_interface/cmake/custom_interface__rosidl_typesupport_cppExport.cmake
[1.650s] -- Up-to-date: /home/xinchen/Dev/SRTP/install/custom_interface/share/custom_interface/cmake/custom_interface__rosidl_typesupport_cppExport-noconfig.cmake
[1.650s] -- Up-to-date: /home/xinchen/Dev/SRTP/install/custom_interface/share/custom_interface/cmake/rosidl_cmake-extras.cmake
[1.650s] -- Up-to-date: /home/xinchen/Dev/SRTP/install/custom_interface/share/custom_interface/cmake/ament_cmake_export_dependencies-extras.cmake
[1.650s] -- Up-to-date: /home/xinchen/Dev/SRTP/install/custom_interface/share/custom_interface/cmake/ament_cmake_export_libraries-extras.cmake
[1.650s] -- Up-to-date: /home/xinchen/Dev/SRTP/install/custom_interface/share/custom_interface/cmake/ament_cmake_export_targets-extras.cmake
[1.651s] -- Up-to-date: /home/xinchen/Dev/SRTP/install/custom_interface/share/custom_interface/cmake/ament_cmake_export_include_directories-extras.cmake
[1.651s] -- Up-to-date: /home/xinchen/Dev/SRTP/install/custom_interface/share/custom_interface/cmake/rosidl_cmake_export_typesupport_libraries-extras.cmake
[1.651s] -- Up-to-date: /home/xinchen/Dev/SRTP/install/custom_interface/share/custom_interface/cmake/rosidl_cmake_export_typesupport_targets-extras.cmake
[1.651s] -- Up-to-date: /home/xinchen/Dev/SRTP/install/custom_interface/share/custom_interface/cmake/custom_interfaceConfig.cmake
[1.651s] -- Up-to-date: /home/xinchen/Dev/SRTP/install/custom_interface/share/custom_interface/cmake/custom_interfaceConfig-version.cmake
[1.651s] -- Up-to-date: /home/xinchen/Dev/SRTP/install/custom_interface/share/custom_interface/package.xml
[1.666s] Invoked command in '/home/xinchen/Dev/SRTP/build/custom_interface' returned '0': CMAKE_PREFIX_PATH=${CMAKE_PREFIX_PATH}:/opt/ros/foxy /usr/bin/cmake --install /home/xinchen/Dev/SRTP/build/custom_interface
