[0.126s] Invoking command in '/home/xinchen/Dev/SRTP/build/dynamixel_sdk_custom_interfaces': CMAKE_PREFIX_PATH=/opt/ros/foxy /usr/bin/cmake --build /home/xinchen/Dev/SRTP/build/dynamixel_sdk_custom_interfaces -- -j6 -l6
[0.331s] [  2%] Built target dynamixel_sdk_custom_interfaces__cpp
[0.392s] [ 12%] Built target dynamixel_sdk_custom_interfaces__rosidl_generator_c
[0.447s] [ 23%] Built target dynamixel_sdk_custom_interfaces__rosidl_typesupport_introspection_cpp
[0.458s] [ 33%] Built target dynamixel_sdk_custom_interfaces__rosidl_typesupport_cpp
[0.485s] [ 43%] Built target dynamixel_sdk_custom_interfaces__rosidl_typesupport_fastrtps_cpp
[0.498s] [ 53%] Built target dynamixel_sdk_custom_interfaces__rosidl_typesupport_c
[0.512s] [ 64%] Built target dynamixel_sdk_custom_interfaces__rosidl_typesupport_introspection_c
[0.562s] [ 74%] Built target dynamixel_sdk_custom_interfaces__rosidl_typesupport_fastrtps_c
[0.635s] [ 74%] Built target dynamixel_sdk_custom_interfaces
[0.735s] [ 76%] Built target dynamixel_sdk_custom_interfaces__py
[0.809s] [ 84%] Built target dynamixel_sdk_custom_interfaces__python
[0.876s] [ 89%] Built target dynamixel_sdk_custom_interfaces__rosidl_typesupport_introspection_c__pyext
[0.898s] [ 94%] Built target dynamixel_sdk_custom_interfaces__rosidl_typesupport_c__pyext
[0.912s] [100%] Built target dynamixel_sdk_custom_interfaces__rosidl_typesupport_fastrtps_c__pyext
[0.974s] Invoked command in '/home/xinchen/Dev/SRTP/build/dynamixel_sdk_custom_interfaces' returned '0': CMAKE_PREFIX_PATH=/opt/ros/foxy /usr/bin/cmake --build /home/xinchen/Dev/SRTP/build/dynamixel_sdk_custom_interfaces -- -j6 -l6
[1.254s] Invoking command in '/home/xinchen/Dev/SRTP/build/dynamixel_sdk_custom_interfaces': CMAKE_PREFIX_PATH=/opt/ros/foxy /usr/bin/cmake --install /home/xinchen/Dev/SRTP/build/dynamixel_sdk_custom_interfaces
[1.324s] -- Install configuration: ""
[1.325s] -- Up-to-date: /home/xinchen/Dev/SRTP/install/dynamixel_sdk_custom_interfaces/share/ament_index/resource_index/rosidl_interfaces/dynamixel_sdk_custom_interfaces
[1.325s] -- Up-to-date: /home/xinchen/Dev/SRTP/install/dynamixel_sdk_custom_interfaces/include/dynamixel_sdk_custom_interfaces
[1.325s] -- Up-to-date: /home/xinchen/Dev/SRTP/install/dynamixel_sdk_custom_interfaces/include/dynamixel_sdk_custom_interfaces/srv
[1.325s] -- Up-to-date: /home/xinchen/Dev/SRTP/install/dynamixel_sdk_custom_interfaces/include/dynamixel_sdk_custom_interfaces/srv/detail
[1.325s] -- Up-to-date: /home/xinchen/Dev/SRTP/install/dynamixel_sdk_custom_interfaces/include/dynamixel_sdk_custom_interfaces/srv/detail/get_position__struct.h
[1.325s] -- Up-to-date: /home/xinchen/Dev/SRTP/install/dynamixel_sdk_custom_interfaces/include/dynamixel_sdk_custom_interfaces/srv/detail/get_position__functions.h
[1.326s] -- Up-to-date: /home/xinchen/Dev/SRTP/install/dynamixel_sdk_custom_interfaces/include/dynamixel_sdk_custom_interfaces/srv/detail/get_position__type_support.h
[1.326s] -- Up-to-date: /home/xinchen/Dev/SRTP/install/dynamixel_sdk_custom_interfaces/include/dynamixel_sdk_custom_interfaces/srv/detail/get_position__functions.c
[1.326s] -- Up-to-date: /home/xinchen/Dev/SRTP/install/dynamixel_sdk_custom_interfaces/include/dynamixel_sdk_custom_interfaces/srv/get_position.h
[1.326s] -- Up-to-date: /home/xinchen/Dev/SRTP/install/dynamixel_sdk_custom_interfaces/include/dynamixel_sdk_custom_interfaces/msg
[1.326s] -- Up-to-date: /home/xinchen/Dev/SRTP/install/dynamixel_sdk_custom_interfaces/include/dynamixel_sdk_custom_interfaces/msg/detail
[1.326s] -- Up-to-date: /home/xinchen/Dev/SRTP/install/dynamixel_sdk_custom_interfaces/include/dynamixel_sdk_custom_interfaces/msg/detail/set_position__functions.h
[1.326s] -- Up-to-date: /home/xinchen/Dev/SRTP/install/dynamixel_sdk_custom_interfaces/include/dynamixel_sdk_custom_interfaces/msg/detail/set_position__type_support.h
[1.327s] -- Up-to-date: /home/xinchen/Dev/SRTP/install/dynamixel_sdk_custom_interfaces/include/dynamixel_sdk_custom_interfaces/msg/detail/set_position__struct.h
[1.327s] -- Up-to-date: /home/xinchen/Dev/SRTP/install/dynamixel_sdk_custom_interfaces/include/dynamixel_sdk_custom_interfaces/msg/detail/set_position__functions.c
[1.327s] -- Up-to-date: /home/xinchen/Dev/SRTP/install/dynamixel_sdk_custom_interfaces/include/dynamixel_sdk_custom_interfaces/msg/rosidl_generator_c__visibility_control.h
[1.327s] -- Up-to-date: /home/xinchen/Dev/SRTP/install/dynamixel_sdk_custom_interfaces/include/dynamixel_sdk_custom_interfaces/msg/set_position.h
[1.327s] -- Up-to-date: /home/xinchen/Dev/SRTP/install/dynamixel_sdk_custom_interfaces/share/dynamixel_sdk_custom_interfaces/environment/library_path.sh
[1.327s] -- Up-to-date: /home/xinchen/Dev/SRTP/install/dynamixel_sdk_custom_interfaces/share/dynamixel_sdk_custom_interfaces/environment/library_path.dsv
[1.328s] -- Up-to-date: /home/xinchen/Dev/SRTP/install/dynamixel_sdk_custom_interfaces/lib/libdynamixel_sdk_custom_interfaces__rosidl_generator_c.so
[1.328s] -- Up-to-date: /home/xinchen/Dev/SRTP/install/dynamixel_sdk_custom_interfaces/include/dynamixel_sdk_custom_interfaces
[1.328s] -- Up-to-date: /home/xinchen/Dev/SRTP/install/dynamixel_sdk_custom_interfaces/include/dynamixel_sdk_custom_interfaces/srv
[1.328s] -- Up-to-date: /home/xinchen/Dev/SRTP/install/dynamixel_sdk_custom_interfaces/include/dynamixel_sdk_custom_interfaces/srv/detail
[1.328s] -- Up-to-date: /home/xinchen/Dev/SRTP/install/dynamixel_sdk_custom_interfaces/include/dynamixel_sdk_custom_interfaces/srv/detail/get_position__rosidl_typesupport_fastrtps_c.h
[1.328s] -- Up-to-date: /home/xinchen/Dev/SRTP/install/dynamixel_sdk_custom_interfaces/include/dynamixel_sdk_custom_interfaces/msg
[1.329s] -- Up-to-date: /home/xinchen/Dev/SRTP/install/dynamixel_sdk_custom_interfaces/include/dynamixel_sdk_custom_interfaces/msg/detail
[1.329s] -- Up-to-date: /home/xinchen/Dev/SRTP/install/dynamixel_sdk_custom_interfaces/include/dynamixel_sdk_custom_interfaces/msg/detail/set_position__rosidl_typesupport_fastrtps_c.h
[1.329s] -- Up-to-date: /home/xinchen/Dev/SRTP/install/dynamixel_sdk_custom_interfaces/include/dynamixel_sdk_custom_interfaces/msg/rosidl_typesupport_fastrtps_c__visibility_control.h
[1.329s] -- Up-to-date: /home/xinchen/Dev/SRTP/install/dynamixel_sdk_custom_interfaces/lib/libdynamixel_sdk_custom_interfaces__rosidl_typesupport_fastrtps_c.so
[1.329s] -- Up-to-date: /home/xinchen/Dev/SRTP/install/dynamixel_sdk_custom_interfaces/include/dynamixel_sdk_custom_interfaces
[1.329s] -- Up-to-date: /home/xinchen/Dev/SRTP/install/dynamixel_sdk_custom_interfaces/include/dynamixel_sdk_custom_interfaces/srv
[1.329s] -- Up-to-date: /home/xinchen/Dev/SRTP/install/dynamixel_sdk_custom_interfaces/include/dynamixel_sdk_custom_interfaces/srv/detail
[1.330s] -- Up-to-date: /home/xinchen/Dev/SRTP/install/dynamixel_sdk_custom_interfaces/include/dynamixel_sdk_custom_interfaces/srv/detail/dds_fastrtps
[1.330s] -- Up-to-date: /home/xinchen/Dev/SRTP/install/dynamixel_sdk_custom_interfaces/include/dynamixel_sdk_custom_interfaces/srv/detail/get_position__rosidl_typesupport_fastrtps_cpp.hpp
[1.330s] -- Up-to-date: /home/xinchen/Dev/SRTP/install/dynamixel_sdk_custom_interfaces/include/dynamixel_sdk_custom_interfaces/msg
[1.330s] -- Up-to-date: /home/xinchen/Dev/SRTP/install/dynamixel_sdk_custom_interfaces/include/dynamixel_sdk_custom_interfaces/msg/detail
[1.330s] -- Up-to-date: /home/xinchen/Dev/SRTP/install/dynamixel_sdk_custom_interfaces/include/dynamixel_sdk_custom_interfaces/msg/detail/dds_fastrtps
[1.330s] -- Up-to-date: /home/xinchen/Dev/SRTP/install/dynamixel_sdk_custom_interfaces/include/dynamixel_sdk_custom_interfaces/msg/detail/set_position__rosidl_typesupport_fastrtps_cpp.hpp
[1.331s] -- Up-to-date: /home/xinchen/Dev/SRTP/install/dynamixel_sdk_custom_interfaces/include/dynamixel_sdk_custom_interfaces/msg/rosidl_typesupport_fastrtps_cpp__visibility_control.h
[1.331s] -- Up-to-date: /home/xinchen/Dev/SRTP/install/dynamixel_sdk_custom_interfaces/lib/libdynamixel_sdk_custom_interfaces__rosidl_typesupport_fastrtps_cpp.so
[1.331s] -- Up-to-date: /home/xinchen/Dev/SRTP/install/dynamixel_sdk_custom_interfaces/include/dynamixel_sdk_custom_interfaces
[1.331s] -- Up-to-date: /home/xinchen/Dev/SRTP/install/dynamixel_sdk_custom_interfaces/include/dynamixel_sdk_custom_interfaces/srv
[1.331s] -- Up-to-date: /home/xinchen/Dev/SRTP/install/dynamixel_sdk_custom_interfaces/include/dynamixel_sdk_custom_interfaces/srv/detail
[1.331s] -- Up-to-date: /home/xinchen/Dev/SRTP/install/dynamixel_sdk_custom_interfaces/include/dynamixel_sdk_custom_interfaces/srv/detail/get_position__type_support.c
[1.331s] -- Up-to-date: /home/xinchen/Dev/SRTP/install/dynamixel_sdk_custom_interfaces/include/dynamixel_sdk_custom_interfaces/srv/detail/get_position__rosidl_typesupport_introspection_c.h
[1.332s] -- Up-to-date: /home/xinchen/Dev/SRTP/install/dynamixel_sdk_custom_interfaces/include/dynamixel_sdk_custom_interfaces/msg
[1.332s] -- Up-to-date: /home/xinchen/Dev/SRTP/install/dynamixel_sdk_custom_interfaces/include/dynamixel_sdk_custom_interfaces/msg/detail
[1.332s] -- Up-to-date: /home/xinchen/Dev/SRTP/install/dynamixel_sdk_custom_interfaces/include/dynamixel_sdk_custom_interfaces/msg/detail/set_position__rosidl_typesupport_introspection_c.h
[1.332s] -- Up-to-date: /home/xinchen/Dev/SRTP/install/dynamixel_sdk_custom_interfaces/include/dynamixel_sdk_custom_interfaces/msg/detail/set_position__type_support.c
[1.332s] -- Up-to-date: /home/xinchen/Dev/SRTP/install/dynamixel_sdk_custom_interfaces/include/dynamixel_sdk_custom_interfaces/msg/rosidl_typesupport_introspection_c__visibility_control.h
[1.332s] -- Up-to-date: /home/xinchen/Dev/SRTP/install/dynamixel_sdk_custom_interfaces/lib/libdynamixel_sdk_custom_interfaces__rosidl_typesupport_introspection_c.so
[1.333s] -- Up-to-date: /home/xinchen/Dev/SRTP/install/dynamixel_sdk_custom_interfaces/lib/libdynamixel_sdk_custom_interfaces__rosidl_typesupport_c.so
[1.333s] -- Up-to-date: /home/xinchen/Dev/SRTP/install/dynamixel_sdk_custom_interfaces/include/dynamixel_sdk_custom_interfaces
[1.333s] -- Up-to-date: /home/xinchen/Dev/SRTP/install/dynamixel_sdk_custom_interfaces/include/dynamixel_sdk_custom_interfaces/srv
[1.333s] -- Up-to-date: /home/xinchen/Dev/SRTP/install/dynamixel_sdk_custom_interfaces/include/dynamixel_sdk_custom_interfaces/srv/detail
[1.333s] -- Up-to-date: /home/xinchen/Dev/SRTP/install/dynamixel_sdk_custom_interfaces/include/dynamixel_sdk_custom_interfaces/srv/detail/get_position__traits.hpp
[1.333s] -- Up-to-date: /home/xinchen/Dev/SRTP/install/dynamixel_sdk_custom_interfaces/include/dynamixel_sdk_custom_interfaces/srv/detail/get_position__struct.hpp
[1.337s] -- Up-to-date: /home/xinchen/Dev/SRTP/install/dynamixel_sdk_custom_interfaces/include/dynamixel_sdk_custom_interfaces/srv/detail/get_position__builder.hpp
[1.337s] -- Up-to-date: /home/xinchen/Dev/SRTP/install/dynamixel_sdk_custom_interfaces/include/dynamixel_sdk_custom_interfaces/srv/detail/get_position__type_support.hpp
[1.337s] -- Up-to-date: /home/xinchen/Dev/SRTP/install/dynamixel_sdk_custom_interfaces/include/dynamixel_sdk_custom_interfaces/srv/get_position.hpp
[1.337s] -- Up-to-date: /home/xinchen/Dev/SRTP/install/dynamixel_sdk_custom_interfaces/include/dynamixel_sdk_custom_interfaces/msg
[1.338s] -- Up-to-date: /home/xinchen/Dev/SRTP/install/dynamixel_sdk_custom_interfaces/include/dynamixel_sdk_custom_interfaces/msg/detail
[1.338s] -- Up-to-date: /home/xinchen/Dev/SRTP/install/dynamixel_sdk_custom_interfaces/include/dynamixel_sdk_custom_interfaces/msg/detail/set_position__struct.hpp
[1.338s] -- Up-to-date: /home/xinchen/Dev/SRTP/install/dynamixel_sdk_custom_interfaces/include/dynamixel_sdk_custom_interfaces/msg/detail/set_position__builder.hpp
[1.338s] -- Up-to-date: /home/xinchen/Dev/SRTP/install/dynamixel_sdk_custom_interfaces/include/dynamixel_sdk_custom_interfaces/msg/detail/set_position__type_support.hpp
[1.338s] -- Up-to-date: /home/xinchen/Dev/SRTP/install/dynamixel_sdk_custom_interfaces/include/dynamixel_sdk_custom_interfaces/msg/detail/set_position__traits.hpp
[1.339s] -- Up-to-date: /home/xinchen/Dev/SRTP/install/dynamixel_sdk_custom_interfaces/include/dynamixel_sdk_custom_interfaces/msg/rosidl_generator_cpp__visibility_control.hpp
[1.339s] -- Up-to-date: /home/xinchen/Dev/SRTP/install/dynamixel_sdk_custom_interfaces/include/dynamixel_sdk_custom_interfaces/msg/set_position.hpp
[1.339s] -- Up-to-date: /home/xinchen/Dev/SRTP/install/dynamixel_sdk_custom_interfaces/include/dynamixel_sdk_custom_interfaces
[1.341s] -- Up-to-date: /home/xinchen/Dev/SRTP/install/dynamixel_sdk_custom_interfaces/include/dynamixel_sdk_custom_interfaces/srv
[1.341s] -- Up-to-date: /home/xinchen/Dev/SRTP/install/dynamixel_sdk_custom_interfaces/include/dynamixel_sdk_custom_interfaces/srv/detail
[1.341s] -- Up-to-date: /home/xinchen/Dev/SRTP/install/dynamixel_sdk_custom_interfaces/include/dynamixel_sdk_custom_interfaces/srv/detail/get_position__type_support.cpp
[1.342s] -- Up-to-date: /home/xinchen/Dev/SRTP/install/dynamixel_sdk_custom_interfaces/include/dynamixel_sdk_custom_interfaces/srv/detail/get_position__rosidl_typesupport_introspection_cpp.hpp
[1.342s] -- Up-to-date: /home/xinchen/Dev/SRTP/install/dynamixel_sdk_custom_interfaces/include/dynamixel_sdk_custom_interfaces/msg
[1.343s] -- Up-to-date: /home/xinchen/Dev/SRTP/install/dynamixel_sdk_custom_interfaces/include/dynamixel_sdk_custom_interfaces/msg/detail
[1.343s] -- Up-to-date: /home/xinchen/Dev/SRTP/install/dynamixel_sdk_custom_interfaces/include/dynamixel_sdk_custom_interfaces/msg/detail/set_position__type_support.cpp
[1.343s] -- Up-to-date: /home/xinchen/Dev/SRTP/install/dynamixel_sdk_custom_interfaces/include/dynamixel_sdk_custom_interfaces/msg/detail/set_position__rosidl_typesupport_introspection_cpp.hpp
[1.343s] -- Up-to-date: /home/xinchen/Dev/SRTP/install/dynamixel_sdk_custom_interfaces/lib/libdynamixel_sdk_custom_interfaces__rosidl_typesupport_introspection_cpp.so
[1.345s] -- Up-to-date: /home/xinchen/Dev/SRTP/install/dynamixel_sdk_custom_interfaces/lib/libdynamixel_sdk_custom_interfaces__rosidl_typesupport_cpp.so
[1.347s] -- Up-to-date: /home/xinchen/Dev/SRTP/install/dynamixel_sdk_custom_interfaces/share/dynamixel_sdk_custom_interfaces/environment/pythonpath.sh
[1.347s] -- Up-to-date: /home/xinchen/Dev/SRTP/install/dynamixel_sdk_custom_interfaces/share/dynamixel_sdk_custom_interfaces/environment/pythonpath.dsv
[1.348s] -- Up-to-date: /home/xinchen/Dev/SRTP/install/dynamixel_sdk_custom_interfaces/lib/python3.8/site-packages/dynamixel_sdk_custom_interfaces/__init__.py
[1.389s] -- Up-to-date: /home/xinchen/Dev/SRTP/install/dynamixel_sdk_custom_interfaces/lib/python3.8/site-packages/dynamixel_sdk_custom_interfaces/msg
[1.390s] -- Up-to-date: /home/xinchen/Dev/SRTP/install/dynamixel_sdk_custom_interfaces/lib/python3.8/site-packages/dynamixel_sdk_custom_interfaces/msg/_set_position.py
[1.390s] -- Up-to-date: /home/xinchen/Dev/SRTP/install/dynamixel_sdk_custom_interfaces/lib/python3.8/site-packages/dynamixel_sdk_custom_interfaces/msg/__init__.py
[1.390s] -- Up-to-date: /home/xinchen/Dev/SRTP/install/dynamixel_sdk_custom_interfaces/lib/python3.8/site-packages/dynamixel_sdk_custom_interfaces/msg/_set_position_s.c
[1.391s] -- Up-to-date: /home/xinchen/Dev/SRTP/install/dynamixel_sdk_custom_interfaces/lib/python3.8/site-packages/dynamixel_sdk_custom_interfaces/srv
[1.391s] -- Up-to-date: /home/xinchen/Dev/SRTP/install/dynamixel_sdk_custom_interfaces/lib/python3.8/site-packages/dynamixel_sdk_custom_interfaces/srv/_get_position.py
[1.391s] -- Up-to-date: /home/xinchen/Dev/SRTP/install/dynamixel_sdk_custom_interfaces/lib/python3.8/site-packages/dynamixel_sdk_custom_interfaces/srv/_get_position_s.c
[1.392s] -- Up-to-date: /home/xinchen/Dev/SRTP/install/dynamixel_sdk_custom_interfaces/lib/python3.8/site-packages/dynamixel_sdk_custom_interfaces/srv/__init__.py
[1.392s] -- Up-to-date: /home/xinchen/Dev/SRTP/install/dynamixel_sdk_custom_interfaces/lib/python3.8/site-packages/dynamixel_sdk_custom_interfaces/dynamixel_sdk_custom_interfaces_s__rosidl_typesupport_fastrtps_c.cpython-38-aarch64-linux-gnu.so
[1.393s] -- Up-to-date: /home/xinchen/Dev/SRTP/install/dynamixel_sdk_custom_interfaces/lib/python3.8/site-packages/dynamixel_sdk_custom_interfaces/dynamixel_sdk_custom_interfaces_s__rosidl_typesupport_introspection_c.cpython-38-aarch64-linux-gnu.so
[1.393s] -- Up-to-date: /home/xinchen/Dev/SRTP/install/dynamixel_sdk_custom_interfaces/lib/python3.8/site-packages/dynamixel_sdk_custom_interfaces/dynamixel_sdk_custom_interfaces_s__rosidl_typesupport_c.cpython-38-aarch64-linux-gnu.so
[1.393s] -- Up-to-date: /home/xinchen/Dev/SRTP/install/dynamixel_sdk_custom_interfaces/lib/libdynamixel_sdk_custom_interfaces__python.so
[1.393s] -- Up-to-date: /home/xinchen/Dev/SRTP/install/dynamixel_sdk_custom_interfaces/share/dynamixel_sdk_custom_interfaces/msg/SetPosition.idl
[1.393s] -- Up-to-date: /home/xinchen/Dev/SRTP/install/dynamixel_sdk_custom_interfaces/share/dynamixel_sdk_custom_interfaces/srv/GetPosition.idl
[1.394s] -- Up-to-date: /home/xinchen/Dev/SRTP/install/dynamixel_sdk_custom_interfaces/share/dynamixel_sdk_custom_interfaces/msg/SetPosition.msg
[1.394s] -- Up-to-date: /home/xinchen/Dev/SRTP/install/dynamixel_sdk_custom_interfaces/share/dynamixel_sdk_custom_interfaces/srv/GetPosition.srv
[1.394s] -- Up-to-date: /home/xinchen/Dev/SRTP/install/dynamixel_sdk_custom_interfaces/share/dynamixel_sdk_custom_interfaces/srv/GetPosition_Request.msg
[1.394s] -- Up-to-date: /home/xinchen/Dev/SRTP/install/dynamixel_sdk_custom_interfaces/share/dynamixel_sdk_custom_interfaces/srv/GetPosition_Response.msg
[1.395s] -- Up-to-date: /home/xinchen/Dev/SRTP/install/dynamixel_sdk_custom_interfaces/share/ament_index/resource_index/package_run_dependencies/dynamixel_sdk_custom_interfaces
[1.395s] -- Up-to-date: /home/xinchen/Dev/SRTP/install/dynamixel_sdk_custom_interfaces/share/ament_index/resource_index/parent_prefix_path/dynamixel_sdk_custom_interfaces
[1.395s] -- Up-to-date: /home/xinchen/Dev/SRTP/install/dynamixel_sdk_custom_interfaces/share/dynamixel_sdk_custom_interfaces/environment/ament_prefix_path.sh
[1.395s] -- Up-to-date: /home/xinchen/Dev/SRTP/install/dynamixel_sdk_custom_interfaces/share/dynamixel_sdk_custom_interfaces/environment/ament_prefix_path.dsv
[1.395s] -- Up-to-date: /home/xinchen/Dev/SRTP/install/dynamixel_sdk_custom_interfaces/share/dynamixel_sdk_custom_interfaces/environment/path.sh
[1.395s] -- Up-to-date: /home/xinchen/Dev/SRTP/install/dynamixel_sdk_custom_interfaces/share/dynamixel_sdk_custom_interfaces/environment/path.dsv
[1.396s] -- Up-to-date: /home/xinchen/Dev/SRTP/install/dynamixel_sdk_custom_interfaces/share/dynamixel_sdk_custom_interfaces/local_setup.bash
[1.396s] -- Up-to-date: /home/xinchen/Dev/SRTP/install/dynamixel_sdk_custom_interfaces/share/dynamixel_sdk_custom_interfaces/local_setup.sh
[1.396s] -- Up-to-date: /home/xinchen/Dev/SRTP/install/dynamixel_sdk_custom_interfaces/share/dynamixel_sdk_custom_interfaces/local_setup.zsh
[1.396s] -- Up-to-date: /home/xinchen/Dev/SRTP/install/dynamixel_sdk_custom_interfaces/share/dynamixel_sdk_custom_interfaces/local_setup.dsv
[1.396s] -- Installing: /home/xinchen/Dev/SRTP/install/dynamixel_sdk_custom_interfaces/share/dynamixel_sdk_custom_interfaces/package.dsv
[1.397s] -- Up-to-date: /home/xinchen/Dev/SRTP/install/dynamixel_sdk_custom_interfaces/share/ament_index/resource_index/packages/dynamixel_sdk_custom_interfaces
[1.397s] -- Up-to-date: /home/xinchen/Dev/SRTP/install/dynamixel_sdk_custom_interfaces/share/dynamixel_sdk_custom_interfaces/cmake/dynamixel_sdk_custom_interfaces__rosidl_generator_cExport.cmake
[1.397s] -- Up-to-date: /home/xinchen/Dev/SRTP/install/dynamixel_sdk_custom_interfaces/share/dynamixel_sdk_custom_interfaces/cmake/dynamixel_sdk_custom_interfaces__rosidl_generator_cExport-noconfig.cmake
[1.398s] -- Up-to-date: /home/xinchen/Dev/SRTP/install/dynamixel_sdk_custom_interfaces/share/dynamixel_sdk_custom_interfaces/cmake/dynamixel_sdk_custom_interfaces__rosidl_typesupport_introspection_cExport.cmake
[1.398s] -- Up-to-date: /home/xinchen/Dev/SRTP/install/dynamixel_sdk_custom_interfaces/share/dynamixel_sdk_custom_interfaces/cmake/dynamixel_sdk_custom_interfaces__rosidl_typesupport_introspection_cExport-noconfig.cmake
[1.398s] -- Up-to-date: /home/xinchen/Dev/SRTP/install/dynamixel_sdk_custom_interfaces/share/dynamixel_sdk_custom_interfaces/cmake/dynamixel_sdk_custom_interfaces__rosidl_typesupport_cExport.cmake
[1.399s] -- Up-to-date: /home/xinchen/Dev/SRTP/install/dynamixel_sdk_custom_interfaces/share/dynamixel_sdk_custom_interfaces/cmake/dynamixel_sdk_custom_interfaces__rosidl_typesupport_cExport-noconfig.cmake
[1.399s] -- Up-to-date: /home/xinchen/Dev/SRTP/install/dynamixel_sdk_custom_interfaces/share/dynamixel_sdk_custom_interfaces/cmake/dynamixel_sdk_custom_interfaces__rosidl_generator_cppExport.cmake
[1.400s] -- Up-to-date: /home/xinchen/Dev/SRTP/install/dynamixel_sdk_custom_interfaces/share/dynamixel_sdk_custom_interfaces/cmake/dynamixel_sdk_custom_interfaces__rosidl_typesupport_introspection_cppExport.cmake
[1.400s] -- Up-to-date: /home/xinchen/Dev/SRTP/install/dynamixel_sdk_custom_interfaces/share/dynamixel_sdk_custom_interfaces/cmake/dynamixel_sdk_custom_interfaces__rosidl_typesupport_introspection_cppExport-noconfig.cmake
[1.411s] -- Up-to-date: /home/xinchen/Dev/SRTP/install/dynamixel_sdk_custom_interfaces/share/dynamixel_sdk_custom_interfaces/cmake/dynamixel_sdk_custom_interfaces__rosidl_typesupport_cppExport.cmake
[1.412s] -- Up-to-date: /home/xinchen/Dev/SRTP/install/dynamixel_sdk_custom_interfaces/share/dynamixel_sdk_custom_interfaces/cmake/dynamixel_sdk_custom_interfaces__rosidl_typesupport_cppExport-noconfig.cmake
[1.413s] -- Up-to-date: /home/xinchen/Dev/SRTP/install/dynamixel_sdk_custom_interfaces/share/dynamixel_sdk_custom_interfaces/cmake/rosidl_cmake-extras.cmake
[1.413s] -- Up-to-date: /home/xinchen/Dev/SRTP/install/dynamixel_sdk_custom_interfaces/share/dynamixel_sdk_custom_interfaces/cmake/ament_cmake_export_dependencies-extras.cmake
[1.413s] -- Up-to-date: /home/xinchen/Dev/SRTP/install/dynamixel_sdk_custom_interfaces/share/dynamixel_sdk_custom_interfaces/cmake/ament_cmake_export_libraries-extras.cmake
[1.413s] -- Up-to-date: /home/xinchen/Dev/SRTP/install/dynamixel_sdk_custom_interfaces/share/dynamixel_sdk_custom_interfaces/cmake/ament_cmake_export_targets-extras.cmake
[1.413s] -- Up-to-date: /home/xinchen/Dev/SRTP/install/dynamixel_sdk_custom_interfaces/share/dynamixel_sdk_custom_interfaces/cmake/ament_cmake_export_include_directories-extras.cmake
[1.413s] -- Up-to-date: /home/xinchen/Dev/SRTP/install/dynamixel_sdk_custom_interfaces/share/dynamixel_sdk_custom_interfaces/cmake/rosidl_cmake_export_typesupport_libraries-extras.cmake
[1.414s] -- Up-to-date: /home/xinchen/Dev/SRTP/install/dynamixel_sdk_custom_interfaces/share/dynamixel_sdk_custom_interfaces/cmake/rosidl_cmake_export_typesupport_targets-extras.cmake
[1.414s] -- Up-to-date: /home/xinchen/Dev/SRTP/install/dynamixel_sdk_custom_interfaces/share/dynamixel_sdk_custom_interfaces/cmake/dynamixel_sdk_custom_interfacesConfig.cmake
[1.414s] -- Up-to-date: /home/xinchen/Dev/SRTP/install/dynamixel_sdk_custom_interfaces/share/dynamixel_sdk_custom_interfaces/cmake/dynamixel_sdk_custom_interfacesConfig-version.cmake
[1.415s] -- Up-to-date: /home/xinchen/Dev/SRTP/install/dynamixel_sdk_custom_interfaces/share/dynamixel_sdk_custom_interfaces/package.xml
[1.495s] Invoked command in '/home/xinchen/Dev/SRTP/build/dynamixel_sdk_custom_interfaces' returned '0': CMAKE_PREFIX_PATH=/opt/ros/foxy /usr/bin/cmake --install /home/xinchen/Dev/SRTP/build/dynamixel_sdk_custom_interfaces
