[0.219s] Invoking command in '/home/xinchen/Dev/SRTP/build/motor_controller': AMENT_PREFIX_PATH=/home/xinchen/Dev/SRTP/install/custom_interface:${AMENT_PREFIX_PATH} CMAKE_PREFIX_PATH=/home/xinchen/Dev/SRTP/install/custom_interface:/home/xinchen/Dev/SRTP/install/motor_controller:/home/xinchen/Dev/SRTP/install/launch_files:/home/xinchen/Dev/SRTP/install/dynamixel_workbench:/home/xinchen/Dev/SRTP/install/dynamixel_workbench_toolbox:/home/xinchen/Dev/SRTP/install/dynamixel_sdk_examples:/home/xinchen/Dev/SRTP/install/dynamixel_sdk_custom_interfaces:/home/xinchen/Dev/SRTP/install/dynamixel_sdk:/opt/ros/foxy LD_LIBRARY_PATH=/home/xinchen/Dev/SRTP/install/custom_interface/lib:${LD_LIBRARY_PATH} PYTHONPATH=/home/xinchen/Dev/SRTP/install/custom_interface/lib/python3.8/site-packages:${PYTHONPATH} /usr/bin/cmake --build /home/xinchen/Dev/SRTP/build/motor_controller -- -j6 -l6
[0.483s] [35m[1mScanning dependencies of target torque_controller[0m
[0.531s] [ 50%] Built target position_controller
[0.577s] [ 75%] [32mBuilding CXX object CMakeFiles/torque_controller.dir/src/torque_controller.cpp.o[0m
[4.145s] [01m[K/home/xinchen/Dev/SRTP/src/motor_controller/src/torque_controller.cpp:[m[K In constructor ‘[01m[KTorqueController::TorqueController()[m[K’:
[4.146s] [01m[K/home/xinchen/Dev/SRTP/src/motor_controller/src/torque_controller.cpp:17:74:[m[K [01;31m[Kerror: [m[K‘[01m[Ktorque[m[K’ is not a member of ‘[01m[Kcustom_interface::msg[m[K’; did you mean ‘[01m[KTorque[m[K’?
[4.146s]    17 |         subscription_ = this->create_subscription<custom_interface::msg::[01;31m[Ktorque[m[K>(
[4.146s]       |                                                                          [01;31m[K^~~~~~[m[K
[4.146s]       |                                                                          [32m[KTorque[m[K
[4.146s] [01m[K/home/xinchen/Dev/SRTP/src/motor_controller/src/torque_controller.cpp:17:74:[m[K [01;31m[Kerror: [m[K‘[01m[Ktorque[m[K’ is not a member of ‘[01m[Kcustom_interface::msg[m[K’; did you mean ‘[01m[KTorque[m[K’?
[4.147s]    17 |         subscription_ = this->create_subscription<custom_interface::msg::[01;31m[Ktorque[m[K>(
[4.147s]       |                                                                          [01;31m[K^~~~~~[m[K
[4.147s]       |                                                                          [32m[KTorque[m[K
[4.161s] [01m[K/home/xinchen/Dev/SRTP/src/motor_controller/src/torque_controller.cpp:18:101:[m[K [01;31m[Kerror: [m[Kno matching function for call to ‘[01m[KTorqueController::create_subscription<<expression error> >(const char [7], int, std::_Bind_helper<false, void (TorqueController::*)(float), TorqueController*, const std::_Placeholder<1>&>::type)[m[K’
[4.162s]    18 |             "torque", 10, std::bind(&TorqueController::torque_callback, this, std::placeholders::_1)[01;31m[K)[m[K;
[4.162s]       |                                                                                                     [01;31m[K^[m[K
[4.162s] In file included from [01m[K/opt/ros/foxy/include/rclcpp/executors/single_threaded_executor.hpp:28[m[K,
[4.162s]                  from [01m[K/opt/ros/foxy/include/rclcpp/executors.hpp:22[m[K,
[4.162s]                  from [01m[K/opt/ros/foxy/include/rclcpp/rclcpp.hpp:146[m[K,
[4.162s]                  from [01m[K/home/xinchen/Dev/SRTP/src/motor_controller/src/torque_controller.cpp:2[m[K:
[4.163s] [01m[K/opt/ros/foxy/include/rclcpp/node.hpp:213:3:[m[K [01;36m[Knote: [m[Kcandidate: ‘[01m[Ktemplate<class MessageT, class CallbackT, class AllocatorT, class CallbackMessageT, class SubscriptionT, class MessageMemoryStrategyT> std::shared_ptr<SubscriptionT> rclcpp::Node::create_subscription(const string&, const rclcpp::QoS&, CallbackT&&, const rclcpp::SubscriptionOptionsWithAllocator<AllocatorT>&, typename MessageMemoryStrategyT::SharedPtr)[m[K’
[4.163s]   213 |   [01;36m[Kcreate_subscription[m[K(
[4.163s]       |   [01;36m[K^~~~~~~~~~~~~~~~~~~[m[K
[4.163s] [01m[K/opt/ros/foxy/include/rclcpp/node.hpp:213:3:[m[K [01;36m[Knote: [m[K  template argument deduction/substitution failed:
[4.163s] [01m[K/home/xinchen/Dev/SRTP/src/motor_controller/src/torque_controller.cpp:18:101:[m[K [01;31m[Kerror: [m[Ktemplate argument 1 is invalid
[4.163s]    18 |             "torque", 10, std::bind(&TorqueController::torque_callback, this, std::placeholders::_1)[01;31m[K)[m[K;
[4.164s]       |                                                                                                     [01;31m[K^[m[K
[4.959s] In file included from [01m[K/usr/include/aarch64-linux-gnu/c++/9/bits/c++allocator.h:33[m[K,
[4.960s]                  from [01m[K/usr/include/c++/9/bits/allocator.h:46[m[K,
[4.960s]                  from [01m[K/usr/include/c++/9/memory:63[m[K,
[4.960s]                  from [01m[K/home/xinchen/Dev/SRTP/src/motor_controller/src/torque_controller.cpp:1[m[K:
[4.960s] /usr/include/c++/9/ext/new_allocator.h: In instantiation of ‘[01m[Kvoid __gnu_cxx::new_allocator<_Tp>::construct(_Up*, _Args&& ...) [with _Up = TorqueController; _Args = {}; _Tp = TorqueController][m[K’:
[4.961s] [01m[K/usr/include/c++/9/bits/alloc_traits.h:483:4:[m[K   required from ‘[01m[Kstatic void std::allocator_traits<std::allocator<_Tp1> >::construct(std::allocator_traits<std::allocator<_Tp1> >::allocator_type&, _Up*, _Args&& ...) [with _Up = TorqueController; _Args = {}; _Tp = TorqueController; std::allocator_traits<std::allocator<_Tp1> >::allocator_type = std::allocator<TorqueController>][m[K’
[4.961s] [01m[K/usr/include/c++/9/bits/shared_ptr_base.h:548:39:[m[K   required from ‘[01m[Kstd::_Sp_counted_ptr_inplace<_Tp, _Alloc, _Lp>::_Sp_counted_ptr_inplace(_Alloc, _Args&& ...) [with _Args = {}; _Tp = TorqueController; _Alloc = std::allocator<TorqueController>; __gnu_cxx::_Lock_policy _Lp = __gnu_cxx::_S_atomic][m[K’
[4.961s] [01m[K/usr/include/c++/9/bits/shared_ptr_base.h:679:16:[m[K   required from ‘[01m[Kstd::__shared_count<_Lp>::__shared_count(_Tp*&, std::_Sp_alloc_shared_tag<_Alloc>, _Args&& ...) [with _Tp = TorqueController; _Alloc = std::allocator<TorqueController>; _Args = {}; __gnu_cxx::_Lock_policy _Lp = __gnu_cxx::_S_atomic][m[K’
[4.961s] [01m[K/usr/include/c++/9/bits/shared_ptr_base.h:1344:71:[m[K   required from ‘[01m[Kstd::__shared_ptr<_Tp, _Lp>::__shared_ptr(std::_Sp_alloc_shared_tag<_Tp>, _Args&& ...) [with _Alloc = std::allocator<TorqueController>; _Args = {}; _Tp = TorqueController; __gnu_cxx::_Lock_policy _Lp = __gnu_cxx::_S_atomic][m[K’
[4.961s] [01m[K/usr/include/c++/9/bits/shared_ptr.h:359:59:[m[K   required from ‘[01m[Kstd::shared_ptr<_Tp>::shared_ptr(std::_Sp_alloc_shared_tag<_Tp>, _Args&& ...) [with _Alloc = std::allocator<TorqueController>; _Args = {}; _Tp = TorqueController][m[K’
[4.961s] [01m[K/usr/include/c++/9/bits/shared_ptr.h:701:14:[m[K   required from ‘[01m[Kstd::shared_ptr<_Tp> std::allocate_shared(const _Alloc&, _Args&& ...) [with _Tp = TorqueController; _Alloc = std::allocator<TorqueController>; _Args = {}][m[K’
[4.961s] [01m[K/usr/include/c++/9/bits/shared_ptr.h:717:39:[m[K   required from ‘[01m[Kstd::shared_ptr<_Tp> std::make_shared(_Args&& ...) [with _Tp = TorqueController; _Args = {}][m[K’
[4.962s] [01m[K/home/xinchen/Dev/SRTP/src/motor_controller/src/torque_controller.cpp:38:53:[m[K   required from here
[4.962s] [01m[K/usr/include/c++/9/ext/new_allocator.h:146:4:[m[K [01;31m[Kerror: [m[K‘[01m[KTorqueController::TorqueController()[m[K’ is private within this context
[4.962s]   146 |  { [01;31m[K::new((void *)__p) _Up(std::forward<_Args>(__args)...)[m[K; }
[4.962s]       |    [01;31m[K^~~~~~~~~~~~~~~~~~~~~~~~~~~~~~~~~~~~~~~~~~~~~~~~~~~~~~[m[K
[4.962s] [01m[K/home/xinchen/Dev/SRTP/src/motor_controller/src/torque_controller.cpp:15:5:[m[K [01;36m[Knote: [m[Kdeclared private here
[4.962s]    15 |     [01;36m[KTorqueController[m[K() : Node("TorqueContoller")
[4.962s]       |     [01;36m[K^~~~~~~~~~~~~~~~[m[K
[5.154s] make[2]: *** [CMakeFiles/torque_controller.dir/build.make:63: CMakeFiles/torque_controller.dir/src/torque_controller.cpp.o] Error 1
[5.155s] make[1]: *** [CMakeFiles/Makefile2:107: CMakeFiles/torque_controller.dir/all] Error 2
[5.156s] make: *** [Makefile:141: all] Error 2
[5.162s] Invoked command in '/home/xinchen/Dev/SRTP/build/motor_controller' returned '2': AMENT_PREFIX_PATH=/home/xinchen/Dev/SRTP/install/custom_interface:${AMENT_PREFIX_PATH} CMAKE_PREFIX_PATH=/home/xinchen/Dev/SRTP/install/custom_interface:/home/xinchen/Dev/SRTP/install/motor_controller:/home/xinchen/Dev/SRTP/install/launch_files:/home/xinchen/Dev/SRTP/install/dynamixel_workbench:/home/xinchen/Dev/SRTP/install/dynamixel_workbench_toolbox:/home/xinchen/Dev/SRTP/install/dynamixel_sdk_examples:/home/xinchen/Dev/SRTP/install/dynamixel_sdk_custom_interfaces:/home/xinchen/Dev/SRTP/install/dynamixel_sdk:/opt/ros/foxy LD_LIBRARY_PATH=/home/xinchen/Dev/SRTP/install/custom_interface/lib:${LD_LIBRARY_PATH} PYTHONPATH=/home/xinchen/Dev/SRTP/install/custom_interface/lib/python3.8/site-packages:${PYTHONPATH} /usr/bin/cmake --build /home/xinchen/Dev/SRTP/build/motor_controller -- -j6 -l6
