[35m[1mScanning dependencies of target torque_controller[0m
[ 25%] [32mBuilding CXX object CMakeFiles/torque_controller.dir/src/torque_controller.cpp.o[0m
[ 75%] Built target position_controller
[01m[K/home/xinchen/Dev/SRTP/src/motor_controller/src/torque_controller.cpp:[m[K In function ‘[01m[Kint main(int, char**)[m[K’:
[01m[K/home/xinchen/Dev/SRTP/src/motor_controller/src/torque_controller.cpp:32:14:[m[K [01;35m[Kwarning: [m[Kunused parameter ‘[01m[Kargc[m[K’ [[01;35m[K-Wunused-parameter[m[K]
   32 | int main([01;35m[Kint argc[m[K, char **argv)
      |          [01;35m[K~~~~^~~~[m[K
[01m[K/home/xinchen/Dev/SRTP/src/motor_controller/src/torque_controller.cpp:32:27:[m[K [01;35m[Kwarning: [m[Kunused parameter ‘[01m[Kargv[m[K’ [[01;35m[K-Wunused-parameter[m[K]
   32 | int main(int argc, [01;35m[Kchar **argv[m[K)
      |                    [01;35m[K~~~~~~~^~~~[m[K
[100%] [32m[1mLinking CXX executable torque_controller[0m
[100%] Built target torque_controller
-- Install configuration: ""
-- Installing: /home/xinchen/Dev/SRTP/install/motor_controller/lib/motor_controller/torque_controller
-- Set runtime path of "/home/xinchen/Dev/SRTP/install/motor_controller/lib/motor_controller/torque_controller" to ""
-- Up-to-date: /home/xinchen/Dev/SRTP/install/motor_controller/lib/motor_controller/position_controller
-- Up-to-date: /home/xinchen/Dev/SRTP/install/motor_controller/share/ament_index/resource_index/package_run_dependencies/motor_controller
-- Up-to-date: /home/xinchen/Dev/SRTP/install/motor_controller/share/ament_index/resource_index/parent_prefix_path/motor_controller
-- Up-to-date: /home/xinchen/Dev/SRTP/install/motor_controller/share/motor_controller/environment/ament_prefix_path.sh
-- Up-to-date: /home/xinchen/Dev/SRTP/install/motor_controller/share/motor_controller/environment/ament_prefix_path.dsv
-- Up-to-date: /home/xinchen/Dev/SRTP/install/motor_controller/share/motor_controller/environment/path.sh
-- Up-to-date: /home/xinchen/Dev/SRTP/install/motor_controller/share/motor_controller/environment/path.dsv
-- Up-to-date: /home/xinchen/Dev/SRTP/install/motor_controller/share/motor_controller/local_setup.bash
-- Up-to-date: /home/xinchen/Dev/SRTP/install/motor_controller/share/motor_controller/local_setup.sh
-- Up-to-date: /home/xinchen/Dev/SRTP/install/motor_controller/share/motor_controller/local_setup.zsh
-- Up-to-date: /home/xinchen/Dev/SRTP/install/motor_controller/share/motor_controller/local_setup.dsv
-- Installing: /home/xinchen/Dev/SRTP/install/motor_controller/share/motor_controller/package.dsv
-- Up-to-date: /home/xinchen/Dev/SRTP/install/motor_controller/share/ament_index/resource_index/packages/motor_controller
-- Up-to-date: /home/xinchen/Dev/SRTP/install/motor_controller/share/motor_controller/cmake/motor_controllerConfig.cmake
-- Up-to-date: /home/xinchen/Dev/SRTP/install/motor_controller/share/motor_controller/cmake/motor_controllerConfig-version.cmake
-- Up-to-date: /home/xinchen/Dev/SRTP/install/motor_controller/share/motor_controller/package.xml
