[0.865s] DEBUG:colcon:Command line arguments: ['/usr/bin/colcon', 'build']
[0.866s] DEBUG:colcon:Parsed command line arguments: Namespace(allow_overriding=[], ament_cmake_args=None, base_paths=['.'], build_base='build', catkin_cmake_args=None, catkin_skip_building_tests=False, cmake_args=None, cmake_clean_cache=False, cmake_clean_first=False, cmake_force_configure=False, cmake_target=None, cmake_target_skip_unavailable=False, continue_on_error=False, event_handlers=None, executor='parallel', ignore_user_meta=False, install_base='install', log_base=None, log_level=None, main=<bound method BuildVerb.main of <colcon_core.verb.build.BuildVerb object at 0xffff971fc700>>, merge_install=False, metas=['./colcon.meta'], packages_above=None, packages_above_and_dependencies=None, packages_above_depth=None, packages_end=None, packages_ignore=None, packages_ignore_regex=None, packages_select=None, packages_select_build_failed=False, packages_select_by_dep=None, packages_select_regex=None, packages_select_test_failures=False, packages_skip=None, packages_skip_build_finished=False, packages_skip_by_dep=None, packages_skip_regex=None, packages_skip_test_passed=False, packages_skip_up_to=None, packages_start=None, packages_up_to=None, packages_up_to_regex=None, parallel_workers=6, paths=None, symlink_install=False, test_result_base=None, verb_extension=<colcon_core.verb.build.BuildVerb object at 0xffff971fc700>, verb_name='build', verb_parser=<colcon_defaults.argument_parser.defaults.DefaultArgumentsDecorator object at 0xffff971fcc40>)
[0.978s] Level 1:colcon.colcon_core.package_discovery:discover_packages(colcon_meta) check parameters
[0.978s] Level 1:colcon.colcon_core.package_discovery:discover_packages(recursive) check parameters
[0.978s] Level 1:colcon.colcon_core.package_discovery:discover_packages(ignore) check parameters
[0.978s] Level 1:colcon.colcon_core.package_discovery:discover_packages(path) check parameters
[0.978s] Level 1:colcon.colcon_core.package_discovery:discover_packages(colcon_meta) discover
[0.979s] Level 1:colcon.colcon_core.package_discovery:discover_packages(recursive) discover
[0.979s] INFO:colcon.colcon_core.package_discovery:Crawling recursively for packages in '/home/xinchen/Dev/SRTP'
[0.979s] Level 1:colcon.colcon_core.package_identification:_identify(.) by extensions ['ignore', 'ignore_ament_install']
[0.979s] Level 1:colcon.colcon_core.package_identification:_identify(.) by extension 'ignore'
[0.979s] Level 1:colcon.colcon_core.package_identification:_identify(.) by extension 'ignore_ament_install'
[0.980s] Level 1:colcon.colcon_core.package_identification:_identify(.) by extensions ['colcon_pkg']
[0.980s] Level 1:colcon.colcon_core.package_identification:_identify(.) by extension 'colcon_pkg'
[0.980s] Level 1:colcon.colcon_core.package_identification:_identify(.) by extensions ['colcon_meta']
[0.980s] Level 1:colcon.colcon_core.package_identification:_identify(.) by extension 'colcon_meta'
[0.980s] Level 1:colcon.colcon_core.package_identification:_identify(.) by extensions ['ros']
[0.980s] Level 1:colcon.colcon_core.package_identification:_identify(.) by extension 'ros'
[1.006s] Level 1:colcon.colcon_core.package_identification:_identify(.) by extensions ['cmake', 'python']
[1.006s] Level 1:colcon.colcon_core.package_identification:_identify(.) by extension 'cmake'
[1.006s] Level 1:colcon.colcon_core.package_identification:_identify(.) by extension 'python'
[1.006s] Level 1:colcon.colcon_core.package_identification:_identify(.) by extensions ['python_setup_py']
[1.007s] Level 1:colcon.colcon_core.package_identification:_identify(.) by extension 'python_setup_py'
[1.007s] Level 1:colcon.colcon_core.package_identification:_identify(build) by extensions ['ignore', 'ignore_ament_install']
[1.007s] Level 1:colcon.colcon_core.package_identification:_identify(build) by extension 'ignore'
[1.007s] Level 1:colcon.colcon_core.package_identification:_identify(build) ignored
[1.008s] Level 1:colcon.colcon_core.package_identification:_identify(install) by extensions ['ignore', 'ignore_ament_install']
[1.008s] Level 1:colcon.colcon_core.package_identification:_identify(install) by extension 'ignore'
[1.008s] Level 1:colcon.colcon_core.package_identification:_identify(install) ignored
[1.008s] Level 1:colcon.colcon_core.package_identification:_identify(log) by extensions ['ignore', 'ignore_ament_install']
[1.008s] Level 1:colcon.colcon_core.package_identification:_identify(log) by extension 'ignore'
[1.009s] Level 1:colcon.colcon_core.package_identification:_identify(log) ignored
[1.009s] Level 1:colcon.colcon_core.package_identification:_identify(src) by extensions ['ignore', 'ignore_ament_install']
[1.009s] Level 1:colcon.colcon_core.package_identification:_identify(src) by extension 'ignore'
[1.009s] Level 1:colcon.colcon_core.package_identification:_identify(src) by extension 'ignore_ament_install'
[1.009s] Level 1:colcon.colcon_core.package_identification:_identify(src) by extensions ['colcon_pkg']
[1.009s] Level 1:colcon.colcon_core.package_identification:_identify(src) by extension 'colcon_pkg'
[1.009s] Level 1:colcon.colcon_core.package_identification:_identify(src) by extensions ['colcon_meta']
[1.010s] Level 1:colcon.colcon_core.package_identification:_identify(src) by extension 'colcon_meta'
[1.010s] Level 1:colcon.colcon_core.package_identification:_identify(src) by extensions ['ros']
[1.010s] Level 1:colcon.colcon_core.package_identification:_identify(src) by extension 'ros'
[1.010s] Level 1:colcon.colcon_core.package_identification:_identify(src) by extensions ['cmake', 'python']
[1.010s] Level 1:colcon.colcon_core.package_identification:_identify(src) by extension 'cmake'
[1.010s] Level 1:colcon.colcon_core.package_identification:_identify(src) by extension 'python'
[1.010s] Level 1:colcon.colcon_core.package_identification:_identify(src) by extensions ['python_setup_py']
[1.010s] Level 1:colcon.colcon_core.package_identification:_identify(src) by extension 'python_setup_py'
[1.011s] Level 1:colcon.colcon_core.package_identification:_identify(src/DynamixelSDK) by extensions ['ignore', 'ignore_ament_install']
[1.011s] Level 1:colcon.colcon_core.package_identification:_identify(src/DynamixelSDK) by extension 'ignore'
[1.011s] Level 1:colcon.colcon_core.package_identification:_identify(src/DynamixelSDK) by extension 'ignore_ament_install'
[1.011s] Level 1:colcon.colcon_core.package_identification:_identify(src/DynamixelSDK) by extensions ['colcon_pkg']
[1.011s] Level 1:colcon.colcon_core.package_identification:_identify(src/DynamixelSDK) by extension 'colcon_pkg'
[1.011s] Level 1:colcon.colcon_core.package_identification:_identify(src/DynamixelSDK) by extensions ['colcon_meta']
[1.011s] Level 1:colcon.colcon_core.package_identification:_identify(src/DynamixelSDK) by extension 'colcon_meta'
[1.012s] Level 1:colcon.colcon_core.package_identification:_identify(src/DynamixelSDK) by extensions ['ros']
[1.012s] Level 1:colcon.colcon_core.package_identification:_identify(src/DynamixelSDK) by extension 'ros'
[1.012s] Level 1:colcon.colcon_core.package_identification:_identify(src/DynamixelSDK) by extensions ['cmake', 'python']
[1.012s] Level 1:colcon.colcon_core.package_identification:_identify(src/DynamixelSDK) by extension 'cmake'
[1.012s] Level 1:colcon.colcon_core.package_identification:_identify(src/DynamixelSDK) by extension 'python'
[1.012s] Level 1:colcon.colcon_core.package_identification:_identify(src/DynamixelSDK) by extensions ['python_setup_py']
[1.012s] Level 1:colcon.colcon_core.package_identification:_identify(src/DynamixelSDK) by extension 'python_setup_py'
[1.012s] Level 1:colcon.colcon_core.package_identification:_identify(src/DynamixelSDK/dynamixel_sdk) by extensions ['ignore', 'ignore_ament_install']
[1.013s] Level 1:colcon.colcon_core.package_identification:_identify(src/DynamixelSDK/dynamixel_sdk) by extension 'ignore'
[1.013s] Level 1:colcon.colcon_core.package_identification:_identify(src/DynamixelSDK/dynamixel_sdk) by extension 'ignore_ament_install'
[1.013s] Level 1:colcon.colcon_core.package_identification:_identify(src/DynamixelSDK/dynamixel_sdk) by extensions ['colcon_pkg']
[1.013s] Level 1:colcon.colcon_core.package_identification:_identify(src/DynamixelSDK/dynamixel_sdk) by extension 'colcon_pkg'
[1.013s] Level 1:colcon.colcon_core.package_identification:_identify(src/DynamixelSDK/dynamixel_sdk) by extensions ['colcon_meta']
[1.013s] Level 1:colcon.colcon_core.package_identification:_identify(src/DynamixelSDK/dynamixel_sdk) by extension 'colcon_meta'
[1.013s] Level 1:colcon.colcon_core.package_identification:_identify(src/DynamixelSDK/dynamixel_sdk) by extensions ['ros']
[1.013s] Level 1:colcon.colcon_core.package_identification:_identify(src/DynamixelSDK/dynamixel_sdk) by extension 'ros'
[1.020s] DEBUG:colcon.colcon_core.package_identification:Package 'src/DynamixelSDK/dynamixel_sdk' with type 'ros.ament_cmake' and name 'dynamixel_sdk'
[1.020s] Level 1:colcon.colcon_core.package_identification:_identify(src/DynamixelSDK/dynamixel_sdk_custom_interfaces) by extensions ['ignore', 'ignore_ament_install']
[1.020s] Level 1:colcon.colcon_core.package_identification:_identify(src/DynamixelSDK/dynamixel_sdk_custom_interfaces) by extension 'ignore'
[1.021s] Level 1:colcon.colcon_core.package_identification:_identify(src/DynamixelSDK/dynamixel_sdk_custom_interfaces) by extension 'ignore_ament_install'
[1.021s] Level 1:colcon.colcon_core.package_identification:_identify(src/DynamixelSDK/dynamixel_sdk_custom_interfaces) by extensions ['colcon_pkg']
[1.021s] Level 1:colcon.colcon_core.package_identification:_identify(src/DynamixelSDK/dynamixel_sdk_custom_interfaces) by extension 'colcon_pkg'
[1.021s] Level 1:colcon.colcon_core.package_identification:_identify(src/DynamixelSDK/dynamixel_sdk_custom_interfaces) by extensions ['colcon_meta']
[1.021s] Level 1:colcon.colcon_core.package_identification:_identify(src/DynamixelSDK/dynamixel_sdk_custom_interfaces) by extension 'colcon_meta'
[1.021s] Level 1:colcon.colcon_core.package_identification:_identify(src/DynamixelSDK/dynamixel_sdk_custom_interfaces) by extensions ['ros']
[1.021s] Level 1:colcon.colcon_core.package_identification:_identify(src/DynamixelSDK/dynamixel_sdk_custom_interfaces) by extension 'ros'
[1.023s] DEBUG:colcon.colcon_core.package_identification:Package 'src/DynamixelSDK/dynamixel_sdk_custom_interfaces' with type 'ros.ament_cmake' and name 'dynamixel_sdk_custom_interfaces'
[1.023s] Level 1:colcon.colcon_core.package_identification:_identify(src/DynamixelSDK/dynamixel_sdk_examples) by extensions ['ignore', 'ignore_ament_install']
[1.023s] Level 1:colcon.colcon_core.package_identification:_identify(src/DynamixelSDK/dynamixel_sdk_examples) by extension 'ignore'
[1.023s] Level 1:colcon.colcon_core.package_identification:_identify(src/DynamixelSDK/dynamixel_sdk_examples) by extension 'ignore_ament_install'
[1.024s] Level 1:colcon.colcon_core.package_identification:_identify(src/DynamixelSDK/dynamixel_sdk_examples) by extensions ['colcon_pkg']
[1.024s] Level 1:colcon.colcon_core.package_identification:_identify(src/DynamixelSDK/dynamixel_sdk_examples) by extension 'colcon_pkg'
[1.024s] Level 1:colcon.colcon_core.package_identification:_identify(src/DynamixelSDK/dynamixel_sdk_examples) by extensions ['colcon_meta']
[1.024s] Level 1:colcon.colcon_core.package_identification:_identify(src/DynamixelSDK/dynamixel_sdk_examples) by extension 'colcon_meta'
[1.024s] Level 1:colcon.colcon_core.package_identification:_identify(src/DynamixelSDK/dynamixel_sdk_examples) by extensions ['ros']
[1.024s] Level 1:colcon.colcon_core.package_identification:_identify(src/DynamixelSDK/dynamixel_sdk_examples) by extension 'ros'
[1.026s] DEBUG:colcon.colcon_core.package_identification:Package 'src/DynamixelSDK/dynamixel_sdk_examples' with type 'ros.ament_cmake' and name 'dynamixel_sdk_examples'
[1.026s] Level 1:colcon.colcon_core.package_identification:_identify(src/dynamixel-workbench) by extensions ['ignore', 'ignore_ament_install']
[1.026s] Level 1:colcon.colcon_core.package_identification:_identify(src/dynamixel-workbench) by extension 'ignore'
[1.027s] Level 1:colcon.colcon_core.package_identification:_identify(src/dynamixel-workbench) by extension 'ignore_ament_install'
[1.027s] Level 1:colcon.colcon_core.package_identification:_identify(src/dynamixel-workbench) by extensions ['colcon_pkg']
[1.027s] Level 1:colcon.colcon_core.package_identification:_identify(src/dynamixel-workbench) by extension 'colcon_pkg'
[1.027s] Level 1:colcon.colcon_core.package_identification:_identify(src/dynamixel-workbench) by extensions ['colcon_meta']
[1.027s] Level 1:colcon.colcon_core.package_identification:_identify(src/dynamixel-workbench) by extension 'colcon_meta'
[1.027s] Level 1:colcon.colcon_core.package_identification:_identify(src/dynamixel-workbench) by extensions ['ros']
[1.027s] Level 1:colcon.colcon_core.package_identification:_identify(src/dynamixel-workbench) by extension 'ros'
[1.027s] Level 1:colcon.colcon_core.package_identification:_identify(src/dynamixel-workbench) by extensions ['cmake', 'python']
[1.028s] Level 1:colcon.colcon_core.package_identification:_identify(src/dynamixel-workbench) by extension 'cmake'
[1.028s] Level 1:colcon.colcon_core.package_identification:_identify(src/dynamixel-workbench) by extension 'python'
[1.028s] Level 1:colcon.colcon_core.package_identification:_identify(src/dynamixel-workbench) by extensions ['python_setup_py']
[1.028s] Level 1:colcon.colcon_core.package_identification:_identify(src/dynamixel-workbench) by extension 'python_setup_py'
[1.028s] Level 1:colcon.colcon_core.package_identification:_identify(src/dynamixel-workbench/dynamixel_workbench) by extensions ['ignore', 'ignore_ament_install']
[1.028s] Level 1:colcon.colcon_core.package_identification:_identify(src/dynamixel-workbench/dynamixel_workbench) by extension 'ignore'
[1.028s] Level 1:colcon.colcon_core.package_identification:_identify(src/dynamixel-workbench/dynamixel_workbench) by extension 'ignore_ament_install'
[1.029s] Level 1:colcon.colcon_core.package_identification:_identify(src/dynamixel-workbench/dynamixel_workbench) by extensions ['colcon_pkg']
[1.029s] Level 1:colcon.colcon_core.package_identification:_identify(src/dynamixel-workbench/dynamixel_workbench) by extension 'colcon_pkg'
[1.029s] Level 1:colcon.colcon_core.package_identification:_identify(src/dynamixel-workbench/dynamixel_workbench) by extensions ['colcon_meta']
[1.029s] Level 1:colcon.colcon_core.package_identification:_identify(src/dynamixel-workbench/dynamixel_workbench) by extension 'colcon_meta'
[1.029s] Level 1:colcon.colcon_core.package_identification:_identify(src/dynamixel-workbench/dynamixel_workbench) by extensions ['ros']
[1.029s] Level 1:colcon.colcon_core.package_identification:_identify(src/dynamixel-workbench/dynamixel_workbench) by extension 'ros'
[1.030s] DEBUG:colcon.colcon_core.package_identification:Package 'src/dynamixel-workbench/dynamixel_workbench' with type 'ros.ament_cmake' and name 'dynamixel_workbench'
[1.031s] Level 1:colcon.colcon_core.package_identification:_identify(src/dynamixel-workbench/dynamixel_workbench_toolbox) by extensions ['ignore', 'ignore_ament_install']
[1.031s] Level 1:colcon.colcon_core.package_identification:_identify(src/dynamixel-workbench/dynamixel_workbench_toolbox) by extension 'ignore'
[1.031s] Level 1:colcon.colcon_core.package_identification:_identify(src/dynamixel-workbench/dynamixel_workbench_toolbox) by extension 'ignore_ament_install'
[1.031s] Level 1:colcon.colcon_core.package_identification:_identify(src/dynamixel-workbench/dynamixel_workbench_toolbox) by extensions ['colcon_pkg']
[1.031s] Level 1:colcon.colcon_core.package_identification:_identify(src/dynamixel-workbench/dynamixel_workbench_toolbox) by extension 'colcon_pkg'
[1.031s] Level 1:colcon.colcon_core.package_identification:_identify(src/dynamixel-workbench/dynamixel_workbench_toolbox) by extensions ['colcon_meta']
[1.031s] Level 1:colcon.colcon_core.package_identification:_identify(src/dynamixel-workbench/dynamixel_workbench_toolbox) by extension 'colcon_meta'
[1.031s] Level 1:colcon.colcon_core.package_identification:_identify(src/dynamixel-workbench/dynamixel_workbench_toolbox) by extensions ['ros']
[1.032s] Level 1:colcon.colcon_core.package_identification:_identify(src/dynamixel-workbench/dynamixel_workbench_toolbox) by extension 'ros'
[1.033s] DEBUG:colcon.colcon_core.package_identification:Package 'src/dynamixel-workbench/dynamixel_workbench_toolbox' with type 'ros.ament_cmake' and name 'dynamixel_workbench_toolbox'
[1.033s] Level 1:colcon.colcon_core.package_identification:_identify(src/launch_files) by extensions ['ignore', 'ignore_ament_install']
[1.034s] Level 1:colcon.colcon_core.package_identification:_identify(src/launch_files) by extension 'ignore'
[1.034s] Level 1:colcon.colcon_core.package_identification:_identify(src/launch_files) by extension 'ignore_ament_install'
[1.034s] Level 1:colcon.colcon_core.package_identification:_identify(src/launch_files) by extensions ['colcon_pkg']
[1.034s] Level 1:colcon.colcon_core.package_identification:_identify(src/launch_files) by extension 'colcon_pkg'
[1.034s] Level 1:colcon.colcon_core.package_identification:_identify(src/launch_files) by extensions ['colcon_meta']
[1.034s] Level 1:colcon.colcon_core.package_identification:_identify(src/launch_files) by extension 'colcon_meta'
[1.034s] Level 1:colcon.colcon_core.package_identification:_identify(src/launch_files) by extensions ['ros']
[1.034s] Level 1:colcon.colcon_core.package_identification:_identify(src/launch_files) by extension 'ros'
[1.035s] DEBUG:colcon.colcon_core.package_identification:Package 'src/launch_files' with type 'ros.ament_cmake' and name 'launch_files'
[1.036s] Level 1:colcon.colcon_core.package_identification:_identify(src/motor_controller) by extensions ['ignore', 'ignore_ament_install']
[1.036s] Level 1:colcon.colcon_core.package_identification:_identify(src/motor_controller) by extension 'ignore'
[1.036s] Level 1:colcon.colcon_core.package_identification:_identify(src/motor_controller) by extension 'ignore_ament_install'
[1.036s] Level 1:colcon.colcon_core.package_identification:_identify(src/motor_controller) by extensions ['colcon_pkg']
[1.036s] Level 1:colcon.colcon_core.package_identification:_identify(src/motor_controller) by extension 'colcon_pkg'
[1.036s] Level 1:colcon.colcon_core.package_identification:_identify(src/motor_controller) by extensions ['colcon_meta']
[1.036s] Level 1:colcon.colcon_core.package_identification:_identify(src/motor_controller) by extension 'colcon_meta'
[1.037s] Level 1:colcon.colcon_core.package_identification:_identify(src/motor_controller) by extensions ['ros']
[1.037s] Level 1:colcon.colcon_core.package_identification:_identify(src/motor_controller) by extension 'ros'
[1.038s] DEBUG:colcon.colcon_core.package_identification:Package 'src/motor_controller' with type 'ros.ament_cmake' and name 'motor_controller'
[1.038s] Level 1:colcon.colcon_core.package_discovery:discover_packages(recursive) using defaults
[1.038s] Level 1:colcon.colcon_core.package_discovery:discover_packages(ignore) discover
[1.038s] Level 1:colcon.colcon_core.package_discovery:discover_packages(ignore) using defaults
[1.038s] Level 1:colcon.colcon_core.package_discovery:discover_packages(path) discover
[1.038s] Level 1:colcon.colcon_core.package_discovery:discover_packages(path) using defaults
[1.099s] Level 1:colcon.colcon_core.package_discovery:discover_packages(prefix_path) check parameters
[1.099s] Level 1:colcon.colcon_core.package_discovery:discover_packages(prefix_path) discover
[1.110s] DEBUG:colcon.colcon_installed_package_information.package_discovery:Found 308 installed packages in /opt/ros/foxy
[1.113s] Level 1:colcon.colcon_core.package_discovery:discover_packages(prefix_path) using defaults
[1.330s] Level 5:colcon.colcon_core.verb:set package 'dynamixel_sdk' build argument 'cmake_args' from command line to 'None'
[1.330s] Level 5:colcon.colcon_core.verb:set package 'dynamixel_sdk' build argument 'cmake_target' from command line to 'None'
[1.331s] Level 5:colcon.colcon_core.verb:set package 'dynamixel_sdk' build argument 'cmake_target_skip_unavailable' from command line to 'False'
[1.331s] Level 5:colcon.colcon_core.verb:set package 'dynamixel_sdk' build argument 'cmake_clean_cache' from command line to 'False'
[1.331s] Level 5:colcon.colcon_core.verb:set package 'dynamixel_sdk' build argument 'cmake_clean_first' from command line to 'False'
[1.331s] Level 5:colcon.colcon_core.verb:set package 'dynamixel_sdk' build argument 'cmake_force_configure' from command line to 'False'
[1.331s] Level 5:colcon.colcon_core.verb:set package 'dynamixel_sdk' build argument 'ament_cmake_args' from command line to 'None'
[1.331s] Level 5:colcon.colcon_core.verb:set package 'dynamixel_sdk' build argument 'catkin_cmake_args' from command line to 'None'
[1.331s] Level 5:colcon.colcon_core.verb:set package 'dynamixel_sdk' build argument 'catkin_skip_building_tests' from command line to 'False'
[1.331s] DEBUG:colcon.colcon_core.verb:Building package 'dynamixel_sdk' with the following arguments: {'ament_cmake_args': None, 'build_base': '/home/xinchen/Dev/SRTP/build/dynamixel_sdk', 'catkin_cmake_args': None, 'catkin_skip_building_tests': False, 'cmake_args': None, 'cmake_clean_cache': False, 'cmake_clean_first': False, 'cmake_force_configure': False, 'cmake_target': None, 'cmake_target_skip_unavailable': False, 'install_base': '/home/xinchen/Dev/SRTP/install/dynamixel_sdk', 'merge_install': False, 'path': '/home/xinchen/Dev/SRTP/src/DynamixelSDK/dynamixel_sdk', 'symlink_install': False, 'test_result_base': None}
[1.334s] Level 5:colcon.colcon_core.verb:set package 'dynamixel_sdk_custom_interfaces' build argument 'cmake_args' from command line to 'None'
[1.334s] Level 5:colcon.colcon_core.verb:set package 'dynamixel_sdk_custom_interfaces' build argument 'cmake_target' from command line to 'None'
[1.335s] Level 5:colcon.colcon_core.verb:set package 'dynamixel_sdk_custom_interfaces' build argument 'cmake_target_skip_unavailable' from command line to 'False'
[1.335s] Level 5:colcon.colcon_core.verb:set package 'dynamixel_sdk_custom_interfaces' build argument 'cmake_clean_cache' from command line to 'False'
[1.335s] Level 5:colcon.colcon_core.verb:set package 'dynamixel_sdk_custom_interfaces' build argument 'cmake_clean_first' from command line to 'False'
[1.335s] Level 5:colcon.colcon_core.verb:set package 'dynamixel_sdk_custom_interfaces' build argument 'cmake_force_configure' from command line to 'False'
[1.335s] Level 5:colcon.colcon_core.verb:set package 'dynamixel_sdk_custom_interfaces' build argument 'ament_cmake_args' from command line to 'None'
[1.335s] Level 5:colcon.colcon_core.verb:set package 'dynamixel_sdk_custom_interfaces' build argument 'catkin_cmake_args' from command line to 'None'
[1.335s] Level 5:colcon.colcon_core.verb:set package 'dynamixel_sdk_custom_interfaces' build argument 'catkin_skip_building_tests' from command line to 'False'
[1.335s] DEBUG:colcon.colcon_core.verb:Building package 'dynamixel_sdk_custom_interfaces' with the following arguments: {'ament_cmake_args': None, 'build_base': '/home/xinchen/Dev/SRTP/build/dynamixel_sdk_custom_interfaces', 'catkin_cmake_args': None, 'catkin_skip_building_tests': False, 'cmake_args': None, 'cmake_clean_cache': False, 'cmake_clean_first': False, 'cmake_force_configure': False, 'cmake_target': None, 'cmake_target_skip_unavailable': False, 'install_base': '/home/xinchen/Dev/SRTP/install/dynamixel_sdk_custom_interfaces', 'merge_install': False, 'path': '/home/xinchen/Dev/SRTP/src/DynamixelSDK/dynamixel_sdk_custom_interfaces', 'symlink_install': False, 'test_result_base': None}
[1.338s] Level 5:colcon.colcon_core.verb:set package 'launch_files' build argument 'cmake_args' from command line to 'None'
[1.338s] Level 5:colcon.colcon_core.verb:set package 'launch_files' build argument 'cmake_target' from command line to 'None'
[1.338s] Level 5:colcon.colcon_core.verb:set package 'launch_files' build argument 'cmake_target_skip_unavailable' from command line to 'False'
[1.338s] Level 5:colcon.colcon_core.verb:set package 'launch_files' build argument 'cmake_clean_cache' from command line to 'False'
[1.338s] Level 5:colcon.colcon_core.verb:set package 'launch_files' build argument 'cmake_clean_first' from command line to 'False'
[1.338s] Level 5:colcon.colcon_core.verb:set package 'launch_files' build argument 'cmake_force_configure' from command line to 'False'
[1.338s] Level 5:colcon.colcon_core.verb:set package 'launch_files' build argument 'ament_cmake_args' from command line to 'None'
[1.338s] Level 5:colcon.colcon_core.verb:set package 'launch_files' build argument 'catkin_cmake_args' from command line to 'None'
[1.338s] Level 5:colcon.colcon_core.verb:set package 'launch_files' build argument 'catkin_skip_building_tests' from command line to 'False'
[1.339s] DEBUG:colcon.colcon_core.verb:Building package 'launch_files' with the following arguments: {'ament_cmake_args': None, 'build_base': '/home/xinchen/Dev/SRTP/build/launch_files', 'catkin_cmake_args': None, 'catkin_skip_building_tests': False, 'cmake_args': None, 'cmake_clean_cache': False, 'cmake_clean_first': False, 'cmake_force_configure': False, 'cmake_target': None, 'cmake_target_skip_unavailable': False, 'install_base': '/home/xinchen/Dev/SRTP/install/launch_files', 'merge_install': False, 'path': '/home/xinchen/Dev/SRTP/src/launch_files', 'symlink_install': False, 'test_result_base': None}
[1.341s] Level 5:colcon.colcon_core.verb:set package 'motor_controller' build argument 'cmake_args' from command line to 'None'
[1.341s] Level 5:colcon.colcon_core.verb:set package 'motor_controller' build argument 'cmake_target' from command line to 'None'
[1.342s] Level 5:colcon.colcon_core.verb:set package 'motor_controller' build argument 'cmake_target_skip_unavailable' from command line to 'False'
[1.342s] Level 5:colcon.colcon_core.verb:set package 'motor_controller' build argument 'cmake_clean_cache' from command line to 'False'
[1.342s] Level 5:colcon.colcon_core.verb:set package 'motor_controller' build argument 'cmake_clean_first' from command line to 'False'
[1.342s] Level 5:colcon.colcon_core.verb:set package 'motor_controller' build argument 'cmake_force_configure' from command line to 'False'
[1.342s] Level 5:colcon.colcon_core.verb:set package 'motor_controller' build argument 'ament_cmake_args' from command line to 'None'
[1.342s] Level 5:colcon.colcon_core.verb:set package 'motor_controller' build argument 'catkin_cmake_args' from command line to 'None'
[1.342s] Level 5:colcon.colcon_core.verb:set package 'motor_controller' build argument 'catkin_skip_building_tests' from command line to 'False'
[1.342s] DEBUG:colcon.colcon_core.verb:Building package 'motor_controller' with the following arguments: {'ament_cmake_args': None, 'build_base': '/home/xinchen/Dev/SRTP/build/motor_controller', 'catkin_cmake_args': None, 'catkin_skip_building_tests': False, 'cmake_args': None, 'cmake_clean_cache': False, 'cmake_clean_first': False, 'cmake_force_configure': False, 'cmake_target': None, 'cmake_target_skip_unavailable': False, 'install_base': '/home/xinchen/Dev/SRTP/install/motor_controller', 'merge_install': False, 'path': '/home/xinchen/Dev/SRTP/src/motor_controller', 'symlink_install': False, 'test_result_base': None}
[1.345s] Level 5:colcon.colcon_core.verb:set package 'dynamixel_sdk_examples' build argument 'cmake_args' from command line to 'None'
[1.345s] Level 5:colcon.colcon_core.verb:set package 'dynamixel_sdk_examples' build argument 'cmake_target' from command line to 'None'
[1.345s] Level 5:colcon.colcon_core.verb:set package 'dynamixel_sdk_examples' build argument 'cmake_target_skip_unavailable' from command line to 'False'
[1.345s] Level 5:colcon.colcon_core.verb:set package 'dynamixel_sdk_examples' build argument 'cmake_clean_cache' from command line to 'False'
[1.345s] Level 5:colcon.colcon_core.verb:set package 'dynamixel_sdk_examples' build argument 'cmake_clean_first' from command line to 'False'
[1.345s] Level 5:colcon.colcon_core.verb:set package 'dynamixel_sdk_examples' build argument 'cmake_force_configure' from command line to 'False'
[1.345s] Level 5:colcon.colcon_core.verb:set package 'dynamixel_sdk_examples' build argument 'ament_cmake_args' from command line to 'None'
[1.345s] Level 5:colcon.colcon_core.verb:set package 'dynamixel_sdk_examples' build argument 'catkin_cmake_args' from command line to 'None'
[1.345s] Level 5:colcon.colcon_core.verb:set package 'dynamixel_sdk_examples' build argument 'catkin_skip_building_tests' from command line to 'False'
[1.345s] DEBUG:colcon.colcon_core.verb:Building package 'dynamixel_sdk_examples' with the following arguments: {'ament_cmake_args': None, 'build_base': '/home/xinchen/Dev/SRTP/build/dynamixel_sdk_examples', 'catkin_cmake_args': None, 'catkin_skip_building_tests': False, 'cmake_args': None, 'cmake_clean_cache': False, 'cmake_clean_first': False, 'cmake_force_configure': False, 'cmake_target': None, 'cmake_target_skip_unavailable': False, 'install_base': '/home/xinchen/Dev/SRTP/install/dynamixel_sdk_examples', 'merge_install': False, 'path': '/home/xinchen/Dev/SRTP/src/DynamixelSDK/dynamixel_sdk_examples', 'symlink_install': False, 'test_result_base': None}
[1.348s] Level 5:colcon.colcon_core.verb:set package 'dynamixel_workbench_toolbox' build argument 'cmake_args' from command line to 'None'
[1.348s] Level 5:colcon.colcon_core.verb:set package 'dynamixel_workbench_toolbox' build argument 'cmake_target' from command line to 'None'
[1.349s] Level 5:colcon.colcon_core.verb:set package 'dynamixel_workbench_toolbox' build argument 'cmake_target_skip_unavailable' from command line to 'False'
[1.349s] Level 5:colcon.colcon_core.verb:set package 'dynamixel_workbench_toolbox' build argument 'cmake_clean_cache' from command line to 'False'
[1.349s] Level 5:colcon.colcon_core.verb:set package 'dynamixel_workbench_toolbox' build argument 'cmake_clean_first' from command line to 'False'
[1.349s] Level 5:colcon.colcon_core.verb:set package 'dynamixel_workbench_toolbox' build argument 'cmake_force_configure' from command line to 'False'
[1.349s] Level 5:colcon.colcon_core.verb:set package 'dynamixel_workbench_toolbox' build argument 'ament_cmake_args' from command line to 'None'
[1.349s] Level 5:colcon.colcon_core.verb:set package 'dynamixel_workbench_toolbox' build argument 'catkin_cmake_args' from command line to 'None'
[1.349s] Level 5:colcon.colcon_core.verb:set package 'dynamixel_workbench_toolbox' build argument 'catkin_skip_building_tests' from command line to 'False'
[1.349s] DEBUG:colcon.colcon_core.verb:Building package 'dynamixel_workbench_toolbox' with the following arguments: {'ament_cmake_args': None, 'build_base': '/home/xinchen/Dev/SRTP/build/dynamixel_workbench_toolbox', 'catkin_cmake_args': None, 'catkin_skip_building_tests': False, 'cmake_args': None, 'cmake_clean_cache': False, 'cmake_clean_first': False, 'cmake_force_configure': False, 'cmake_target': None, 'cmake_target_skip_unavailable': False, 'install_base': '/home/xinchen/Dev/SRTP/install/dynamixel_workbench_toolbox', 'merge_install': False, 'path': '/home/xinchen/Dev/SRTP/src/dynamixel-workbench/dynamixel_workbench_toolbox', 'symlink_install': False, 'test_result_base': None}
[1.352s] Level 5:colcon.colcon_core.verb:set package 'dynamixel_workbench' build argument 'cmake_args' from command line to 'None'
[1.352s] Level 5:colcon.colcon_core.verb:set package 'dynamixel_workbench' build argument 'cmake_target' from command line to 'None'
[1.352s] Level 5:colcon.colcon_core.verb:set package 'dynamixel_workbench' build argument 'cmake_target_skip_unavailable' from command line to 'False'
[1.352s] Level 5:colcon.colcon_core.verb:set package 'dynamixel_workbench' build argument 'cmake_clean_cache' from command line to 'False'
[1.352s] Level 5:colcon.colcon_core.verb:set package 'dynamixel_workbench' build argument 'cmake_clean_first' from command line to 'False'
[1.352s] Level 5:colcon.colcon_core.verb:set package 'dynamixel_workbench' build argument 'cmake_force_configure' from command line to 'False'
[1.352s] Level 5:colcon.colcon_core.verb:set package 'dynamixel_workbench' build argument 'ament_cmake_args' from command line to 'None'
[1.352s] Level 5:colcon.colcon_core.verb:set package 'dynamixel_workbench' build argument 'catkin_cmake_args' from command line to 'None'
[1.352s] Level 5:colcon.colcon_core.verb:set package 'dynamixel_workbench' build argument 'catkin_skip_building_tests' from command line to 'False'
[1.352s] DEBUG:colcon.colcon_core.verb:Building package 'dynamixel_workbench' with the following arguments: {'ament_cmake_args': None, 'build_base': '/home/xinchen/Dev/SRTP/build/dynamixel_workbench', 'catkin_cmake_args': None, 'catkin_skip_building_tests': False, 'cmake_args': None, 'cmake_clean_cache': False, 'cmake_clean_first': False, 'cmake_force_configure': False, 'cmake_target': None, 'cmake_target_skip_unavailable': False, 'install_base': '/home/xinchen/Dev/SRTP/install/dynamixel_workbench', 'merge_install': False, 'path': '/home/xinchen/Dev/SRTP/src/dynamixel-workbench/dynamixel_workbench', 'symlink_install': False, 'test_result_base': None}
[1.355s] INFO:colcon.colcon_core.executor:Executing jobs using 'parallel' executor
[1.367s] DEBUG:colcon.colcon_parallel_executor.executor.parallel:run_until_complete
[1.368s] INFO:colcon.colcon_ros.task.ament_cmake.build:Building ROS package in '/home/xinchen/Dev/SRTP/src/DynamixelSDK/dynamixel_sdk' with build type 'ament_cmake'
[1.368s] INFO:colcon.colcon_cmake.task.cmake.build:Building CMake package in '/home/xinchen/Dev/SRTP/src/DynamixelSDK/dynamixel_sdk'
[1.385s] INFO:colcon.colcon_core.plugin_system:Skipping extension 'colcon_core.shell.bat': Not used on non-Windows systems
[1.385s] INFO:colcon.colcon_core.shell:Skip shell extension 'powershell' for command environment: Not usable outside of PowerShell
[1.386s] DEBUG:colcon.colcon_core.shell:Skip shell extension 'dsv' for command environment
[1.401s] INFO:colcon.colcon_ros.task.ament_cmake.build:Building ROS package in '/home/xinchen/Dev/SRTP/src/DynamixelSDK/dynamixel_sdk_custom_interfaces' with build type 'ament_cmake'
[1.402s] INFO:colcon.colcon_cmake.task.cmake.build:Building CMake package in '/home/xinchen/Dev/SRTP/src/DynamixelSDK/dynamixel_sdk_custom_interfaces'
[1.409s] INFO:colcon.colcon_core.shell:Skip shell extension 'powershell' for command environment: Not usable outside of PowerShell
[1.409s] DEBUG:colcon.colcon_core.shell:Skip shell extension 'dsv' for command environment
[1.421s] INFO:colcon.colcon_ros.task.ament_cmake.build:Building ROS package in '/home/xinchen/Dev/SRTP/src/launch_files' with build type 'ament_cmake'
[1.422s] INFO:colcon.colcon_cmake.task.cmake.build:Building CMake package in '/home/xinchen/Dev/SRTP/src/launch_files'
[1.428s] INFO:colcon.colcon_core.shell:Skip shell extension 'powershell' for command environment: Not usable outside of PowerShell
[1.428s] DEBUG:colcon.colcon_core.shell:Skip shell extension 'dsv' for command environment
[1.441s] INFO:colcon.colcon_ros.task.ament_cmake.build:Building ROS package in '/home/xinchen/Dev/SRTP/src/motor_controller' with build type 'ament_cmake'
[1.442s] INFO:colcon.colcon_cmake.task.cmake.build:Building CMake package in '/home/xinchen/Dev/SRTP/src/motor_controller'
[1.449s] INFO:colcon.colcon_core.shell:Skip shell extension 'powershell' for command environment: Not usable outside of PowerShell
[1.450s] DEBUG:colcon.colcon_core.shell:Skip shell extension 'dsv' for command environment
[1.487s] DEBUG:colcon.colcon_core.event_handler.log_command:Invoking command in '/home/xinchen/Dev/SRTP/build/dynamixel_sdk': CMAKE_PREFIX_PATH=/opt/ros/foxy /usr/bin/cmake --build /home/xinchen/Dev/SRTP/build/dynamixel_sdk -- -j6 -l6
[1.501s] DEBUG:colcon.colcon_core.event_handler.log_command:Invoking command in '/home/xinchen/Dev/SRTP/build/dynamixel_sdk_custom_interfaces': CMAKE_PREFIX_PATH=/opt/ros/foxy /usr/bin/cmake --build /home/xinchen/Dev/SRTP/build/dynamixel_sdk_custom_interfaces -- -j6 -l6
[1.508s] DEBUG:colcon.colcon_core.event_handler.log_command:Invoking command in '/home/xinchen/Dev/SRTP/build/launch_files': CMAKE_PREFIX_PATH=/opt/ros/foxy /usr/bin/cmake --build /home/xinchen/Dev/SRTP/build/launch_files -- -j6 -l6
[1.562s] DEBUG:colcon.colcon_core.event_handler.log_command:Invoking command in '/home/xinchen/Dev/SRTP/build/motor_controller': CMAKE_PREFIX_PATH=/opt/ros/foxy /usr/bin/cmake --build /home/xinchen/Dev/SRTP/build/motor_controller -- -j6 -l6
[1.745s] DEBUG:colcon.colcon_core.event_handler.log_command:Invoked command in '/home/xinchen/Dev/SRTP/build/launch_files' returned '0': CMAKE_PREFIX_PATH=/opt/ros/foxy /usr/bin/cmake --build /home/xinchen/Dev/SRTP/build/launch_files -- -j6 -l6
[1.799s] DEBUG:colcon.colcon_core.event_handler.log_command:Invoked command in '/home/xinchen/Dev/SRTP/build/dynamixel_sdk' returned '0': CMAKE_PREFIX_PATH=/opt/ros/foxy /usr/bin/cmake --build /home/xinchen/Dev/SRTP/build/dynamixel_sdk -- -j6 -l6
[1.903s] DEBUG:colcon.colcon_core.event_handler.log_command:Invoking command in '/home/xinchen/Dev/SRTP/build/launch_files': CMAKE_PREFIX_PATH=/opt/ros/foxy /usr/bin/cmake --install /home/xinchen/Dev/SRTP/build/launch_files
[1.924s] DEBUG:colcon.colcon_core.event_handler.log_command:Invoking command in '/home/xinchen/Dev/SRTP/build/dynamixel_sdk': CMAKE_PREFIX_PATH=/opt/ros/foxy /usr/bin/cmake --install /home/xinchen/Dev/SRTP/build/dynamixel_sdk
[1.947s] Level 1:colcon.colcon_core.environment:create_environment_scripts_only(launch_files)
[1.953s] DEBUG:colcon.colcon_core.event_handler.log_command:Invoked command in '/home/xinchen/Dev/SRTP/build/launch_files' returned '0': CMAKE_PREFIX_PATH=/opt/ros/foxy /usr/bin/cmake --install /home/xinchen/Dev/SRTP/build/launch_files
[1.982s] Level 1:colcon.colcon_core.environment:checking '/home/xinchen/Dev/SRTP/install/launch_files' for CMake module files
[1.983s] Level 1:colcon.colcon_core.environment:checking '/home/xinchen/Dev/SRTP/install/launch_files' for CMake config files
[1.984s] Level 1:colcon.colcon_core.shell:create_environment_hook('launch_files', 'cmake_prefix_path')
[1.989s] INFO:colcon.colcon_core.shell:Creating environment hook '/home/xinchen/Dev/SRTP/install/launch_files/share/launch_files/hook/cmake_prefix_path.ps1'
[1.992s] INFO:colcon.colcon_core.shell:Creating environment descriptor '/home/xinchen/Dev/SRTP/install/launch_files/share/launch_files/hook/cmake_prefix_path.dsv'
[1.994s] INFO:colcon.colcon_core.shell:Creating environment hook '/home/xinchen/Dev/SRTP/install/launch_files/share/launch_files/hook/cmake_prefix_path.sh'
[1.997s] Level 1:colcon.colcon_core.environment:checking '/home/xinchen/Dev/SRTP/install/launch_files/bin'
[1.998s] Level 1:colcon.colcon_core.environment:checking '/home/xinchen/Dev/SRTP/install/launch_files/lib/pkgconfig/launch_files.pc'
[1.999s] Level 1:colcon.colcon_core.environment:checking '/home/xinchen/Dev/SRTP/install/launch_files/lib/python3.8/site-packages'
[1.999s] Level 1:colcon.colcon_core.environment:checking '/home/xinchen/Dev/SRTP/install/launch_files/bin'
[2.005s] INFO:colcon.colcon_core.shell:Creating package script '/home/xinchen/Dev/SRTP/install/launch_files/share/launch_files/package.ps1'
[2.007s] INFO:colcon.colcon_core.shell:Creating package descriptor '/home/xinchen/Dev/SRTP/install/launch_files/share/launch_files/package.dsv'
[2.009s] INFO:colcon.colcon_core.shell:Creating package script '/home/xinchen/Dev/SRTP/install/launch_files/share/launch_files/package.sh'
[2.011s] INFO:colcon.colcon_core.shell:Creating package script '/home/xinchen/Dev/SRTP/install/launch_files/share/launch_files/package.bash'
[2.013s] INFO:colcon.colcon_core.shell:Creating package script '/home/xinchen/Dev/SRTP/install/launch_files/share/launch_files/package.zsh'
[2.014s] Level 1:colcon.colcon_core.environment:create_file_with_runtime_dependencies(/home/xinchen/Dev/SRTP/install/launch_files/share/colcon-core/packages/launch_files)
[2.026s] Level 1:colcon.colcon_core.environment:create_environment_scripts_only(dynamixel_sdk)
[2.034s] Level 1:colcon.colcon_core.environment:checking '/home/xinchen/Dev/SRTP/install/dynamixel_sdk' for CMake module files
[2.036s] DEBUG:colcon.colcon_core.event_handler.log_command:Invoked command in '/home/xinchen/Dev/SRTP/build/dynamixel_sdk' returned '0': CMAKE_PREFIX_PATH=/opt/ros/foxy /usr/bin/cmake --install /home/xinchen/Dev/SRTP/build/dynamixel_sdk
[2.038s] Level 1:colcon.colcon_core.environment:checking '/home/xinchen/Dev/SRTP/install/dynamixel_sdk' for CMake config files
[2.039s] Level 1:colcon.colcon_core.shell:create_environment_hook('dynamixel_sdk', 'cmake_prefix_path')
[2.045s] INFO:colcon.colcon_core.shell:Creating environment hook '/home/xinchen/Dev/SRTP/install/dynamixel_sdk/share/dynamixel_sdk/hook/cmake_prefix_path.ps1'
[2.047s] INFO:colcon.colcon_core.shell:Creating environment descriptor '/home/xinchen/Dev/SRTP/install/dynamixel_sdk/share/dynamixel_sdk/hook/cmake_prefix_path.dsv'
[2.048s] INFO:colcon.colcon_core.shell:Creating environment hook '/home/xinchen/Dev/SRTP/install/dynamixel_sdk/share/dynamixel_sdk/hook/cmake_prefix_path.sh'
[2.050s] Level 1:colcon.colcon_core.environment:checking '/home/xinchen/Dev/SRTP/install/dynamixel_sdk/lib'
[2.050s] Level 1:colcon.colcon_core.shell:create_environment_hook('dynamixel_sdk', 'ld_library_path_lib')
[2.056s] INFO:colcon.colcon_core.shell:Creating environment hook '/home/xinchen/Dev/SRTP/install/dynamixel_sdk/share/dynamixel_sdk/hook/ld_library_path_lib.ps1'
[2.057s] INFO:colcon.colcon_core.shell:Creating environment descriptor '/home/xinchen/Dev/SRTP/install/dynamixel_sdk/share/dynamixel_sdk/hook/ld_library_path_lib.dsv'
[2.058s] INFO:colcon.colcon_core.shell:Creating environment hook '/home/xinchen/Dev/SRTP/install/dynamixel_sdk/share/dynamixel_sdk/hook/ld_library_path_lib.sh'
[2.058s] Level 1:colcon.colcon_core.environment:checking '/home/xinchen/Dev/SRTP/install/dynamixel_sdk/bin'
[2.059s] Level 1:colcon.colcon_core.environment:checking '/home/xinchen/Dev/SRTP/install/dynamixel_sdk/lib/pkgconfig/dynamixel_sdk.pc'
[2.059s] Level 1:colcon.colcon_core.environment:checking '/home/xinchen/Dev/SRTP/install/dynamixel_sdk/lib/python3.8/site-packages'
[2.060s] Level 1:colcon.colcon_core.environment:checking '/home/xinchen/Dev/SRTP/install/dynamixel_sdk/bin'
[2.066s] INFO:colcon.colcon_core.shell:Creating package script '/home/xinchen/Dev/SRTP/install/dynamixel_sdk/share/dynamixel_sdk/package.ps1'
[2.067s] INFO:colcon.colcon_core.shell:Creating package descriptor '/home/xinchen/Dev/SRTP/install/dynamixel_sdk/share/dynamixel_sdk/package.dsv'
[2.068s] INFO:colcon.colcon_core.shell:Creating package script '/home/xinchen/Dev/SRTP/install/dynamixel_sdk/share/dynamixel_sdk/package.sh'
[2.069s] INFO:colcon.colcon_core.shell:Creating package script '/home/xinchen/Dev/SRTP/install/dynamixel_sdk/share/dynamixel_sdk/package.bash'
[2.070s] INFO:colcon.colcon_core.shell:Creating package script '/home/xinchen/Dev/SRTP/install/dynamixel_sdk/share/dynamixel_sdk/package.zsh'
[2.071s] Level 1:colcon.colcon_core.environment:create_file_with_runtime_dependencies(/home/xinchen/Dev/SRTP/install/dynamixel_sdk/share/colcon-core/packages/dynamixel_sdk)
[2.087s] Level 1:colcon.colcon_core.environment:create_environment_scripts_only(launch_files)
[2.095s] Level 1:colcon.colcon_core.environment:checking '/home/xinchen/Dev/SRTP/install/launch_files' for CMake module files
[2.096s] Level 1:colcon.colcon_core.environment:checking '/home/xinchen/Dev/SRTP/install/launch_files' for CMake config files
[2.096s] Level 1:colcon.colcon_core.shell:create_environment_hook('launch_files', 'cmake_prefix_path')
[2.102s] INFO:colcon.colcon_core.shell:Creating environment hook '/home/xinchen/Dev/SRTP/install/launch_files/share/launch_files/hook/cmake_prefix_path.ps1'
[2.104s] INFO:colcon.colcon_core.shell:Creating environment descriptor '/home/xinchen/Dev/SRTP/install/launch_files/share/launch_files/hook/cmake_prefix_path.dsv'
[2.105s] INFO:colcon.colcon_core.shell:Creating environment hook '/home/xinchen/Dev/SRTP/install/launch_files/share/launch_files/hook/cmake_prefix_path.sh'
[2.110s] Level 1:colcon.colcon_core.environment:checking '/home/xinchen/Dev/SRTP/install/launch_files/bin'
[2.110s] Level 1:colcon.colcon_core.environment:checking '/home/xinchen/Dev/SRTP/install/launch_files/lib/pkgconfig/launch_files.pc'
[2.111s] Level 1:colcon.colcon_core.environment:checking '/home/xinchen/Dev/SRTP/install/launch_files/lib/python3.8/site-packages'
[2.111s] Level 1:colcon.colcon_core.environment:checking '/home/xinchen/Dev/SRTP/install/launch_files/bin'
[2.117s] INFO:colcon.colcon_core.shell:Creating package script '/home/xinchen/Dev/SRTP/install/launch_files/share/launch_files/package.ps1'
[2.119s] INFO:colcon.colcon_core.shell:Creating package descriptor '/home/xinchen/Dev/SRTP/install/launch_files/share/launch_files/package.dsv'
[2.120s] INFO:colcon.colcon_core.shell:Creating package script '/home/xinchen/Dev/SRTP/install/launch_files/share/launch_files/package.sh'
[2.121s] INFO:colcon.colcon_core.shell:Creating package script '/home/xinchen/Dev/SRTP/install/launch_files/share/launch_files/package.bash'
[2.122s] INFO:colcon.colcon_core.shell:Creating package script '/home/xinchen/Dev/SRTP/install/launch_files/share/launch_files/package.zsh'
[2.123s] Level 1:colcon.colcon_core.environment:create_file_with_runtime_dependencies(/home/xinchen/Dev/SRTP/install/launch_files/share/colcon-core/packages/launch_files)
[2.188s] Level 1:colcon.colcon_core.environment:create_environment_scripts_only(dynamixel_sdk)
[2.199s] Level 1:colcon.colcon_core.environment:checking '/home/xinchen/Dev/SRTP/install/dynamixel_sdk' for CMake module files
[2.201s] Level 1:colcon.colcon_core.environment:checking '/home/xinchen/Dev/SRTP/install/dynamixel_sdk' for CMake config files
[2.201s] Level 1:colcon.colcon_core.shell:create_environment_hook('dynamixel_sdk', 'cmake_prefix_path')
[2.207s] INFO:colcon.colcon_core.shell:Creating environment hook '/home/xinchen/Dev/SRTP/install/dynamixel_sdk/share/dynamixel_sdk/hook/cmake_prefix_path.ps1'
[2.208s] INFO:colcon.colcon_core.shell:Creating environment descriptor '/home/xinchen/Dev/SRTP/install/dynamixel_sdk/share/dynamixel_sdk/hook/cmake_prefix_path.dsv'
[2.210s] INFO:colcon.colcon_core.shell:Creating environment hook '/home/xinchen/Dev/SRTP/install/dynamixel_sdk/share/dynamixel_sdk/hook/cmake_prefix_path.sh'
[2.211s] Level 1:colcon.colcon_core.environment:checking '/home/xinchen/Dev/SRTP/install/dynamixel_sdk/lib'
[2.211s] Level 1:colcon.colcon_core.shell:create_environment_hook('dynamixel_sdk', 'ld_library_path_lib')
[2.217s] INFO:colcon.colcon_core.shell:Creating environment hook '/home/xinchen/Dev/SRTP/install/dynamixel_sdk/share/dynamixel_sdk/hook/ld_library_path_lib.ps1'
[2.218s] INFO:colcon.colcon_core.shell:Creating environment descriptor '/home/xinchen/Dev/SRTP/install/dynamixel_sdk/share/dynamixel_sdk/hook/ld_library_path_lib.dsv'
[2.219s] INFO:colcon.colcon_core.shell:Creating environment hook '/home/xinchen/Dev/SRTP/install/dynamixel_sdk/share/dynamixel_sdk/hook/ld_library_path_lib.sh'
[2.220s] Level 1:colcon.colcon_core.environment:checking '/home/xinchen/Dev/SRTP/install/dynamixel_sdk/bin'
[2.220s] Level 1:colcon.colcon_core.environment:checking '/home/xinchen/Dev/SRTP/install/dynamixel_sdk/lib/pkgconfig/dynamixel_sdk.pc'
[2.221s] Level 1:colcon.colcon_core.environment:checking '/home/xinchen/Dev/SRTP/install/dynamixel_sdk/lib/python3.8/site-packages'
[2.222s] Level 1:colcon.colcon_core.environment:checking '/home/xinchen/Dev/SRTP/install/dynamixel_sdk/bin'
[2.233s] INFO:colcon.colcon_core.shell:Creating package script '/home/xinchen/Dev/SRTP/install/dynamixel_sdk/share/dynamixel_sdk/package.ps1'
[2.234s] INFO:colcon.colcon_core.shell:Creating package descriptor '/home/xinchen/Dev/SRTP/install/dynamixel_sdk/share/dynamixel_sdk/package.dsv'
[2.235s] INFO:colcon.colcon_core.shell:Creating package script '/home/xinchen/Dev/SRTP/install/dynamixel_sdk/share/dynamixel_sdk/package.sh'
[2.236s] INFO:colcon.colcon_core.shell:Creating package script '/home/xinchen/Dev/SRTP/install/dynamixel_sdk/share/dynamixel_sdk/package.bash'
[2.237s] INFO:colcon.colcon_core.shell:Creating package script '/home/xinchen/Dev/SRTP/install/dynamixel_sdk/share/dynamixel_sdk/package.zsh'
[2.238s] Level 1:colcon.colcon_core.environment:create_file_with_runtime_dependencies(/home/xinchen/Dev/SRTP/install/dynamixel_sdk/share/colcon-core/packages/dynamixel_sdk)
[2.240s] INFO:colcon.colcon_ros.task.ament_cmake.build:Building ROS package in '/home/xinchen/Dev/SRTP/src/dynamixel-workbench/dynamixel_workbench_toolbox' with build type 'ament_cmake'
[2.240s] INFO:colcon.colcon_cmake.task.cmake.build:Building CMake package in '/home/xinchen/Dev/SRTP/src/dynamixel-workbench/dynamixel_workbench_toolbox'
[2.247s] INFO:colcon.colcon_core.shell:Skip shell extension 'powershell' for command environment: Not usable outside of PowerShell
[2.247s] DEBUG:colcon.colcon_core.shell:Skip shell extension 'dsv' for command environment
[2.268s] DEBUG:colcon.colcon_core.event_handler.log_command:Invoked command in '/home/xinchen/Dev/SRTP/build/dynamixel_sdk_custom_interfaces' returned '0': CMAKE_PREFIX_PATH=/opt/ros/foxy /usr/bin/cmake --build /home/xinchen/Dev/SRTP/build/dynamixel_sdk_custom_interfaces -- -j6 -l6
[2.290s] DEBUG:colcon.colcon_core.event_handler.log_command:Invoking command in '/home/xinchen/Dev/SRTP/build/dynamixel_workbench_toolbox': AMENT_PREFIX_PATH=/home/xinchen/Dev/SRTP/install/dynamixel_sdk:${AMENT_PREFIX_PATH} CMAKE_PREFIX_PATH=/home/xinchen/Dev/SRTP/install/dynamixel_sdk:/opt/ros/foxy LD_LIBRARY_PATH=/home/xinchen/Dev/SRTP/install/dynamixel_sdk/lib:${LD_LIBRARY_PATH} /usr/bin/cmake --build /home/xinchen/Dev/SRTP/build/dynamixel_workbench_toolbox -- -j6 -l6
[2.344s] DEBUG:colcon.colcon_core.event_handler.log_command:Invoked command in '/home/xinchen/Dev/SRTP/build/motor_controller' returned '2': CMAKE_PREFIX_PATH=/opt/ros/foxy /usr/bin/cmake --build /home/xinchen/Dev/SRTP/build/motor_controller -- -j6 -l6
[2.400s] Level 1:colcon.colcon_core.environment:create_environment_scripts_only(motor_controller)
[2.408s] Level 1:colcon.colcon_core.environment:checking '/home/xinchen/Dev/SRTP/install/motor_controller' for CMake module files
[2.410s] Level 1:colcon.colcon_core.environment:checking '/home/xinchen/Dev/SRTP/install/motor_controller' for CMake config files
[2.411s] Level 1:colcon.colcon_core.shell:create_environment_hook('motor_controller', 'cmake_prefix_path')
[2.417s] INFO:colcon.colcon_core.shell:Creating environment hook '/home/xinchen/Dev/SRTP/install/motor_controller/share/motor_controller/hook/cmake_prefix_path.ps1'
[2.419s] INFO:colcon.colcon_core.shell:Creating environment descriptor '/home/xinchen/Dev/SRTP/install/motor_controller/share/motor_controller/hook/cmake_prefix_path.dsv'
[2.420s] INFO:colcon.colcon_core.shell:Creating environment hook '/home/xinchen/Dev/SRTP/install/motor_controller/share/motor_controller/hook/cmake_prefix_path.sh'
[2.421s] Level 1:colcon.colcon_core.environment:checking '/home/xinchen/Dev/SRTP/install/motor_controller/bin'
[2.421s] Level 1:colcon.colcon_core.environment:checking '/home/xinchen/Dev/SRTP/install/motor_controller/lib/pkgconfig/motor_controller.pc'
[2.421s] Level 1:colcon.colcon_core.environment:checking '/home/xinchen/Dev/SRTP/install/motor_controller/lib/python3.8/site-packages'
[2.422s] Level 1:colcon.colcon_core.environment:checking '/home/xinchen/Dev/SRTP/install/motor_controller/bin'
[2.427s] INFO:colcon.colcon_core.shell:Creating package script '/home/xinchen/Dev/SRTP/install/motor_controller/share/motor_controller/package.ps1'
[2.428s] INFO:colcon.colcon_core.shell:Creating package descriptor '/home/xinchen/Dev/SRTP/install/motor_controller/share/motor_controller/package.dsv'
[2.429s] INFO:colcon.colcon_core.shell:Creating package script '/home/xinchen/Dev/SRTP/install/motor_controller/share/motor_controller/package.sh'
[2.430s] INFO:colcon.colcon_core.shell:Creating package script '/home/xinchen/Dev/SRTP/install/motor_controller/share/motor_controller/package.bash'
[2.431s] INFO:colcon.colcon_core.shell:Creating package script '/home/xinchen/Dev/SRTP/install/motor_controller/share/motor_controller/package.zsh'
[2.432s] Level 1:colcon.colcon_core.environment:create_file_with_runtime_dependencies(/home/xinchen/Dev/SRTP/install/motor_controller/share/colcon-core/packages/motor_controller)
[2.450s] DEBUG:colcon.colcon_parallel_executor.executor.parallel:closing loop
[2.451s] DEBUG:colcon.colcon_parallel_executor.executor.parallel:loop closed
[2.451s] DEBUG:colcon.colcon_parallel_executor.executor.parallel:run_until_complete finished with '2'
[2.451s] DEBUG:colcon.colcon_core.event_reactor:joining thread
[2.474s] INFO:colcon.colcon_core.plugin_system:Skipping extension 'colcon_notification.desktop_notification.terminal_notifier': Not used on non-Darwin systems
[2.475s] INFO:colcon.colcon_core.plugin_system:Skipping extension 'colcon_notification.desktop_notification.win32': Not used on non-Windows systems
[2.475s] INFO:colcon.colcon_notification.desktop_notification:Sending desktop notification using 'notify2'
[2.517s] DEBUG:colcon.colcon_core.event_reactor:joined thread
[2.523s] INFO:colcon.colcon_core.shell:Creating prefix script '/home/xinchen/Dev/SRTP/install/local_setup.ps1'
[2.526s] INFO:colcon.colcon_core.shell:Creating prefix util module '/home/xinchen/Dev/SRTP/install/_local_setup_util_ps1.py'
[2.528s] INFO:colcon.colcon_core.shell:Creating prefix chain script '/home/xinchen/Dev/SRTP/install/setup.ps1'
[2.532s] INFO:colcon.colcon_core.shell:Creating prefix script '/home/xinchen/Dev/SRTP/install/local_setup.sh'
[2.534s] INFO:colcon.colcon_core.shell:Creating prefix util module '/home/xinchen/Dev/SRTP/install/_local_setup_util_sh.py'
[2.535s] INFO:colcon.colcon_core.shell:Creating prefix chain script '/home/xinchen/Dev/SRTP/install/setup.sh'
[2.538s] INFO:colcon.colcon_core.shell:Creating prefix script '/home/xinchen/Dev/SRTP/install/local_setup.bash'
[2.540s] INFO:colcon.colcon_core.shell:Creating prefix chain script '/home/xinchen/Dev/SRTP/install/setup.bash'
[2.543s] INFO:colcon.colcon_core.shell:Creating prefix script '/home/xinchen/Dev/SRTP/install/local_setup.zsh'
[2.544s] INFO:colcon.colcon_core.shell:Creating prefix chain script '/home/xinchen/Dev/SRTP/install/setup.zsh'
