[0.114s] Invoking command in '/home/xinchen/Dev/SRTP/build/motor_controller': CMAKE_PREFIX_PATH=/opt/ros/foxy /usr/bin/cmake --build /home/xinchen/Dev/SRTP/build/motor_controller -- -j6 -l6
[0.280s] -- Found ament_cmake: 0.9.12 (/opt/ros/foxy/share/ament_cmake/cmake)
[0.355s] -- Using PYTHON_EXECUTABLE: /usr/bin/python3
[0.884s] CMake Error at CMakeLists.txt:23 (find_package):
[0.884s]   By not providing "Finddynamixel_workbench_toolbox.cmake" in
[0.884s]   CMAKE_MODULE_PATH this project has asked CMake to find a package
[0.885s]   configuration file provided by "dynamixel_workbench_toolbox", but CMake did
[0.885s]   not find one.
[0.885s] 
[0.885s]   Could not find a package configuration file provided by
[0.885s]   "dynamixel_workbench_toolbox" with any of the following names:
[0.885s] 
[0.886s]     dynamixel_workbench_toolboxConfig.cmake
[0.886s]     dynamixel_workbench_toolbox-config.cmake
[0.886s] 
[0.886s]   Add the installation prefix of "dynamixel_workbench_toolbox" to
[0.886s]   CMAKE_PREFIX_PATH or set "dynamixel_workbench_toolbox_DIR" to a directory
[0.886s]   containing one of the above files.  If "dynamixel_workbench_toolbox"
[0.886s]   provides a separate development package or SDK, be sure it has been
[0.887s]   installed.
[0.887s] 
[0.887s] 
[0.887s] -- Configuring incomplete, errors occurred!
[0.888s] See also "/home/xinchen/Dev/SRTP/build/motor_controller/CMakeFiles/CMakeOutput.log".
[0.888s] See also "/home/xinchen/Dev/SRTP/build/motor_controller/CMakeFiles/CMakeError.log".
[0.891s] make: *** [Makefile:222: cmake_check_build_system] Error 1
[0.896s] Invoked command in '/home/xinchen/Dev/SRTP/build/motor_controller' returned '2': CMAKE_PREFIX_PATH=/opt/ros/foxy /usr/bin/cmake --build /home/xinchen/Dev/SRTP/build/motor_controller -- -j6 -l6
