[0.097s] Invoking command in '/home/xinchen/Dev/SRTP/build/dynamixel_sdk_custom_interfaces': CMAKE_PREFIX_PATH=/opt/ros/foxy /usr/bin/cmake /home/xinchen/Dev/SRTP/src/DynamixelSDK/dynamixel_sdk_custom_interfaces -DCMAKE_INSTALL_PREFIX=/home/xinchen/Dev/SRTP/install/dynamixel_sdk_custom_interfaces
[0.463s] -- The C compiler identification is GNU 9.4.0
[0.703s] -- The CXX compiler identification is GNU 9.4.0
[0.713s] -- Check for working C compiler: /usr/bin/cc
[0.960s] -- Check for working C compiler: /usr/bin/cc -- works
[0.961s] -- Detecting C compiler ABI info
[1.135s] -- Detecting C compiler ABI info - done
[1.187s] -- Detecting C compile features
[1.192s] -- Detecting C compile features - done
[1.207s] -- Check for working CXX compiler: /usr/bin/c++
[1.506s] -- Check for working CXX compiler: /usr/bin/c++ -- works
[1.508s] -- Detecting CXX compiler ABI info
[1.721s] -- Detecting CXX compiler ABI info - done
[1.750s] -- Detecting CXX compile features
[1.752s] -- Detecting CXX compile features - done
[1.758s] -- Found ament_cmake: 0.9.12 (/opt/ros/foxy/share/ament_cmake/cmake)
[1.843s] -- Found PythonInterp: /usr/bin/python3 (found suitable version "3.8.10", minimum required is "3") 
[1.843s] -- Using PYTHON_EXECUTABLE: /usr/bin/python3
[2.503s] -- Found builtin_interfaces: 1.0.0 (/opt/ros/foxy/share/builtin_interfaces/cmake)
[2.596s] -- Using all available rosidl_typesupport_c: rosidl_typesupport_fastrtps_c;rosidl_typesupport_introspection_c
[2.615s] -- Found rosidl_adapter: 1.3.1 (/opt/ros/foxy/share/rosidl_adapter/cmake)
[2.833s] -- Found OpenSSL: /usr/lib/aarch64-linux-gnu/libcrypto.so (found version "1.1.1f")  
[2.904s] -- Found FastRTPS: /opt/ros/foxy/include  
[3.073s] -- Using all available rosidl_typesupport_cpp: rosidl_typesupport_fastrtps_cpp;rosidl_typesupport_introspection_cpp
[3.131s] -- Found rosidl_default_generators: 1.0.1 (/opt/ros/foxy/share/rosidl_default_generators/cmake)
[3.198s] -- Found PythonInterp: /usr/bin/python3 (found version "3.8.10") 
[3.479s] -- Found ament_cmake_ros: 0.9.2 (/opt/ros/foxy/share/ament_cmake_ros/cmake)
[3.715s] -- Using all available rosidl_typesupport_c: rosidl_typesupport_fastrtps_c;rosidl_typesupport_introspection_c
[3.743s] -- Using all available rosidl_typesupport_cpp: rosidl_typesupport_fastrtps_cpp;rosidl_typesupport_introspection_cpp
[3.792s] -- Found PythonInterp: /usr/bin/python3 (found suitable version "3.8.10", minimum required is "3.5") 
[3.795s] -- Found python_cmake_module: 0.8.1 (/opt/ros/foxy/share/python_cmake_module/cmake)
[3.856s] -- Found PythonLibs: /usr/lib/aarch64-linux-gnu/libpython3.8.so (found suitable version "3.8.10", minimum required is "3.5") 
[3.856s] -- Using PYTHON_EXECUTABLE: /usr/bin/python3
[3.856s] -- Using PYTHON_INCLUDE_DIRS: /usr/include/python3.8
[3.856s] -- Using PYTHON_LIBRARIES: /usr/lib/aarch64-linux-gnu/libpython3.8.so
[3.901s] -- Found PythonExtra: .so  
[4.019s] -- Configuring done
[4.102s] -- Generating done
[4.108s] -- Build files have been written to: /home/xinchen/Dev/SRTP/build/dynamixel_sdk_custom_interfaces
