[0.838s] DEBUG:colcon:Command line arguments: ['/usr/bin/colcon', 'list', '-p', '--base-paths', '/home/xinchen/Dev/SRTP']
[0.838s] DEBUG:colcon:Parsed command line arguments: Namespace(allow_overriding=[], base_paths=['/home/xinchen/Dev/SRTP'], build_base='build', ignore_user_meta=False, log_base=None, log_level=None, main=<bound method ListVerb.main of <colcon_package_information.verb.list.ListVerb object at 0xffffa405cdf0>>, metas=['./colcon.meta'], names_only=False, packages_above=None, packages_above_and_dependencies=None, packages_above_depth=None, packages_end=None, packages_ignore=None, packages_ignore_regex=None, packages_select=None, packages_select_build_failed=False, packages_select_by_dep=None, packages_select_regex=None, packages_select_test_failures=False, packages_skip=None, packages_skip_build_finished=False, packages_skip_by_dep=None, packages_skip_regex=None, packages_skip_test_passed=False, packages_skip_up_to=None, packages_start=None, packages_up_to=None, packages_up_to_regex=None, paths=None, paths_only=True, topological_graph=False, topological_graph_density=False, topological_graph_dot=False, topological_graph_dot_cluster=False, topological_graph_dot_include_skipped=False, topological_graph_legend=False, topological_order=False, verb_extension=<colcon_package_information.verb.list.ListVerb object at 0xffffa405cdf0>, verb_name='list', verb_parser=<colcon_defaults.argument_parser.defaults.DefaultArgumentsDecorator object at 0xffffa3f82670>)
[0.916s] Level 1:colcon.colcon_core.package_discovery:discover_packages(colcon_meta) check parameters
[0.916s] Level 1:colcon.colcon_core.package_discovery:discover_packages(recursive) check parameters
[0.917s] Level 1:colcon.colcon_core.package_discovery:discover_packages(ignore) check parameters
[0.917s] Level 1:colcon.colcon_core.package_discovery:discover_packages(path) check parameters
[0.917s] Level 1:colcon.colcon_core.package_discovery:discover_packages(recursive) discover
[0.917s] INFO:colcon.colcon_core.package_discovery:Crawling recursively for packages in '/home/xinchen/Dev/SRTP'
[0.917s] Level 1:colcon.colcon_core.package_identification:_identify(/home/xinchen/Dev/SRTP) by extensions ['ignore', 'ignore_ament_install']
[0.918s] Level 1:colcon.colcon_core.package_identification:_identify(/home/xinchen/Dev/SRTP) by extension 'ignore'
[0.918s] Level 1:colcon.colcon_core.package_identification:_identify(/home/xinchen/Dev/SRTP) by extension 'ignore_ament_install'
[0.918s] Level 1:colcon.colcon_core.package_identification:_identify(/home/xinchen/Dev/SRTP) by extensions ['colcon_pkg']
[0.918s] Level 1:colcon.colcon_core.package_identification:_identify(/home/xinchen/Dev/SRTP) by extension 'colcon_pkg'
[0.918s] Level 1:colcon.colcon_core.package_identification:_identify(/home/xinchen/Dev/SRTP) by extensions ['colcon_meta']
[0.918s] Level 1:colcon.colcon_core.package_identification:_identify(/home/xinchen/Dev/SRTP) by extension 'colcon_meta'
[0.918s] Level 1:colcon.colcon_core.package_identification:_identify(/home/xinchen/Dev/SRTP) by extensions ['ros']
[0.918s] Level 1:colcon.colcon_core.package_identification:_identify(/home/xinchen/Dev/SRTP) by extension 'ros'
[0.970s] Level 1:colcon.colcon_core.package_identification:_identify(/home/xinchen/Dev/SRTP) by extensions ['cmake', 'python']
[0.970s] Level 1:colcon.colcon_core.package_identification:_identify(/home/xinchen/Dev/SRTP) by extension 'cmake'
[0.970s] Level 1:colcon.colcon_core.package_identification:_identify(/home/xinchen/Dev/SRTP) by extension 'python'
[0.971s] Level 1:colcon.colcon_core.package_identification:_identify(/home/xinchen/Dev/SRTP) by extensions ['python_setup_py']
[0.971s] Level 1:colcon.colcon_core.package_identification:_identify(/home/xinchen/Dev/SRTP) by extension 'python_setup_py'
[0.971s] Level 1:colcon.colcon_core.package_identification:_identify(/home/xinchen/Dev/SRTP/build) by extensions ['ignore', 'ignore_ament_install']
[0.971s] Level 1:colcon.colcon_core.package_identification:_identify(/home/xinchen/Dev/SRTP/build) by extension 'ignore'
[0.971s] Level 1:colcon.colcon_core.package_identification:_identify(/home/xinchen/Dev/SRTP/build) ignored
[0.972s] Level 1:colcon.colcon_core.package_identification:_identify(/home/xinchen/Dev/SRTP/install) by extensions ['ignore', 'ignore_ament_install']
[0.972s] Level 1:colcon.colcon_core.package_identification:_identify(/home/xinchen/Dev/SRTP/install) by extension 'ignore'
[0.972s] Level 1:colcon.colcon_core.package_identification:_identify(/home/xinchen/Dev/SRTP/install) ignored
[0.972s] Level 1:colcon.colcon_core.package_identification:_identify(/home/xinchen/Dev/SRTP/log) by extensions ['ignore', 'ignore_ament_install']
[0.973s] Level 1:colcon.colcon_core.package_identification:_identify(/home/xinchen/Dev/SRTP/log) by extension 'ignore'
[0.973s] Level 1:colcon.colcon_core.package_identification:_identify(/home/xinchen/Dev/SRTP/log) ignored
[0.973s] Level 1:colcon.colcon_core.package_identification:_identify(/home/xinchen/Dev/SRTP/src) by extensions ['ignore', 'ignore_ament_install']
[0.973s] Level 1:colcon.colcon_core.package_identification:_identify(/home/xinchen/Dev/SRTP/src) by extension 'ignore'
[0.973s] Level 1:colcon.colcon_core.package_identification:_identify(/home/xinchen/Dev/SRTP/src) by extension 'ignore_ament_install'
[0.974s] Level 1:colcon.colcon_core.package_identification:_identify(/home/xinchen/Dev/SRTP/src) by extensions ['colcon_pkg']
[0.974s] Level 1:colcon.colcon_core.package_identification:_identify(/home/xinchen/Dev/SRTP/src) by extension 'colcon_pkg'
[0.974s] Level 1:colcon.colcon_core.package_identification:_identify(/home/xinchen/Dev/SRTP/src) by extensions ['colcon_meta']
[0.974s] Level 1:colcon.colcon_core.package_identification:_identify(/home/xinchen/Dev/SRTP/src) by extension 'colcon_meta'
[0.974s] Level 1:colcon.colcon_core.package_identification:_identify(/home/xinchen/Dev/SRTP/src) by extensions ['ros']
[0.974s] Level 1:colcon.colcon_core.package_identification:_identify(/home/xinchen/Dev/SRTP/src) by extension 'ros'
[0.974s] Level 1:colcon.colcon_core.package_identification:_identify(/home/xinchen/Dev/SRTP/src) by extensions ['cmake', 'python']
[0.974s] Level 1:colcon.colcon_core.package_identification:_identify(/home/xinchen/Dev/SRTP/src) by extension 'cmake'
[0.974s] Level 1:colcon.colcon_core.package_identification:_identify(/home/xinchen/Dev/SRTP/src) by extension 'python'
[0.975s] Level 1:colcon.colcon_core.package_identification:_identify(/home/xinchen/Dev/SRTP/src) by extensions ['python_setup_py']
[0.975s] Level 1:colcon.colcon_core.package_identification:_identify(/home/xinchen/Dev/SRTP/src) by extension 'python_setup_py'
[0.975s] Level 1:colcon.colcon_core.package_identification:_identify(/home/xinchen/Dev/SRTP/src/DynamixelSDK) by extensions ['ignore', 'ignore_ament_install']
[0.975s] Level 1:colcon.colcon_core.package_identification:_identify(/home/xinchen/Dev/SRTP/src/DynamixelSDK) by extension 'ignore'
[0.975s] Level 1:colcon.colcon_core.package_identification:_identify(/home/xinchen/Dev/SRTP/src/DynamixelSDK) by extension 'ignore_ament_install'
[0.975s] Level 1:colcon.colcon_core.package_identification:_identify(/home/xinchen/Dev/SRTP/src/DynamixelSDK) by extensions ['colcon_pkg']
[0.975s] Level 1:colcon.colcon_core.package_identification:_identify(/home/xinchen/Dev/SRTP/src/DynamixelSDK) by extension 'colcon_pkg'
[0.976s] Level 1:colcon.colcon_core.package_identification:_identify(/home/xinchen/Dev/SRTP/src/DynamixelSDK) by extensions ['colcon_meta']
[0.976s] Level 1:colcon.colcon_core.package_identification:_identify(/home/xinchen/Dev/SRTP/src/DynamixelSDK) by extension 'colcon_meta'
[0.976s] Level 1:colcon.colcon_core.package_identification:_identify(/home/xinchen/Dev/SRTP/src/DynamixelSDK) by extensions ['ros']
[0.976s] Level 1:colcon.colcon_core.package_identification:_identify(/home/xinchen/Dev/SRTP/src/DynamixelSDK) by extension 'ros'
[0.976s] Level 1:colcon.colcon_core.package_identification:_identify(/home/xinchen/Dev/SRTP/src/DynamixelSDK) by extensions ['cmake', 'python']
[0.976s] Level 1:colcon.colcon_core.package_identification:_identify(/home/xinchen/Dev/SRTP/src/DynamixelSDK) by extension 'cmake'
[0.976s] Level 1:colcon.colcon_core.package_identification:_identify(/home/xinchen/Dev/SRTP/src/DynamixelSDK) by extension 'python'
[0.976s] Level 1:colcon.colcon_core.package_identification:_identify(/home/xinchen/Dev/SRTP/src/DynamixelSDK) by extensions ['python_setup_py']
[0.977s] Level 1:colcon.colcon_core.package_identification:_identify(/home/xinchen/Dev/SRTP/src/DynamixelSDK) by extension 'python_setup_py'
[0.977s] Level 1:colcon.colcon_core.package_identification:_identify(/home/xinchen/Dev/SRTP/src/DynamixelSDK/dynamixel_sdk) by extensions ['ignore', 'ignore_ament_install']
[0.977s] Level 1:colcon.colcon_core.package_identification:_identify(/home/xinchen/Dev/SRTP/src/DynamixelSDK/dynamixel_sdk) by extension 'ignore'
[0.977s] Level 1:colcon.colcon_core.package_identification:_identify(/home/xinchen/Dev/SRTP/src/DynamixelSDK/dynamixel_sdk) by extension 'ignore_ament_install'
[0.977s] Level 1:colcon.colcon_core.package_identification:_identify(/home/xinchen/Dev/SRTP/src/DynamixelSDK/dynamixel_sdk) by extensions ['colcon_pkg']
[0.977s] Level 1:colcon.colcon_core.package_identification:_identify(/home/xinchen/Dev/SRTP/src/DynamixelSDK/dynamixel_sdk) by extension 'colcon_pkg'
[0.977s] Level 1:colcon.colcon_core.package_identification:_identify(/home/xinchen/Dev/SRTP/src/DynamixelSDK/dynamixel_sdk) by extensions ['colcon_meta']
[0.978s] Level 1:colcon.colcon_core.package_identification:_identify(/home/xinchen/Dev/SRTP/src/DynamixelSDK/dynamixel_sdk) by extension 'colcon_meta'
[0.978s] Level 1:colcon.colcon_core.package_identification:_identify(/home/xinchen/Dev/SRTP/src/DynamixelSDK/dynamixel_sdk) by extensions ['ros']
[0.978s] Level 1:colcon.colcon_core.package_identification:_identify(/home/xinchen/Dev/SRTP/src/DynamixelSDK/dynamixel_sdk) by extension 'ros'
[0.984s] DEBUG:colcon.colcon_core.package_identification:Package '/home/xinchen/Dev/SRTP/src/DynamixelSDK/dynamixel_sdk' with type 'ros.ament_cmake' and name 'dynamixel_sdk'
[0.985s] Level 1:colcon.colcon_core.package_identification:_identify(/home/xinchen/Dev/SRTP/src/DynamixelSDK/dynamixel_sdk_custom_interfaces) by extensions ['ignore', 'ignore_ament_install']
[0.985s] Level 1:colcon.colcon_core.package_identification:_identify(/home/xinchen/Dev/SRTP/src/DynamixelSDK/dynamixel_sdk_custom_interfaces) by extension 'ignore'
[0.985s] Level 1:colcon.colcon_core.package_identification:_identify(/home/xinchen/Dev/SRTP/src/DynamixelSDK/dynamixel_sdk_custom_interfaces) by extension 'ignore_ament_install'
[0.985s] Level 1:colcon.colcon_core.package_identification:_identify(/home/xinchen/Dev/SRTP/src/DynamixelSDK/dynamixel_sdk_custom_interfaces) by extensions ['colcon_pkg']
[0.985s] Level 1:colcon.colcon_core.package_identification:_identify(/home/xinchen/Dev/SRTP/src/DynamixelSDK/dynamixel_sdk_custom_interfaces) by extension 'colcon_pkg'
[0.986s] Level 1:colcon.colcon_core.package_identification:_identify(/home/xinchen/Dev/SRTP/src/DynamixelSDK/dynamixel_sdk_custom_interfaces) by extensions ['colcon_meta']
[0.986s] Level 1:colcon.colcon_core.package_identification:_identify(/home/xinchen/Dev/SRTP/src/DynamixelSDK/dynamixel_sdk_custom_interfaces) by extension 'colcon_meta'
[0.986s] Level 1:colcon.colcon_core.package_identification:_identify(/home/xinchen/Dev/SRTP/src/DynamixelSDK/dynamixel_sdk_custom_interfaces) by extensions ['ros']
[0.986s] Level 1:colcon.colcon_core.package_identification:_identify(/home/xinchen/Dev/SRTP/src/DynamixelSDK/dynamixel_sdk_custom_interfaces) by extension 'ros'
[0.987s] DEBUG:colcon.colcon_core.package_identification:Package '/home/xinchen/Dev/SRTP/src/DynamixelSDK/dynamixel_sdk_custom_interfaces' with type 'ros.ament_cmake' and name 'dynamixel_sdk_custom_interfaces'
[0.988s] Level 1:colcon.colcon_core.package_identification:_identify(/home/xinchen/Dev/SRTP/src/DynamixelSDK/dynamixel_sdk_examples) by extensions ['ignore', 'ignore_ament_install']
[0.988s] Level 1:colcon.colcon_core.package_identification:_identify(/home/xinchen/Dev/SRTP/src/DynamixelSDK/dynamixel_sdk_examples) by extension 'ignore'
[0.988s] Level 1:colcon.colcon_core.package_identification:_identify(/home/xinchen/Dev/SRTP/src/DynamixelSDK/dynamixel_sdk_examples) by extension 'ignore_ament_install'
[0.988s] Level 1:colcon.colcon_core.package_identification:_identify(/home/xinchen/Dev/SRTP/src/DynamixelSDK/dynamixel_sdk_examples) by extensions ['colcon_pkg']
[0.988s] Level 1:colcon.colcon_core.package_identification:_identify(/home/xinchen/Dev/SRTP/src/DynamixelSDK/dynamixel_sdk_examples) by extension 'colcon_pkg'
[0.988s] Level 1:colcon.colcon_core.package_identification:_identify(/home/xinchen/Dev/SRTP/src/DynamixelSDK/dynamixel_sdk_examples) by extensions ['colcon_meta']
[0.988s] Level 1:colcon.colcon_core.package_identification:_identify(/home/xinchen/Dev/SRTP/src/DynamixelSDK/dynamixel_sdk_examples) by extension 'colcon_meta'
[0.989s] Level 1:colcon.colcon_core.package_identification:_identify(/home/xinchen/Dev/SRTP/src/DynamixelSDK/dynamixel_sdk_examples) by extensions ['ros']
[0.989s] Level 1:colcon.colcon_core.package_identification:_identify(/home/xinchen/Dev/SRTP/src/DynamixelSDK/dynamixel_sdk_examples) by extension 'ros'
[0.990s] DEBUG:colcon.colcon_core.package_identification:Package '/home/xinchen/Dev/SRTP/src/DynamixelSDK/dynamixel_sdk_examples' with type 'ros.ament_cmake' and name 'dynamixel_sdk_examples'
[0.991s] Level 1:colcon.colcon_core.package_identification:_identify(/home/xinchen/Dev/SRTP/src/dynamixel-workbench) by extensions ['ignore', 'ignore_ament_install']
[0.991s] Level 1:colcon.colcon_core.package_identification:_identify(/home/xinchen/Dev/SRTP/src/dynamixel-workbench) by extension 'ignore'
[0.991s] Level 1:colcon.colcon_core.package_identification:_identify(/home/xinchen/Dev/SRTP/src/dynamixel-workbench) by extension 'ignore_ament_install'
[0.991s] Level 1:colcon.colcon_core.package_identification:_identify(/home/xinchen/Dev/SRTP/src/dynamixel-workbench) by extensions ['colcon_pkg']
[0.991s] Level 1:colcon.colcon_core.package_identification:_identify(/home/xinchen/Dev/SRTP/src/dynamixel-workbench) by extension 'colcon_pkg'
[0.991s] Level 1:colcon.colcon_core.package_identification:_identify(/home/xinchen/Dev/SRTP/src/dynamixel-workbench) by extensions ['colcon_meta']
[0.991s] Level 1:colcon.colcon_core.package_identification:_identify(/home/xinchen/Dev/SRTP/src/dynamixel-workbench) by extension 'colcon_meta'
[0.992s] Level 1:colcon.colcon_core.package_identification:_identify(/home/xinchen/Dev/SRTP/src/dynamixel-workbench) by extensions ['ros']
[0.992s] Level 1:colcon.colcon_core.package_identification:_identify(/home/xinchen/Dev/SRTP/src/dynamixel-workbench) by extension 'ros'
[0.992s] Level 1:colcon.colcon_core.package_identification:_identify(/home/xinchen/Dev/SRTP/src/dynamixel-workbench) by extensions ['cmake', 'python']
[0.992s] Level 1:colcon.colcon_core.package_identification:_identify(/home/xinchen/Dev/SRTP/src/dynamixel-workbench) by extension 'cmake'
[0.992s] Level 1:colcon.colcon_core.package_identification:_identify(/home/xinchen/Dev/SRTP/src/dynamixel-workbench) by extension 'python'
[0.992s] Level 1:colcon.colcon_core.package_identification:_identify(/home/xinchen/Dev/SRTP/src/dynamixel-workbench) by extensions ['python_setup_py']
[0.992s] Level 1:colcon.colcon_core.package_identification:_identify(/home/xinchen/Dev/SRTP/src/dynamixel-workbench) by extension 'python_setup_py'
[0.993s] Level 1:colcon.colcon_core.package_identification:_identify(/home/xinchen/Dev/SRTP/src/dynamixel-workbench/dynamixel_workbench) by extensions ['ignore', 'ignore_ament_install']
[0.993s] Level 1:colcon.colcon_core.package_identification:_identify(/home/xinchen/Dev/SRTP/src/dynamixel-workbench/dynamixel_workbench) by extension 'ignore'
[0.993s] Level 1:colcon.colcon_core.package_identification:_identify(/home/xinchen/Dev/SRTP/src/dynamixel-workbench/dynamixel_workbench) by extension 'ignore_ament_install'
[0.993s] Level 1:colcon.colcon_core.package_identification:_identify(/home/xinchen/Dev/SRTP/src/dynamixel-workbench/dynamixel_workbench) by extensions ['colcon_pkg']
[0.993s] Level 1:colcon.colcon_core.package_identification:_identify(/home/xinchen/Dev/SRTP/src/dynamixel-workbench/dynamixel_workbench) by extension 'colcon_pkg'
[0.993s] Level 1:colcon.colcon_core.package_identification:_identify(/home/xinchen/Dev/SRTP/src/dynamixel-workbench/dynamixel_workbench) by extensions ['colcon_meta']
[0.993s] Level 1:colcon.colcon_core.package_identification:_identify(/home/xinchen/Dev/SRTP/src/dynamixel-workbench/dynamixel_workbench) by extension 'colcon_meta'
[0.993s] Level 1:colcon.colcon_core.package_identification:_identify(/home/xinchen/Dev/SRTP/src/dynamixel-workbench/dynamixel_workbench) by extensions ['ros']
[0.994s] Level 1:colcon.colcon_core.package_identification:_identify(/home/xinchen/Dev/SRTP/src/dynamixel-workbench/dynamixel_workbench) by extension 'ros'
[0.995s] DEBUG:colcon.colcon_core.package_identification:Package '/home/xinchen/Dev/SRTP/src/dynamixel-workbench/dynamixel_workbench' with type 'ros.ament_cmake' and name 'dynamixel_workbench'
[0.995s] Level 1:colcon.colcon_core.package_identification:_identify(/home/xinchen/Dev/SRTP/src/dynamixel-workbench/dynamixel_workbench_toolbox) by extensions ['ignore', 'ignore_ament_install']
[0.995s] Level 1:colcon.colcon_core.package_identification:_identify(/home/xinchen/Dev/SRTP/src/dynamixel-workbench/dynamixel_workbench_toolbox) by extension 'ignore'
[0.996s] Level 1:colcon.colcon_core.package_identification:_identify(/home/xinchen/Dev/SRTP/src/dynamixel-workbench/dynamixel_workbench_toolbox) by extension 'ignore_ament_install'
[0.996s] Level 1:colcon.colcon_core.package_identification:_identify(/home/xinchen/Dev/SRTP/src/dynamixel-workbench/dynamixel_workbench_toolbox) by extensions ['colcon_pkg']
[0.996s] Level 1:colcon.colcon_core.package_identification:_identify(/home/xinchen/Dev/SRTP/src/dynamixel-workbench/dynamixel_workbench_toolbox) by extension 'colcon_pkg'
[0.996s] Level 1:colcon.colcon_core.package_identification:_identify(/home/xinchen/Dev/SRTP/src/dynamixel-workbench/dynamixel_workbench_toolbox) by extensions ['colcon_meta']
[0.996s] Level 1:colcon.colcon_core.package_identification:_identify(/home/xinchen/Dev/SRTP/src/dynamixel-workbench/dynamixel_workbench_toolbox) by extension 'colcon_meta'
[0.996s] Level 1:colcon.colcon_core.package_identification:_identify(/home/xinchen/Dev/SRTP/src/dynamixel-workbench/dynamixel_workbench_toolbox) by extensions ['ros']
[0.996s] Level 1:colcon.colcon_core.package_identification:_identify(/home/xinchen/Dev/SRTP/src/dynamixel-workbench/dynamixel_workbench_toolbox) by extension 'ros'
[0.998s] DEBUG:colcon.colcon_core.package_identification:Package '/home/xinchen/Dev/SRTP/src/dynamixel-workbench/dynamixel_workbench_toolbox' with type 'ros.ament_cmake' and name 'dynamixel_workbench_toolbox'
[0.998s] Level 1:colcon.colcon_core.package_identification:_identify(/home/xinchen/Dev/SRTP/src/motor_controller) by extensions ['ignore', 'ignore_ament_install']
[0.998s] Level 1:colcon.colcon_core.package_identification:_identify(/home/xinchen/Dev/SRTP/src/motor_controller) by extension 'ignore'
[0.998s] Level 1:colcon.colcon_core.package_identification:_identify(/home/xinchen/Dev/SRTP/src/motor_controller) by extension 'ignore_ament_install'
[0.999s] Level 1:colcon.colcon_core.package_identification:_identify(/home/xinchen/Dev/SRTP/src/motor_controller) by extensions ['colcon_pkg']
[0.999s] Level 1:colcon.colcon_core.package_identification:_identify(/home/xinchen/Dev/SRTP/src/motor_controller) by extension 'colcon_pkg'
[0.999s] Level 1:colcon.colcon_core.package_identification:_identify(/home/xinchen/Dev/SRTP/src/motor_controller) by extensions ['colcon_meta']
[0.999s] Level 1:colcon.colcon_core.package_identification:_identify(/home/xinchen/Dev/SRTP/src/motor_controller) by extension 'colcon_meta'
[0.999s] Level 1:colcon.colcon_core.package_identification:_identify(/home/xinchen/Dev/SRTP/src/motor_controller) by extensions ['ros']
[0.999s] Level 1:colcon.colcon_core.package_identification:_identify(/home/xinchen/Dev/SRTP/src/motor_controller) by extension 'ros'
[1.000s] DEBUG:colcon.colcon_core.package_identification:Package '/home/xinchen/Dev/SRTP/src/motor_controller' with type 'ros.ament_cmake' and name 'motor_controller'
[1.000s] Level 1:colcon.colcon_core.package_discovery:discover_packages(recursive) using defaults
