[35m[1mScanning dependencies of target torque_controller[0m
[ 50%] Built target position_controller
[ 75%] [32mBuilding CXX object CMakeFiles/torque_controller.dir/src/torque_controller.cpp.o[0m
[01m[K/home/xinchen/Dev/SRTP/src/motor_controller/src/torque_controller.cpp:[m[K In constructor ‘[01m[KTorqueController::TorqueController()[m[K’:
[01m[K/home/xinchen/Dev/SRTP/src/motor_controller/src/torque_controller.cpp:23:15:[m[K [01;31m[Kerror: [m[Kexpected ‘[01m[K;[m[K’ before ‘[01m[K}[m[K’ token
   23 |             })
      |               [01;31m[K^[m[K
      |               [32m[K;[m[K
   24 |     [32m[K}[m[K
      |     [32m[K~[m[K          
In file included from [01m[K/usr/include/aarch64-linux-gnu/c++/9/bits/c++allocator.h:33[m[K,
                 from [01m[K/usr/include/c++/9/bits/allocator.h:46[m[K,
                 from [01m[K/usr/include/c++/9/memory:63[m[K,
                 from [01m[K/home/xinchen/Dev/SRTP/src/motor_controller/src/torque_controller.cpp:1[m[K:
/usr/include/c++/9/ext/new_allocator.h: In instantiation of ‘[01m[Kvoid __gnu_cxx::new_allocator<_Tp>::construct(_Up*, _Args&& ...) [with _Up = TorqueController; _Args = {}; _Tp = TorqueController][m[K’:
[01m[K/usr/include/c++/9/bits/alloc_traits.h:483:4:[m[K   required from ‘[01m[Kstatic void std::allocator_traits<std::allocator<_Tp1> >::construct(std::allocator_traits<std::allocator<_Tp1> >::allocator_type&, _Up*, _Args&& ...) [with _Up = TorqueController; _Args = {}; _Tp = TorqueController; std::allocator_traits<std::allocator<_Tp1> >::allocator_type = std::allocator<TorqueController>][m[K’
[01m[K/usr/include/c++/9/bits/shared_ptr_base.h:548:39:[m[K   required from ‘[01m[Kstd::_Sp_counted_ptr_inplace<_Tp, _Alloc, _Lp>::_Sp_counted_ptr_inplace(_Alloc, _Args&& ...) [with _Args = {}; _Tp = TorqueController; _Alloc = std::allocator<TorqueController>; __gnu_cxx::_Lock_policy _Lp = __gnu_cxx::_S_atomic][m[K’
[01m[K/usr/include/c++/9/bits/shared_ptr_base.h:679:16:[m[K   required from ‘[01m[Kstd::__shared_count<_Lp>::__shared_count(_Tp*&, std::_Sp_alloc_shared_tag<_Alloc>, _Args&& ...) [with _Tp = TorqueController; _Alloc = std::allocator<TorqueController>; _Args = {}; __gnu_cxx::_Lock_policy _Lp = __gnu_cxx::_S_atomic][m[K’
[01m[K/usr/include/c++/9/bits/shared_ptr_base.h:1344:71:[m[K   required from ‘[01m[Kstd::__shared_ptr<_Tp, _Lp>::__shared_ptr(std::_Sp_alloc_shared_tag<_Tp>, _Args&& ...) [with _Alloc = std::allocator<TorqueController>; _Args = {}; _Tp = TorqueController; __gnu_cxx::_Lock_policy _Lp = __gnu_cxx::_S_atomic][m[K’
[01m[K/usr/include/c++/9/bits/shared_ptr.h:359:59:[m[K   required from ‘[01m[Kstd::shared_ptr<_Tp>::shared_ptr(std::_Sp_alloc_shared_tag<_Tp>, _Args&& ...) [with _Alloc = std::allocator<TorqueController>; _Args = {}; _Tp = TorqueController][m[K’
[01m[K/usr/include/c++/9/bits/shared_ptr.h:701:14:[m[K   required from ‘[01m[Kstd::shared_ptr<_Tp> std::allocate_shared(const _Alloc&, _Args&& ...) [with _Tp = TorqueController; _Alloc = std::allocator<TorqueController>; _Args = {}][m[K’
[01m[K/usr/include/c++/9/bits/shared_ptr.h:717:39:[m[K   required from ‘[01m[Kstd::shared_ptr<_Tp> std::make_shared(_Args&& ...) [with _Tp = TorqueController; _Args = {}][m[K’
[01m[K/home/xinchen/Dev/SRTP/src/motor_controller/src/torque_controller.cpp:42:53:[m[K   required from here
[01m[K/usr/include/c++/9/ext/new_allocator.h:146:4:[m[K [01;31m[Kerror: [m[K‘[01m[KTorqueController::TorqueController()[m[K’ is private within this context
  146 |  { [01;31m[K::new((void *)__p) _Up(std::forward<_Args>(__args)...)[m[K; }
      |    [01;31m[K^~~~~~~~~~~~~~~~~~~~~~~~~~~~~~~~~~~~~~~~~~~~~~~~~~~~~~[m[K
[01m[K/home/xinchen/Dev/SRTP/src/motor_controller/src/torque_controller.cpp:18:5:[m[K [01;36m[Knote: [m[Kdeclared private here
   18 |     [01;36m[KTorqueController[m[K() : Node("TorqueContoller")
      |     [01;36m[K^~~~~~~~~~~~~~~~[m[K
make[2]: *** [CMakeFiles/torque_controller.dir/build.make:63: CMakeFiles/torque_controller.dir/src/torque_controller.cpp.o] Error 1
make[1]: *** [CMakeFiles/Makefile2:107: CMakeFiles/torque_controller.dir/all] Error 2
make: *** [Makefile:141: all] Error 2
