[0.083s] Invoking command in '/home/xinchen/Dev/SRTP/build/launch_files': CMAKE_PREFIX_PATH=/opt/ros/foxy /usr/bin/cmake --build /home/xinchen/Dev/SRTP/build/launch_files -- -j6 -l6
[0.367s] Invoked command in '/home/xinchen/Dev/SRTP/build/launch_files' returned '0': CMAKE_PREFIX_PATH=/opt/ros/foxy /usr/bin/cmake --build /home/xinchen/Dev/SRTP/build/launch_files -- -j6 -l6
[0.497s] Invoking command in '/home/xinchen/Dev/SRTP/build/launch_files': CMAKE_PREFIX_PATH=/opt/ros/foxy /usr/bin/cmake --install /home/xinchen/Dev/SRTP/build/launch_files
[0.531s] -- Install configuration: ""
[0.532s] -- Installing: /home/xinchen/Dev/SRTP/install/launch_files/share/ament_index/resource_index/package_run_dependencies/launch_files
[0.534s] -- Installing: /home/xinchen/Dev/SRTP/install/launch_files/share/ament_index/resource_index/parent_prefix_path/launch_files
[0.535s] -- Installing: /home/xinchen/Dev/SRTP/install/launch_files/share/launch_files/environment/ament_prefix_path.sh
[0.537s] -- Installing: /home/xinchen/Dev/SRTP/install/launch_files/share/launch_files/environment/ament_prefix_path.dsv
[0.544s] -- Installing: /home/xinchen/Dev/SRTP/install/launch_files/share/launch_files/environment/path.sh
[0.545s] -- Installing: /home/xinchen/Dev/SRTP/install/launch_files/share/launch_files/environment/path.dsv
[0.545s] -- Installing: /home/xinchen/Dev/SRTP/install/launch_files/share/launch_files/local_setup.bash
[0.546s] -- Installing: /home/xinchen/Dev/SRTP/install/launch_files/share/launch_files/local_setup.sh
[0.547s] -- Installing: /home/xinchen/Dev/SRTP/install/launch_files/share/launch_files/local_setup.zsh
[0.548s] -- Installing: /home/xinchen/Dev/SRTP/install/launch_files/share/launch_files/local_setup.dsv
[0.549s] -- Installing: /home/xinchen/Dev/SRTP/install/launch_files/share/launch_files/package.dsv
[0.550s] -- Installing: /home/xinchen/Dev/SRTP/install/launch_files/share/ament_index/resource_index/packages/launch_files
[0.551s] -- Installing: /home/xinchen/Dev/SRTP/install/launch_files/share/launch_files/cmake/launch_filesConfig.cmake
[0.552s] -- Installing: /home/xinchen/Dev/SRTP/install/launch_files/share/launch_files/cmake/launch_filesConfig-version.cmake
[0.557s] -- Installing: /home/xinchen/Dev/SRTP/install/launch_files/share/launch_files/package.xml
[0.566s] Invoked command in '/home/xinchen/Dev/SRTP/build/launch_files' returned '0': CMAKE_PREFIX_PATH=/opt/ros/foxy /usr/bin/cmake --install /home/xinchen/Dev/SRTP/build/launch_files
