[0.142s] Invoking command in '/home/xinchen/Dev/SRTP/build/dynamixel_sdk': CMAKE_PREFIX_PATH=/opt/ros/foxy /usr/bin/cmake --build /home/xinchen/Dev/SRTP/build/dynamixel_sdk -- -j6 -l6
[1.284s] [100%] Built target dynamixel_sdk
[1.318s] Invoked command in '/home/xinchen/Dev/SRTP/build/dynamixel_sdk' returned '0': CMAKE_PREFIX_PATH=/opt/ros/foxy /usr/bin/cmake --build /home/xinchen/Dev/SRTP/build/dynamixel_sdk -- -j6 -l6
[1.556s] Invoking command in '/home/xinchen/Dev/SRTP/build/dynamixel_sdk': CMAKE_PREFIX_PATH=/opt/ros/foxy /usr/bin/cmake --install /home/xinchen/Dev/SRTP/build/dynamixel_sdk
[1.586s] -- Install configuration: ""
[1.588s] -- Up-to-date: /home/xinchen/Dev/SRTP/install/dynamixel_sdk/include/
[1.598s] -- Up-to-date: /home/xinchen/Dev/SRTP/install/dynamixel_sdk/include//dynamixel_sdk
[1.599s] -- Up-to-date: /home/xinchen/Dev/SRTP/install/dynamixel_sdk/include//dynamixel_sdk/port_handler_windows.h
[1.599s] -- Up-to-date: /home/xinchen/Dev/SRTP/install/dynamixel_sdk/include//dynamixel_sdk/packet_handler.h
[1.599s] -- Up-to-date: /home/xinchen/Dev/SRTP/install/dynamixel_sdk/include//dynamixel_sdk/port_handler_arduino.h
[1.600s] -- Up-to-date: /home/xinchen/Dev/SRTP/install/dynamixel_sdk/include//dynamixel_sdk/port_handler_mac.h
[1.600s] -- Up-to-date: /home/xinchen/Dev/SRTP/install/dynamixel_sdk/include//dynamixel_sdk/group_bulk_read.h
[1.600s] -- Up-to-date: /home/xinchen/Dev/SRTP/install/dynamixel_sdk/include//dynamixel_sdk/port_handler.h
[1.601s] -- Up-to-date: /home/xinchen/Dev/SRTP/install/dynamixel_sdk/include//dynamixel_sdk/protocol1_packet_handler.h
[1.601s] -- Up-to-date: /home/xinchen/Dev/SRTP/install/dynamixel_sdk/include//dynamixel_sdk/dynamixel_sdk.h
[1.601s] -- Up-to-date: /home/xinchen/Dev/SRTP/install/dynamixel_sdk/include//dynamixel_sdk/group_sync_read.h
[1.602s] -- Up-to-date: /home/xinchen/Dev/SRTP/install/dynamixel_sdk/include//dynamixel_sdk/protocol2_packet_handler.h
[1.602s] -- Up-to-date: /home/xinchen/Dev/SRTP/install/dynamixel_sdk/include//dynamixel_sdk/group_sync_write.h
[1.602s] -- Up-to-date: /home/xinchen/Dev/SRTP/install/dynamixel_sdk/include//dynamixel_sdk/group_bulk_write.h
[1.602s] -- Up-to-date: /home/xinchen/Dev/SRTP/install/dynamixel_sdk/include//dynamixel_sdk/port_handler_linux.h
[1.603s] -- Up-to-date: /home/xinchen/Dev/SRTP/install/dynamixel_sdk/lib/libdynamixel_sdk.so
[1.609s] -- Up-to-date: /home/xinchen/Dev/SRTP/install/dynamixel_sdk/share/dynamixel_sdk/environment/library_path.sh
[1.609s] -- Up-to-date: /home/xinchen/Dev/SRTP/install/dynamixel_sdk/share/dynamixel_sdk/environment/library_path.dsv
[1.609s] -- Up-to-date: /home/xinchen/Dev/SRTP/install/dynamixel_sdk/share/ament_index/resource_index/package_run_dependencies/dynamixel_sdk
[1.609s] -- Up-to-date: /home/xinchen/Dev/SRTP/install/dynamixel_sdk/share/ament_index/resource_index/parent_prefix_path/dynamixel_sdk
[1.610s] -- Up-to-date: /home/xinchen/Dev/SRTP/install/dynamixel_sdk/share/dynamixel_sdk/environment/ament_prefix_path.sh
[1.610s] -- Up-to-date: /home/xinchen/Dev/SRTP/install/dynamixel_sdk/share/dynamixel_sdk/environment/ament_prefix_path.dsv
[1.610s] -- Up-to-date: /home/xinchen/Dev/SRTP/install/dynamixel_sdk/share/dynamixel_sdk/environment/path.sh
[1.610s] -- Up-to-date: /home/xinchen/Dev/SRTP/install/dynamixel_sdk/share/dynamixel_sdk/environment/path.dsv
[1.610s] -- Up-to-date: /home/xinchen/Dev/SRTP/install/dynamixel_sdk/share/dynamixel_sdk/local_setup.bash
[1.610s] -- Up-to-date: /home/xinchen/Dev/SRTP/install/dynamixel_sdk/share/dynamixel_sdk/local_setup.sh
[1.610s] -- Up-to-date: /home/xinchen/Dev/SRTP/install/dynamixel_sdk/share/dynamixel_sdk/local_setup.zsh
[1.611s] -- Up-to-date: /home/xinchen/Dev/SRTP/install/dynamixel_sdk/share/dynamixel_sdk/local_setup.dsv
[1.611s] -- Installing: /home/xinchen/Dev/SRTP/install/dynamixel_sdk/share/dynamixel_sdk/package.dsv
[1.611s] -- Up-to-date: /home/xinchen/Dev/SRTP/install/dynamixel_sdk/share/ament_index/resource_index/packages/dynamixel_sdk
[1.611s] -- Up-to-date: /home/xinchen/Dev/SRTP/install/dynamixel_sdk/share/dynamixel_sdk/cmake/ament_cmake_export_include_directories-extras.cmake
[1.611s] -- Up-to-date: /home/xinchen/Dev/SRTP/install/dynamixel_sdk/share/dynamixel_sdk/cmake/ament_cmake_export_libraries-extras.cmake
[1.611s] -- Up-to-date: /home/xinchen/Dev/SRTP/install/dynamixel_sdk/share/dynamixel_sdk/cmake/dynamixel_sdkConfig.cmake
[1.611s] -- Up-to-date: /home/xinchen/Dev/SRTP/install/dynamixel_sdk/share/dynamixel_sdk/cmake/dynamixel_sdkConfig-version.cmake
[1.612s] -- Up-to-date: /home/xinchen/Dev/SRTP/install/dynamixel_sdk/share/dynamixel_sdk/package.xml
[1.640s] Invoked command in '/home/xinchen/Dev/SRTP/build/dynamixel_sdk' returned '0': CMAKE_PREFIX_PATH=/opt/ros/foxy /usr/bin/cmake --install /home/xinchen/Dev/SRTP/build/dynamixel_sdk
