[0.086s] Invoking command in '/home/xinchen/Dev/SRTP/build/launch_files': CMAKE_PREFIX_PATH=/opt/ros/foxy /usr/bin/cmake --build /home/xinchen/Dev/SRTP/build/launch_files -- -j6 -l6
[0.323s] Invoked command in '/home/xinchen/Dev/SRTP/build/launch_files' returned '0': CMAKE_PREFIX_PATH=/opt/ros/foxy /usr/bin/cmake --build /home/xinchen/Dev/SRTP/build/launch_files -- -j6 -l6
[0.480s] Invoking command in '/home/xinchen/Dev/SRTP/build/launch_files': CMAKE_PREFIX_PATH=/opt/ros/foxy /usr/bin/cmake --install /home/xinchen/Dev/SRTP/build/launch_files
[0.510s] -- Install configuration: ""
[0.510s] -- Up-to-date: /home/xinchen/Dev/SRTP/install/launch_files/share/ament_index/resource_index/package_run_dependencies/launch_files
[0.513s] -- Up-to-date: /home/xinchen/Dev/SRTP/install/launch_files/share/ament_index/resource_index/parent_prefix_path/launch_files
[0.514s] -- Up-to-date: /home/xinchen/Dev/SRTP/install/launch_files/share/launch_files/environment/ament_prefix_path.sh
[0.514s] -- Up-to-date: /home/xinchen/Dev/SRTP/install/launch_files/share/launch_files/environment/ament_prefix_path.dsv
[0.514s] -- Up-to-date: /home/xinchen/Dev/SRTP/install/launch_files/share/launch_files/environment/path.sh
[0.514s] -- Up-to-date: /home/xinchen/Dev/SRTP/install/launch_files/share/launch_files/environment/path.dsv
[0.514s] -- Up-to-date: /home/xinchen/Dev/SRTP/install/launch_files/share/launch_files/local_setup.bash
[0.514s] -- Up-to-date: /home/xinchen/Dev/SRTP/install/launch_files/share/launch_files/local_setup.sh
[0.515s] -- Up-to-date: /home/xinchen/Dev/SRTP/install/launch_files/share/launch_files/local_setup.zsh
[0.515s] -- Up-to-date: /home/xinchen/Dev/SRTP/install/launch_files/share/launch_files/local_setup.dsv
[0.516s] -- Installing: /home/xinchen/Dev/SRTP/install/launch_files/share/launch_files/package.dsv
[0.516s] -- Up-to-date: /home/xinchen/Dev/SRTP/install/launch_files/share/ament_index/resource_index/packages/launch_files
[0.516s] -- Up-to-date: /home/xinchen/Dev/SRTP/install/launch_files/share/launch_files/cmake/launch_filesConfig.cmake
[0.516s] -- Up-to-date: /home/xinchen/Dev/SRTP/install/launch_files/share/launch_files/cmake/launch_filesConfig-version.cmake
[0.516s] -- Up-to-date: /home/xinchen/Dev/SRTP/install/launch_files/share/launch_files/package.xml
[0.527s] Invoked command in '/home/xinchen/Dev/SRTP/build/launch_files' returned '0': CMAKE_PREFIX_PATH=/opt/ros/foxy /usr/bin/cmake --install /home/xinchen/Dev/SRTP/build/launch_files
