[35m[1mScanning dependencies of target position_controller[0m
[ 50%] Built target torque_controller
[ 75%] [32mBuilding CXX object CMakeFiles/position_controller.dir/src/position_controller.cpp.o[0m
[100%] [32m[1mLinking CXX executable position_controller[0m
[100%] Built target position_controller
-- Install configuration: ""
-- Up-to-date: /home/xinchen/Dev/SRTP/install/motor_controller/lib/motor_controller/torque_controller
-- Installing: /home/xinchen/Dev/SRTP/install/motor_controller/lib/motor_controller/position_controller
-- Set runtime path of "/home/xinchen/Dev/SRTP/install/motor_controller/lib/motor_controller/position_controller" to ""
-- Up-to-date: /home/xinchen/Dev/SRTP/install/motor_controller/share/ament_index/resource_index/package_run_dependencies/motor_controller
-- Up-to-date: /home/xinchen/Dev/SRTP/install/motor_controller/share/ament_index/resource_index/parent_prefix_path/motor_controller
-- Up-to-date: /home/xinchen/Dev/SRTP/install/motor_controller/share/motor_controller/environment/ament_prefix_path.sh
-- Up-to-date: /home/xinchen/Dev/SRTP/install/motor_controller/share/motor_controller/environment/ament_prefix_path.dsv
-- Up-to-date: /home/xinchen/Dev/SRTP/install/motor_controller/share/motor_controller/environment/path.sh
-- Up-to-date: /home/xinchen/Dev/SRTP/install/motor_controller/share/motor_controller/environment/path.dsv
-- Up-to-date: /home/xinchen/Dev/SRTP/install/motor_controller/share/motor_controller/local_setup.bash
-- Up-to-date: /home/xinchen/Dev/SRTP/install/motor_controller/share/motor_controller/local_setup.sh
-- Up-to-date: /home/xinchen/Dev/SRTP/install/motor_controller/share/motor_controller/local_setup.zsh
-- Up-to-date: /home/xinchen/Dev/SRTP/install/motor_controller/share/motor_controller/local_setup.dsv
-- Installing: /home/xinchen/Dev/SRTP/install/motor_controller/share/motor_controller/package.dsv
-- Up-to-date: /home/xinchen/Dev/SRTP/install/motor_controller/share/ament_index/resource_index/packages/motor_controller
-- Up-to-date: /home/xinchen/Dev/SRTP/install/motor_controller/share/motor_controller/cmake/motor_controllerConfig.cmake
-- Up-to-date: /home/xinchen/Dev/SRTP/install/motor_controller/share/motor_controller/cmake/motor_controllerConfig-version.cmake
-- Up-to-date: /home/xinchen/Dev/SRTP/install/motor_controller/share/motor_controller/package.xml
