[0.110s] Invoking command in '/home/xinchen/Dev/SRTP/build/dynamixel_sdk': CMAKE_PREFIX_PATH=/opt/ros/foxy /usr/bin/cmake --build /home/xinchen/Dev/SRTP/build/dynamixel_sdk -- -j6 -l6
[0.423s] [35m[1mScanning dependencies of target dynamixel_sdk[0m
[0.483s] [ 10%] [32mBuilding CXX object CMakeFiles/dynamixel_sdk.dir/src/dynamixel_sdk/packet_handler.cpp.o[0m
[0.512s] [ 20%] [32mBuilding CXX object CMakeFiles/dynamixel_sdk.dir/src/dynamixel_sdk/protocol1_packet_handler.cpp.o[0m
[0.514s] [ 30%] [32mBuilding CXX object CMakeFiles/dynamixel_sdk.dir/src/dynamixel_sdk/protocol2_packet_handler.cpp.o[0m
[0.514s] [ 40%] [32mBuilding CXX object CMakeFiles/dynamixel_sdk.dir/src/dynamixel_sdk/group_sync_read.cpp.o[0m
[0.516s] [ 50%] [32mBuilding CXX object CMakeFiles/dynamixel_sdk.dir/src/dynamixel_sdk/group_sync_write.cpp.o[0m
[0.525s] [ 60%] [32mBuilding CXX object CMakeFiles/dynamixel_sdk.dir/src/dynamixel_sdk/group_bulk_read.cpp.o[0m
[3.284s] [ 70%] [32mBuilding CXX object CMakeFiles/dynamixel_sdk.dir/src/dynamixel_sdk/group_bulk_write.cpp.o[0m
[3.399s] [ 80%] [32mBuilding CXX object CMakeFiles/dynamixel_sdk.dir/src/dynamixel_sdk/port_handler.cpp.o[0m
[3.601s] [ 90%] [32mBuilding CXX object CMakeFiles/dynamixel_sdk.dir/src/dynamixel_sdk/port_handler_linux.cpp.o[0m
[4.908s] [100%] [32m[1mLinking CXX shared library libdynamixel_sdk.so[0m
[5.297s] [100%] Built target dynamixel_sdk
[5.354s] Invoked command in '/home/xinchen/Dev/SRTP/build/dynamixel_sdk' returned '0': CMAKE_PREFIX_PATH=/opt/ros/foxy /usr/bin/cmake --build /home/xinchen/Dev/SRTP/build/dynamixel_sdk -- -j6 -l6
[5.601s] Invoking command in '/home/xinchen/Dev/SRTP/build/dynamixel_sdk': CMAKE_PREFIX_PATH=/opt/ros/foxy /usr/bin/cmake --install /home/xinchen/Dev/SRTP/build/dynamixel_sdk
[5.625s] -- Install configuration: ""
[5.625s] -- Installing: /home/xinchen/Dev/SRTP/install/dynamixel_sdk/include/
[5.626s] -- Installing: /home/xinchen/Dev/SRTP/install/dynamixel_sdk/include//dynamixel_sdk
[5.626s] -- Installing: /home/xinchen/Dev/SRTP/install/dynamixel_sdk/include//dynamixel_sdk/port_handler_windows.h
[5.626s] -- Installing: /home/xinchen/Dev/SRTP/install/dynamixel_sdk/include//dynamixel_sdk/packet_handler.h
[5.626s] -- Installing: /home/xinchen/Dev/SRTP/install/dynamixel_sdk/include//dynamixel_sdk/port_handler_arduino.h
[5.629s] -- Installing: /home/xinchen/Dev/SRTP/install/dynamixel_sdk/include//dynamixel_sdk/port_handler_mac.h
[5.630s] -- Installing: /home/xinchen/Dev/SRTP/install/dynamixel_sdk/include//dynamixel_sdk/group_bulk_read.h
[5.630s] -- Installing: /home/xinchen/Dev/SRTP/install/dynamixel_sdk/include//dynamixel_sdk/port_handler.h
[5.630s] -- Installing: /home/xinchen/Dev/SRTP/install/dynamixel_sdk/include//dynamixel_sdk/protocol1_packet_handler.h
[5.630s] -- Installing: /home/xinchen/Dev/SRTP/install/dynamixel_sdk/include//dynamixel_sdk/dynamixel_sdk.h
[5.630s] -- Installing: /home/xinchen/Dev/SRTP/install/dynamixel_sdk/include//dynamixel_sdk/group_sync_read.h
[5.630s] -- Installing: /home/xinchen/Dev/SRTP/install/dynamixel_sdk/include//dynamixel_sdk/protocol2_packet_handler.h
[5.631s] -- Installing: /home/xinchen/Dev/SRTP/install/dynamixel_sdk/include//dynamixel_sdk/group_sync_write.h
[5.631s] -- Installing: /home/xinchen/Dev/SRTP/install/dynamixel_sdk/include//dynamixel_sdk/group_bulk_write.h
[5.631s] -- Installing: /home/xinchen/Dev/SRTP/install/dynamixel_sdk/include//dynamixel_sdk/port_handler_linux.h
[5.632s] -- Installing: /home/xinchen/Dev/SRTP/install/dynamixel_sdk/lib/libdynamixel_sdk.so
[5.633s] -- Installing: /home/xinchen/Dev/SRTP/install/dynamixel_sdk/share/dynamixel_sdk/environment/library_path.sh
[5.634s] -- Installing: /home/xinchen/Dev/SRTP/install/dynamixel_sdk/share/dynamixel_sdk/environment/library_path.dsv
[5.636s] -- Installing: /home/xinchen/Dev/SRTP/install/dynamixel_sdk/share/ament_index/resource_index/package_run_dependencies/dynamixel_sdk
[5.639s] -- Installing: /home/xinchen/Dev/SRTP/install/dynamixel_sdk/share/ament_index/resource_index/parent_prefix_path/dynamixel_sdk
[5.640s] -- Installing: /home/xinchen/Dev/SRTP/install/dynamixel_sdk/share/dynamixel_sdk/environment/ament_prefix_path.sh
[5.640s] -- Installing: /home/xinchen/Dev/SRTP/install/dynamixel_sdk/share/dynamixel_sdk/environment/ament_prefix_path.dsv
[5.641s] -- Installing: /home/xinchen/Dev/SRTP/install/dynamixel_sdk/share/dynamixel_sdk/environment/path.sh
[5.641s] -- Installing: /home/xinchen/Dev/SRTP/install/dynamixel_sdk/share/dynamixel_sdk/environment/path.dsv
[5.641s] -- Installing: /home/xinchen/Dev/SRTP/install/dynamixel_sdk/share/dynamixel_sdk/local_setup.bash
[5.643s] -- Installing: /home/xinchen/Dev/SRTP/install/dynamixel_sdk/share/dynamixel_sdk/local_setup.sh
[5.643s] -- Installing: /home/xinchen/Dev/SRTP/install/dynamixel_sdk/share/dynamixel_sdk/local_setup.zsh
[5.643s] -- Installing: /home/xinchen/Dev/SRTP/install/dynamixel_sdk/share/dynamixel_sdk/local_setup.dsv
[5.644s] -- Installing: /home/xinchen/Dev/SRTP/install/dynamixel_sdk/share/dynamixel_sdk/package.dsv
[5.650s] -- Installing: /home/xinchen/Dev/SRTP/install/dynamixel_sdk/share/ament_index/resource_index/packages/dynamixel_sdk
[5.661s] -- Installing: /home/xinchen/Dev/SRTP/install/dynamixel_sdk/share/dynamixel_sdk/cmake/ament_cmake_export_include_directories-extras.cmake
[5.661s] -- Installing: /home/xinchen/Dev/SRTP/install/dynamixel_sdk/share/dynamixel_sdk/cmake/ament_cmake_export_libraries-extras.cmake
[5.661s] -- Installing: /home/xinchen/Dev/SRTP/install/dynamixel_sdk/share/dynamixel_sdk/cmake/dynamixel_sdkConfig.cmake
[5.661s] -- Installing: /home/xinchen/Dev/SRTP/install/dynamixel_sdk/share/dynamixel_sdk/cmake/dynamixel_sdkConfig-version.cmake
[5.662s] -- Installing: /home/xinchen/Dev/SRTP/install/dynamixel_sdk/share/dynamixel_sdk/package.xml
[5.662s] Invoked command in '/home/xinchen/Dev/SRTP/build/dynamixel_sdk' returned '0': CMAKE_PREFIX_PATH=/opt/ros/foxy /usr/bin/cmake --install /home/xinchen/Dev/SRTP/build/dynamixel_sdk
