[0.155s] Invoking command in '/home/xinchen/Dev/SRTP/build/dynamixel_sdk': CMAKE_PREFIX_PATH=${CMAKE_PREFIX_PATH}:/opt/ros/foxy /usr/bin/cmake --build /home/xinchen/Dev/SRTP/build/dynamixel_sdk -- -j6 -l6
[0.486s] [100%] Built target dynamixel_sdk
[0.555s] Invoked command in '/home/xinchen/Dev/SRTP/build/dynamixel_sdk' returned '0': CMAKE_PREFIX_PATH=${CMAKE_PREFIX_PATH}:/opt/ros/foxy /usr/bin/cmake --build /home/xinchen/Dev/SRTP/build/dynamixel_sdk -- -j6 -l6
[0.842s] Invoking command in '/home/xinchen/Dev/SRTP/build/dynamixel_sdk': CMAKE_PREFIX_PATH=${CMAKE_PREFIX_PATH}:/opt/ros/foxy /usr/bin/cmake --install /home/xinchen/Dev/SRTP/build/dynamixel_sdk
[0.871s] -- Install configuration: ""
[0.871s] -- Up-to-date: /home/xinchen/Dev/SRTP/install/dynamixel_sdk/include/
[0.872s] -- Up-to-date: /home/xinchen/Dev/SRTP/install/dynamixel_sdk/include//dynamixel_sdk
[0.872s] -- Up-to-date: /home/xinchen/Dev/SRTP/install/dynamixel_sdk/include//dynamixel_sdk/port_handler_windows.h
[0.872s] -- Up-to-date: /home/xinchen/Dev/SRTP/install/dynamixel_sdk/include//dynamixel_sdk/packet_handler.h
[0.874s] -- Up-to-date: /home/xinchen/Dev/SRTP/install/dynamixel_sdk/include//dynamixel_sdk/port_handler_arduino.h
[0.875s] -- Up-to-date: /home/xinchen/Dev/SRTP/install/dynamixel_sdk/include//dynamixel_sdk/port_handler_mac.h
[0.875s] -- Up-to-date: /home/xinchen/Dev/SRTP/install/dynamixel_sdk/include//dynamixel_sdk/group_bulk_read.h
[0.875s] -- Up-to-date: /home/xinchen/Dev/SRTP/install/dynamixel_sdk/include//dynamixel_sdk/port_handler.h
[0.875s] -- Up-to-date: /home/xinchen/Dev/SRTP/install/dynamixel_sdk/include//dynamixel_sdk/protocol1_packet_handler.h
[0.875s] -- Up-to-date: /home/xinchen/Dev/SRTP/install/dynamixel_sdk/include//dynamixel_sdk/dynamixel_sdk.h
[0.875s] -- Up-to-date: /home/xinchen/Dev/SRTP/install/dynamixel_sdk/include//dynamixel_sdk/group_sync_read.h
[0.876s] -- Up-to-date: /home/xinchen/Dev/SRTP/install/dynamixel_sdk/include//dynamixel_sdk/protocol2_packet_handler.h
[0.876s] -- Up-to-date: /home/xinchen/Dev/SRTP/install/dynamixel_sdk/include//dynamixel_sdk/group_sync_write.h
[0.876s] -- Up-to-date: /home/xinchen/Dev/SRTP/install/dynamixel_sdk/include//dynamixel_sdk/group_bulk_write.h
[0.876s] -- Up-to-date: /home/xinchen/Dev/SRTP/install/dynamixel_sdk/include//dynamixel_sdk/port_handler_linux.h
[0.876s] -- Up-to-date: /home/xinchen/Dev/SRTP/install/dynamixel_sdk/lib/libdynamixel_sdk.so
[0.876s] -- Up-to-date: /home/xinchen/Dev/SRTP/install/dynamixel_sdk/share/dynamixel_sdk/environment/library_path.sh
[0.877s] -- Up-to-date: /home/xinchen/Dev/SRTP/install/dynamixel_sdk/share/dynamixel_sdk/environment/library_path.dsv
[0.877s] -- Up-to-date: /home/xinchen/Dev/SRTP/install/dynamixel_sdk/share/ament_index/resource_index/package_run_dependencies/dynamixel_sdk
[0.877s] -- Up-to-date: /home/xinchen/Dev/SRTP/install/dynamixel_sdk/share/ament_index/resource_index/parent_prefix_path/dynamixel_sdk
[0.877s] -- Up-to-date: /home/xinchen/Dev/SRTP/install/dynamixel_sdk/share/dynamixel_sdk/environment/ament_prefix_path.sh
[0.878s] -- Up-to-date: /home/xinchen/Dev/SRTP/install/dynamixel_sdk/share/dynamixel_sdk/environment/ament_prefix_path.dsv
[0.881s] -- Up-to-date: /home/xinchen/Dev/SRTP/install/dynamixel_sdk/share/dynamixel_sdk/environment/path.sh
[0.884s] -- Up-to-date: /home/xinchen/Dev/SRTP/install/dynamixel_sdk/share/dynamixel_sdk/environment/path.dsv
[0.885s] -- Up-to-date: /home/xinchen/Dev/SRTP/install/dynamixel_sdk/share/dynamixel_sdk/local_setup.bash
[0.885s] -- Up-to-date: /home/xinchen/Dev/SRTP/install/dynamixel_sdk/share/dynamixel_sdk/local_setup.sh
[0.885s] -- Up-to-date: /home/xinchen/Dev/SRTP/install/dynamixel_sdk/share/dynamixel_sdk/local_setup.zsh
[0.885s] -- Up-to-date: /home/xinchen/Dev/SRTP/install/dynamixel_sdk/share/dynamixel_sdk/local_setup.dsv
[0.886s] -- Installing: /home/xinchen/Dev/SRTP/install/dynamixel_sdk/share/dynamixel_sdk/package.dsv
[0.886s] -- Up-to-date: /home/xinchen/Dev/SRTP/install/dynamixel_sdk/share/ament_index/resource_index/packages/dynamixel_sdk
[0.887s] -- Up-to-date: /home/xinchen/Dev/SRTP/install/dynamixel_sdk/share/dynamixel_sdk/cmake/ament_cmake_export_include_directories-extras.cmake
[0.887s] -- Up-to-date: /home/xinchen/Dev/SRTP/install/dynamixel_sdk/share/dynamixel_sdk/cmake/ament_cmake_export_libraries-extras.cmake
[0.887s] -- Up-to-date: /home/xinchen/Dev/SRTP/install/dynamixel_sdk/share/dynamixel_sdk/cmake/dynamixel_sdkConfig.cmake
[0.887s] -- Up-to-date: /home/xinchen/Dev/SRTP/install/dynamixel_sdk/share/dynamixel_sdk/cmake/dynamixel_sdkConfig-version.cmake
[0.888s] -- Up-to-date: /home/xinchen/Dev/SRTP/install/dynamixel_sdk/share/dynamixel_sdk/package.xml
[0.889s] Invoked command in '/home/xinchen/Dev/SRTP/build/dynamixel_sdk' returned '0': CMAKE_PREFIX_PATH=${CMAKE_PREFIX_PATH}:/opt/ros/foxy /usr/bin/cmake --install /home/xinchen/Dev/SRTP/build/dynamixel_sdk
