[0.086s] Invoking command in '/home/xinchen/Dev/SRTP/build/launch_files': CMAKE_PREFIX_PATH=/opt/ros/foxy /usr/bin/cmake /home/xinchen/Dev/SRTP/src/launch_files -DCMAKE_INSTALL_PREFIX=/home/xinchen/Dev/SRTP/install/launch_files
[0.445s] -- The C compiler identification is GNU 9.4.0
[0.668s] -- The CXX compiler identification is GNU 9.4.0
[0.684s] -- Check for working C compiler: /usr/bin/cc
[0.892s] -- Check for working C compiler: /usr/bin/cc -- works
[0.902s] -- Detecting C compiler ABI info
[1.142s] -- Detecting C compiler ABI info - done
[1.183s] -- Detecting C compile features
[1.184s] -- Detecting C compile features - done
[1.197s] -- Check for working CXX compiler: /usr/bin/c++
[1.453s] -- Check for working CXX compiler: /usr/bin/c++ -- works
[1.456s] -- Detecting CXX compiler ABI info
[1.704s] -- Detecting CXX compiler ABI info - done
[1.753s] -- Detecting CXX compile features
[1.755s] -- Detecting CXX compile features - done
[1.759s] -- Found ament_cmake: 0.9.12 (/opt/ros/foxy/share/ament_cmake/cmake)
[1.854s] -- Found PythonInterp: /usr/bin/python3 (found suitable version "3.8.10", minimum required is "3") 
[1.854s] -- Using PYTHON_EXECUTABLE: /usr/bin/python3
[2.481s] -- Found ament_lint_auto: 0.9.8 (/opt/ros/foxy/share/ament_lint_auto/cmake)
[2.667s] -- Added test 'copyright' to check source files copyright and LICENSE
[2.672s] -- Added test 'lint_cmake' to check CMake code style
[2.675s] -- Added test 'xmllint' to check XML markup files
[2.680s] -- Configuring done
[2.684s] -- Generating done
[2.686s] -- Build files have been written to: /home/xinchen/Dev/SRTP/build/launch_files
