[0.149s] Invoking command in '/home/xinchen/Dev/SRTP/build/custom_interface': CMAKE_PREFIX_PATH=${CMAKE_PREFIX_PATH}:/opt/ros/foxy /usr/bin/cmake --build /home/xinchen/Dev/SRTP/build/custom_interface -- -j6 -l6
[0.477s] [  3%] Built target custom_interface__cpp
[0.498s] [ 12%] Built target custom_interface__rosidl_generator_c
[0.609s] [ 22%] Built target custom_interface__rosidl_typesupport_cpp
[0.631s] [ 41%] Built target custom_interface__rosidl_typesupport_c
[0.631s] [ 41%] Built target custom_interface__rosidl_typesupport_introspection_cpp
[0.646s] [ 51%] Built target custom_interface__rosidl_typesupport_introspection_c
[0.700s] [ 61%] Built target custom_interface__rosidl_typesupport_fastrtps_cpp
[0.777s] [ 70%] Built target custom_interface__rosidl_typesupport_fastrtps_c
[0.829s] [ 70%] Built target custom_interface
[0.884s] [ 74%] Built target custom_interface__py
[0.951s] [ 80%] Built target custom_interface__python
[1.054s] [ 87%] Built target custom_interface__rosidl_typesupport_fastrtps_c__pyext
[1.079s] [ 93%] Built target custom_interface__rosidl_typesupport_introspection_c__pyext
[1.084s] [100%] Built target custom_interface__rosidl_typesupport_c__pyext
[1.239s] Invoked command in '/home/xinchen/Dev/SRTP/build/custom_interface' returned '0': CMAKE_PREFIX_PATH=${CMAKE_PREFIX_PATH}:/opt/ros/foxy /usr/bin/cmake --build /home/xinchen/Dev/SRTP/build/custom_interface -- -j6 -l6
[1.443s] Invoking command in '/home/xinchen/Dev/SRTP/build/custom_interface': CMAKE_PREFIX_PATH=${CMAKE_PREFIX_PATH}:/opt/ros/foxy /usr/bin/cmake --install /home/xinchen/Dev/SRTP/build/custom_interface
[1.480s] -- Install configuration: ""
[1.480s] -- Up-to-date: /home/xinchen/Dev/SRTP/install/custom_interface/share/ament_index/resource_index/rosidl_interfaces/custom_interface
[1.487s] -- Up-to-date: /home/xinchen/Dev/SRTP/install/custom_interface/include/custom_interface
[1.487s] -- Up-to-date: /home/xinchen/Dev/SRTP/install/custom_interface/include/custom_interface/msg
[1.487s] -- Up-to-date: /home/xinchen/Dev/SRTP/install/custom_interface/include/custom_interface/msg/torque.h
[1.487s] -- Up-to-date: /home/xinchen/Dev/SRTP/install/custom_interface/include/custom_interface/msg/detail
[1.487s] -- Up-to-date: /home/xinchen/Dev/SRTP/install/custom_interface/include/custom_interface/msg/detail/torque__functions.c
[1.487s] -- Up-to-date: /home/xinchen/Dev/SRTP/install/custom_interface/include/custom_interface/msg/detail/torque__type_support.h
[1.488s] -- Up-to-date: /home/xinchen/Dev/SRTP/install/custom_interface/include/custom_interface/msg/detail/torque__functions.h
[1.488s] -- Up-to-date: /home/xinchen/Dev/SRTP/install/custom_interface/include/custom_interface/msg/detail/torque__struct.h
[1.488s] -- Up-to-date: /home/xinchen/Dev/SRTP/install/custom_interface/include/custom_interface/msg/rosidl_generator_c__visibility_control.h
[1.488s] -- Up-to-date: /home/xinchen/Dev/SRTP/install/custom_interface/share/custom_interface/environment/library_path.sh
[1.488s] -- Up-to-date: /home/xinchen/Dev/SRTP/install/custom_interface/share/custom_interface/environment/library_path.dsv
[1.488s] -- Up-to-date: /home/xinchen/Dev/SRTP/install/custom_interface/lib/libcustom_interface__rosidl_generator_c.so
[1.488s] -- Up-to-date: /home/xinchen/Dev/SRTP/install/custom_interface/include/custom_interface
[1.491s] -- Up-to-date: /home/xinchen/Dev/SRTP/install/custom_interface/include/custom_interface/msg
[1.492s] -- Up-to-date: /home/xinchen/Dev/SRTP/install/custom_interface/include/custom_interface/msg/detail
[1.492s] -- Up-to-date: /home/xinchen/Dev/SRTP/install/custom_interface/include/custom_interface/msg/detail/torque__rosidl_typesupport_fastrtps_c.h
[1.492s] -- Up-to-date: /home/xinchen/Dev/SRTP/install/custom_interface/include/custom_interface/msg/rosidl_typesupport_fastrtps_c__visibility_control.h
[1.492s] -- Up-to-date: /home/xinchen/Dev/SRTP/install/custom_interface/lib/libcustom_interface__rosidl_typesupport_fastrtps_c.so
[1.495s] -- Up-to-date: /home/xinchen/Dev/SRTP/install/custom_interface/include/custom_interface
[1.495s] -- Up-to-date: /home/xinchen/Dev/SRTP/install/custom_interface/include/custom_interface/msg
[1.495s] -- Up-to-date: /home/xinchen/Dev/SRTP/install/custom_interface/include/custom_interface/msg/detail
[1.495s] -- Up-to-date: /home/xinchen/Dev/SRTP/install/custom_interface/include/custom_interface/msg/detail/torque__rosidl_typesupport_fastrtps_cpp.hpp
[1.495s] -- Up-to-date: /home/xinchen/Dev/SRTP/install/custom_interface/include/custom_interface/msg/detail/dds_fastrtps
[1.495s] -- Up-to-date: /home/xinchen/Dev/SRTP/install/custom_interface/include/custom_interface/msg/rosidl_typesupport_fastrtps_cpp__visibility_control.h
[1.501s] -- Up-to-date: /home/xinchen/Dev/SRTP/install/custom_interface/lib/libcustom_interface__rosidl_typesupport_fastrtps_cpp.so
[1.507s] -- Up-to-date: /home/xinchen/Dev/SRTP/install/custom_interface/include/custom_interface
[1.508s] -- Up-to-date: /home/xinchen/Dev/SRTP/install/custom_interface/include/custom_interface/msg
[1.508s] -- Up-to-date: /home/xinchen/Dev/SRTP/install/custom_interface/include/custom_interface/msg/detail
[1.508s] -- Up-to-date: /home/xinchen/Dev/SRTP/install/custom_interface/include/custom_interface/msg/detail/torque__type_support.c
[1.508s] -- Up-to-date: /home/xinchen/Dev/SRTP/install/custom_interface/include/custom_interface/msg/detail/torque__rosidl_typesupport_introspection_c.h
[1.508s] -- Up-to-date: /home/xinchen/Dev/SRTP/install/custom_interface/include/custom_interface/msg/rosidl_typesupport_introspection_c__visibility_control.h
[1.509s] -- Up-to-date: /home/xinchen/Dev/SRTP/install/custom_interface/lib/libcustom_interface__rosidl_typesupport_introspection_c.so
[1.509s] -- Up-to-date: /home/xinchen/Dev/SRTP/install/custom_interface/lib/libcustom_interface__rosidl_typesupport_c.so
[1.509s] -- Up-to-date: /home/xinchen/Dev/SRTP/install/custom_interface/include/custom_interface
[1.509s] -- Up-to-date: /home/xinchen/Dev/SRTP/install/custom_interface/include/custom_interface/msg
[1.509s] -- Up-to-date: /home/xinchen/Dev/SRTP/install/custom_interface/include/custom_interface/msg/detail
[1.509s] -- Up-to-date: /home/xinchen/Dev/SRTP/install/custom_interface/include/custom_interface/msg/detail/torque__builder.hpp
[1.509s] -- Up-to-date: /home/xinchen/Dev/SRTP/install/custom_interface/include/custom_interface/msg/detail/torque__type_support.hpp
[1.510s] -- Up-to-date: /home/xinchen/Dev/SRTP/install/custom_interface/include/custom_interface/msg/detail/torque__traits.hpp
[1.510s] -- Up-to-date: /home/xinchen/Dev/SRTP/install/custom_interface/include/custom_interface/msg/detail/torque__struct.hpp
[1.510s] -- Up-to-date: /home/xinchen/Dev/SRTP/install/custom_interface/include/custom_interface/msg/rosidl_generator_cpp__visibility_control.hpp
[1.510s] -- Up-to-date: /home/xinchen/Dev/SRTP/install/custom_interface/include/custom_interface/msg/torque.hpp
[1.510s] -- Up-to-date: /home/xinchen/Dev/SRTP/install/custom_interface/include/custom_interface
[1.510s] -- Up-to-date: /home/xinchen/Dev/SRTP/install/custom_interface/include/custom_interface/msg
[1.510s] -- Up-to-date: /home/xinchen/Dev/SRTP/install/custom_interface/include/custom_interface/msg/detail
[1.511s] -- Up-to-date: /home/xinchen/Dev/SRTP/install/custom_interface/include/custom_interface/msg/detail/torque__rosidl_typesupport_introspection_cpp.hpp
[1.511s] -- Up-to-date: /home/xinchen/Dev/SRTP/install/custom_interface/include/custom_interface/msg/detail/torque__type_support.cpp
[1.511s] -- Up-to-date: /home/xinchen/Dev/SRTP/install/custom_interface/lib/libcustom_interface__rosidl_typesupport_introspection_cpp.so
[1.511s] -- Up-to-date: /home/xinchen/Dev/SRTP/install/custom_interface/lib/libcustom_interface__rosidl_typesupport_cpp.so
[1.511s] -- Up-to-date: /home/xinchen/Dev/SRTP/install/custom_interface/share/custom_interface/environment/pythonpath.sh
[1.511s] -- Up-to-date: /home/xinchen/Dev/SRTP/install/custom_interface/share/custom_interface/environment/pythonpath.dsv
[1.511s] -- Up-to-date: /home/xinchen/Dev/SRTP/install/custom_interface/lib/python3.8/site-packages/custom_interface/__init__.py
[1.582s] -- Up-to-date: /home/xinchen/Dev/SRTP/install/custom_interface/lib/python3.8/site-packages/custom_interface/msg
[1.582s] -- Up-to-date: /home/xinchen/Dev/SRTP/install/custom_interface/lib/python3.8/site-packages/custom_interface/msg/_torque_s.c
[1.583s] -- Up-to-date: /home/xinchen/Dev/SRTP/install/custom_interface/lib/python3.8/site-packages/custom_interface/msg/_torque.py
[1.584s] -- Up-to-date: /home/xinchen/Dev/SRTP/install/custom_interface/lib/python3.8/site-packages/custom_interface/msg/__init__.py
[1.585s] -- Up-to-date: /home/xinchen/Dev/SRTP/install/custom_interface/lib/python3.8/site-packages/custom_interface/custom_interface_s__rosidl_typesupport_fastrtps_c.cpython-38-aarch64-linux-gnu.so
[1.585s] -- Up-to-date: /home/xinchen/Dev/SRTP/install/custom_interface/lib/python3.8/site-packages/custom_interface/custom_interface_s__rosidl_typesupport_introspection_c.cpython-38-aarch64-linux-gnu.so
[1.585s] -- Up-to-date: /home/xinchen/Dev/SRTP/install/custom_interface/lib/python3.8/site-packages/custom_interface/custom_interface_s__rosidl_typesupport_c.cpython-38-aarch64-linux-gnu.so
[1.587s] -- Up-to-date: /home/xinchen/Dev/SRTP/install/custom_interface/lib/libcustom_interface__python.so
[1.587s] -- Up-to-date: /home/xinchen/Dev/SRTP/install/custom_interface/share/custom_interface/msg/Torque.idl
[1.588s] -- Up-to-date: /home/xinchen/Dev/SRTP/install/custom_interface/share/custom_interface/msg/Torque.msg
[1.589s] -- Up-to-date: /home/xinchen/Dev/SRTP/install/custom_interface/share/ament_index/resource_index/package_run_dependencies/custom_interface
[1.590s] -- Up-to-date: /home/xinchen/Dev/SRTP/install/custom_interface/share/ament_index/resource_index/parent_prefix_path/custom_interface
[1.591s] -- Up-to-date: /home/xinchen/Dev/SRTP/install/custom_interface/share/custom_interface/environment/ament_prefix_path.sh
[1.592s] -- Up-to-date: /home/xinchen/Dev/SRTP/install/custom_interface/share/custom_interface/environment/ament_prefix_path.dsv
[1.592s] -- Up-to-date: /home/xinchen/Dev/SRTP/install/custom_interface/share/custom_interface/environment/path.sh
[1.593s] -- Up-to-date: /home/xinchen/Dev/SRTP/install/custom_interface/share/custom_interface/environment/path.dsv
[1.594s] -- Up-to-date: /home/xinchen/Dev/SRTP/install/custom_interface/share/custom_interface/local_setup.bash
[1.594s] -- Up-to-date: /home/xinchen/Dev/SRTP/install/custom_interface/share/custom_interface/local_setup.sh
[1.595s] -- Up-to-date: /home/xinchen/Dev/SRTP/install/custom_interface/share/custom_interface/local_setup.zsh
[1.596s] -- Up-to-date: /home/xinchen/Dev/SRTP/install/custom_interface/share/custom_interface/local_setup.dsv
[1.596s] -- Installing: /home/xinchen/Dev/SRTP/install/custom_interface/share/custom_interface/package.dsv
[1.598s] -- Up-to-date: /home/xinchen/Dev/SRTP/install/custom_interface/share/ament_index/resource_index/packages/custom_interface
[1.599s] -- Up-to-date: /home/xinchen/Dev/SRTP/install/custom_interface/share/custom_interface/cmake/custom_interface__rosidl_generator_cExport.cmake
[1.599s] -- Up-to-date: /home/xinchen/Dev/SRTP/install/custom_interface/share/custom_interface/cmake/custom_interface__rosidl_generator_cExport-noconfig.cmake
[1.600s] -- Up-to-date: /home/xinchen/Dev/SRTP/install/custom_interface/share/custom_interface/cmake/custom_interface__rosidl_typesupport_introspection_cExport.cmake
[1.600s] -- Up-to-date: /home/xinchen/Dev/SRTP/install/custom_interface/share/custom_interface/cmake/custom_interface__rosidl_typesupport_introspection_cExport-noconfig.cmake
[1.602s] -- Up-to-date: /home/xinchen/Dev/SRTP/install/custom_interface/share/custom_interface/cmake/custom_interface__rosidl_typesupport_cExport.cmake
[1.602s] -- Up-to-date: /home/xinchen/Dev/SRTP/install/custom_interface/share/custom_interface/cmake/custom_interface__rosidl_typesupport_cExport-noconfig.cmake
[1.603s] -- Up-to-date: /home/xinchen/Dev/SRTP/install/custom_interface/share/custom_interface/cmake/custom_interface__rosidl_generator_cppExport.cmake
[1.605s] -- Up-to-date: /home/xinchen/Dev/SRTP/install/custom_interface/share/custom_interface/cmake/custom_interface__rosidl_typesupport_introspection_cppExport.cmake
[1.607s] -- Up-to-date: /home/xinchen/Dev/SRTP/install/custom_interface/share/custom_interface/cmake/custom_interface__rosidl_typesupport_introspection_cppExport-noconfig.cmake
[1.607s] -- Up-to-date: /home/xinchen/Dev/SRTP/install/custom_interface/share/custom_interface/cmake/custom_interface__rosidl_typesupport_cppExport.cmake
[1.607s] -- Up-to-date: /home/xinchen/Dev/SRTP/install/custom_interface/share/custom_interface/cmake/custom_interface__rosidl_typesupport_cppExport-noconfig.cmake
[1.607s] -- Up-to-date: /home/xinchen/Dev/SRTP/install/custom_interface/share/custom_interface/cmake/rosidl_cmake-extras.cmake
[1.607s] -- Up-to-date: /home/xinchen/Dev/SRTP/install/custom_interface/share/custom_interface/cmake/ament_cmake_export_dependencies-extras.cmake
[1.607s] -- Up-to-date: /home/xinchen/Dev/SRTP/install/custom_interface/share/custom_interface/cmake/ament_cmake_export_libraries-extras.cmake
[1.608s] -- Up-to-date: /home/xinchen/Dev/SRTP/install/custom_interface/share/custom_interface/cmake/ament_cmake_export_targets-extras.cmake
[1.608s] -- Up-to-date: /home/xinchen/Dev/SRTP/install/custom_interface/share/custom_interface/cmake/ament_cmake_export_include_directories-extras.cmake
[1.608s] -- Up-to-date: /home/xinchen/Dev/SRTP/install/custom_interface/share/custom_interface/cmake/rosidl_cmake_export_typesupport_libraries-extras.cmake
[1.608s] -- Up-to-date: /home/xinchen/Dev/SRTP/install/custom_interface/share/custom_interface/cmake/rosidl_cmake_export_typesupport_targets-extras.cmake
[1.608s] -- Up-to-date: /home/xinchen/Dev/SRTP/install/custom_interface/share/custom_interface/cmake/custom_interfaceConfig.cmake
[1.608s] -- Up-to-date: /home/xinchen/Dev/SRTP/install/custom_interface/share/custom_interface/cmake/custom_interfaceConfig-version.cmake
[1.609s] -- Up-to-date: /home/xinchen/Dev/SRTP/install/custom_interface/share/custom_interface/package.xml
[1.670s] Invoked command in '/home/xinchen/Dev/SRTP/build/custom_interface' returned '0': CMAKE_PREFIX_PATH=${CMAKE_PREFIX_PATH}:/opt/ros/foxy /usr/bin/cmake --install /home/xinchen/Dev/SRTP/build/custom_interface
