[0.955s] DEBUG:colcon:Command line arguments: ['/usr/bin/colcon', 'build']
[0.956s] DEBUG:colcon:Parsed command line arguments: Namespace(allow_overriding=[], ament_cmake_args=None, base_paths=['.'], build_base='build', catkin_cmake_args=None, catkin_skip_building_tests=False, cmake_args=None, cmake_clean_cache=False, cmake_clean_first=False, cmake_force_configure=False, cmake_target=None, cmake_target_skip_unavailable=False, continue_on_error=False, event_handlers=None, executor='parallel', ignore_user_meta=False, install_base='install', log_base=None, log_level=None, main=<bound method BuildVerb.main of <colcon_core.verb.build.BuildVerb object at 0xffff9d1bf580>>, merge_install=False, metas=['./colcon.meta'], packages_above=None, packages_above_and_dependencies=None, packages_above_depth=None, packages_end=None, packages_ignore=None, packages_ignore_regex=None, packages_select=None, packages_select_build_failed=False, packages_select_by_dep=None, packages_select_regex=None, packages_select_test_failures=False, packages_skip=None, packages_skip_build_finished=False, packages_skip_by_dep=None, packages_skip_regex=None, packages_skip_test_passed=False, packages_skip_up_to=None, packages_start=None, packages_up_to=None, packages_up_to_regex=None, parallel_workers=6, paths=None, symlink_install=False, test_result_base=None, verb_extension=<colcon_core.verb.build.BuildVerb object at 0xffff9d1bf580>, verb_name='build', verb_parser=<colcon_defaults.argument_parser.defaults.DefaultArgumentsDecorator object at 0xffff9d1bfac0>)
[1.099s] Level 1:colcon.colcon_core.package_discovery:discover_packages(colcon_meta) check parameters
[1.099s] Level 1:colcon.colcon_core.package_discovery:discover_packages(recursive) check parameters
[1.099s] Level 1:colcon.colcon_core.package_discovery:discover_packages(ignore) check parameters
[1.099s] Level 1:colcon.colcon_core.package_discovery:discover_packages(path) check parameters
[1.099s] Level 1:colcon.colcon_core.package_discovery:discover_packages(colcon_meta) discover
[1.100s] Level 1:colcon.colcon_core.package_discovery:discover_packages(recursive) discover
[1.100s] INFO:colcon.colcon_core.package_discovery:Crawling recursively for packages in '/home/xinchen/Dev/SRTP'
[1.100s] Level 1:colcon.colcon_core.package_identification:_identify(.) by extensions ['ignore', 'ignore_ament_install']
[1.100s] Level 1:colcon.colcon_core.package_identification:_identify(.) by extension 'ignore'
[1.100s] Level 1:colcon.colcon_core.package_identification:_identify(.) by extension 'ignore_ament_install'
[1.101s] Level 1:colcon.colcon_core.package_identification:_identify(.) by extensions ['colcon_pkg']
[1.101s] Level 1:colcon.colcon_core.package_identification:_identify(.) by extension 'colcon_pkg'
[1.101s] Level 1:colcon.colcon_core.package_identification:_identify(.) by extensions ['colcon_meta']
[1.101s] Level 1:colcon.colcon_core.package_identification:_identify(.) by extension 'colcon_meta'
[1.101s] Level 1:colcon.colcon_core.package_identification:_identify(.) by extensions ['ros']
[1.101s] Level 1:colcon.colcon_core.package_identification:_identify(.) by extension 'ros'
[1.128s] Level 1:colcon.colcon_core.package_identification:_identify(.) by extensions ['cmake', 'python']
[1.128s] Level 1:colcon.colcon_core.package_identification:_identify(.) by extension 'cmake'
[1.128s] Level 1:colcon.colcon_core.package_identification:_identify(.) by extension 'python'
[1.128s] Level 1:colcon.colcon_core.package_identification:_identify(.) by extensions ['python_setup_py']
[1.128s] Level 1:colcon.colcon_core.package_identification:_identify(.) by extension 'python_setup_py'
[1.129s] Level 1:colcon.colcon_core.package_identification:_identify(build) by extensions ['ignore', 'ignore_ament_install']
[1.129s] Level 1:colcon.colcon_core.package_identification:_identify(build) by extension 'ignore'
[1.129s] Level 1:colcon.colcon_core.package_identification:_identify(build) ignored
[1.129s] Level 1:colcon.colcon_core.package_identification:_identify(install) by extensions ['ignore', 'ignore_ament_install']
[1.129s] Level 1:colcon.colcon_core.package_identification:_identify(install) by extension 'ignore'
[1.130s] Level 1:colcon.colcon_core.package_identification:_identify(install) ignored
[1.130s] Level 1:colcon.colcon_core.package_identification:_identify(log) by extensions ['ignore', 'ignore_ament_install']
[1.130s] Level 1:colcon.colcon_core.package_identification:_identify(log) by extension 'ignore'
[1.130s] Level 1:colcon.colcon_core.package_identification:_identify(log) ignored
[1.130s] Level 1:colcon.colcon_core.package_identification:_identify(src) by extensions ['ignore', 'ignore_ament_install']
[1.131s] Level 1:colcon.colcon_core.package_identification:_identify(src) by extension 'ignore'
[1.131s] Level 1:colcon.colcon_core.package_identification:_identify(src) by extension 'ignore_ament_install'
[1.131s] Level 1:colcon.colcon_core.package_identification:_identify(src) by extensions ['colcon_pkg']
[1.131s] Level 1:colcon.colcon_core.package_identification:_identify(src) by extension 'colcon_pkg'
[1.131s] Level 1:colcon.colcon_core.package_identification:_identify(src) by extensions ['colcon_meta']
[1.131s] Level 1:colcon.colcon_core.package_identification:_identify(src) by extension 'colcon_meta'
[1.131s] Level 1:colcon.colcon_core.package_identification:_identify(src) by extensions ['ros']
[1.131s] Level 1:colcon.colcon_core.package_identification:_identify(src) by extension 'ros'
[1.132s] Level 1:colcon.colcon_core.package_identification:_identify(src) by extensions ['cmake', 'python']
[1.132s] Level 1:colcon.colcon_core.package_identification:_identify(src) by extension 'cmake'
[1.132s] Level 1:colcon.colcon_core.package_identification:_identify(src) by extension 'python'
[1.132s] Level 1:colcon.colcon_core.package_identification:_identify(src) by extensions ['python_setup_py']
[1.132s] Level 1:colcon.colcon_core.package_identification:_identify(src) by extension 'python_setup_py'
[1.132s] Level 1:colcon.colcon_core.package_identification:_identify(src/DynamixelSDK) by extensions ['ignore', 'ignore_ament_install']
[1.132s] Level 1:colcon.colcon_core.package_identification:_identify(src/DynamixelSDK) by extension 'ignore'
[1.133s] Level 1:colcon.colcon_core.package_identification:_identify(src/DynamixelSDK) by extension 'ignore_ament_install'
[1.133s] Level 1:colcon.colcon_core.package_identification:_identify(src/DynamixelSDK) by extensions ['colcon_pkg']
[1.133s] Level 1:colcon.colcon_core.package_identification:_identify(src/DynamixelSDK) by extension 'colcon_pkg'
[1.133s] Level 1:colcon.colcon_core.package_identification:_identify(src/DynamixelSDK) by extensions ['colcon_meta']
[1.133s] Level 1:colcon.colcon_core.package_identification:_identify(src/DynamixelSDK) by extension 'colcon_meta'
[1.133s] Level 1:colcon.colcon_core.package_identification:_identify(src/DynamixelSDK) by extensions ['ros']
[1.133s] Level 1:colcon.colcon_core.package_identification:_identify(src/DynamixelSDK) by extension 'ros'
[1.133s] Level 1:colcon.colcon_core.package_identification:_identify(src/DynamixelSDK) by extensions ['cmake', 'python']
[1.134s] Level 1:colcon.colcon_core.package_identification:_identify(src/DynamixelSDK) by extension 'cmake'
[1.134s] Level 1:colcon.colcon_core.package_identification:_identify(src/DynamixelSDK) by extension 'python'
[1.134s] Level 1:colcon.colcon_core.package_identification:_identify(src/DynamixelSDK) by extensions ['python_setup_py']
[1.134s] Level 1:colcon.colcon_core.package_identification:_identify(src/DynamixelSDK) by extension 'python_setup_py'
[1.134s] Level 1:colcon.colcon_core.package_identification:_identify(src/DynamixelSDK/dynamixel_sdk) by extensions ['ignore', 'ignore_ament_install']
[1.134s] Level 1:colcon.colcon_core.package_identification:_identify(src/DynamixelSDK/dynamixel_sdk) by extension 'ignore'
[1.134s] Level 1:colcon.colcon_core.package_identification:_identify(src/DynamixelSDK/dynamixel_sdk) by extension 'ignore_ament_install'
[1.135s] Level 1:colcon.colcon_core.package_identification:_identify(src/DynamixelSDK/dynamixel_sdk) by extensions ['colcon_pkg']
[1.135s] Level 1:colcon.colcon_core.package_identification:_identify(src/DynamixelSDK/dynamixel_sdk) by extension 'colcon_pkg'
[1.135s] Level 1:colcon.colcon_core.package_identification:_identify(src/DynamixelSDK/dynamixel_sdk) by extensions ['colcon_meta']
[1.135s] Level 1:colcon.colcon_core.package_identification:_identify(src/DynamixelSDK/dynamixel_sdk) by extension 'colcon_meta'
[1.135s] Level 1:colcon.colcon_core.package_identification:_identify(src/DynamixelSDK/dynamixel_sdk) by extensions ['ros']
[1.135s] Level 1:colcon.colcon_core.package_identification:_identify(src/DynamixelSDK/dynamixel_sdk) by extension 'ros'
[1.142s] DEBUG:colcon.colcon_core.package_identification:Package 'src/DynamixelSDK/dynamixel_sdk' with type 'ros.ament_cmake' and name 'dynamixel_sdk'
[1.142s] Level 1:colcon.colcon_core.package_identification:_identify(src/DynamixelSDK/dynamixel_sdk_custom_interfaces) by extensions ['ignore', 'ignore_ament_install']
[1.142s] Level 1:colcon.colcon_core.package_identification:_identify(src/DynamixelSDK/dynamixel_sdk_custom_interfaces) by extension 'ignore'
[1.142s] Level 1:colcon.colcon_core.package_identification:_identify(src/DynamixelSDK/dynamixel_sdk_custom_interfaces) by extension 'ignore_ament_install'
[1.143s] Level 1:colcon.colcon_core.package_identification:_identify(src/DynamixelSDK/dynamixel_sdk_custom_interfaces) by extensions ['colcon_pkg']
[1.143s] Level 1:colcon.colcon_core.package_identification:_identify(src/DynamixelSDK/dynamixel_sdk_custom_interfaces) by extension 'colcon_pkg'
[1.143s] Level 1:colcon.colcon_core.package_identification:_identify(src/DynamixelSDK/dynamixel_sdk_custom_interfaces) by extensions ['colcon_meta']
[1.143s] Level 1:colcon.colcon_core.package_identification:_identify(src/DynamixelSDK/dynamixel_sdk_custom_interfaces) by extension 'colcon_meta'
[1.143s] Level 1:colcon.colcon_core.package_identification:_identify(src/DynamixelSDK/dynamixel_sdk_custom_interfaces) by extensions ['ros']
[1.143s] Level 1:colcon.colcon_core.package_identification:_identify(src/DynamixelSDK/dynamixel_sdk_custom_interfaces) by extension 'ros'
[1.145s] DEBUG:colcon.colcon_core.package_identification:Package 'src/DynamixelSDK/dynamixel_sdk_custom_interfaces' with type 'ros.ament_cmake' and name 'dynamixel_sdk_custom_interfaces'
[1.145s] Level 1:colcon.colcon_core.package_identification:_identify(src/DynamixelSDK/dynamixel_sdk_examples) by extensions ['ignore', 'ignore_ament_install']
[1.145s] Level 1:colcon.colcon_core.package_identification:_identify(src/DynamixelSDK/dynamixel_sdk_examples) by extension 'ignore'
[1.146s] Level 1:colcon.colcon_core.package_identification:_identify(src/DynamixelSDK/dynamixel_sdk_examples) by extension 'ignore_ament_install'
[1.146s] Level 1:colcon.colcon_core.package_identification:_identify(src/DynamixelSDK/dynamixel_sdk_examples) by extensions ['colcon_pkg']
[1.146s] Level 1:colcon.colcon_core.package_identification:_identify(src/DynamixelSDK/dynamixel_sdk_examples) by extension 'colcon_pkg'
[1.146s] Level 1:colcon.colcon_core.package_identification:_identify(src/DynamixelSDK/dynamixel_sdk_examples) by extensions ['colcon_meta']
[1.146s] Level 1:colcon.colcon_core.package_identification:_identify(src/DynamixelSDK/dynamixel_sdk_examples) by extension 'colcon_meta'
[1.146s] Level 1:colcon.colcon_core.package_identification:_identify(src/DynamixelSDK/dynamixel_sdk_examples) by extensions ['ros']
[1.146s] Level 1:colcon.colcon_core.package_identification:_identify(src/DynamixelSDK/dynamixel_sdk_examples) by extension 'ros'
[1.148s] DEBUG:colcon.colcon_core.package_identification:Package 'src/DynamixelSDK/dynamixel_sdk_examples' with type 'ros.ament_cmake' and name 'dynamixel_sdk_examples'
[1.148s] Level 1:colcon.colcon_core.package_identification:_identify(src/launch_files) by extensions ['ignore', 'ignore_ament_install']
[1.148s] Level 1:colcon.colcon_core.package_identification:_identify(src/launch_files) by extension 'ignore'
[1.149s] Level 1:colcon.colcon_core.package_identification:_identify(src/launch_files) by extension 'ignore_ament_install'
[1.149s] Level 1:colcon.colcon_core.package_identification:_identify(src/launch_files) by extensions ['colcon_pkg']
[1.149s] Level 1:colcon.colcon_core.package_identification:_identify(src/launch_files) by extension 'colcon_pkg'
[1.149s] Level 1:colcon.colcon_core.package_identification:_identify(src/launch_files) by extensions ['colcon_meta']
[1.149s] Level 1:colcon.colcon_core.package_identification:_identify(src/launch_files) by extension 'colcon_meta'
[1.149s] Level 1:colcon.colcon_core.package_identification:_identify(src/launch_files) by extensions ['ros']
[1.149s] Level 1:colcon.colcon_core.package_identification:_identify(src/launch_files) by extension 'ros'
[1.150s] DEBUG:colcon.colcon_core.package_identification:Package 'src/launch_files' with type 'ros.ament_cmake' and name 'launch_files'
[1.151s] Level 1:colcon.colcon_core.package_identification:_identify(src/motor_controller) by extensions ['ignore', 'ignore_ament_install']
[1.151s] Level 1:colcon.colcon_core.package_identification:_identify(src/motor_controller) by extension 'ignore'
[1.151s] Level 1:colcon.colcon_core.package_identification:_identify(src/motor_controller) by extension 'ignore_ament_install'
[1.151s] Level 1:colcon.colcon_core.package_identification:_identify(src/motor_controller) by extensions ['colcon_pkg']
[1.151s] Level 1:colcon.colcon_core.package_identification:_identify(src/motor_controller) by extension 'colcon_pkg'
[1.151s] Level 1:colcon.colcon_core.package_identification:_identify(src/motor_controller) by extensions ['colcon_meta']
[1.151s] Level 1:colcon.colcon_core.package_identification:_identify(src/motor_controller) by extension 'colcon_meta'
[1.151s] Level 1:colcon.colcon_core.package_identification:_identify(src/motor_controller) by extensions ['ros']
[1.151s] Level 1:colcon.colcon_core.package_identification:_identify(src/motor_controller) by extension 'ros'
[1.152s] DEBUG:colcon.colcon_core.package_identification:Package 'src/motor_controller' with type 'ros.ament_cmake' and name 'motor_controller'
[1.153s] Level 1:colcon.colcon_core.package_discovery:discover_packages(recursive) using defaults
[1.153s] Level 1:colcon.colcon_core.package_discovery:discover_packages(ignore) discover
[1.153s] Level 1:colcon.colcon_core.package_discovery:discover_packages(ignore) using defaults
[1.153s] Level 1:colcon.colcon_core.package_discovery:discover_packages(path) discover
[1.153s] Level 1:colcon.colcon_core.package_discovery:discover_packages(path) using defaults
[1.213s] Level 1:colcon.colcon_core.package_discovery:discover_packages(prefix_path) check parameters
[1.213s] Level 1:colcon.colcon_core.package_discovery:discover_packages(prefix_path) discover
[1.225s] DEBUG:colcon.colcon_installed_package_information.package_discovery:Found 308 installed packages in /opt/ros/foxy
[1.228s] Level 1:colcon.colcon_core.package_discovery:discover_packages(prefix_path) using defaults
[1.475s] Level 5:colcon.colcon_core.verb:set package 'dynamixel_sdk' build argument 'cmake_args' from command line to 'None'
[1.475s] Level 5:colcon.colcon_core.verb:set package 'dynamixel_sdk' build argument 'cmake_target' from command line to 'None'
[1.475s] Level 5:colcon.colcon_core.verb:set package 'dynamixel_sdk' build argument 'cmake_target_skip_unavailable' from command line to 'False'
[1.475s] Level 5:colcon.colcon_core.verb:set package 'dynamixel_sdk' build argument 'cmake_clean_cache' from command line to 'False'
[1.475s] Level 5:colcon.colcon_core.verb:set package 'dynamixel_sdk' build argument 'cmake_clean_first' from command line to 'False'
[1.475s] Level 5:colcon.colcon_core.verb:set package 'dynamixel_sdk' build argument 'cmake_force_configure' from command line to 'False'
[1.475s] Level 5:colcon.colcon_core.verb:set package 'dynamixel_sdk' build argument 'ament_cmake_args' from command line to 'None'
[1.475s] Level 5:colcon.colcon_core.verb:set package 'dynamixel_sdk' build argument 'catkin_cmake_args' from command line to 'None'
[1.475s] Level 5:colcon.colcon_core.verb:set package 'dynamixel_sdk' build argument 'catkin_skip_building_tests' from command line to 'False'
[1.476s] DEBUG:colcon.colcon_core.verb:Building package 'dynamixel_sdk' with the following arguments: {'ament_cmake_args': None, 'build_base': '/home/xinchen/Dev/SRTP/build/dynamixel_sdk', 'catkin_cmake_args': None, 'catkin_skip_building_tests': False, 'cmake_args': None, 'cmake_clean_cache': False, 'cmake_clean_first': False, 'cmake_force_configure': False, 'cmake_target': None, 'cmake_target_skip_unavailable': False, 'install_base': '/home/xinchen/Dev/SRTP/install/dynamixel_sdk', 'merge_install': False, 'path': '/home/xinchen/Dev/SRTP/src/DynamixelSDK/dynamixel_sdk', 'symlink_install': False, 'test_result_base': None}
[1.478s] Level 5:colcon.colcon_core.verb:set package 'dynamixel_sdk_custom_interfaces' build argument 'cmake_args' from command line to 'None'
[1.479s] Level 5:colcon.colcon_core.verb:set package 'dynamixel_sdk_custom_interfaces' build argument 'cmake_target' from command line to 'None'
[1.479s] Level 5:colcon.colcon_core.verb:set package 'dynamixel_sdk_custom_interfaces' build argument 'cmake_target_skip_unavailable' from command line to 'False'
[1.479s] Level 5:colcon.colcon_core.verb:set package 'dynamixel_sdk_custom_interfaces' build argument 'cmake_clean_cache' from command line to 'False'
[1.479s] Level 5:colcon.colcon_core.verb:set package 'dynamixel_sdk_custom_interfaces' build argument 'cmake_clean_first' from command line to 'False'
[1.479s] Level 5:colcon.colcon_core.verb:set package 'dynamixel_sdk_custom_interfaces' build argument 'cmake_force_configure' from command line to 'False'
[1.479s] Level 5:colcon.colcon_core.verb:set package 'dynamixel_sdk_custom_interfaces' build argument 'ament_cmake_args' from command line to 'None'
[1.479s] Level 5:colcon.colcon_core.verb:set package 'dynamixel_sdk_custom_interfaces' build argument 'catkin_cmake_args' from command line to 'None'
[1.479s] Level 5:colcon.colcon_core.verb:set package 'dynamixel_sdk_custom_interfaces' build argument 'catkin_skip_building_tests' from command line to 'False'
[1.479s] DEBUG:colcon.colcon_core.verb:Building package 'dynamixel_sdk_custom_interfaces' with the following arguments: {'ament_cmake_args': None, 'build_base': '/home/xinchen/Dev/SRTP/build/dynamixel_sdk_custom_interfaces', 'catkin_cmake_args': None, 'catkin_skip_building_tests': False, 'cmake_args': None, 'cmake_clean_cache': False, 'cmake_clean_first': False, 'cmake_force_configure': False, 'cmake_target': None, 'cmake_target_skip_unavailable': False, 'install_base': '/home/xinchen/Dev/SRTP/install/dynamixel_sdk_custom_interfaces', 'merge_install': False, 'path': '/home/xinchen/Dev/SRTP/src/DynamixelSDK/dynamixel_sdk_custom_interfaces', 'symlink_install': False, 'test_result_base': None}
[1.482s] Level 5:colcon.colcon_core.verb:set package 'launch_files' build argument 'cmake_args' from command line to 'None'
[1.482s] Level 5:colcon.colcon_core.verb:set package 'launch_files' build argument 'cmake_target' from command line to 'None'
[1.482s] Level 5:colcon.colcon_core.verb:set package 'launch_files' build argument 'cmake_target_skip_unavailable' from command line to 'False'
[1.482s] Level 5:colcon.colcon_core.verb:set package 'launch_files' build argument 'cmake_clean_cache' from command line to 'False'
[1.482s] Level 5:colcon.colcon_core.verb:set package 'launch_files' build argument 'cmake_clean_first' from command line to 'False'
[1.482s] Level 5:colcon.colcon_core.verb:set package 'launch_files' build argument 'cmake_force_configure' from command line to 'False'
[1.482s] Level 5:colcon.colcon_core.verb:set package 'launch_files' build argument 'ament_cmake_args' from command line to 'None'
[1.482s] Level 5:colcon.colcon_core.verb:set package 'launch_files' build argument 'catkin_cmake_args' from command line to 'None'
[1.482s] Level 5:colcon.colcon_core.verb:set package 'launch_files' build argument 'catkin_skip_building_tests' from command line to 'False'
[1.482s] DEBUG:colcon.colcon_core.verb:Building package 'launch_files' with the following arguments: {'ament_cmake_args': None, 'build_base': '/home/xinchen/Dev/SRTP/build/launch_files', 'catkin_cmake_args': None, 'catkin_skip_building_tests': False, 'cmake_args': None, 'cmake_clean_cache': False, 'cmake_clean_first': False, 'cmake_force_configure': False, 'cmake_target': None, 'cmake_target_skip_unavailable': False, 'install_base': '/home/xinchen/Dev/SRTP/install/launch_files', 'merge_install': False, 'path': '/home/xinchen/Dev/SRTP/src/launch_files', 'symlink_install': False, 'test_result_base': None}
[1.485s] Level 5:colcon.colcon_core.verb:set package 'motor_controller' build argument 'cmake_args' from command line to 'None'
[1.486s] Level 5:colcon.colcon_core.verb:set package 'motor_controller' build argument 'cmake_target' from command line to 'None'
[1.486s] Level 5:colcon.colcon_core.verb:set package 'motor_controller' build argument 'cmake_target_skip_unavailable' from command line to 'False'
[1.486s] Level 5:colcon.colcon_core.verb:set package 'motor_controller' build argument 'cmake_clean_cache' from command line to 'False'
[1.486s] Level 5:colcon.colcon_core.verb:set package 'motor_controller' build argument 'cmake_clean_first' from command line to 'False'
[1.486s] Level 5:colcon.colcon_core.verb:set package 'motor_controller' build argument 'cmake_force_configure' from command line to 'False'
[1.486s] Level 5:colcon.colcon_core.verb:set package 'motor_controller' build argument 'ament_cmake_args' from command line to 'None'
[1.486s] Level 5:colcon.colcon_core.verb:set package 'motor_controller' build argument 'catkin_cmake_args' from command line to 'None'
[1.486s] Level 5:colcon.colcon_core.verb:set package 'motor_controller' build argument 'catkin_skip_building_tests' from command line to 'False'
[1.486s] DEBUG:colcon.colcon_core.verb:Building package 'motor_controller' with the following arguments: {'ament_cmake_args': None, 'build_base': '/home/xinchen/Dev/SRTP/build/motor_controller', 'catkin_cmake_args': None, 'catkin_skip_building_tests': False, 'cmake_args': None, 'cmake_clean_cache': False, 'cmake_clean_first': False, 'cmake_force_configure': False, 'cmake_target': None, 'cmake_target_skip_unavailable': False, 'install_base': '/home/xinchen/Dev/SRTP/install/motor_controller', 'merge_install': False, 'path': '/home/xinchen/Dev/SRTP/src/motor_controller', 'symlink_install': False, 'test_result_base': None}
[1.489s] Level 5:colcon.colcon_core.verb:set package 'dynamixel_sdk_examples' build argument 'cmake_args' from command line to 'None'
[1.489s] Level 5:colcon.colcon_core.verb:set package 'dynamixel_sdk_examples' build argument 'cmake_target' from command line to 'None'
[1.489s] Level 5:colcon.colcon_core.verb:set package 'dynamixel_sdk_examples' build argument 'cmake_target_skip_unavailable' from command line to 'False'
[1.489s] Level 5:colcon.colcon_core.verb:set package 'dynamixel_sdk_examples' build argument 'cmake_clean_cache' from command line to 'False'
[1.489s] Level 5:colcon.colcon_core.verb:set package 'dynamixel_sdk_examples' build argument 'cmake_clean_first' from command line to 'False'
[1.489s] Level 5:colcon.colcon_core.verb:set package 'dynamixel_sdk_examples' build argument 'cmake_force_configure' from command line to 'False'
[1.489s] Level 5:colcon.colcon_core.verb:set package 'dynamixel_sdk_examples' build argument 'ament_cmake_args' from command line to 'None'
[1.489s] Level 5:colcon.colcon_core.verb:set package 'dynamixel_sdk_examples' build argument 'catkin_cmake_args' from command line to 'None'
[1.489s] Level 5:colcon.colcon_core.verb:set package 'dynamixel_sdk_examples' build argument 'catkin_skip_building_tests' from command line to 'False'
[1.490s] DEBUG:colcon.colcon_core.verb:Building package 'dynamixel_sdk_examples' with the following arguments: {'ament_cmake_args': None, 'build_base': '/home/xinchen/Dev/SRTP/build/dynamixel_sdk_examples', 'catkin_cmake_args': None, 'catkin_skip_building_tests': False, 'cmake_args': None, 'cmake_clean_cache': False, 'cmake_clean_first': False, 'cmake_force_configure': False, 'cmake_target': None, 'cmake_target_skip_unavailable': False, 'install_base': '/home/xinchen/Dev/SRTP/install/dynamixel_sdk_examples', 'merge_install': False, 'path': '/home/xinchen/Dev/SRTP/src/DynamixelSDK/dynamixel_sdk_examples', 'symlink_install': False, 'test_result_base': None}
[1.492s] INFO:colcon.colcon_core.executor:Executing jobs using 'parallel' executor
[1.504s] DEBUG:colcon.colcon_parallel_executor.executor.parallel:run_until_complete
[1.505s] INFO:colcon.colcon_ros.task.ament_cmake.build:Building ROS package in '/home/xinchen/Dev/SRTP/src/DynamixelSDK/dynamixel_sdk' with build type 'ament_cmake'
[1.505s] INFO:colcon.colcon_cmake.task.cmake.build:Building CMake package in '/home/xinchen/Dev/SRTP/src/DynamixelSDK/dynamixel_sdk'
[1.521s] INFO:colcon.colcon_core.plugin_system:Skipping extension 'colcon_core.shell.bat': Not used on non-Windows systems
[1.521s] INFO:colcon.colcon_core.shell:Skip shell extension 'powershell' for command environment: Not usable outside of PowerShell
[1.521s] DEBUG:colcon.colcon_core.shell:Skip shell extension 'dsv' for command environment
[1.539s] INFO:colcon.colcon_ros.task.ament_cmake.build:Building ROS package in '/home/xinchen/Dev/SRTP/src/DynamixelSDK/dynamixel_sdk_custom_interfaces' with build type 'ament_cmake'
[1.540s] INFO:colcon.colcon_cmake.task.cmake.build:Building CMake package in '/home/xinchen/Dev/SRTP/src/DynamixelSDK/dynamixel_sdk_custom_interfaces'
[1.548s] INFO:colcon.colcon_core.shell:Skip shell extension 'powershell' for command environment: Not usable outside of PowerShell
[1.548s] DEBUG:colcon.colcon_core.shell:Skip shell extension 'dsv' for command environment
[1.563s] INFO:colcon.colcon_ros.task.ament_cmake.build:Building ROS package in '/home/xinchen/Dev/SRTP/src/launch_files' with build type 'ament_cmake'
[1.564s] INFO:colcon.colcon_cmake.task.cmake.build:Building CMake package in '/home/xinchen/Dev/SRTP/src/launch_files'
[1.571s] INFO:colcon.colcon_core.shell:Skip shell extension 'powershell' for command environment: Not usable outside of PowerShell
[1.571s] DEBUG:colcon.colcon_core.shell:Skip shell extension 'dsv' for command environment
[1.587s] INFO:colcon.colcon_ros.task.ament_cmake.build:Building ROS package in '/home/xinchen/Dev/SRTP/src/motor_controller' with build type 'ament_cmake'
[1.588s] INFO:colcon.colcon_cmake.task.cmake.build:Building CMake package in '/home/xinchen/Dev/SRTP/src/motor_controller'
[1.595s] INFO:colcon.colcon_core.shell:Skip shell extension 'powershell' for command environment: Not usable outside of PowerShell
[1.595s] DEBUG:colcon.colcon_core.shell:Skip shell extension 'dsv' for command environment
[1.627s] DEBUG:colcon.colcon_core.event_handler.log_command:Invoking command in '/home/xinchen/Dev/SRTP/build/dynamixel_sdk': CMAKE_PREFIX_PATH=/opt/ros/foxy /usr/bin/cmake --build /home/xinchen/Dev/SRTP/build/dynamixel_sdk -- -j6 -l6
[1.647s] DEBUG:colcon.colcon_core.event_handler.log_command:Invoking command in '/home/xinchen/Dev/SRTP/build/dynamixel_sdk_custom_interfaces': CMAKE_PREFIX_PATH=/opt/ros/foxy /usr/bin/cmake --build /home/xinchen/Dev/SRTP/build/dynamixel_sdk_custom_interfaces -- -j6 -l6
[1.669s] DEBUG:colcon.colcon_core.event_handler.log_command:Invoking command in '/home/xinchen/Dev/SRTP/build/launch_files': CMAKE_PREFIX_PATH=/opt/ros/foxy /usr/bin/cmake --build /home/xinchen/Dev/SRTP/build/launch_files -- -j6 -l6
[1.699s] DEBUG:colcon.colcon_core.event_handler.log_command:Invoking command in '/home/xinchen/Dev/SRTP/build/motor_controller': CMAKE_PREFIX_PATH=/opt/ros/foxy /usr/bin/cmake --build /home/xinchen/Dev/SRTP/build/motor_controller -- -j6 -l6
[1.850s] DEBUG:colcon.colcon_core.event_handler.log_command:Invoked command in '/home/xinchen/Dev/SRTP/build/launch_files' returned '0': CMAKE_PREFIX_PATH=/opt/ros/foxy /usr/bin/cmake --build /home/xinchen/Dev/SRTP/build/launch_files -- -j6 -l6
[1.906s] DEBUG:colcon.colcon_core.event_handler.log_command:Invoked command in '/home/xinchen/Dev/SRTP/build/dynamixel_sdk' returned '0': CMAKE_PREFIX_PATH=/opt/ros/foxy /usr/bin/cmake --build /home/xinchen/Dev/SRTP/build/dynamixel_sdk -- -j6 -l6
[1.977s] DEBUG:colcon.colcon_core.event_handler.log_command:Invoking command in '/home/xinchen/Dev/SRTP/build/launch_files': CMAKE_PREFIX_PATH=/opt/ros/foxy /usr/bin/cmake --install /home/xinchen/Dev/SRTP/build/launch_files
[2.006s] Level 1:colcon.colcon_core.environment:create_environment_scripts_only(launch_files)
[2.006s] DEBUG:colcon.colcon_core.event_handler.log_command:Invoked command in '/home/xinchen/Dev/SRTP/build/launch_files' returned '0': CMAKE_PREFIX_PATH=/opt/ros/foxy /usr/bin/cmake --install /home/xinchen/Dev/SRTP/build/launch_files
[2.027s] Level 1:colcon.colcon_core.environment:checking '/home/xinchen/Dev/SRTP/install/launch_files' for CMake module files
[2.028s] Level 1:colcon.colcon_core.environment:checking '/home/xinchen/Dev/SRTP/install/launch_files' for CMake config files
[2.029s] Level 1:colcon.colcon_core.shell:create_environment_hook('launch_files', 'cmake_prefix_path')
[2.034s] INFO:colcon.colcon_core.shell:Creating environment hook '/home/xinchen/Dev/SRTP/install/launch_files/share/launch_files/hook/cmake_prefix_path.ps1'
[2.037s] INFO:colcon.colcon_core.shell:Creating environment descriptor '/home/xinchen/Dev/SRTP/install/launch_files/share/launch_files/hook/cmake_prefix_path.dsv'
[2.039s] INFO:colcon.colcon_core.shell:Creating environment hook '/home/xinchen/Dev/SRTP/install/launch_files/share/launch_files/hook/cmake_prefix_path.sh'
[2.041s] Level 1:colcon.colcon_core.environment:checking '/home/xinchen/Dev/SRTP/install/launch_files/bin'
[2.042s] Level 1:colcon.colcon_core.environment:checking '/home/xinchen/Dev/SRTP/install/launch_files/lib/pkgconfig/launch_files.pc'
[2.042s] Level 1:colcon.colcon_core.environment:checking '/home/xinchen/Dev/SRTP/install/launch_files/lib/python3.8/site-packages'
[2.042s] Level 1:colcon.colcon_core.environment:checking '/home/xinchen/Dev/SRTP/install/launch_files/bin'
[2.048s] INFO:colcon.colcon_core.shell:Creating package script '/home/xinchen/Dev/SRTP/install/launch_files/share/launch_files/package.ps1'
[2.051s] INFO:colcon.colcon_core.shell:Creating package descriptor '/home/xinchen/Dev/SRTP/install/launch_files/share/launch_files/package.dsv'
[2.052s] INFO:colcon.colcon_core.shell:Creating package script '/home/xinchen/Dev/SRTP/install/launch_files/share/launch_files/package.sh'
[2.054s] INFO:colcon.colcon_core.shell:Creating package script '/home/xinchen/Dev/SRTP/install/launch_files/share/launch_files/package.bash'
[2.056s] INFO:colcon.colcon_core.shell:Creating package script '/home/xinchen/Dev/SRTP/install/launch_files/share/launch_files/package.zsh'
[2.058s] Level 1:colcon.colcon_core.environment:create_file_with_runtime_dependencies(/home/xinchen/Dev/SRTP/install/launch_files/share/colcon-core/packages/launch_files)
[2.075s] DEBUG:colcon.colcon_core.event_handler.log_command:Invoking command in '/home/xinchen/Dev/SRTP/build/dynamixel_sdk': CMAKE_PREFIX_PATH=/opt/ros/foxy /usr/bin/cmake --install /home/xinchen/Dev/SRTP/build/dynamixel_sdk
[2.118s] Level 1:colcon.colcon_core.environment:create_environment_scripts_only(dynamixel_sdk)
[2.127s] Level 1:colcon.colcon_core.environment:checking '/home/xinchen/Dev/SRTP/install/dynamixel_sdk' for CMake module files
[2.127s] DEBUG:colcon.colcon_core.event_handler.log_command:Invoked command in '/home/xinchen/Dev/SRTP/build/dynamixel_sdk' returned '0': CMAKE_PREFIX_PATH=/opt/ros/foxy /usr/bin/cmake --install /home/xinchen/Dev/SRTP/build/dynamixel_sdk
[2.128s] Level 1:colcon.colcon_core.environment:checking '/home/xinchen/Dev/SRTP/install/dynamixel_sdk' for CMake config files
[2.130s] Level 1:colcon.colcon_core.shell:create_environment_hook('dynamixel_sdk', 'cmake_prefix_path')
[2.135s] INFO:colcon.colcon_core.shell:Creating environment hook '/home/xinchen/Dev/SRTP/install/dynamixel_sdk/share/dynamixel_sdk/hook/cmake_prefix_path.ps1'
[2.137s] INFO:colcon.colcon_core.shell:Creating environment descriptor '/home/xinchen/Dev/SRTP/install/dynamixel_sdk/share/dynamixel_sdk/hook/cmake_prefix_path.dsv'
[2.137s] INFO:colcon.colcon_core.shell:Creating environment hook '/home/xinchen/Dev/SRTP/install/dynamixel_sdk/share/dynamixel_sdk/hook/cmake_prefix_path.sh'
[2.139s] Level 1:colcon.colcon_core.environment:checking '/home/xinchen/Dev/SRTP/install/dynamixel_sdk/lib'
[2.139s] Level 1:colcon.colcon_core.shell:create_environment_hook('dynamixel_sdk', 'ld_library_path_lib')
[2.145s] INFO:colcon.colcon_core.shell:Creating environment hook '/home/xinchen/Dev/SRTP/install/dynamixel_sdk/share/dynamixel_sdk/hook/ld_library_path_lib.ps1'
[2.146s] INFO:colcon.colcon_core.shell:Creating environment descriptor '/home/xinchen/Dev/SRTP/install/dynamixel_sdk/share/dynamixel_sdk/hook/ld_library_path_lib.dsv'
[2.146s] INFO:colcon.colcon_core.shell:Creating environment hook '/home/xinchen/Dev/SRTP/install/dynamixel_sdk/share/dynamixel_sdk/hook/ld_library_path_lib.sh'
[2.147s] Level 1:colcon.colcon_core.environment:checking '/home/xinchen/Dev/SRTP/install/dynamixel_sdk/bin'
[2.147s] Level 1:colcon.colcon_core.environment:checking '/home/xinchen/Dev/SRTP/install/dynamixel_sdk/lib/pkgconfig/dynamixel_sdk.pc'
[2.148s] Level 1:colcon.colcon_core.environment:checking '/home/xinchen/Dev/SRTP/install/dynamixel_sdk/lib/python3.8/site-packages'
[2.148s] Level 1:colcon.colcon_core.environment:checking '/home/xinchen/Dev/SRTP/install/dynamixel_sdk/bin'
[2.154s] INFO:colcon.colcon_core.shell:Creating package script '/home/xinchen/Dev/SRTP/install/dynamixel_sdk/share/dynamixel_sdk/package.ps1'
[2.156s] INFO:colcon.colcon_core.shell:Creating package descriptor '/home/xinchen/Dev/SRTP/install/dynamixel_sdk/share/dynamixel_sdk/package.dsv'
[2.157s] INFO:colcon.colcon_core.shell:Creating package script '/home/xinchen/Dev/SRTP/install/dynamixel_sdk/share/dynamixel_sdk/package.sh'
[2.158s] INFO:colcon.colcon_core.shell:Creating package script '/home/xinchen/Dev/SRTP/install/dynamixel_sdk/share/dynamixel_sdk/package.bash'
[2.159s] INFO:colcon.colcon_core.shell:Creating package script '/home/xinchen/Dev/SRTP/install/dynamixel_sdk/share/dynamixel_sdk/package.zsh'
[2.159s] Level 1:colcon.colcon_core.environment:create_file_with_runtime_dependencies(/home/xinchen/Dev/SRTP/install/dynamixel_sdk/share/colcon-core/packages/dynamixel_sdk)
[2.174s] Level 1:colcon.colcon_core.environment:create_environment_scripts_only(launch_files)
[2.182s] Level 1:colcon.colcon_core.environment:checking '/home/xinchen/Dev/SRTP/install/launch_files' for CMake module files
[2.183s] Level 1:colcon.colcon_core.environment:checking '/home/xinchen/Dev/SRTP/install/launch_files' for CMake config files
[2.183s] Level 1:colcon.colcon_core.shell:create_environment_hook('launch_files', 'cmake_prefix_path')
[2.188s] INFO:colcon.colcon_core.shell:Creating environment hook '/home/xinchen/Dev/SRTP/install/launch_files/share/launch_files/hook/cmake_prefix_path.ps1'
[2.190s] INFO:colcon.colcon_core.shell:Creating environment descriptor '/home/xinchen/Dev/SRTP/install/launch_files/share/launch_files/hook/cmake_prefix_path.dsv'
[2.190s] INFO:colcon.colcon_core.shell:Creating environment hook '/home/xinchen/Dev/SRTP/install/launch_files/share/launch_files/hook/cmake_prefix_path.sh'
[2.192s] Level 1:colcon.colcon_core.environment:checking '/home/xinchen/Dev/SRTP/install/launch_files/bin'
[2.192s] Level 1:colcon.colcon_core.environment:checking '/home/xinchen/Dev/SRTP/install/launch_files/lib/pkgconfig/launch_files.pc'
[2.192s] Level 1:colcon.colcon_core.environment:checking '/home/xinchen/Dev/SRTP/install/launch_files/lib/python3.8/site-packages'
[2.193s] Level 1:colcon.colcon_core.environment:checking '/home/xinchen/Dev/SRTP/install/launch_files/bin'
[2.198s] INFO:colcon.colcon_core.shell:Creating package script '/home/xinchen/Dev/SRTP/install/launch_files/share/launch_files/package.ps1'
[2.199s] INFO:colcon.colcon_core.shell:Creating package descriptor '/home/xinchen/Dev/SRTP/install/launch_files/share/launch_files/package.dsv'
[2.201s] INFO:colcon.colcon_core.shell:Creating package script '/home/xinchen/Dev/SRTP/install/launch_files/share/launch_files/package.sh'
[2.203s] INFO:colcon.colcon_core.shell:Creating package script '/home/xinchen/Dev/SRTP/install/launch_files/share/launch_files/package.bash'
[2.204s] INFO:colcon.colcon_core.shell:Creating package script '/home/xinchen/Dev/SRTP/install/launch_files/share/launch_files/package.zsh'
[2.205s] Level 1:colcon.colcon_core.environment:create_file_with_runtime_dependencies(/home/xinchen/Dev/SRTP/install/launch_files/share/colcon-core/packages/launch_files)
[2.258s] Level 1:colcon.colcon_core.environment:create_environment_scripts_only(dynamixel_sdk)
[2.266s] Level 1:colcon.colcon_core.environment:checking '/home/xinchen/Dev/SRTP/install/dynamixel_sdk' for CMake module files
[2.267s] Level 1:colcon.colcon_core.environment:checking '/home/xinchen/Dev/SRTP/install/dynamixel_sdk' for CMake config files
[2.268s] Level 1:colcon.colcon_core.shell:create_environment_hook('dynamixel_sdk', 'cmake_prefix_path')
[2.275s] INFO:colcon.colcon_core.shell:Creating environment hook '/home/xinchen/Dev/SRTP/install/dynamixel_sdk/share/dynamixel_sdk/hook/cmake_prefix_path.ps1'
[2.278s] INFO:colcon.colcon_core.shell:Creating environment descriptor '/home/xinchen/Dev/SRTP/install/dynamixel_sdk/share/dynamixel_sdk/hook/cmake_prefix_path.dsv'
[2.279s] INFO:colcon.colcon_core.shell:Creating environment hook '/home/xinchen/Dev/SRTP/install/dynamixel_sdk/share/dynamixel_sdk/hook/cmake_prefix_path.sh'
[2.280s] Level 1:colcon.colcon_core.environment:checking '/home/xinchen/Dev/SRTP/install/dynamixel_sdk/lib'
[2.280s] Level 1:colcon.colcon_core.shell:create_environment_hook('dynamixel_sdk', 'ld_library_path_lib')
[2.286s] INFO:colcon.colcon_core.shell:Creating environment hook '/home/xinchen/Dev/SRTP/install/dynamixel_sdk/share/dynamixel_sdk/hook/ld_library_path_lib.ps1'
[2.288s] INFO:colcon.colcon_core.shell:Creating environment descriptor '/home/xinchen/Dev/SRTP/install/dynamixel_sdk/share/dynamixel_sdk/hook/ld_library_path_lib.dsv'
[2.289s] INFO:colcon.colcon_core.shell:Creating environment hook '/home/xinchen/Dev/SRTP/install/dynamixel_sdk/share/dynamixel_sdk/hook/ld_library_path_lib.sh'
[2.290s] Level 1:colcon.colcon_core.environment:checking '/home/xinchen/Dev/SRTP/install/dynamixel_sdk/bin'
[2.290s] Level 1:colcon.colcon_core.environment:checking '/home/xinchen/Dev/SRTP/install/dynamixel_sdk/lib/pkgconfig/dynamixel_sdk.pc'
[2.290s] Level 1:colcon.colcon_core.environment:checking '/home/xinchen/Dev/SRTP/install/dynamixel_sdk/lib/python3.8/site-packages'
[2.290s] Level 1:colcon.colcon_core.environment:checking '/home/xinchen/Dev/SRTP/install/dynamixel_sdk/bin'
[2.296s] INFO:colcon.colcon_core.shell:Creating package script '/home/xinchen/Dev/SRTP/install/dynamixel_sdk/share/dynamixel_sdk/package.ps1'
[2.297s] INFO:colcon.colcon_core.shell:Creating package descriptor '/home/xinchen/Dev/SRTP/install/dynamixel_sdk/share/dynamixel_sdk/package.dsv'
[2.299s] INFO:colcon.colcon_core.shell:Creating package script '/home/xinchen/Dev/SRTP/install/dynamixel_sdk/share/dynamixel_sdk/package.sh'
[2.300s] INFO:colcon.colcon_core.shell:Creating package script '/home/xinchen/Dev/SRTP/install/dynamixel_sdk/share/dynamixel_sdk/package.bash'
[2.301s] INFO:colcon.colcon_core.shell:Creating package script '/home/xinchen/Dev/SRTP/install/dynamixel_sdk/share/dynamixel_sdk/package.zsh'
[2.302s] Level 1:colcon.colcon_core.environment:create_file_with_runtime_dependencies(/home/xinchen/Dev/SRTP/install/dynamixel_sdk/share/colcon-core/packages/dynamixel_sdk)
[2.312s] DEBUG:colcon.colcon_core.event_handler.log_command:Invoked command in '/home/xinchen/Dev/SRTP/build/dynamixel_sdk_custom_interfaces' returned '0': CMAKE_PREFIX_PATH=/opt/ros/foxy /usr/bin/cmake --build /home/xinchen/Dev/SRTP/build/dynamixel_sdk_custom_interfaces -- -j6 -l6
[2.452s] DEBUG:colcon.colcon_core.event_handler.log_command:Invoking command in '/home/xinchen/Dev/SRTP/build/dynamixel_sdk_custom_interfaces': CMAKE_PREFIX_PATH=/opt/ros/foxy /usr/bin/cmake --install /home/xinchen/Dev/SRTP/build/dynamixel_sdk_custom_interfaces
[2.578s] Level 1:colcon.colcon_core.environment:create_environment_scripts_only(dynamixel_sdk_custom_interfaces)
[2.586s] Level 1:colcon.colcon_core.environment:checking '/home/xinchen/Dev/SRTP/install/dynamixel_sdk_custom_interfaces' for CMake module files
[2.587s] DEBUG:colcon.colcon_core.event_handler.log_command:Invoked command in '/home/xinchen/Dev/SRTP/build/dynamixel_sdk_custom_interfaces' returned '0': CMAKE_PREFIX_PATH=/opt/ros/foxy /usr/bin/cmake --install /home/xinchen/Dev/SRTP/build/dynamixel_sdk_custom_interfaces
[2.588s] Level 1:colcon.colcon_core.environment:checking '/home/xinchen/Dev/SRTP/install/dynamixel_sdk_custom_interfaces' for CMake config files
[2.590s] Level 1:colcon.colcon_core.shell:create_environment_hook('dynamixel_sdk_custom_interfaces', 'cmake_prefix_path')
[2.595s] INFO:colcon.colcon_core.shell:Creating environment hook '/home/xinchen/Dev/SRTP/install/dynamixel_sdk_custom_interfaces/share/dynamixel_sdk_custom_interfaces/hook/cmake_prefix_path.ps1'
[2.597s] INFO:colcon.colcon_core.shell:Creating environment descriptor '/home/xinchen/Dev/SRTP/install/dynamixel_sdk_custom_interfaces/share/dynamixel_sdk_custom_interfaces/hook/cmake_prefix_path.dsv'
[2.597s] INFO:colcon.colcon_core.shell:Creating environment hook '/home/xinchen/Dev/SRTP/install/dynamixel_sdk_custom_interfaces/share/dynamixel_sdk_custom_interfaces/hook/cmake_prefix_path.sh'
[2.598s] Level 1:colcon.colcon_core.environment:checking '/home/xinchen/Dev/SRTP/install/dynamixel_sdk_custom_interfaces/lib'
[2.599s] Level 1:colcon.colcon_core.shell:create_environment_hook('dynamixel_sdk_custom_interfaces', 'ld_library_path_lib')
[2.604s] INFO:colcon.colcon_core.shell:Creating environment hook '/home/xinchen/Dev/SRTP/install/dynamixel_sdk_custom_interfaces/share/dynamixel_sdk_custom_interfaces/hook/ld_library_path_lib.ps1'
[2.604s] INFO:colcon.colcon_core.shell:Creating environment descriptor '/home/xinchen/Dev/SRTP/install/dynamixel_sdk_custom_interfaces/share/dynamixel_sdk_custom_interfaces/hook/ld_library_path_lib.dsv'
[2.605s] INFO:colcon.colcon_core.shell:Creating environment hook '/home/xinchen/Dev/SRTP/install/dynamixel_sdk_custom_interfaces/share/dynamixel_sdk_custom_interfaces/hook/ld_library_path_lib.sh'
[2.606s] Level 1:colcon.colcon_core.environment:checking '/home/xinchen/Dev/SRTP/install/dynamixel_sdk_custom_interfaces/bin'
[2.606s] Level 1:colcon.colcon_core.environment:checking '/home/xinchen/Dev/SRTP/install/dynamixel_sdk_custom_interfaces/lib/pkgconfig/dynamixel_sdk_custom_interfaces.pc'
[2.607s] Level 1:colcon.colcon_core.environment:checking '/home/xinchen/Dev/SRTP/install/dynamixel_sdk_custom_interfaces/lib/python3.8/site-packages'
[2.607s] Level 1:colcon.colcon_core.shell:create_environment_hook('dynamixel_sdk_custom_interfaces', 'pythonpath')
[2.612s] INFO:colcon.colcon_core.shell:Creating environment hook '/home/xinchen/Dev/SRTP/install/dynamixel_sdk_custom_interfaces/share/dynamixel_sdk_custom_interfaces/hook/pythonpath.ps1'
[2.613s] INFO:colcon.colcon_core.shell:Creating environment descriptor '/home/xinchen/Dev/SRTP/install/dynamixel_sdk_custom_interfaces/share/dynamixel_sdk_custom_interfaces/hook/pythonpath.dsv'
[2.614s] INFO:colcon.colcon_core.shell:Creating environment hook '/home/xinchen/Dev/SRTP/install/dynamixel_sdk_custom_interfaces/share/dynamixel_sdk_custom_interfaces/hook/pythonpath.sh'
[2.615s] Level 1:colcon.colcon_core.environment:checking '/home/xinchen/Dev/SRTP/install/dynamixel_sdk_custom_interfaces/bin'
[2.621s] INFO:colcon.colcon_core.shell:Creating package script '/home/xinchen/Dev/SRTP/install/dynamixel_sdk_custom_interfaces/share/dynamixel_sdk_custom_interfaces/package.ps1'
[2.622s] INFO:colcon.colcon_core.shell:Creating package descriptor '/home/xinchen/Dev/SRTP/install/dynamixel_sdk_custom_interfaces/share/dynamixel_sdk_custom_interfaces/package.dsv'
[2.623s] INFO:colcon.colcon_core.shell:Creating package script '/home/xinchen/Dev/SRTP/install/dynamixel_sdk_custom_interfaces/share/dynamixel_sdk_custom_interfaces/package.sh'
[2.624s] INFO:colcon.colcon_core.shell:Creating package script '/home/xinchen/Dev/SRTP/install/dynamixel_sdk_custom_interfaces/share/dynamixel_sdk_custom_interfaces/package.bash'
[2.625s] INFO:colcon.colcon_core.shell:Creating package script '/home/xinchen/Dev/SRTP/install/dynamixel_sdk_custom_interfaces/share/dynamixel_sdk_custom_interfaces/package.zsh'
[2.625s] Level 1:colcon.colcon_core.environment:create_file_with_runtime_dependencies(/home/xinchen/Dev/SRTP/install/dynamixel_sdk_custom_interfaces/share/colcon-core/packages/dynamixel_sdk_custom_interfaces)
[2.761s] Level 1:colcon.colcon_core.environment:create_environment_scripts_only(dynamixel_sdk_custom_interfaces)
[2.770s] Level 1:colcon.colcon_core.environment:checking '/home/xinchen/Dev/SRTP/install/dynamixel_sdk_custom_interfaces' for CMake module files
[2.772s] Level 1:colcon.colcon_core.environment:checking '/home/xinchen/Dev/SRTP/install/dynamixel_sdk_custom_interfaces' for CMake config files
[2.773s] Level 1:colcon.colcon_core.shell:create_environment_hook('dynamixel_sdk_custom_interfaces', 'cmake_prefix_path')
[2.778s] INFO:colcon.colcon_core.shell:Creating environment hook '/home/xinchen/Dev/SRTP/install/dynamixel_sdk_custom_interfaces/share/dynamixel_sdk_custom_interfaces/hook/cmake_prefix_path.ps1'
[2.780s] INFO:colcon.colcon_core.shell:Creating environment descriptor '/home/xinchen/Dev/SRTP/install/dynamixel_sdk_custom_interfaces/share/dynamixel_sdk_custom_interfaces/hook/cmake_prefix_path.dsv'
[2.780s] INFO:colcon.colcon_core.shell:Creating environment hook '/home/xinchen/Dev/SRTP/install/dynamixel_sdk_custom_interfaces/share/dynamixel_sdk_custom_interfaces/hook/cmake_prefix_path.sh'
[2.782s] Level 1:colcon.colcon_core.environment:checking '/home/xinchen/Dev/SRTP/install/dynamixel_sdk_custom_interfaces/lib'
[2.782s] Level 1:colcon.colcon_core.shell:create_environment_hook('dynamixel_sdk_custom_interfaces', 'ld_library_path_lib')
[2.787s] INFO:colcon.colcon_core.shell:Creating environment hook '/home/xinchen/Dev/SRTP/install/dynamixel_sdk_custom_interfaces/share/dynamixel_sdk_custom_interfaces/hook/ld_library_path_lib.ps1'
[2.787s] INFO:colcon.colcon_core.shell:Creating environment descriptor '/home/xinchen/Dev/SRTP/install/dynamixel_sdk_custom_interfaces/share/dynamixel_sdk_custom_interfaces/hook/ld_library_path_lib.dsv'
[2.788s] INFO:colcon.colcon_core.shell:Creating environment hook '/home/xinchen/Dev/SRTP/install/dynamixel_sdk_custom_interfaces/share/dynamixel_sdk_custom_interfaces/hook/ld_library_path_lib.sh'
[2.789s] Level 1:colcon.colcon_core.environment:checking '/home/xinchen/Dev/SRTP/install/dynamixel_sdk_custom_interfaces/bin'
[2.789s] Level 1:colcon.colcon_core.environment:checking '/home/xinchen/Dev/SRTP/install/dynamixel_sdk_custom_interfaces/lib/pkgconfig/dynamixel_sdk_custom_interfaces.pc'
[2.789s] Level 1:colcon.colcon_core.environment:checking '/home/xinchen/Dev/SRTP/install/dynamixel_sdk_custom_interfaces/lib/python3.8/site-packages'
[2.790s] Level 1:colcon.colcon_core.shell:create_environment_hook('dynamixel_sdk_custom_interfaces', 'pythonpath')
[2.795s] INFO:colcon.colcon_core.shell:Creating environment hook '/home/xinchen/Dev/SRTP/install/dynamixel_sdk_custom_interfaces/share/dynamixel_sdk_custom_interfaces/hook/pythonpath.ps1'
[2.796s] INFO:colcon.colcon_core.shell:Creating environment descriptor '/home/xinchen/Dev/SRTP/install/dynamixel_sdk_custom_interfaces/share/dynamixel_sdk_custom_interfaces/hook/pythonpath.dsv'
[2.796s] INFO:colcon.colcon_core.shell:Creating environment hook '/home/xinchen/Dev/SRTP/install/dynamixel_sdk_custom_interfaces/share/dynamixel_sdk_custom_interfaces/hook/pythonpath.sh'
[2.797s] Level 1:colcon.colcon_core.environment:checking '/home/xinchen/Dev/SRTP/install/dynamixel_sdk_custom_interfaces/bin'
[2.803s] INFO:colcon.colcon_core.shell:Creating package script '/home/xinchen/Dev/SRTP/install/dynamixel_sdk_custom_interfaces/share/dynamixel_sdk_custom_interfaces/package.ps1'
[2.804s] INFO:colcon.colcon_core.shell:Creating package descriptor '/home/xinchen/Dev/SRTP/install/dynamixel_sdk_custom_interfaces/share/dynamixel_sdk_custom_interfaces/package.dsv'
[2.805s] INFO:colcon.colcon_core.shell:Creating package script '/home/xinchen/Dev/SRTP/install/dynamixel_sdk_custom_interfaces/share/dynamixel_sdk_custom_interfaces/package.sh'
[2.806s] INFO:colcon.colcon_core.shell:Creating package script '/home/xinchen/Dev/SRTP/install/dynamixel_sdk_custom_interfaces/share/dynamixel_sdk_custom_interfaces/package.bash'
[2.807s] INFO:colcon.colcon_core.shell:Creating package script '/home/xinchen/Dev/SRTP/install/dynamixel_sdk_custom_interfaces/share/dynamixel_sdk_custom_interfaces/package.zsh'
[2.808s] Level 1:colcon.colcon_core.environment:create_file_with_runtime_dependencies(/home/xinchen/Dev/SRTP/install/dynamixel_sdk_custom_interfaces/share/colcon-core/packages/dynamixel_sdk_custom_interfaces)
[2.809s] INFO:colcon.colcon_ros.task.ament_cmake.build:Building ROS package in '/home/xinchen/Dev/SRTP/src/DynamixelSDK/dynamixel_sdk_examples' with build type 'ament_cmake'
[2.810s] INFO:colcon.colcon_cmake.task.cmake.build:Building CMake package in '/home/xinchen/Dev/SRTP/src/DynamixelSDK/dynamixel_sdk_examples'
[2.815s] INFO:colcon.colcon_core.shell:Skip shell extension 'powershell' for command environment: Not usable outside of PowerShell
[2.815s] DEBUG:colcon.colcon_core.shell:Skip shell extension 'dsv' for command environment
[2.858s] DEBUG:colcon.colcon_core.event_handler.log_command:Invoking command in '/home/xinchen/Dev/SRTP/build/dynamixel_sdk_examples': AMENT_PREFIX_PATH=/home/xinchen/Dev/SRTP/install/dynamixel_sdk_custom_interfaces:/home/xinchen/Dev/SRTP/install/dynamixel_sdk:${AMENT_PREFIX_PATH} CMAKE_PREFIX_PATH=/home/xinchen/Dev/SRTP/install/dynamixel_sdk_custom_interfaces:/home/xinchen/Dev/SRTP/install/dynamixel_sdk:/opt/ros/foxy LD_LIBRARY_PATH=/home/xinchen/Dev/SRTP/install/dynamixel_sdk_custom_interfaces/lib:/home/xinchen/Dev/SRTP/install/dynamixel_sdk/lib:${LD_LIBRARY_PATH} PYTHONPATH=/home/xinchen/Dev/SRTP/install/dynamixel_sdk_custom_interfaces/lib/python3.8/site-packages:${PYTHONPATH} /usr/bin/cmake --build /home/xinchen/Dev/SRTP/build/dynamixel_sdk_examples -- -j6 -l6
[3.029s] DEBUG:colcon.colcon_core.event_handler.log_command:Invoked command in '/home/xinchen/Dev/SRTP/build/dynamixel_sdk_examples' returned '0': AMENT_PREFIX_PATH=/home/xinchen/Dev/SRTP/install/dynamixel_sdk_custom_interfaces:/home/xinchen/Dev/SRTP/install/dynamixel_sdk:${AMENT_PREFIX_PATH} CMAKE_PREFIX_PATH=/home/xinchen/Dev/SRTP/install/dynamixel_sdk_custom_interfaces:/home/xinchen/Dev/SRTP/install/dynamixel_sdk:/opt/ros/foxy LD_LIBRARY_PATH=/home/xinchen/Dev/SRTP/install/dynamixel_sdk_custom_interfaces/lib:/home/xinchen/Dev/SRTP/install/dynamixel_sdk/lib:${LD_LIBRARY_PATH} PYTHONPATH=/home/xinchen/Dev/SRTP/install/dynamixel_sdk_custom_interfaces/lib/python3.8/site-packages:${PYTHONPATH} /usr/bin/cmake --build /home/xinchen/Dev/SRTP/build/dynamixel_sdk_examples -- -j6 -l6
[3.094s] DEBUG:colcon.colcon_core.event_handler.log_command:Invoking command in '/home/xinchen/Dev/SRTP/build/dynamixel_sdk_examples': AMENT_PREFIX_PATH=/home/xinchen/Dev/SRTP/install/dynamixel_sdk_custom_interfaces:/home/xinchen/Dev/SRTP/install/dynamixel_sdk:${AMENT_PREFIX_PATH} CMAKE_PREFIX_PATH=/home/xinchen/Dev/SRTP/install/dynamixel_sdk_custom_interfaces:/home/xinchen/Dev/SRTP/install/dynamixel_sdk:/opt/ros/foxy LD_LIBRARY_PATH=/home/xinchen/Dev/SRTP/install/dynamixel_sdk_custom_interfaces/lib:/home/xinchen/Dev/SRTP/install/dynamixel_sdk/lib:${LD_LIBRARY_PATH} PYTHONPATH=/home/xinchen/Dev/SRTP/install/dynamixel_sdk_custom_interfaces/lib/python3.8/site-packages:${PYTHONPATH} /usr/bin/cmake --install /home/xinchen/Dev/SRTP/build/dynamixel_sdk_examples
[3.125s] Level 1:colcon.colcon_core.environment:create_environment_scripts_only(dynamixel_sdk_examples)
[3.134s] Level 1:colcon.colcon_core.environment:checking '/home/xinchen/Dev/SRTP/install/dynamixel_sdk_examples' for CMake module files
[3.134s] DEBUG:colcon.colcon_core.event_handler.log_command:Invoked command in '/home/xinchen/Dev/SRTP/build/dynamixel_sdk_examples' returned '0': AMENT_PREFIX_PATH=/home/xinchen/Dev/SRTP/install/dynamixel_sdk_custom_interfaces:/home/xinchen/Dev/SRTP/install/dynamixel_sdk:${AMENT_PREFIX_PATH} CMAKE_PREFIX_PATH=/home/xinchen/Dev/SRTP/install/dynamixel_sdk_custom_interfaces:/home/xinchen/Dev/SRTP/install/dynamixel_sdk:/opt/ros/foxy LD_LIBRARY_PATH=/home/xinchen/Dev/SRTP/install/dynamixel_sdk_custom_interfaces/lib:/home/xinchen/Dev/SRTP/install/dynamixel_sdk/lib:${LD_LIBRARY_PATH} PYTHONPATH=/home/xinchen/Dev/SRTP/install/dynamixel_sdk_custom_interfaces/lib/python3.8/site-packages:${PYTHONPATH} /usr/bin/cmake --install /home/xinchen/Dev/SRTP/build/dynamixel_sdk_examples
[3.135s] Level 1:colcon.colcon_core.environment:checking '/home/xinchen/Dev/SRTP/install/dynamixel_sdk_examples' for CMake config files
[3.136s] Level 1:colcon.colcon_core.shell:create_environment_hook('dynamixel_sdk_examples', 'cmake_prefix_path')
[3.141s] INFO:colcon.colcon_core.shell:Creating environment hook '/home/xinchen/Dev/SRTP/install/dynamixel_sdk_examples/share/dynamixel_sdk_examples/hook/cmake_prefix_path.ps1'
[3.142s] INFO:colcon.colcon_core.shell:Creating environment descriptor '/home/xinchen/Dev/SRTP/install/dynamixel_sdk_examples/share/dynamixel_sdk_examples/hook/cmake_prefix_path.dsv'
[3.143s] INFO:colcon.colcon_core.shell:Creating environment hook '/home/xinchen/Dev/SRTP/install/dynamixel_sdk_examples/share/dynamixel_sdk_examples/hook/cmake_prefix_path.sh'
[3.144s] Level 1:colcon.colcon_core.environment:checking '/home/xinchen/Dev/SRTP/install/dynamixel_sdk_examples/lib'
[3.145s] Level 1:colcon.colcon_core.environment:checking '/home/xinchen/Dev/SRTP/install/dynamixel_sdk_examples/bin'
[3.145s] Level 1:colcon.colcon_core.environment:checking '/home/xinchen/Dev/SRTP/install/dynamixel_sdk_examples/lib/pkgconfig/dynamixel_sdk_examples.pc'
[3.145s] Level 1:colcon.colcon_core.environment:checking '/home/xinchen/Dev/SRTP/install/dynamixel_sdk_examples/lib/python3.8/site-packages'
[3.146s] Level 1:colcon.colcon_core.environment:checking '/home/xinchen/Dev/SRTP/install/dynamixel_sdk_examples/bin'
[3.151s] INFO:colcon.colcon_core.shell:Creating package script '/home/xinchen/Dev/SRTP/install/dynamixel_sdk_examples/share/dynamixel_sdk_examples/package.ps1'
[3.152s] INFO:colcon.colcon_core.shell:Creating package descriptor '/home/xinchen/Dev/SRTP/install/dynamixel_sdk_examples/share/dynamixel_sdk_examples/package.dsv'
[3.153s] INFO:colcon.colcon_core.shell:Creating package script '/home/xinchen/Dev/SRTP/install/dynamixel_sdk_examples/share/dynamixel_sdk_examples/package.sh'
[3.154s] INFO:colcon.colcon_core.shell:Creating package script '/home/xinchen/Dev/SRTP/install/dynamixel_sdk_examples/share/dynamixel_sdk_examples/package.bash'
[3.154s] INFO:colcon.colcon_core.shell:Creating package script '/home/xinchen/Dev/SRTP/install/dynamixel_sdk_examples/share/dynamixel_sdk_examples/package.zsh'
[3.155s] Level 1:colcon.colcon_core.environment:create_file_with_runtime_dependencies(/home/xinchen/Dev/SRTP/install/dynamixel_sdk_examples/share/colcon-core/packages/dynamixel_sdk_examples)
[3.208s] Level 1:colcon.colcon_core.environment:create_environment_scripts_only(dynamixel_sdk_examples)
[3.215s] Level 1:colcon.colcon_core.environment:checking '/home/xinchen/Dev/SRTP/install/dynamixel_sdk_examples' for CMake module files
[3.216s] Level 1:colcon.colcon_core.environment:checking '/home/xinchen/Dev/SRTP/install/dynamixel_sdk_examples' for CMake config files
[3.217s] Level 1:colcon.colcon_core.shell:create_environment_hook('dynamixel_sdk_examples', 'cmake_prefix_path')
[3.222s] INFO:colcon.colcon_core.shell:Creating environment hook '/home/xinchen/Dev/SRTP/install/dynamixel_sdk_examples/share/dynamixel_sdk_examples/hook/cmake_prefix_path.ps1'
[3.224s] INFO:colcon.colcon_core.shell:Creating environment descriptor '/home/xinchen/Dev/SRTP/install/dynamixel_sdk_examples/share/dynamixel_sdk_examples/hook/cmake_prefix_path.dsv'
[3.225s] INFO:colcon.colcon_core.shell:Creating environment hook '/home/xinchen/Dev/SRTP/install/dynamixel_sdk_examples/share/dynamixel_sdk_examples/hook/cmake_prefix_path.sh'
[3.226s] Level 1:colcon.colcon_core.environment:checking '/home/xinchen/Dev/SRTP/install/dynamixel_sdk_examples/lib'
[3.226s] Level 1:colcon.colcon_core.environment:checking '/home/xinchen/Dev/SRTP/install/dynamixel_sdk_examples/bin'
[3.226s] Level 1:colcon.colcon_core.environment:checking '/home/xinchen/Dev/SRTP/install/dynamixel_sdk_examples/lib/pkgconfig/dynamixel_sdk_examples.pc'
[3.227s] Level 1:colcon.colcon_core.environment:checking '/home/xinchen/Dev/SRTP/install/dynamixel_sdk_examples/lib/python3.8/site-packages'
[3.227s] Level 1:colcon.colcon_core.environment:checking '/home/xinchen/Dev/SRTP/install/dynamixel_sdk_examples/bin'
[3.233s] INFO:colcon.colcon_core.shell:Creating package script '/home/xinchen/Dev/SRTP/install/dynamixel_sdk_examples/share/dynamixel_sdk_examples/package.ps1'
[3.235s] INFO:colcon.colcon_core.shell:Creating package descriptor '/home/xinchen/Dev/SRTP/install/dynamixel_sdk_examples/share/dynamixel_sdk_examples/package.dsv'
[3.236s] INFO:colcon.colcon_core.shell:Creating package script '/home/xinchen/Dev/SRTP/install/dynamixel_sdk_examples/share/dynamixel_sdk_examples/package.sh'
[3.237s] INFO:colcon.colcon_core.shell:Creating package script '/home/xinchen/Dev/SRTP/install/dynamixel_sdk_examples/share/dynamixel_sdk_examples/package.bash'
[3.238s] INFO:colcon.colcon_core.shell:Creating package script '/home/xinchen/Dev/SRTP/install/dynamixel_sdk_examples/share/dynamixel_sdk_examples/package.zsh'
[3.239s] Level 1:colcon.colcon_core.environment:create_file_with_runtime_dependencies(/home/xinchen/Dev/SRTP/install/dynamixel_sdk_examples/share/colcon-core/packages/dynamixel_sdk_examples)
[3.475s] DEBUG:colcon.colcon_core.event_handler.log_command:Invoked command in '/home/xinchen/Dev/SRTP/build/motor_controller' returned '0': CMAKE_PREFIX_PATH=/opt/ros/foxy /usr/bin/cmake --build /home/xinchen/Dev/SRTP/build/motor_controller -- -j6 -l6
[3.527s] DEBUG:colcon.colcon_core.event_handler.log_command:Invoking command in '/home/xinchen/Dev/SRTP/build/motor_controller': CMAKE_PREFIX_PATH=/opt/ros/foxy /usr/bin/cmake --install /home/xinchen/Dev/SRTP/build/motor_controller
[3.551s] Level 1:colcon.colcon_core.environment:create_environment_scripts_only(motor_controller)
[3.563s] DEBUG:colcon.colcon_core.event_handler.log_command:Invoked command in '/home/xinchen/Dev/SRTP/build/motor_controller' returned '0': CMAKE_PREFIX_PATH=/opt/ros/foxy /usr/bin/cmake --install /home/xinchen/Dev/SRTP/build/motor_controller
[3.569s] Level 1:colcon.colcon_core.environment:checking '/home/xinchen/Dev/SRTP/install/motor_controller' for CMake module files
[3.571s] Level 1:colcon.colcon_core.environment:checking '/home/xinchen/Dev/SRTP/install/motor_controller' for CMake config files
[3.572s] Level 1:colcon.colcon_core.shell:create_environment_hook('motor_controller', 'cmake_prefix_path')
[3.580s] INFO:colcon.colcon_core.shell:Creating environment hook '/home/xinchen/Dev/SRTP/install/motor_controller/share/motor_controller/hook/cmake_prefix_path.ps1'
[3.582s] INFO:colcon.colcon_core.shell:Creating environment descriptor '/home/xinchen/Dev/SRTP/install/motor_controller/share/motor_controller/hook/cmake_prefix_path.dsv'
[3.583s] INFO:colcon.colcon_core.shell:Creating environment hook '/home/xinchen/Dev/SRTP/install/motor_controller/share/motor_controller/hook/cmake_prefix_path.sh'
[3.585s] Level 1:colcon.colcon_core.environment:checking '/home/xinchen/Dev/SRTP/install/motor_controller/bin'
[3.585s] Level 1:colcon.colcon_core.environment:checking '/home/xinchen/Dev/SRTP/install/motor_controller/lib/pkgconfig/motor_controller.pc'
[3.586s] Level 1:colcon.colcon_core.environment:checking '/home/xinchen/Dev/SRTP/install/motor_controller/lib/python3.8/site-packages'
[3.586s] Level 1:colcon.colcon_core.environment:checking '/home/xinchen/Dev/SRTP/install/motor_controller/bin'
[3.593s] INFO:colcon.colcon_core.shell:Creating package script '/home/xinchen/Dev/SRTP/install/motor_controller/share/motor_controller/package.ps1'
[3.594s] INFO:colcon.colcon_core.shell:Creating package descriptor '/home/xinchen/Dev/SRTP/install/motor_controller/share/motor_controller/package.dsv'
[3.595s] INFO:colcon.colcon_core.shell:Creating package script '/home/xinchen/Dev/SRTP/install/motor_controller/share/motor_controller/package.sh'
[3.596s] INFO:colcon.colcon_core.shell:Creating package script '/home/xinchen/Dev/SRTP/install/motor_controller/share/motor_controller/package.bash'
[3.597s] INFO:colcon.colcon_core.shell:Creating package script '/home/xinchen/Dev/SRTP/install/motor_controller/share/motor_controller/package.zsh'
[3.598s] Level 1:colcon.colcon_core.environment:create_file_with_runtime_dependencies(/home/xinchen/Dev/SRTP/install/motor_controller/share/colcon-core/packages/motor_controller)
[3.648s] Level 1:colcon.colcon_core.environment:create_environment_scripts_only(motor_controller)
[3.658s] Level 1:colcon.colcon_core.environment:checking '/home/xinchen/Dev/SRTP/install/motor_controller' for CMake module files
[3.659s] Level 1:colcon.colcon_core.environment:checking '/home/xinchen/Dev/SRTP/install/motor_controller' for CMake config files
[3.659s] Level 1:colcon.colcon_core.shell:create_environment_hook('motor_controller', 'cmake_prefix_path')
[3.665s] INFO:colcon.colcon_core.shell:Creating environment hook '/home/xinchen/Dev/SRTP/install/motor_controller/share/motor_controller/hook/cmake_prefix_path.ps1'
[3.666s] INFO:colcon.colcon_core.shell:Creating environment descriptor '/home/xinchen/Dev/SRTP/install/motor_controller/share/motor_controller/hook/cmake_prefix_path.dsv'
[3.667s] INFO:colcon.colcon_core.shell:Creating environment hook '/home/xinchen/Dev/SRTP/install/motor_controller/share/motor_controller/hook/cmake_prefix_path.sh'
[3.669s] Level 1:colcon.colcon_core.environment:checking '/home/xinchen/Dev/SRTP/install/motor_controller/bin'
[3.669s] Level 1:colcon.colcon_core.environment:checking '/home/xinchen/Dev/SRTP/install/motor_controller/lib/pkgconfig/motor_controller.pc'
[3.669s] Level 1:colcon.colcon_core.environment:checking '/home/xinchen/Dev/SRTP/install/motor_controller/lib/python3.8/site-packages'
[3.670s] Level 1:colcon.colcon_core.environment:checking '/home/xinchen/Dev/SRTP/install/motor_controller/bin'
[3.675s] INFO:colcon.colcon_core.shell:Creating package script '/home/xinchen/Dev/SRTP/install/motor_controller/share/motor_controller/package.ps1'
[3.678s] INFO:colcon.colcon_core.shell:Creating package descriptor '/home/xinchen/Dev/SRTP/install/motor_controller/share/motor_controller/package.dsv'
[3.678s] INFO:colcon.colcon_core.shell:Creating package script '/home/xinchen/Dev/SRTP/install/motor_controller/share/motor_controller/package.sh'
[3.679s] INFO:colcon.colcon_core.shell:Creating package script '/home/xinchen/Dev/SRTP/install/motor_controller/share/motor_controller/package.bash'
[3.680s] INFO:colcon.colcon_core.shell:Creating package script '/home/xinchen/Dev/SRTP/install/motor_controller/share/motor_controller/package.zsh'
[3.681s] Level 1:colcon.colcon_core.environment:create_file_with_runtime_dependencies(/home/xinchen/Dev/SRTP/install/motor_controller/share/colcon-core/packages/motor_controller)
[3.682s] DEBUG:colcon.colcon_parallel_executor.executor.parallel:closing loop
[3.683s] DEBUG:colcon.colcon_parallel_executor.executor.parallel:loop closed
[3.683s] DEBUG:colcon.colcon_parallel_executor.executor.parallel:run_until_complete finished with '0'
[3.684s] DEBUG:colcon.colcon_core.event_reactor:joining thread
[3.711s] INFO:colcon.colcon_core.plugin_system:Skipping extension 'colcon_notification.desktop_notification.terminal_notifier': Not used on non-Darwin systems
[3.712s] INFO:colcon.colcon_core.plugin_system:Skipping extension 'colcon_notification.desktop_notification.win32': Not used on non-Windows systems
[3.712s] INFO:colcon.colcon_notification.desktop_notification:Sending desktop notification using 'notify2'
[3.750s] DEBUG:colcon.colcon_core.event_reactor:joined thread
[3.757s] INFO:colcon.colcon_core.shell:Creating prefix script '/home/xinchen/Dev/SRTP/install/local_setup.ps1'
[3.759s] INFO:colcon.colcon_core.shell:Creating prefix util module '/home/xinchen/Dev/SRTP/install/_local_setup_util_ps1.py'
[3.763s] INFO:colcon.colcon_core.shell:Creating prefix chain script '/home/xinchen/Dev/SRTP/install/setup.ps1'
[3.769s] INFO:colcon.colcon_core.shell:Creating prefix script '/home/xinchen/Dev/SRTP/install/local_setup.sh'
[3.771s] INFO:colcon.colcon_core.shell:Creating prefix util module '/home/xinchen/Dev/SRTP/install/_local_setup_util_sh.py'
[3.772s] INFO:colcon.colcon_core.shell:Creating prefix chain script '/home/xinchen/Dev/SRTP/install/setup.sh'
[3.776s] INFO:colcon.colcon_core.shell:Creating prefix script '/home/xinchen/Dev/SRTP/install/local_setup.bash'
[3.777s] INFO:colcon.colcon_core.shell:Creating prefix chain script '/home/xinchen/Dev/SRTP/install/setup.bash'
[3.781s] INFO:colcon.colcon_core.shell:Creating prefix script '/home/xinchen/Dev/SRTP/install/local_setup.zsh'
[3.782s] INFO:colcon.colcon_core.shell:Creating prefix chain script '/home/xinchen/Dev/SRTP/install/setup.zsh'
