[0.109s] Invoking command in '/home/xinchen/Dev/SRTP/build/dynamixel_sdk': CMAKE_PREFIX_PATH=${CMAKE_PREFIX_PATH}:/opt/ros/foxy /usr/bin/cmake /home/xinchen/Dev/SRTP/src/DynamixelSDK/dynamixel_sdk -DCMAKE_EXPORT_COMPILE_COMMANDS=On -DCMAKE_INSTALL_PREFIX=/home/xinchen/Dev/SRTP/install/dynamixel_sdk
[0.224s] -- Found ament_cmake: 0.9.12 (/opt/ros/foxy/share/ament_cmake/cmake)
[0.275s] -- Using PYTHON_EXECUTABLE: /usr/bin/python3
[0.895s] -- Configuring done
[0.939s] -- Generating done
[0.946s] -- Build files have been written to: /home/xinchen/Dev/SRTP/build/dynamixel_sdk
[0.964s] Invoked command in '/home/xinchen/Dev/SRTP/build/dynamixel_sdk' returned '0': CMAKE_PREFIX_PATH=${CMAKE_PREFIX_PATH}:/opt/ros/foxy /usr/bin/cmake /home/xinchen/Dev/SRTP/src/DynamixelSDK/dynamixel_sdk -DCMAKE_EXPORT_COMPILE_COMMANDS=On -DCMAKE_INSTALL_PREFIX=/home/xinchen/Dev/SRTP/install/dynamixel_sdk
[0.966s] Invoking command in '/home/xinchen/Dev/SRTP/build/dynamixel_sdk': CMAKE_PREFIX_PATH=${CMAKE_PREFIX_PATH}:/opt/ros/foxy /usr/bin/cmake --build /home/xinchen/Dev/SRTP/build/dynamixel_sdk -- -j6 -l6
[1.086s] [100%] Built target dynamixel_sdk
[1.121s] Invoked command in '/home/xinchen/Dev/SRTP/build/dynamixel_sdk' returned '0': CMAKE_PREFIX_PATH=${CMAKE_PREFIX_PATH}:/opt/ros/foxy /usr/bin/cmake --build /home/xinchen/Dev/SRTP/build/dynamixel_sdk -- -j6 -l6
[1.294s] Invoking command in '/home/xinchen/Dev/SRTP/build/dynamixel_sdk': CMAKE_PREFIX_PATH=${CMAKE_PREFIX_PATH}:/opt/ros/foxy /usr/bin/cmake --install /home/xinchen/Dev/SRTP/build/dynamixel_sdk
[1.320s] -- Install configuration: ""
[1.320s] -- Up-to-date: /home/xinchen/Dev/SRTP/install/dynamixel_sdk/include/
[1.321s] -- Up-to-date: /home/xinchen/Dev/SRTP/install/dynamixel_sdk/include//dynamixel_sdk
[1.321s] -- Up-to-date: /home/xinchen/Dev/SRTP/install/dynamixel_sdk/include//dynamixel_sdk/port_handler_windows.h
[1.321s] -- Up-to-date: /home/xinchen/Dev/SRTP/install/dynamixel_sdk/include//dynamixel_sdk/packet_handler.h
[1.321s] -- Up-to-date: /home/xinchen/Dev/SRTP/install/dynamixel_sdk/include//dynamixel_sdk/port_handler_arduino.h
[1.321s] -- Up-to-date: /home/xinchen/Dev/SRTP/install/dynamixel_sdk/include//dynamixel_sdk/port_handler_mac.h
[1.322s] -- Up-to-date: /home/xinchen/Dev/SRTP/install/dynamixel_sdk/include//dynamixel_sdk/group_bulk_read.h
[1.322s] -- Up-to-date: /home/xinchen/Dev/SRTP/install/dynamixel_sdk/include//dynamixel_sdk/port_handler.h
[1.322s] -- Up-to-date: /home/xinchen/Dev/SRTP/install/dynamixel_sdk/include//dynamixel_sdk/protocol1_packet_handler.h
[1.322s] -- Up-to-date: /home/xinchen/Dev/SRTP/install/dynamixel_sdk/include//dynamixel_sdk/dynamixel_sdk.h
[1.322s] -- Up-to-date: /home/xinchen/Dev/SRTP/install/dynamixel_sdk/include//dynamixel_sdk/group_sync_read.h
[1.322s] -- Up-to-date: /home/xinchen/Dev/SRTP/install/dynamixel_sdk/include//dynamixel_sdk/protocol2_packet_handler.h
[1.322s] -- Up-to-date: /home/xinchen/Dev/SRTP/install/dynamixel_sdk/include//dynamixel_sdk/group_sync_write.h
[1.323s] -- Up-to-date: /home/xinchen/Dev/SRTP/install/dynamixel_sdk/include//dynamixel_sdk/group_bulk_write.h
[1.323s] -- Up-to-date: /home/xinchen/Dev/SRTP/install/dynamixel_sdk/include//dynamixel_sdk/port_handler_linux.h
[1.323s] -- Up-to-date: /home/xinchen/Dev/SRTP/install/dynamixel_sdk/lib/libdynamixel_sdk.so
[1.323s] -- Up-to-date: /home/xinchen/Dev/SRTP/install/dynamixel_sdk/share/dynamixel_sdk/environment/library_path.sh
[1.324s] -- Installing: /home/xinchen/Dev/SRTP/install/dynamixel_sdk/share/dynamixel_sdk/environment/library_path.dsv
[1.325s] -- Up-to-date: /home/xinchen/Dev/SRTP/install/dynamixel_sdk/share/ament_index/resource_index/package_run_dependencies/dynamixel_sdk
[1.326s] -- Installing: /home/xinchen/Dev/SRTP/install/dynamixel_sdk/share/ament_index/resource_index/parent_prefix_path/dynamixel_sdk
[1.327s] -- Up-to-date: /home/xinchen/Dev/SRTP/install/dynamixel_sdk/share/dynamixel_sdk/environment/ament_prefix_path.sh
[1.328s] -- Installing: /home/xinchen/Dev/SRTP/install/dynamixel_sdk/share/dynamixel_sdk/environment/ament_prefix_path.dsv
[1.328s] -- Up-to-date: /home/xinchen/Dev/SRTP/install/dynamixel_sdk/share/dynamixel_sdk/environment/path.sh
[1.329s] -- Installing: /home/xinchen/Dev/SRTP/install/dynamixel_sdk/share/dynamixel_sdk/environment/path.dsv
[1.330s] -- Up-to-date: /home/xinchen/Dev/SRTP/install/dynamixel_sdk/share/dynamixel_sdk/local_setup.bash
[1.330s] -- Up-to-date: /home/xinchen/Dev/SRTP/install/dynamixel_sdk/share/dynamixel_sdk/local_setup.sh
[1.331s] -- Up-to-date: /home/xinchen/Dev/SRTP/install/dynamixel_sdk/share/dynamixel_sdk/local_setup.zsh
[1.331s] -- Installing: /home/xinchen/Dev/SRTP/install/dynamixel_sdk/share/dynamixel_sdk/local_setup.dsv
[1.332s] -- Installing: /home/xinchen/Dev/SRTP/install/dynamixel_sdk/share/dynamixel_sdk/package.dsv
[1.333s] -- Up-to-date: /home/xinchen/Dev/SRTP/install/dynamixel_sdk/share/ament_index/resource_index/packages/dynamixel_sdk
[1.334s] -- Up-to-date: /home/xinchen/Dev/SRTP/install/dynamixel_sdk/share/dynamixel_sdk/cmake/ament_cmake_export_include_directories-extras.cmake
[1.335s] -- Up-to-date: /home/xinchen/Dev/SRTP/install/dynamixel_sdk/share/dynamixel_sdk/cmake/ament_cmake_export_libraries-extras.cmake
[1.335s] -- Up-to-date: /home/xinchen/Dev/SRTP/install/dynamixel_sdk/share/dynamixel_sdk/cmake/dynamixel_sdkConfig.cmake
[1.336s] -- Up-to-date: /home/xinchen/Dev/SRTP/install/dynamixel_sdk/share/dynamixel_sdk/cmake/dynamixel_sdkConfig-version.cmake
[1.336s] -- Up-to-date: /home/xinchen/Dev/SRTP/install/dynamixel_sdk/share/dynamixel_sdk/package.xml
[1.349s] Invoked command in '/home/xinchen/Dev/SRTP/build/dynamixel_sdk' returned '0': CMAKE_PREFIX_PATH=${CMAKE_PREFIX_PATH}:/opt/ros/foxy /usr/bin/cmake --install /home/xinchen/Dev/SRTP/build/dynamixel_sdk
