[0.105s] Invoking command in '/home/xinchen/Dev/SRTP/build/dynamixel_sdk_custom_interfaces': CMAKE_PREFIX_PATH=${CMAKE_PREFIX_PATH}:/opt/ros/foxy /usr/bin/cmake /home/xinchen/Dev/SRTP/src/DynamixelSDK/dynamixel_sdk_custom_interfaces -DCMAKE_EXPORT_COMPILE_COMMANDS=On -DCMAKE_INSTALL_PREFIX=/home/xinchen/Dev/SRTP/install/dynamixel_sdk_custom_interfaces
[0.167s] -- Found ament_cmake: 0.9.12 (/opt/ros/foxy/share/ament_cmake/cmake)
[0.223s] -- Found PythonInterp: /usr/bin/python3 (found suitable version "3.8.10", minimum required is "3") 
[0.223s] -- Using PYTHON_EXECUTABLE: /usr/bin/python3
[0.763s] -- Found builtin_interfaces: 1.0.0 (/opt/ros/foxy/share/builtin_interfaces/cmake)
[0.813s] -- Using all available rosidl_typesupport_c: rosidl_typesupport_fastrtps_c;rosidl_typesupport_introspection_c
[0.819s] -- Found rosidl_adapter: 1.3.1 (/opt/ros/foxy/share/rosidl_adapter/cmake)
[1.115s] -- Using all available rosidl_typesupport_cpp: rosidl_typesupport_fastrtps_cpp;rosidl_typesupport_introspection_cpp
[1.179s] -- Found rosidl_default_generators: 1.0.1 (/opt/ros/foxy/share/rosidl_default_generators/cmake)
[1.280s] -- Found PythonInterp: /usr/bin/python3 (found version "3.8.10") 
[1.613s] -- Found ament_cmake_ros: 0.9.2 (/opt/ros/foxy/share/ament_cmake_ros/cmake)
[1.919s] -- Using all available rosidl_typesupport_c: rosidl_typesupport_fastrtps_c;rosidl_typesupport_introspection_c
[1.943s] -- Using all available rosidl_typesupport_cpp: rosidl_typesupport_fastrtps_cpp;rosidl_typesupport_introspection_cpp
[2.008s] -- Found PythonInterp: /usr/bin/python3 (found suitable version "3.8.10", minimum required is "3.5") 
[2.008s] -- Found python_cmake_module: 0.8.1 (/opt/ros/foxy/share/python_cmake_module/cmake)
[2.088s] -- Using PYTHON_EXECUTABLE: /usr/bin/python3
[2.088s] -- Using PYTHON_INCLUDE_DIRS: /usr/include/python3.8
[2.088s] -- Using PYTHON_LIBRARIES: /usr/lib/aarch64-linux-gnu/libpython3.8.so
[2.199s] -- Configuring done
[2.402s] -- Generating done
[2.407s] -- Build files have been written to: /home/xinchen/Dev/SRTP/build/dynamixel_sdk_custom_interfaces
[2.434s] Invoked command in '/home/xinchen/Dev/SRTP/build/dynamixel_sdk_custom_interfaces' returned '0': CMAKE_PREFIX_PATH=${CMAKE_PREFIX_PATH}:/opt/ros/foxy /usr/bin/cmake /home/xinchen/Dev/SRTP/src/DynamixelSDK/dynamixel_sdk_custom_interfaces -DCMAKE_EXPORT_COMPILE_COMMANDS=On -DCMAKE_INSTALL_PREFIX=/home/xinchen/Dev/SRTP/install/dynamixel_sdk_custom_interfaces
[2.439s] Invoking command in '/home/xinchen/Dev/SRTP/build/dynamixel_sdk_custom_interfaces': CMAKE_PREFIX_PATH=${CMAKE_PREFIX_PATH}:/opt/ros/foxy /usr/bin/cmake --build /home/xinchen/Dev/SRTP/build/dynamixel_sdk_custom_interfaces -- -j6 -l6
[2.601s] [  2%] Built target dynamixel_sdk_custom_interfaces__cpp
[2.674s] [ 12%] Built target dynamixel_sdk_custom_interfaces__rosidl_generator_c
[2.689s] [ 23%] Built target dynamixel_sdk_custom_interfaces__rosidl_typesupport_introspection_cpp
[2.727s] [ 33%] Built target dynamixel_sdk_custom_interfaces__rosidl_typesupport_fastrtps_cpp
[2.727s] [ 43%] Built target dynamixel_sdk_custom_interfaces__rosidl_typesupport_cpp
[2.786s] [ 58%] Built target dynamixel_sdk_custom_interfaces__rosidl_typesupport_introspection_c
[2.788s] [ 64%] Built target dynamixel_sdk_custom_interfaces__rosidl_typesupport_c
[2.812s] [ 74%] Built target dynamixel_sdk_custom_interfaces__rosidl_typesupport_fastrtps_c
[2.875s] [ 74%] Built target dynamixel_sdk_custom_interfaces
[2.925s] [ 76%] Built target dynamixel_sdk_custom_interfaces__py
[3.064s] [ 84%] Built target dynamixel_sdk_custom_interfaces__python
[3.193s] [ 89%] Built target dynamixel_sdk_custom_interfaces__rosidl_typesupport_introspection_c__pyext
[3.199s] [ 94%] Built target dynamixel_sdk_custom_interfaces__rosidl_typesupport_c__pyext
[3.214s] [100%] Built target dynamixel_sdk_custom_interfaces__rosidl_typesupport_fastrtps_c__pyext
[3.244s] Invoked command in '/home/xinchen/Dev/SRTP/build/dynamixel_sdk_custom_interfaces' returned '0': CMAKE_PREFIX_PATH=${CMAKE_PREFIX_PATH}:/opt/ros/foxy /usr/bin/cmake --build /home/xinchen/Dev/SRTP/build/dynamixel_sdk_custom_interfaces -- -j6 -l6
[3.406s] Invoking command in '/home/xinchen/Dev/SRTP/build/dynamixel_sdk_custom_interfaces': CMAKE_PREFIX_PATH=${CMAKE_PREFIX_PATH}:/opt/ros/foxy /usr/bin/cmake --install /home/xinchen/Dev/SRTP/build/dynamixel_sdk_custom_interfaces
[3.432s] -- Install configuration: ""
[3.432s] -- Up-to-date: /home/xinchen/Dev/SRTP/install/dynamixel_sdk_custom_interfaces/share/ament_index/resource_index/rosidl_interfaces/dynamixel_sdk_custom_interfaces
[3.432s] -- Up-to-date: /home/xinchen/Dev/SRTP/install/dynamixel_sdk_custom_interfaces/include/dynamixel_sdk_custom_interfaces
[3.433s] -- Up-to-date: /home/xinchen/Dev/SRTP/install/dynamixel_sdk_custom_interfaces/include/dynamixel_sdk_custom_interfaces/srv
[3.433s] -- Up-to-date: /home/xinchen/Dev/SRTP/install/dynamixel_sdk_custom_interfaces/include/dynamixel_sdk_custom_interfaces/srv/detail
[3.433s] -- Up-to-date: /home/xinchen/Dev/SRTP/install/dynamixel_sdk_custom_interfaces/include/dynamixel_sdk_custom_interfaces/srv/detail/get_position__struct.h
[3.433s] -- Up-to-date: /home/xinchen/Dev/SRTP/install/dynamixel_sdk_custom_interfaces/include/dynamixel_sdk_custom_interfaces/srv/detail/get_position__functions.h
[3.433s] -- Up-to-date: /home/xinchen/Dev/SRTP/install/dynamixel_sdk_custom_interfaces/include/dynamixel_sdk_custom_interfaces/srv/detail/get_position__type_support.h
[3.433s] -- Up-to-date: /home/xinchen/Dev/SRTP/install/dynamixel_sdk_custom_interfaces/include/dynamixel_sdk_custom_interfaces/srv/detail/get_position__functions.c
[3.434s] -- Up-to-date: /home/xinchen/Dev/SRTP/install/dynamixel_sdk_custom_interfaces/include/dynamixel_sdk_custom_interfaces/srv/get_position.h
[3.434s] -- Up-to-date: /home/xinchen/Dev/SRTP/install/dynamixel_sdk_custom_interfaces/include/dynamixel_sdk_custom_interfaces/msg
[3.434s] -- Up-to-date: /home/xinchen/Dev/SRTP/install/dynamixel_sdk_custom_interfaces/include/dynamixel_sdk_custom_interfaces/msg/detail
[3.435s] -- Up-to-date: /home/xinchen/Dev/SRTP/install/dynamixel_sdk_custom_interfaces/include/dynamixel_sdk_custom_interfaces/msg/detail/set_position__functions.h
[3.435s] -- Up-to-date: /home/xinchen/Dev/SRTP/install/dynamixel_sdk_custom_interfaces/include/dynamixel_sdk_custom_interfaces/msg/detail/set_position__type_support.h
[3.435s] -- Up-to-date: /home/xinchen/Dev/SRTP/install/dynamixel_sdk_custom_interfaces/include/dynamixel_sdk_custom_interfaces/msg/detail/set_position__struct.h
[3.435s] -- Up-to-date: /home/xinchen/Dev/SRTP/install/dynamixel_sdk_custom_interfaces/include/dynamixel_sdk_custom_interfaces/msg/detail/set_position__functions.c
[3.436s] -- Up-to-date: /home/xinchen/Dev/SRTP/install/dynamixel_sdk_custom_interfaces/include/dynamixel_sdk_custom_interfaces/msg/rosidl_generator_c__visibility_control.h
[3.436s] -- Up-to-date: /home/xinchen/Dev/SRTP/install/dynamixel_sdk_custom_interfaces/include/dynamixel_sdk_custom_interfaces/msg/set_position.h
[3.436s] -- Up-to-date: /home/xinchen/Dev/SRTP/install/dynamixel_sdk_custom_interfaces/share/dynamixel_sdk_custom_interfaces/environment/library_path.sh
[3.436s] -- Installing: /home/xinchen/Dev/SRTP/install/dynamixel_sdk_custom_interfaces/share/dynamixel_sdk_custom_interfaces/environment/library_path.dsv
[3.436s] -- Up-to-date: /home/xinchen/Dev/SRTP/install/dynamixel_sdk_custom_interfaces/lib/libdynamixel_sdk_custom_interfaces__rosidl_generator_c.so
[3.437s] -- Up-to-date: /home/xinchen/Dev/SRTP/install/dynamixel_sdk_custom_interfaces/include/dynamixel_sdk_custom_interfaces
[3.441s] -- Up-to-date: /home/xinchen/Dev/SRTP/install/dynamixel_sdk_custom_interfaces/include/dynamixel_sdk_custom_interfaces/srv
[3.442s] -- Up-to-date: /home/xinchen/Dev/SRTP/install/dynamixel_sdk_custom_interfaces/include/dynamixel_sdk_custom_interfaces/srv/detail
[3.442s] -- Up-to-date: /home/xinchen/Dev/SRTP/install/dynamixel_sdk_custom_interfaces/include/dynamixel_sdk_custom_interfaces/srv/detail/get_position__rosidl_typesupport_fastrtps_c.h
[3.443s] -- Up-to-date: /home/xinchen/Dev/SRTP/install/dynamixel_sdk_custom_interfaces/include/dynamixel_sdk_custom_interfaces/msg
[3.443s] -- Up-to-date: /home/xinchen/Dev/SRTP/install/dynamixel_sdk_custom_interfaces/include/dynamixel_sdk_custom_interfaces/msg/detail
[3.443s] -- Up-to-date: /home/xinchen/Dev/SRTP/install/dynamixel_sdk_custom_interfaces/include/dynamixel_sdk_custom_interfaces/msg/detail/set_position__rosidl_typesupport_fastrtps_c.h
[3.443s] -- Up-to-date: /home/xinchen/Dev/SRTP/install/dynamixel_sdk_custom_interfaces/include/dynamixel_sdk_custom_interfaces/msg/rosidl_typesupport_fastrtps_c__visibility_control.h
[3.444s] -- Up-to-date: /home/xinchen/Dev/SRTP/install/dynamixel_sdk_custom_interfaces/lib/libdynamixel_sdk_custom_interfaces__rosidl_typesupport_fastrtps_c.so
[3.444s] -- Up-to-date: /home/xinchen/Dev/SRTP/install/dynamixel_sdk_custom_interfaces/include/dynamixel_sdk_custom_interfaces
[3.444s] -- Up-to-date: /home/xinchen/Dev/SRTP/install/dynamixel_sdk_custom_interfaces/include/dynamixel_sdk_custom_interfaces/srv
[3.445s] -- Up-to-date: /home/xinchen/Dev/SRTP/install/dynamixel_sdk_custom_interfaces/include/dynamixel_sdk_custom_interfaces/srv/detail
[3.445s] -- Up-to-date: /home/xinchen/Dev/SRTP/install/dynamixel_sdk_custom_interfaces/include/dynamixel_sdk_custom_interfaces/srv/detail/dds_fastrtps
[3.445s] -- Up-to-date: /home/xinchen/Dev/SRTP/install/dynamixel_sdk_custom_interfaces/include/dynamixel_sdk_custom_interfaces/srv/detail/get_position__rosidl_typesupport_fastrtps_cpp.hpp
[3.445s] -- Up-to-date: /home/xinchen/Dev/SRTP/install/dynamixel_sdk_custom_interfaces/include/dynamixel_sdk_custom_interfaces/msg
[3.445s] -- Up-to-date: /home/xinchen/Dev/SRTP/install/dynamixel_sdk_custom_interfaces/include/dynamixel_sdk_custom_interfaces/msg/detail
[3.446s] -- Up-to-date: /home/xinchen/Dev/SRTP/install/dynamixel_sdk_custom_interfaces/include/dynamixel_sdk_custom_interfaces/msg/detail/dds_fastrtps
[3.446s] -- Up-to-date: /home/xinchen/Dev/SRTP/install/dynamixel_sdk_custom_interfaces/include/dynamixel_sdk_custom_interfaces/msg/detail/set_position__rosidl_typesupport_fastrtps_cpp.hpp
[3.446s] -- Up-to-date: /home/xinchen/Dev/SRTP/install/dynamixel_sdk_custom_interfaces/include/dynamixel_sdk_custom_interfaces/msg/rosidl_typesupport_fastrtps_cpp__visibility_control.h
[3.446s] -- Up-to-date: /home/xinchen/Dev/SRTP/install/dynamixel_sdk_custom_interfaces/lib/libdynamixel_sdk_custom_interfaces__rosidl_typesupport_fastrtps_cpp.so
[3.446s] -- Up-to-date: /home/xinchen/Dev/SRTP/install/dynamixel_sdk_custom_interfaces/include/dynamixel_sdk_custom_interfaces
[3.449s] -- Up-to-date: /home/xinchen/Dev/SRTP/install/dynamixel_sdk_custom_interfaces/include/dynamixel_sdk_custom_interfaces/srv
[3.451s] -- Up-to-date: /home/xinchen/Dev/SRTP/install/dynamixel_sdk_custom_interfaces/include/dynamixel_sdk_custom_interfaces/srv/detail
[3.451s] -- Up-to-date: /home/xinchen/Dev/SRTP/install/dynamixel_sdk_custom_interfaces/include/dynamixel_sdk_custom_interfaces/srv/detail/get_position__type_support.c
[3.451s] -- Up-to-date: /home/xinchen/Dev/SRTP/install/dynamixel_sdk_custom_interfaces/include/dynamixel_sdk_custom_interfaces/srv/detail/get_position__rosidl_typesupport_introspection_c.h
[3.451s] -- Up-to-date: /home/xinchen/Dev/SRTP/install/dynamixel_sdk_custom_interfaces/include/dynamixel_sdk_custom_interfaces/msg
[3.451s] -- Up-to-date: /home/xinchen/Dev/SRTP/install/dynamixel_sdk_custom_interfaces/include/dynamixel_sdk_custom_interfaces/msg/detail
[3.452s] -- Up-to-date: /home/xinchen/Dev/SRTP/install/dynamixel_sdk_custom_interfaces/include/dynamixel_sdk_custom_interfaces/msg/detail/set_position__rosidl_typesupport_introspection_c.h
[3.452s] -- Up-to-date: /home/xinchen/Dev/SRTP/install/dynamixel_sdk_custom_interfaces/include/dynamixel_sdk_custom_interfaces/msg/detail/set_position__type_support.c
[3.452s] -- Up-to-date: /home/xinchen/Dev/SRTP/install/dynamixel_sdk_custom_interfaces/include/dynamixel_sdk_custom_interfaces/msg/rosidl_typesupport_introspection_c__visibility_control.h
[3.452s] -- Up-to-date: /home/xinchen/Dev/SRTP/install/dynamixel_sdk_custom_interfaces/lib/libdynamixel_sdk_custom_interfaces__rosidl_typesupport_introspection_c.so
[3.452s] -- Up-to-date: /home/xinchen/Dev/SRTP/install/dynamixel_sdk_custom_interfaces/lib/libdynamixel_sdk_custom_interfaces__rosidl_typesupport_c.so
[3.452s] -- Up-to-date: /home/xinchen/Dev/SRTP/install/dynamixel_sdk_custom_interfaces/include/dynamixel_sdk_custom_interfaces
[3.453s] -- Up-to-date: /home/xinchen/Dev/SRTP/install/dynamixel_sdk_custom_interfaces/include/dynamixel_sdk_custom_interfaces/srv
[3.453s] -- Up-to-date: /home/xinchen/Dev/SRTP/install/dynamixel_sdk_custom_interfaces/include/dynamixel_sdk_custom_interfaces/srv/detail
[3.453s] -- Up-to-date: /home/xinchen/Dev/SRTP/install/dynamixel_sdk_custom_interfaces/include/dynamixel_sdk_custom_interfaces/srv/detail/get_position__traits.hpp
[3.453s] -- Up-to-date: /home/xinchen/Dev/SRTP/install/dynamixel_sdk_custom_interfaces/include/dynamixel_sdk_custom_interfaces/srv/detail/get_position__struct.hpp
[3.453s] -- Up-to-date: /home/xinchen/Dev/SRTP/install/dynamixel_sdk_custom_interfaces/include/dynamixel_sdk_custom_interfaces/srv/detail/get_position__builder.hpp
[3.453s] -- Up-to-date: /home/xinchen/Dev/SRTP/install/dynamixel_sdk_custom_interfaces/include/dynamixel_sdk_custom_interfaces/srv/detail/get_position__type_support.hpp
[3.454s] -- Up-to-date: /home/xinchen/Dev/SRTP/install/dynamixel_sdk_custom_interfaces/include/dynamixel_sdk_custom_interfaces/srv/get_position.hpp
[3.454s] -- Up-to-date: /home/xinchen/Dev/SRTP/install/dynamixel_sdk_custom_interfaces/include/dynamixel_sdk_custom_interfaces/msg
[3.454s] -- Up-to-date: /home/xinchen/Dev/SRTP/install/dynamixel_sdk_custom_interfaces/include/dynamixel_sdk_custom_interfaces/msg/detail
[3.454s] -- Up-to-date: /home/xinchen/Dev/SRTP/install/dynamixel_sdk_custom_interfaces/include/dynamixel_sdk_custom_interfaces/msg/detail/set_position__struct.hpp
[3.454s] -- Up-to-date: /home/xinchen/Dev/SRTP/install/dynamixel_sdk_custom_interfaces/include/dynamixel_sdk_custom_interfaces/msg/detail/set_position__builder.hpp
[3.455s] -- Up-to-date: /home/xinchen/Dev/SRTP/install/dynamixel_sdk_custom_interfaces/include/dynamixel_sdk_custom_interfaces/msg/detail/set_position__type_support.hpp
[3.455s] -- Up-to-date: /home/xinchen/Dev/SRTP/install/dynamixel_sdk_custom_interfaces/include/dynamixel_sdk_custom_interfaces/msg/detail/set_position__traits.hpp
[3.456s] -- Up-to-date: /home/xinchen/Dev/SRTP/install/dynamixel_sdk_custom_interfaces/include/dynamixel_sdk_custom_interfaces/msg/rosidl_generator_cpp__visibility_control.hpp
[3.457s] -- Up-to-date: /home/xinchen/Dev/SRTP/install/dynamixel_sdk_custom_interfaces/include/dynamixel_sdk_custom_interfaces/msg/set_position.hpp
[3.457s] -- Up-to-date: /home/xinchen/Dev/SRTP/install/dynamixel_sdk_custom_interfaces/include/dynamixel_sdk_custom_interfaces
[3.457s] -- Up-to-date: /home/xinchen/Dev/SRTP/install/dynamixel_sdk_custom_interfaces/include/dynamixel_sdk_custom_interfaces/srv
[3.457s] -- Up-to-date: /home/xinchen/Dev/SRTP/install/dynamixel_sdk_custom_interfaces/include/dynamixel_sdk_custom_interfaces/srv/detail
[3.457s] -- Up-to-date: /home/xinchen/Dev/SRTP/install/dynamixel_sdk_custom_interfaces/include/dynamixel_sdk_custom_interfaces/srv/detail/get_position__type_support.cpp
[3.458s] -- Up-to-date: /home/xinchen/Dev/SRTP/install/dynamixel_sdk_custom_interfaces/include/dynamixel_sdk_custom_interfaces/srv/detail/get_position__rosidl_typesupport_introspection_cpp.hpp
[3.458s] -- Up-to-date: /home/xinchen/Dev/SRTP/install/dynamixel_sdk_custom_interfaces/include/dynamixel_sdk_custom_interfaces/msg
[3.458s] -- Up-to-date: /home/xinchen/Dev/SRTP/install/dynamixel_sdk_custom_interfaces/include/dynamixel_sdk_custom_interfaces/msg/detail
[3.459s] -- Up-to-date: /home/xinchen/Dev/SRTP/install/dynamixel_sdk_custom_interfaces/include/dynamixel_sdk_custom_interfaces/msg/detail/set_position__type_support.cpp
[3.459s] -- Up-to-date: /home/xinchen/Dev/SRTP/install/dynamixel_sdk_custom_interfaces/include/dynamixel_sdk_custom_interfaces/msg/detail/set_position__rosidl_typesupport_introspection_cpp.hpp
[3.459s] -- Up-to-date: /home/xinchen/Dev/SRTP/install/dynamixel_sdk_custom_interfaces/lib/libdynamixel_sdk_custom_interfaces__rosidl_typesupport_introspection_cpp.so
[3.460s] -- Up-to-date: /home/xinchen/Dev/SRTP/install/dynamixel_sdk_custom_interfaces/lib/libdynamixel_sdk_custom_interfaces__rosidl_typesupport_cpp.so
[3.460s] -- Up-to-date: /home/xinchen/Dev/SRTP/install/dynamixel_sdk_custom_interfaces/share/dynamixel_sdk_custom_interfaces/environment/pythonpath.sh
[3.461s] -- Installing: /home/xinchen/Dev/SRTP/install/dynamixel_sdk_custom_interfaces/share/dynamixel_sdk_custom_interfaces/environment/pythonpath.dsv
[3.461s] -- Installing: /home/xinchen/Dev/SRTP/install/dynamixel_sdk_custom_interfaces/lib/python3.8/site-packages/dynamixel_sdk_custom_interfaces/__init__.py
[3.516s] Compiling '/home/xinchen/Dev/SRTP/install/dynamixel_sdk_custom_interfaces/lib/python3.8/site-packages/dynamixel_sdk_custom_interfaces/__init__.py'...
[3.526s] -- Up-to-date: /home/xinchen/Dev/SRTP/install/dynamixel_sdk_custom_interfaces/lib/python3.8/site-packages/dynamixel_sdk_custom_interfaces/msg
[3.527s] -- Up-to-date: /home/xinchen/Dev/SRTP/install/dynamixel_sdk_custom_interfaces/lib/python3.8/site-packages/dynamixel_sdk_custom_interfaces/msg/_set_position.py
[3.527s] -- Up-to-date: /home/xinchen/Dev/SRTP/install/dynamixel_sdk_custom_interfaces/lib/python3.8/site-packages/dynamixel_sdk_custom_interfaces/msg/__init__.py
[3.527s] -- Up-to-date: /home/xinchen/Dev/SRTP/install/dynamixel_sdk_custom_interfaces/lib/python3.8/site-packages/dynamixel_sdk_custom_interfaces/msg/_set_position_s.c
[3.527s] -- Up-to-date: /home/xinchen/Dev/SRTP/install/dynamixel_sdk_custom_interfaces/lib/python3.8/site-packages/dynamixel_sdk_custom_interfaces/srv
[3.527s] -- Up-to-date: /home/xinchen/Dev/SRTP/install/dynamixel_sdk_custom_interfaces/lib/python3.8/site-packages/dynamixel_sdk_custom_interfaces/srv/_get_position.py
[3.528s] -- Up-to-date: /home/xinchen/Dev/SRTP/install/dynamixel_sdk_custom_interfaces/lib/python3.8/site-packages/dynamixel_sdk_custom_interfaces/srv/_get_position_s.c
[3.528s] -- Up-to-date: /home/xinchen/Dev/SRTP/install/dynamixel_sdk_custom_interfaces/lib/python3.8/site-packages/dynamixel_sdk_custom_interfaces/srv/__init__.py
[3.528s] -- Up-to-date: /home/xinchen/Dev/SRTP/install/dynamixel_sdk_custom_interfaces/lib/python3.8/site-packages/dynamixel_sdk_custom_interfaces/dynamixel_sdk_custom_interfaces_s__rosidl_typesupport_fastrtps_c.cpython-38-aarch64-linux-gnu.so
[3.528s] -- Up-to-date: /home/xinchen/Dev/SRTP/install/dynamixel_sdk_custom_interfaces/lib/python3.8/site-packages/dynamixel_sdk_custom_interfaces/dynamixel_sdk_custom_interfaces_s__rosidl_typesupport_introspection_c.cpython-38-aarch64-linux-gnu.so
[3.528s] -- Up-to-date: /home/xinchen/Dev/SRTP/install/dynamixel_sdk_custom_interfaces/lib/python3.8/site-packages/dynamixel_sdk_custom_interfaces/dynamixel_sdk_custom_interfaces_s__rosidl_typesupport_c.cpython-38-aarch64-linux-gnu.so
[3.529s] -- Up-to-date: /home/xinchen/Dev/SRTP/install/dynamixel_sdk_custom_interfaces/lib/libdynamixel_sdk_custom_interfaces__python.so
[3.529s] -- Up-to-date: /home/xinchen/Dev/SRTP/install/dynamixel_sdk_custom_interfaces/share/dynamixel_sdk_custom_interfaces/msg/SetPosition.idl
[3.529s] -- Up-to-date: /home/xinchen/Dev/SRTP/install/dynamixel_sdk_custom_interfaces/share/dynamixel_sdk_custom_interfaces/srv/GetPosition.idl
[3.529s] -- Up-to-date: /home/xinchen/Dev/SRTP/install/dynamixel_sdk_custom_interfaces/share/dynamixel_sdk_custom_interfaces/msg/SetPosition.msg
[3.529s] -- Up-to-date: /home/xinchen/Dev/SRTP/install/dynamixel_sdk_custom_interfaces/share/dynamixel_sdk_custom_interfaces/srv/GetPosition.srv
[3.529s] -- Up-to-date: /home/xinchen/Dev/SRTP/install/dynamixel_sdk_custom_interfaces/share/dynamixel_sdk_custom_interfaces/srv/GetPosition_Request.msg
[3.530s] -- Up-to-date: /home/xinchen/Dev/SRTP/install/dynamixel_sdk_custom_interfaces/share/dynamixel_sdk_custom_interfaces/srv/GetPosition_Response.msg
[3.530s] -- Up-to-date: /home/xinchen/Dev/SRTP/install/dynamixel_sdk_custom_interfaces/share/ament_index/resource_index/package_run_dependencies/dynamixel_sdk_custom_interfaces
[3.530s] -- Up-to-date: /home/xinchen/Dev/SRTP/install/dynamixel_sdk_custom_interfaces/share/ament_index/resource_index/parent_prefix_path/dynamixel_sdk_custom_interfaces
[3.530s] -- Up-to-date: /home/xinchen/Dev/SRTP/install/dynamixel_sdk_custom_interfaces/share/dynamixel_sdk_custom_interfaces/environment/ament_prefix_path.sh
[3.530s] -- Installing: /home/xinchen/Dev/SRTP/install/dynamixel_sdk_custom_interfaces/share/dynamixel_sdk_custom_interfaces/environment/ament_prefix_path.dsv
[3.530s] -- Up-to-date: /home/xinchen/Dev/SRTP/install/dynamixel_sdk_custom_interfaces/share/dynamixel_sdk_custom_interfaces/environment/path.sh
[3.531s] -- Installing: /home/xinchen/Dev/SRTP/install/dynamixel_sdk_custom_interfaces/share/dynamixel_sdk_custom_interfaces/environment/path.dsv
[3.532s] -- Up-to-date: /home/xinchen/Dev/SRTP/install/dynamixel_sdk_custom_interfaces/share/dynamixel_sdk_custom_interfaces/local_setup.bash
[3.532s] -- Up-to-date: /home/xinchen/Dev/SRTP/install/dynamixel_sdk_custom_interfaces/share/dynamixel_sdk_custom_interfaces/local_setup.sh
[3.532s] -- Up-to-date: /home/xinchen/Dev/SRTP/install/dynamixel_sdk_custom_interfaces/share/dynamixel_sdk_custom_interfaces/local_setup.zsh
[3.532s] -- Installing: /home/xinchen/Dev/SRTP/install/dynamixel_sdk_custom_interfaces/share/dynamixel_sdk_custom_interfaces/local_setup.dsv
[3.533s] -- Installing: /home/xinchen/Dev/SRTP/install/dynamixel_sdk_custom_interfaces/share/dynamixel_sdk_custom_interfaces/package.dsv
[3.533s] -- Up-to-date: /home/xinchen/Dev/SRTP/install/dynamixel_sdk_custom_interfaces/share/ament_index/resource_index/packages/dynamixel_sdk_custom_interfaces
[3.533s] -- Up-to-date: /home/xinchen/Dev/SRTP/install/dynamixel_sdk_custom_interfaces/share/dynamixel_sdk_custom_interfaces/cmake/dynamixel_sdk_custom_interfaces__rosidl_generator_cExport.cmake
[3.533s] -- Installing: /home/xinchen/Dev/SRTP/install/dynamixel_sdk_custom_interfaces/share/dynamixel_sdk_custom_interfaces/cmake/dynamixel_sdk_custom_interfaces__rosidl_generator_cExport-noconfig.cmake
[3.533s] -- Up-to-date: /home/xinchen/Dev/SRTP/install/dynamixel_sdk_custom_interfaces/share/dynamixel_sdk_custom_interfaces/cmake/dynamixel_sdk_custom_interfaces__rosidl_typesupport_introspection_cExport.cmake
[3.533s] -- Installing: /home/xinchen/Dev/SRTP/install/dynamixel_sdk_custom_interfaces/share/dynamixel_sdk_custom_interfaces/cmake/dynamixel_sdk_custom_interfaces__rosidl_typesupport_introspection_cExport-noconfig.cmake
[3.534s] -- Up-to-date: /home/xinchen/Dev/SRTP/install/dynamixel_sdk_custom_interfaces/share/dynamixel_sdk_custom_interfaces/cmake/dynamixel_sdk_custom_interfaces__rosidl_typesupport_cExport.cmake
[3.534s] -- Installing: /home/xinchen/Dev/SRTP/install/dynamixel_sdk_custom_interfaces/share/dynamixel_sdk_custom_interfaces/cmake/dynamixel_sdk_custom_interfaces__rosidl_typesupport_cExport-noconfig.cmake
[3.534s] -- Up-to-date: /home/xinchen/Dev/SRTP/install/dynamixel_sdk_custom_interfaces/share/dynamixel_sdk_custom_interfaces/cmake/dynamixel_sdk_custom_interfaces__rosidl_generator_cppExport.cmake
[3.535s] -- Up-to-date: /home/xinchen/Dev/SRTP/install/dynamixel_sdk_custom_interfaces/share/dynamixel_sdk_custom_interfaces/cmake/dynamixel_sdk_custom_interfaces__rosidl_typesupport_introspection_cppExport.cmake
[3.535s] -- Installing: /home/xinchen/Dev/SRTP/install/dynamixel_sdk_custom_interfaces/share/dynamixel_sdk_custom_interfaces/cmake/dynamixel_sdk_custom_interfaces__rosidl_typesupport_introspection_cppExport-noconfig.cmake
[3.536s] -- Up-to-date: /home/xinchen/Dev/SRTP/install/dynamixel_sdk_custom_interfaces/share/dynamixel_sdk_custom_interfaces/cmake/dynamixel_sdk_custom_interfaces__rosidl_typesupport_cppExport.cmake
[3.536s] -- Installing: /home/xinchen/Dev/SRTP/install/dynamixel_sdk_custom_interfaces/share/dynamixel_sdk_custom_interfaces/cmake/dynamixel_sdk_custom_interfaces__rosidl_typesupport_cppExport-noconfig.cmake
[3.543s] -- Up-to-date: /home/xinchen/Dev/SRTP/install/dynamixel_sdk_custom_interfaces/share/dynamixel_sdk_custom_interfaces/cmake/rosidl_cmake-extras.cmake
[3.543s] -- Up-to-date: /home/xinchen/Dev/SRTP/install/dynamixel_sdk_custom_interfaces/share/dynamixel_sdk_custom_interfaces/cmake/ament_cmake_export_dependencies-extras.cmake
[3.544s] -- Up-to-date: /home/xinchen/Dev/SRTP/install/dynamixel_sdk_custom_interfaces/share/dynamixel_sdk_custom_interfaces/cmake/ament_cmake_export_libraries-extras.cmake
[3.544s] -- Up-to-date: /home/xinchen/Dev/SRTP/install/dynamixel_sdk_custom_interfaces/share/dynamixel_sdk_custom_interfaces/cmake/ament_cmake_export_targets-extras.cmake
[3.544s] -- Up-to-date: /home/xinchen/Dev/SRTP/install/dynamixel_sdk_custom_interfaces/share/dynamixel_sdk_custom_interfaces/cmake/ament_cmake_export_include_directories-extras.cmake
[3.544s] -- Up-to-date: /home/xinchen/Dev/SRTP/install/dynamixel_sdk_custom_interfaces/share/dynamixel_sdk_custom_interfaces/cmake/rosidl_cmake_export_typesupport_libraries-extras.cmake
[3.545s] -- Up-to-date: /home/xinchen/Dev/SRTP/install/dynamixel_sdk_custom_interfaces/share/dynamixel_sdk_custom_interfaces/cmake/rosidl_cmake_export_typesupport_targets-extras.cmake
[3.545s] -- Up-to-date: /home/xinchen/Dev/SRTP/install/dynamixel_sdk_custom_interfaces/share/dynamixel_sdk_custom_interfaces/cmake/dynamixel_sdk_custom_interfacesConfig.cmake
[3.545s] -- Up-to-date: /home/xinchen/Dev/SRTP/install/dynamixel_sdk_custom_interfaces/share/dynamixel_sdk_custom_interfaces/cmake/dynamixel_sdk_custom_interfacesConfig-version.cmake
[3.545s] -- Up-to-date: /home/xinchen/Dev/SRTP/install/dynamixel_sdk_custom_interfaces/share/dynamixel_sdk_custom_interfaces/package.xml
[3.577s] Invoked command in '/home/xinchen/Dev/SRTP/build/dynamixel_sdk_custom_interfaces' returned '0': CMAKE_PREFIX_PATH=${CMAKE_PREFIX_PATH}:/opt/ros/foxy /usr/bin/cmake --install /home/xinchen/Dev/SRTP/build/dynamixel_sdk_custom_interfaces
