[0.175s] Invoking command in '/home/xinchen/Dev/SRTP/build/motor_controller': AMENT_PREFIX_PATH=/home/xinchen/Dev/SRTP/install/custom_interface:${AMENT_PREFIX_PATH} CMAKE_PREFIX_PATH=/home/xinchen/Dev/SRTP/install/custom_interface:/home/xinchen/Dev/SRTP/install/motor_controller:/home/xinchen/Dev/SRTP/install/launch_files:/home/xinchen/Dev/SRTP/install/dynamixel_workbench:/home/xinchen/Dev/SRTP/install/dynamixel_workbench_toolbox:/home/xinchen/Dev/SRTP/install/dynamixel_sdk_examples:/home/xinchen/Dev/SRTP/install/dynamixel_sdk_custom_interfaces:/home/xinchen/Dev/SRTP/install/dynamixel_sdk:/opt/ros/foxy LD_LIBRARY_PATH=/home/xinchen/Dev/SRTP/install/custom_interface/lib:${LD_LIBRARY_PATH} PYTHONPATH=/home/xinchen/Dev/SRTP/install/custom_interface/lib/python3.8/site-packages:${PYTHONPATH} /usr/bin/cmake --build /home/xinchen/Dev/SRTP/build/motor_controller -- -j6 -l6
[0.307s] [35m[1mScanning dependencies of target torque_controller[0m
[0.408s] [ 50%] Built target position_controller
[0.420s] [ 75%] [32mBuilding CXX object CMakeFiles/torque_controller.dir/src/torque_controller.cpp.o[0m
[5.647s] In file included from [01m[K/usr/include/aarch64-linux-gnu/c++/9/bits/c++allocator.h:33[m[K,
[5.648s]                  from [01m[K/usr/include/c++/9/bits/allocator.h:46[m[K,
[5.648s]                  from [01m[K/usr/include/c++/9/memory:63[m[K,
[5.648s]                  from [01m[K/home/xinchen/Dev/SRTP/src/motor_controller/src/torque_controller.cpp:1[m[K:
[5.648s] /usr/include/c++/9/ext/new_allocator.h: In instantiation of ‘[01m[Kvoid __gnu_cxx::new_allocator<_Tp>::construct(_Up*, _Args&& ...) [with _Up = TorqueController; _Args = {}; _Tp = TorqueController][m[K’:
[5.648s] [01m[K/usr/include/c++/9/bits/alloc_traits.h:483:4:[m[K   required from ‘[01m[Kstatic void std::allocator_traits<std::allocator<_Tp1> >::construct(std::allocator_traits<std::allocator<_Tp1> >::allocator_type&, _Up*, _Args&& ...) [with _Up = TorqueController; _Args = {}; _Tp = TorqueController; std::allocator_traits<std::allocator<_Tp1> >::allocator_type = std::allocator<TorqueController>][m[K’
[5.649s] [01m[K/usr/include/c++/9/bits/shared_ptr_base.h:548:39:[m[K   required from ‘[01m[Kstd::_Sp_counted_ptr_inplace<_Tp, _Alloc, _Lp>::_Sp_counted_ptr_inplace(_Alloc, _Args&& ...) [with _Args = {}; _Tp = TorqueController; _Alloc = std::allocator<TorqueController>; __gnu_cxx::_Lock_policy _Lp = __gnu_cxx::_S_atomic][m[K’
[5.649s] [01m[K/usr/include/c++/9/bits/shared_ptr_base.h:679:16:[m[K   required from ‘[01m[Kstd::__shared_count<_Lp>::__shared_count(_Tp*&, std::_Sp_alloc_shared_tag<_Alloc>, _Args&& ...) [with _Tp = TorqueController; _Alloc = std::allocator<TorqueController>; _Args = {}; __gnu_cxx::_Lock_policy _Lp = __gnu_cxx::_S_atomic][m[K’
[5.649s] [01m[K/usr/include/c++/9/bits/shared_ptr_base.h:1344:71:[m[K   required from ‘[01m[Kstd::__shared_ptr<_Tp, _Lp>::__shared_ptr(std::_Sp_alloc_shared_tag<_Tp>, _Args&& ...) [with _Alloc = std::allocator<TorqueController>; _Args = {}; _Tp = TorqueController; __gnu_cxx::_Lock_policy _Lp = __gnu_cxx::_S_atomic][m[K’
[5.649s] [01m[K/usr/include/c++/9/bits/shared_ptr.h:359:59:[m[K   required from ‘[01m[Kstd::shared_ptr<_Tp>::shared_ptr(std::_Sp_alloc_shared_tag<_Tp>, _Args&& ...) [with _Alloc = std::allocator<TorqueController>; _Args = {}; _Tp = TorqueController][m[K’
[5.649s] [01m[K/usr/include/c++/9/bits/shared_ptr.h:701:14:[m[K   required from ‘[01m[Kstd::shared_ptr<_Tp> std::allocate_shared(const _Alloc&, _Args&& ...) [with _Tp = TorqueController; _Alloc = std::allocator<TorqueController>; _Args = {}][m[K’
[5.649s] [01m[K/usr/include/c++/9/bits/shared_ptr.h:717:39:[m[K   required from ‘[01m[Kstd::shared_ptr<_Tp> std::make_shared(_Args&& ...) [with _Tp = TorqueController; _Args = {}][m[K’
[5.649s] [01m[K/home/xinchen/Dev/SRTP/src/motor_controller/src/torque_controller.cpp:42:53:[m[K   required from here
[5.650s] [01m[K/usr/include/c++/9/ext/new_allocator.h:146:4:[m[K [01;31m[Kerror: [m[K‘[01m[KTorqueController::TorqueController()[m[K’ is private within this context
[5.650s]   146 |  { [01;31m[K::new((void *)__p) _Up(std::forward<_Args>(__args)...)[m[K; }
[5.650s]       |    [01;31m[K^~~~~~~~~~~~~~~~~~~~~~~~~~~~~~~~~~~~~~~~~~~~~~~~~~~~~~[m[K
[5.650s] [01m[K/home/xinchen/Dev/SRTP/src/motor_controller/src/torque_controller.cpp:18:5:[m[K [01;36m[Knote: [m[Kdeclared private here
[5.650s]    18 |     [01;36m[KTorqueController[m[K() : Node("TorqueContoller")
[5.650s]       |     [01;36m[K^~~~~~~~~~~~~~~~[m[K
[7.612s] make[2]: *** [CMakeFiles/torque_controller.dir/build.make:63: CMakeFiles/torque_controller.dir/src/torque_controller.cpp.o] Error 1
[7.613s] make[1]: *** [CMakeFiles/Makefile2:107: CMakeFiles/torque_controller.dir/all] Error 2
[7.614s] make: *** [Makefile:141: all] Error 2
[7.628s] Invoked command in '/home/xinchen/Dev/SRTP/build/motor_controller' returned '2': AMENT_PREFIX_PATH=/home/xinchen/Dev/SRTP/install/custom_interface:${AMENT_PREFIX_PATH} CMAKE_PREFIX_PATH=/home/xinchen/Dev/SRTP/install/custom_interface:/home/xinchen/Dev/SRTP/install/motor_controller:/home/xinchen/Dev/SRTP/install/launch_files:/home/xinchen/Dev/SRTP/install/dynamixel_workbench:/home/xinchen/Dev/SRTP/install/dynamixel_workbench_toolbox:/home/xinchen/Dev/SRTP/install/dynamixel_sdk_examples:/home/xinchen/Dev/SRTP/install/dynamixel_sdk_custom_interfaces:/home/xinchen/Dev/SRTP/install/dynamixel_sdk:/opt/ros/foxy LD_LIBRARY_PATH=/home/xinchen/Dev/SRTP/install/custom_interface/lib:${LD_LIBRARY_PATH} PYTHONPATH=/home/xinchen/Dev/SRTP/install/custom_interface/lib/python3.8/site-packages:${PYTHONPATH} /usr/bin/cmake --build /home/xinchen/Dev/SRTP/build/motor_controller -- -j6 -l6
