[0.058s] Invoking command in '/home/xinchen/Dev/SRTP/build/custom_interface': CMAKE_PREFIX_PATH=${CMAKE_PREFIX_PATH}:/opt/ros/foxy /usr/bin/cmake --build /home/xinchen/Dev/SRTP/build/custom_interface -- -j6 -l6
[0.170s] -- Found ament_cmake: 0.9.12 (/opt/ros/foxy/share/ament_cmake/cmake)
[0.220s] -- Using PYTHON_EXECUTABLE: /usr/bin/python3
[0.685s] -- Found rosidl_default_generators: 1.0.1 (/opt/ros/foxy/share/rosidl_default_generators/cmake)
[0.701s] -- Using all available rosidl_typesupport_c: rosidl_typesupport_fastrtps_c;rosidl_typesupport_introspection_c
[0.733s] -- Found rosidl_adapter: 1.3.1 (/opt/ros/foxy/share/rosidl_adapter/cmake)
[1.063s] -- Found OpenSSL: /usr/lib/aarch64-linux-gnu/libcrypto.so (found version "1.1.1f")  
[1.138s] -- Found FastRTPS: /opt/ros/foxy/include  
[1.346s] -- Using all available rosidl_typesupport_cpp: rosidl_typesupport_fastrtps_cpp;rosidl_typesupport_introspection_cpp
[1.543s] -- Found PythonInterp: /usr/bin/python3 (found version "3.8.10") 
[2.073s] CMake Error at /opt/ros/foxy/share/rosidl_adapter/cmake/rosidl_adapt_interfaces.cmake:60 (message):
[2.074s]   execute_process(/usr/bin/python3 -m rosidl_adapter --package-name
[2.074s]   custom_interface --arguments-file
[2.074s]   /home/xinchen/Dev/SRTP/build/custom_interface/rosidl_adapter__arguments__custom_interface.json
[2.074s]   --output-dir
[2.074s]   /home/xinchen/Dev/SRTP/build/custom_interface/rosidl_adapter/custom_interface
[2.075s]   --output-file
[2.075s]   /home/xinchen/Dev/SRTP/build/custom_interface/rosidl_adapter/custom_interface.idls)
[2.075s]   returned error code 1:
[2.075s] 
[2.075s]   Error processing 'float torque' of 'custom_interface/Torque': ''float' is
[2.075s]   an invalid message name.  It should have the pattern '^[A-Z][A-Za-z0-9]*$''
[2.075s] 
[2.076s]   Traceback (most recent call last):
[2.083s] 
[2.083s]     File "/usr/lib/python3.8/runpy.py", line 194, in _run_module_as_main
[2.083s]       return _run_code(code, main_globals, None,
[2.083s]     File "/usr/lib/python3.8/runpy.py", line 87, in _run_code
[2.083s]       exec(code, run_globals)
[2.084s]     File "/opt/ros/foxy/lib/python3.8/site-packages/rosidl_adapter/__main__.py", line 19, in <module>
[2.084s]       sys.exit(main())
[2.084s]     File "/opt/ros/foxy/lib/python3.8/site-packages/rosidl_adapter/main.py", line 53, in main
[2.084s]       abs_idl_file = convert_to_idl(
[2.084s]     File "/opt/ros/foxy/lib/python3.8/site-packages/rosidl_adapter/__init__.py", line 19, in convert_to_idl
[2.084s]       return convert_msg_to_idl(
[2.084s]     File "/opt/ros/foxy/lib/python3.8/site-packages/rosidl_adapter/msg/__init__.py", line 28, in convert_msg_to_idl
[2.084s]       msg = parse_message_string(package_name, input_file.stem, content)
[2.085s]     File "/opt/ros/foxy/lib/python3.8/site-packages/rosidl_adapter/parser.py", line 516, in parse_message_string
[2.085s]       Type(type_string, context_package_name=pkg_name),
[2.085s]     File "/opt/ros/foxy/lib/python3.8/site-packages/rosidl_adapter/parser.py", line 276, in __init__
[2.085s]       super(Type, self).__init__(
[2.085s]     File "/opt/ros/foxy/lib/python3.8/site-packages/rosidl_adapter/parser.py", line 204, in __init__
[2.085s]       raise InvalidResourceName(
[2.085s] 
[2.085s]   rosidl_adapter.parser.InvalidResourceName: 'float' is an invalid message
[2.086s]   name.  It should have the pattern '^[A-Z][A-Za-z0-9]*$'
[2.086s] 
[2.086s] Call Stack (most recent call first):
[2.086s]   /opt/ros/foxy/share/rosidl_cmake/cmake/rosidl_generate_interfaces.cmake:130 (rosidl_adapt_interfaces)
[2.086s]   CMakeLists.txt:25 (rosidl_generate_interfaces)
[2.086s] 
[2.086s] 
[2.086s] -- Configuring incomplete, errors occurred!
[2.087s] See also "/home/xinchen/Dev/SRTP/build/custom_interface/CMakeFiles/CMakeOutput.log".
[2.093s] make: *** [Makefile:222: cmake_check_build_system] Error 1
[2.099s] Invoked command in '/home/xinchen/Dev/SRTP/build/custom_interface' returned '2': CMAKE_PREFIX_PATH=${CMAKE_PREFIX_PATH}:/opt/ros/foxy /usr/bin/cmake --build /home/xinchen/Dev/SRTP/build/custom_interface -- -j6 -l6
