[1.270s] DEBUG:colcon:Command line arguments: ['/usr/bin/colcon', 'build']
[1.270s] DEBUG:colcon:Parsed command line arguments: Namespace(allow_overriding=[], ament_cmake_args=None, base_paths=['.'], build_base='build', catkin_cmake_args=None, catkin_skip_building_tests=False, cmake_args=None, cmake_clean_cache=False, cmake_clean_first=False, cmake_force_configure=False, cmake_target=None, cmake_target_skip_unavailable=False, continue_on_error=False, event_handlers=None, executor='parallel', ignore_user_meta=False, install_base='install', log_base=None, log_level=None, main=<bound method BuildVerb.main of <colcon_core.verb.build.BuildVerb object at 0xffffa40337c0>>, merge_install=False, metas=['./colcon.meta'], packages_above=None, packages_above_and_dependencies=None, packages_above_depth=None, packages_end=None, packages_ignore=None, packages_ignore_regex=None, packages_select=None, packages_select_build_failed=False, packages_select_by_dep=None, packages_select_regex=None, packages_select_test_failures=False, packages_skip=None, packages_skip_build_finished=False, packages_skip_by_dep=None, packages_skip_regex=None, packages_skip_test_passed=False, packages_skip_up_to=None, packages_start=None, packages_up_to=None, packages_up_to_regex=None, parallel_workers=6, paths=None, symlink_install=False, test_result_base=None, verb_extension=<colcon_core.verb.build.BuildVerb object at 0xffffa40337c0>, verb_name='build', verb_parser=<colcon_defaults.argument_parser.defaults.DefaultArgumentsDecorator object at 0xffffa4033d30>)
[1.373s] Level 1:colcon.colcon_core.package_discovery:discover_packages(colcon_meta) check parameters
[1.374s] Level 1:colcon.colcon_core.package_discovery:discover_packages(recursive) check parameters
[1.374s] Level 1:colcon.colcon_core.package_discovery:discover_packages(ignore) check parameters
[1.374s] Level 1:colcon.colcon_core.package_discovery:discover_packages(path) check parameters
[1.374s] Level 1:colcon.colcon_core.package_discovery:discover_packages(colcon_meta) discover
[1.374s] Level 1:colcon.colcon_core.package_discovery:discover_packages(recursive) discover
[1.374s] INFO:colcon.colcon_core.package_discovery:Crawling recursively for packages in '/home/xinchen/Dev/SRTP'
[1.375s] Level 1:colcon.colcon_core.package_identification:_identify(.) by extensions ['ignore', 'ignore_ament_install']
[1.375s] Level 1:colcon.colcon_core.package_identification:_identify(.) by extension 'ignore'
[1.375s] Level 1:colcon.colcon_core.package_identification:_identify(.) by extension 'ignore_ament_install'
[1.375s] Level 1:colcon.colcon_core.package_identification:_identify(.) by extensions ['colcon_pkg']
[1.375s] Level 1:colcon.colcon_core.package_identification:_identify(.) by extension 'colcon_pkg'
[1.375s] Level 1:colcon.colcon_core.package_identification:_identify(.) by extensions ['colcon_meta']
[1.375s] Level 1:colcon.colcon_core.package_identification:_identify(.) by extension 'colcon_meta'
[1.376s] Level 1:colcon.colcon_core.package_identification:_identify(.) by extensions ['ros']
[1.376s] Level 1:colcon.colcon_core.package_identification:_identify(.) by extension 'ros'
[1.402s] Level 1:colcon.colcon_core.package_identification:_identify(.) by extensions ['cmake', 'python']
[1.402s] Level 1:colcon.colcon_core.package_identification:_identify(.) by extension 'cmake'
[1.402s] Level 1:colcon.colcon_core.package_identification:_identify(.) by extension 'python'
[1.402s] Level 1:colcon.colcon_core.package_identification:_identify(.) by extensions ['python_setup_py']
[1.403s] Level 1:colcon.colcon_core.package_identification:_identify(.) by extension 'python_setup_py'
[1.403s] Level 1:colcon.colcon_core.package_identification:_identify(build) by extensions ['ignore', 'ignore_ament_install']
[1.403s] Level 1:colcon.colcon_core.package_identification:_identify(build) by extension 'ignore'
[1.403s] Level 1:colcon.colcon_core.package_identification:_identify(build) ignored
[1.404s] Level 1:colcon.colcon_core.package_identification:_identify(install) by extensions ['ignore', 'ignore_ament_install']
[1.404s] Level 1:colcon.colcon_core.package_identification:_identify(install) by extension 'ignore'
[1.404s] Level 1:colcon.colcon_core.package_identification:_identify(install) ignored
[1.404s] Level 1:colcon.colcon_core.package_identification:_identify(log) by extensions ['ignore', 'ignore_ament_install']
[1.404s] Level 1:colcon.colcon_core.package_identification:_identify(log) by extension 'ignore'
[1.404s] Level 1:colcon.colcon_core.package_identification:_identify(log) ignored
[1.405s] Level 1:colcon.colcon_core.package_identification:_identify(src) by extensions ['ignore', 'ignore_ament_install']
[1.405s] Level 1:colcon.colcon_core.package_identification:_identify(src) by extension 'ignore'
[1.405s] Level 1:colcon.colcon_core.package_identification:_identify(src) by extension 'ignore_ament_install'
[1.405s] Level 1:colcon.colcon_core.package_identification:_identify(src) by extensions ['colcon_pkg']
[1.405s] Level 1:colcon.colcon_core.package_identification:_identify(src) by extension 'colcon_pkg'
[1.405s] Level 1:colcon.colcon_core.package_identification:_identify(src) by extensions ['colcon_meta']
[1.405s] Level 1:colcon.colcon_core.package_identification:_identify(src) by extension 'colcon_meta'
[1.405s] Level 1:colcon.colcon_core.package_identification:_identify(src) by extensions ['ros']
[1.406s] Level 1:colcon.colcon_core.package_identification:_identify(src) by extension 'ros'
[1.406s] Level 1:colcon.colcon_core.package_identification:_identify(src) by extensions ['cmake', 'python']
[1.406s] Level 1:colcon.colcon_core.package_identification:_identify(src) by extension 'cmake'
[1.406s] Level 1:colcon.colcon_core.package_identification:_identify(src) by extension 'python'
[1.406s] Level 1:colcon.colcon_core.package_identification:_identify(src) by extensions ['python_setup_py']
[1.406s] Level 1:colcon.colcon_core.package_identification:_identify(src) by extension 'python_setup_py'
[1.406s] Level 1:colcon.colcon_core.package_identification:_identify(src/DynamixelSDK) by extensions ['ignore', 'ignore_ament_install']
[1.407s] Level 1:colcon.colcon_core.package_identification:_identify(src/DynamixelSDK) by extension 'ignore'
[1.407s] Level 1:colcon.colcon_core.package_identification:_identify(src/DynamixelSDK) by extension 'ignore_ament_install'
[1.407s] Level 1:colcon.colcon_core.package_identification:_identify(src/DynamixelSDK) by extensions ['colcon_pkg']
[1.407s] Level 1:colcon.colcon_core.package_identification:_identify(src/DynamixelSDK) by extension 'colcon_pkg'
[1.407s] Level 1:colcon.colcon_core.package_identification:_identify(src/DynamixelSDK) by extensions ['colcon_meta']
[1.407s] Level 1:colcon.colcon_core.package_identification:_identify(src/DynamixelSDK) by extension 'colcon_meta'
[1.407s] Level 1:colcon.colcon_core.package_identification:_identify(src/DynamixelSDK) by extensions ['ros']
[1.407s] Level 1:colcon.colcon_core.package_identification:_identify(src/DynamixelSDK) by extension 'ros'
[1.408s] Level 1:colcon.colcon_core.package_identification:_identify(src/DynamixelSDK) by extensions ['cmake', 'python']
[1.408s] Level 1:colcon.colcon_core.package_identification:_identify(src/DynamixelSDK) by extension 'cmake'
[1.408s] Level 1:colcon.colcon_core.package_identification:_identify(src/DynamixelSDK) by extension 'python'
[1.408s] Level 1:colcon.colcon_core.package_identification:_identify(src/DynamixelSDK) by extensions ['python_setup_py']
[1.408s] Level 1:colcon.colcon_core.package_identification:_identify(src/DynamixelSDK) by extension 'python_setup_py'
[1.408s] Level 1:colcon.colcon_core.package_identification:_identify(src/DynamixelSDK/dynamixel_sdk) by extensions ['ignore', 'ignore_ament_install']
[1.408s] Level 1:colcon.colcon_core.package_identification:_identify(src/DynamixelSDK/dynamixel_sdk) by extension 'ignore'
[1.409s] Level 1:colcon.colcon_core.package_identification:_identify(src/DynamixelSDK/dynamixel_sdk) by extension 'ignore_ament_install'
[1.409s] Level 1:colcon.colcon_core.package_identification:_identify(src/DynamixelSDK/dynamixel_sdk) by extensions ['colcon_pkg']
[1.409s] Level 1:colcon.colcon_core.package_identification:_identify(src/DynamixelSDK/dynamixel_sdk) by extension 'colcon_pkg'
[1.409s] Level 1:colcon.colcon_core.package_identification:_identify(src/DynamixelSDK/dynamixel_sdk) by extensions ['colcon_meta']
[1.409s] Level 1:colcon.colcon_core.package_identification:_identify(src/DynamixelSDK/dynamixel_sdk) by extension 'colcon_meta'
[1.409s] Level 1:colcon.colcon_core.package_identification:_identify(src/DynamixelSDK/dynamixel_sdk) by extensions ['ros']
[1.409s] Level 1:colcon.colcon_core.package_identification:_identify(src/DynamixelSDK/dynamixel_sdk) by extension 'ros'
[1.415s] DEBUG:colcon.colcon_core.package_identification:Package 'src/DynamixelSDK/dynamixel_sdk' with type 'ros.ament_cmake' and name 'dynamixel_sdk'
[1.416s] Level 1:colcon.colcon_core.package_identification:_identify(src/DynamixelSDK/dynamixel_sdk_custom_interfaces) by extensions ['ignore', 'ignore_ament_install']
[1.416s] Level 1:colcon.colcon_core.package_identification:_identify(src/DynamixelSDK/dynamixel_sdk_custom_interfaces) by extension 'ignore'
[1.416s] Level 1:colcon.colcon_core.package_identification:_identify(src/DynamixelSDK/dynamixel_sdk_custom_interfaces) by extension 'ignore_ament_install'
[1.416s] Level 1:colcon.colcon_core.package_identification:_identify(src/DynamixelSDK/dynamixel_sdk_custom_interfaces) by extensions ['colcon_pkg']
[1.417s] Level 1:colcon.colcon_core.package_identification:_identify(src/DynamixelSDK/dynamixel_sdk_custom_interfaces) by extension 'colcon_pkg'
[1.417s] Level 1:colcon.colcon_core.package_identification:_identify(src/DynamixelSDK/dynamixel_sdk_custom_interfaces) by extensions ['colcon_meta']
[1.417s] Level 1:colcon.colcon_core.package_identification:_identify(src/DynamixelSDK/dynamixel_sdk_custom_interfaces) by extension 'colcon_meta'
[1.417s] Level 1:colcon.colcon_core.package_identification:_identify(src/DynamixelSDK/dynamixel_sdk_custom_interfaces) by extensions ['ros']
[1.417s] Level 1:colcon.colcon_core.package_identification:_identify(src/DynamixelSDK/dynamixel_sdk_custom_interfaces) by extension 'ros'
[1.418s] DEBUG:colcon.colcon_core.package_identification:Package 'src/DynamixelSDK/dynamixel_sdk_custom_interfaces' with type 'ros.ament_cmake' and name 'dynamixel_sdk_custom_interfaces'
[1.419s] Level 1:colcon.colcon_core.package_identification:_identify(src/DynamixelSDK/dynamixel_sdk_examples) by extensions ['ignore', 'ignore_ament_install']
[1.419s] Level 1:colcon.colcon_core.package_identification:_identify(src/DynamixelSDK/dynamixel_sdk_examples) by extension 'ignore'
[1.419s] Level 1:colcon.colcon_core.package_identification:_identify(src/DynamixelSDK/dynamixel_sdk_examples) by extension 'ignore_ament_install'
[1.419s] Level 1:colcon.colcon_core.package_identification:_identify(src/DynamixelSDK/dynamixel_sdk_examples) by extensions ['colcon_pkg']
[1.419s] Level 1:colcon.colcon_core.package_identification:_identify(src/DynamixelSDK/dynamixel_sdk_examples) by extension 'colcon_pkg'
[1.420s] Level 1:colcon.colcon_core.package_identification:_identify(src/DynamixelSDK/dynamixel_sdk_examples) by extensions ['colcon_meta']
[1.420s] Level 1:colcon.colcon_core.package_identification:_identify(src/DynamixelSDK/dynamixel_sdk_examples) by extension 'colcon_meta'
[1.420s] Level 1:colcon.colcon_core.package_identification:_identify(src/DynamixelSDK/dynamixel_sdk_examples) by extensions ['ros']
[1.420s] Level 1:colcon.colcon_core.package_identification:_identify(src/DynamixelSDK/dynamixel_sdk_examples) by extension 'ros'
[1.422s] DEBUG:colcon.colcon_core.package_identification:Package 'src/DynamixelSDK/dynamixel_sdk_examples' with type 'ros.ament_cmake' and name 'dynamixel_sdk_examples'
[1.422s] Level 1:colcon.colcon_core.package_identification:_identify(src/dynamixel-workbench) by extensions ['ignore', 'ignore_ament_install']
[1.422s] Level 1:colcon.colcon_core.package_identification:_identify(src/dynamixel-workbench) by extension 'ignore'
[1.422s] Level 1:colcon.colcon_core.package_identification:_identify(src/dynamixel-workbench) by extension 'ignore_ament_install'
[1.423s] Level 1:colcon.colcon_core.package_identification:_identify(src/dynamixel-workbench) by extensions ['colcon_pkg']
[1.423s] Level 1:colcon.colcon_core.package_identification:_identify(src/dynamixel-workbench) by extension 'colcon_pkg'
[1.423s] Level 1:colcon.colcon_core.package_identification:_identify(src/dynamixel-workbench) by extensions ['colcon_meta']
[1.423s] Level 1:colcon.colcon_core.package_identification:_identify(src/dynamixel-workbench) by extension 'colcon_meta'
[1.423s] Level 1:colcon.colcon_core.package_identification:_identify(src/dynamixel-workbench) by extensions ['ros']
[1.423s] Level 1:colcon.colcon_core.package_identification:_identify(src/dynamixel-workbench) by extension 'ros'
[1.423s] Level 1:colcon.colcon_core.package_identification:_identify(src/dynamixel-workbench) by extensions ['cmake', 'python']
[1.423s] Level 1:colcon.colcon_core.package_identification:_identify(src/dynamixel-workbench) by extension 'cmake'
[1.423s] Level 1:colcon.colcon_core.package_identification:_identify(src/dynamixel-workbench) by extension 'python'
[1.424s] Level 1:colcon.colcon_core.package_identification:_identify(src/dynamixel-workbench) by extensions ['python_setup_py']
[1.424s] Level 1:colcon.colcon_core.package_identification:_identify(src/dynamixel-workbench) by extension 'python_setup_py'
[1.424s] Level 1:colcon.colcon_core.package_identification:_identify(src/dynamixel-workbench/dynamixel_workbench) by extensions ['ignore', 'ignore_ament_install']
[1.424s] Level 1:colcon.colcon_core.package_identification:_identify(src/dynamixel-workbench/dynamixel_workbench) by extension 'ignore'
[1.424s] Level 1:colcon.colcon_core.package_identification:_identify(src/dynamixel-workbench/dynamixel_workbench) by extension 'ignore_ament_install'
[1.424s] Level 1:colcon.colcon_core.package_identification:_identify(src/dynamixel-workbench/dynamixel_workbench) by extensions ['colcon_pkg']
[1.425s] Level 1:colcon.colcon_core.package_identification:_identify(src/dynamixel-workbench/dynamixel_workbench) by extension 'colcon_pkg'
[1.425s] Level 1:colcon.colcon_core.package_identification:_identify(src/dynamixel-workbench/dynamixel_workbench) by extensions ['colcon_meta']
[1.425s] Level 1:colcon.colcon_core.package_identification:_identify(src/dynamixel-workbench/dynamixel_workbench) by extension 'colcon_meta'
[1.425s] Level 1:colcon.colcon_core.package_identification:_identify(src/dynamixel-workbench/dynamixel_workbench) by extensions ['ros']
[1.425s] Level 1:colcon.colcon_core.package_identification:_identify(src/dynamixel-workbench/dynamixel_workbench) by extension 'ros'
[1.426s] DEBUG:colcon.colcon_core.package_identification:Package 'src/dynamixel-workbench/dynamixel_workbench' with type 'ros.ament_cmake' and name 'dynamixel_workbench'
[1.426s] Level 1:colcon.colcon_core.package_identification:_identify(src/dynamixel-workbench/dynamixel_workbench_toolbox) by extensions ['ignore', 'ignore_ament_install']
[1.427s] Level 1:colcon.colcon_core.package_identification:_identify(src/dynamixel-workbench/dynamixel_workbench_toolbox) by extension 'ignore'
[1.427s] Level 1:colcon.colcon_core.package_identification:_identify(src/dynamixel-workbench/dynamixel_workbench_toolbox) by extension 'ignore_ament_install'
[1.427s] Level 1:colcon.colcon_core.package_identification:_identify(src/dynamixel-workbench/dynamixel_workbench_toolbox) by extensions ['colcon_pkg']
[1.427s] Level 1:colcon.colcon_core.package_identification:_identify(src/dynamixel-workbench/dynamixel_workbench_toolbox) by extension 'colcon_pkg'
[1.427s] Level 1:colcon.colcon_core.package_identification:_identify(src/dynamixel-workbench/dynamixel_workbench_toolbox) by extensions ['colcon_meta']
[1.427s] Level 1:colcon.colcon_core.package_identification:_identify(src/dynamixel-workbench/dynamixel_workbench_toolbox) by extension 'colcon_meta'
[1.427s] Level 1:colcon.colcon_core.package_identification:_identify(src/dynamixel-workbench/dynamixel_workbench_toolbox) by extensions ['ros']
[1.427s] Level 1:colcon.colcon_core.package_identification:_identify(src/dynamixel-workbench/dynamixel_workbench_toolbox) by extension 'ros'
[1.429s] DEBUG:colcon.colcon_core.package_identification:Package 'src/dynamixel-workbench/dynamixel_workbench_toolbox' with type 'ros.ament_cmake' and name 'dynamixel_workbench_toolbox'
[1.429s] Level 1:colcon.colcon_core.package_identification:_identify(src/launch_files) by extensions ['ignore', 'ignore_ament_install']
[1.430s] Level 1:colcon.colcon_core.package_identification:_identify(src/launch_files) by extension 'ignore'
[1.430s] Level 1:colcon.colcon_core.package_identification:_identify(src/launch_files) by extension 'ignore_ament_install'
[1.430s] Level 1:colcon.colcon_core.package_identification:_identify(src/launch_files) by extensions ['colcon_pkg']
[1.430s] Level 1:colcon.colcon_core.package_identification:_identify(src/launch_files) by extension 'colcon_pkg'
[1.430s] Level 1:colcon.colcon_core.package_identification:_identify(src/launch_files) by extensions ['colcon_meta']
[1.430s] Level 1:colcon.colcon_core.package_identification:_identify(src/launch_files) by extension 'colcon_meta'
[1.430s] Level 1:colcon.colcon_core.package_identification:_identify(src/launch_files) by extensions ['ros']
[1.430s] Level 1:colcon.colcon_core.package_identification:_identify(src/launch_files) by extension 'ros'
[1.431s] DEBUG:colcon.colcon_core.package_identification:Package 'src/launch_files' with type 'ros.ament_cmake' and name 'launch_files'
[1.431s] Level 1:colcon.colcon_core.package_identification:_identify(src/motor_controller) by extensions ['ignore', 'ignore_ament_install']
[1.432s] Level 1:colcon.colcon_core.package_identification:_identify(src/motor_controller) by extension 'ignore'
[1.432s] Level 1:colcon.colcon_core.package_identification:_identify(src/motor_controller) by extension 'ignore_ament_install'
[1.432s] Level 1:colcon.colcon_core.package_identification:_identify(src/motor_controller) by extensions ['colcon_pkg']
[1.432s] Level 1:colcon.colcon_core.package_identification:_identify(src/motor_controller) by extension 'colcon_pkg'
[1.432s] Level 1:colcon.colcon_core.package_identification:_identify(src/motor_controller) by extensions ['colcon_meta']
[1.432s] Level 1:colcon.colcon_core.package_identification:_identify(src/motor_controller) by extension 'colcon_meta'
[1.432s] Level 1:colcon.colcon_core.package_identification:_identify(src/motor_controller) by extensions ['ros']
[1.432s] Level 1:colcon.colcon_core.package_identification:_identify(src/motor_controller) by extension 'ros'
[1.433s] DEBUG:colcon.colcon_core.package_identification:Package 'src/motor_controller' with type 'ros.ament_cmake' and name 'motor_controller'
[1.433s] Level 1:colcon.colcon_core.package_discovery:discover_packages(recursive) using defaults
[1.434s] Level 1:colcon.colcon_core.package_discovery:discover_packages(ignore) discover
[1.434s] Level 1:colcon.colcon_core.package_discovery:discover_packages(ignore) using defaults
[1.434s] Level 1:colcon.colcon_core.package_discovery:discover_packages(path) discover
[1.434s] Level 1:colcon.colcon_core.package_discovery:discover_packages(path) using defaults
[1.491s] Level 1:colcon.colcon_core.package_discovery:discover_packages(prefix_path) check parameters
[1.491s] Level 1:colcon.colcon_core.package_discovery:discover_packages(prefix_path) discover
[1.503s] DEBUG:colcon.colcon_installed_package_information.package_discovery:Found 308 installed packages in /opt/ros/foxy
[1.506s] Level 1:colcon.colcon_core.package_discovery:discover_packages(prefix_path) using defaults
[1.720s] Level 5:colcon.colcon_core.verb:set package 'dynamixel_sdk' build argument 'cmake_args' from command line to 'None'
[1.721s] Level 5:colcon.colcon_core.verb:set package 'dynamixel_sdk' build argument 'cmake_target' from command line to 'None'
[1.721s] Level 5:colcon.colcon_core.verb:set package 'dynamixel_sdk' build argument 'cmake_target_skip_unavailable' from command line to 'False'
[1.721s] Level 5:colcon.colcon_core.verb:set package 'dynamixel_sdk' build argument 'cmake_clean_cache' from command line to 'False'
[1.721s] Level 5:colcon.colcon_core.verb:set package 'dynamixel_sdk' build argument 'cmake_clean_first' from command line to 'False'
[1.721s] Level 5:colcon.colcon_core.verb:set package 'dynamixel_sdk' build argument 'cmake_force_configure' from command line to 'False'
[1.721s] Level 5:colcon.colcon_core.verb:set package 'dynamixel_sdk' build argument 'ament_cmake_args' from command line to 'None'
[1.721s] Level 5:colcon.colcon_core.verb:set package 'dynamixel_sdk' build argument 'catkin_cmake_args' from command line to 'None'
[1.721s] Level 5:colcon.colcon_core.verb:set package 'dynamixel_sdk' build argument 'catkin_skip_building_tests' from command line to 'False'
[1.721s] DEBUG:colcon.colcon_core.verb:Building package 'dynamixel_sdk' with the following arguments: {'ament_cmake_args': None, 'build_base': '/home/xinchen/Dev/SRTP/build/dynamixel_sdk', 'catkin_cmake_args': None, 'catkin_skip_building_tests': False, 'cmake_args': None, 'cmake_clean_cache': False, 'cmake_clean_first': False, 'cmake_force_configure': False, 'cmake_target': None, 'cmake_target_skip_unavailable': False, 'install_base': '/home/xinchen/Dev/SRTP/install/dynamixel_sdk', 'merge_install': False, 'path': '/home/xinchen/Dev/SRTP/src/DynamixelSDK/dynamixel_sdk', 'symlink_install': False, 'test_result_base': None}
[1.724s] Level 5:colcon.colcon_core.verb:set package 'dynamixel_sdk_custom_interfaces' build argument 'cmake_args' from command line to 'None'
[1.724s] Level 5:colcon.colcon_core.verb:set package 'dynamixel_sdk_custom_interfaces' build argument 'cmake_target' from command line to 'None'
[1.724s] Level 5:colcon.colcon_core.verb:set package 'dynamixel_sdk_custom_interfaces' build argument 'cmake_target_skip_unavailable' from command line to 'False'
[1.724s] Level 5:colcon.colcon_core.verb:set package 'dynamixel_sdk_custom_interfaces' build argument 'cmake_clean_cache' from command line to 'False'
[1.724s] Level 5:colcon.colcon_core.verb:set package 'dynamixel_sdk_custom_interfaces' build argument 'cmake_clean_first' from command line to 'False'
[1.725s] Level 5:colcon.colcon_core.verb:set package 'dynamixel_sdk_custom_interfaces' build argument 'cmake_force_configure' from command line to 'False'
[1.725s] Level 5:colcon.colcon_core.verb:set package 'dynamixel_sdk_custom_interfaces' build argument 'ament_cmake_args' from command line to 'None'
[1.725s] Level 5:colcon.colcon_core.verb:set package 'dynamixel_sdk_custom_interfaces' build argument 'catkin_cmake_args' from command line to 'None'
[1.725s] Level 5:colcon.colcon_core.verb:set package 'dynamixel_sdk_custom_interfaces' build argument 'catkin_skip_building_tests' from command line to 'False'
[1.725s] DEBUG:colcon.colcon_core.verb:Building package 'dynamixel_sdk_custom_interfaces' with the following arguments: {'ament_cmake_args': None, 'build_base': '/home/xinchen/Dev/SRTP/build/dynamixel_sdk_custom_interfaces', 'catkin_cmake_args': None, 'catkin_skip_building_tests': False, 'cmake_args': None, 'cmake_clean_cache': False, 'cmake_clean_first': False, 'cmake_force_configure': False, 'cmake_target': None, 'cmake_target_skip_unavailable': False, 'install_base': '/home/xinchen/Dev/SRTP/install/dynamixel_sdk_custom_interfaces', 'merge_install': False, 'path': '/home/xinchen/Dev/SRTP/src/DynamixelSDK/dynamixel_sdk_custom_interfaces', 'symlink_install': False, 'test_result_base': None}
[1.728s] Level 5:colcon.colcon_core.verb:set package 'launch_files' build argument 'cmake_args' from command line to 'None'
[1.728s] Level 5:colcon.colcon_core.verb:set package 'launch_files' build argument 'cmake_target' from command line to 'None'
[1.728s] Level 5:colcon.colcon_core.verb:set package 'launch_files' build argument 'cmake_target_skip_unavailable' from command line to 'False'
[1.728s] Level 5:colcon.colcon_core.verb:set package 'launch_files' build argument 'cmake_clean_cache' from command line to 'False'
[1.728s] Level 5:colcon.colcon_core.verb:set package 'launch_files' build argument 'cmake_clean_first' from command line to 'False'
[1.728s] Level 5:colcon.colcon_core.verb:set package 'launch_files' build argument 'cmake_force_configure' from command line to 'False'
[1.728s] Level 5:colcon.colcon_core.verb:set package 'launch_files' build argument 'ament_cmake_args' from command line to 'None'
[1.728s] Level 5:colcon.colcon_core.verb:set package 'launch_files' build argument 'catkin_cmake_args' from command line to 'None'
[1.728s] Level 5:colcon.colcon_core.verb:set package 'launch_files' build argument 'catkin_skip_building_tests' from command line to 'False'
[1.728s] DEBUG:colcon.colcon_core.verb:Building package 'launch_files' with the following arguments: {'ament_cmake_args': None, 'build_base': '/home/xinchen/Dev/SRTP/build/launch_files', 'catkin_cmake_args': None, 'catkin_skip_building_tests': False, 'cmake_args': None, 'cmake_clean_cache': False, 'cmake_clean_first': False, 'cmake_force_configure': False, 'cmake_target': None, 'cmake_target_skip_unavailable': False, 'install_base': '/home/xinchen/Dev/SRTP/install/launch_files', 'merge_install': False, 'path': '/home/xinchen/Dev/SRTP/src/launch_files', 'symlink_install': False, 'test_result_base': None}
[1.731s] Level 5:colcon.colcon_core.verb:set package 'motor_controller' build argument 'cmake_args' from command line to 'None'
[1.731s] Level 5:colcon.colcon_core.verb:set package 'motor_controller' build argument 'cmake_target' from command line to 'None'
[1.732s] Level 5:colcon.colcon_core.verb:set package 'motor_controller' build argument 'cmake_target_skip_unavailable' from command line to 'False'
[1.732s] Level 5:colcon.colcon_core.verb:set package 'motor_controller' build argument 'cmake_clean_cache' from command line to 'False'
[1.732s] Level 5:colcon.colcon_core.verb:set package 'motor_controller' build argument 'cmake_clean_first' from command line to 'False'
[1.732s] Level 5:colcon.colcon_core.verb:set package 'motor_controller' build argument 'cmake_force_configure' from command line to 'False'
[1.732s] Level 5:colcon.colcon_core.verb:set package 'motor_controller' build argument 'ament_cmake_args' from command line to 'None'
[1.732s] Level 5:colcon.colcon_core.verb:set package 'motor_controller' build argument 'catkin_cmake_args' from command line to 'None'
[1.732s] Level 5:colcon.colcon_core.verb:set package 'motor_controller' build argument 'catkin_skip_building_tests' from command line to 'False'
[1.732s] DEBUG:colcon.colcon_core.verb:Building package 'motor_controller' with the following arguments: {'ament_cmake_args': None, 'build_base': '/home/xinchen/Dev/SRTP/build/motor_controller', 'catkin_cmake_args': None, 'catkin_skip_building_tests': False, 'cmake_args': None, 'cmake_clean_cache': False, 'cmake_clean_first': False, 'cmake_force_configure': False, 'cmake_target': None, 'cmake_target_skip_unavailable': False, 'install_base': '/home/xinchen/Dev/SRTP/install/motor_controller', 'merge_install': False, 'path': '/home/xinchen/Dev/SRTP/src/motor_controller', 'symlink_install': False, 'test_result_base': None}
[1.735s] Level 5:colcon.colcon_core.verb:set package 'dynamixel_sdk_examples' build argument 'cmake_args' from command line to 'None'
[1.735s] Level 5:colcon.colcon_core.verb:set package 'dynamixel_sdk_examples' build argument 'cmake_target' from command line to 'None'
[1.735s] Level 5:colcon.colcon_core.verb:set package 'dynamixel_sdk_examples' build argument 'cmake_target_skip_unavailable' from command line to 'False'
[1.735s] Level 5:colcon.colcon_core.verb:set package 'dynamixel_sdk_examples' build argument 'cmake_clean_cache' from command line to 'False'
[1.735s] Level 5:colcon.colcon_core.verb:set package 'dynamixel_sdk_examples' build argument 'cmake_clean_first' from command line to 'False'
[1.735s] Level 5:colcon.colcon_core.verb:set package 'dynamixel_sdk_examples' build argument 'cmake_force_configure' from command line to 'False'
[1.735s] Level 5:colcon.colcon_core.verb:set package 'dynamixel_sdk_examples' build argument 'ament_cmake_args' from command line to 'None'
[1.735s] Level 5:colcon.colcon_core.verb:set package 'dynamixel_sdk_examples' build argument 'catkin_cmake_args' from command line to 'None'
[1.735s] Level 5:colcon.colcon_core.verb:set package 'dynamixel_sdk_examples' build argument 'catkin_skip_building_tests' from command line to 'False'
[1.735s] DEBUG:colcon.colcon_core.verb:Building package 'dynamixel_sdk_examples' with the following arguments: {'ament_cmake_args': None, 'build_base': '/home/xinchen/Dev/SRTP/build/dynamixel_sdk_examples', 'catkin_cmake_args': None, 'catkin_skip_building_tests': False, 'cmake_args': None, 'cmake_clean_cache': False, 'cmake_clean_first': False, 'cmake_force_configure': False, 'cmake_target': None, 'cmake_target_skip_unavailable': False, 'install_base': '/home/xinchen/Dev/SRTP/install/dynamixel_sdk_examples', 'merge_install': False, 'path': '/home/xinchen/Dev/SRTP/src/DynamixelSDK/dynamixel_sdk_examples', 'symlink_install': False, 'test_result_base': None}
[1.738s] Level 5:colcon.colcon_core.verb:set package 'dynamixel_workbench_toolbox' build argument 'cmake_args' from command line to 'None'
[1.738s] Level 5:colcon.colcon_core.verb:set package 'dynamixel_workbench_toolbox' build argument 'cmake_target' from command line to 'None'
[1.738s] Level 5:colcon.colcon_core.verb:set package 'dynamixel_workbench_toolbox' build argument 'cmake_target_skip_unavailable' from command line to 'False'
[1.738s] Level 5:colcon.colcon_core.verb:set package 'dynamixel_workbench_toolbox' build argument 'cmake_clean_cache' from command line to 'False'
[1.738s] Level 5:colcon.colcon_core.verb:set package 'dynamixel_workbench_toolbox' build argument 'cmake_clean_first' from command line to 'False'
[1.739s] Level 5:colcon.colcon_core.verb:set package 'dynamixel_workbench_toolbox' build argument 'cmake_force_configure' from command line to 'False'
[1.739s] Level 5:colcon.colcon_core.verb:set package 'dynamixel_workbench_toolbox' build argument 'ament_cmake_args' from command line to 'None'
[1.739s] Level 5:colcon.colcon_core.verb:set package 'dynamixel_workbench_toolbox' build argument 'catkin_cmake_args' from command line to 'None'
[1.739s] Level 5:colcon.colcon_core.verb:set package 'dynamixel_workbench_toolbox' build argument 'catkin_skip_building_tests' from command line to 'False'
[1.739s] DEBUG:colcon.colcon_core.verb:Building package 'dynamixel_workbench_toolbox' with the following arguments: {'ament_cmake_args': None, 'build_base': '/home/xinchen/Dev/SRTP/build/dynamixel_workbench_toolbox', 'catkin_cmake_args': None, 'catkin_skip_building_tests': False, 'cmake_args': None, 'cmake_clean_cache': False, 'cmake_clean_first': False, 'cmake_force_configure': False, 'cmake_target': None, 'cmake_target_skip_unavailable': False, 'install_base': '/home/xinchen/Dev/SRTP/install/dynamixel_workbench_toolbox', 'merge_install': False, 'path': '/home/xinchen/Dev/SRTP/src/dynamixel-workbench/dynamixel_workbench_toolbox', 'symlink_install': False, 'test_result_base': None}
[1.742s] Level 5:colcon.colcon_core.verb:set package 'dynamixel_workbench' build argument 'cmake_args' from command line to 'None'
[1.742s] Level 5:colcon.colcon_core.verb:set package 'dynamixel_workbench' build argument 'cmake_target' from command line to 'None'
[1.742s] Level 5:colcon.colcon_core.verb:set package 'dynamixel_workbench' build argument 'cmake_target_skip_unavailable' from command line to 'False'
[1.742s] Level 5:colcon.colcon_core.verb:set package 'dynamixel_workbench' build argument 'cmake_clean_cache' from command line to 'False'
[1.742s] Level 5:colcon.colcon_core.verb:set package 'dynamixel_workbench' build argument 'cmake_clean_first' from command line to 'False'
[1.742s] Level 5:colcon.colcon_core.verb:set package 'dynamixel_workbench' build argument 'cmake_force_configure' from command line to 'False'
[1.742s] Level 5:colcon.colcon_core.verb:set package 'dynamixel_workbench' build argument 'ament_cmake_args' from command line to 'None'
[1.742s] Level 5:colcon.colcon_core.verb:set package 'dynamixel_workbench' build argument 'catkin_cmake_args' from command line to 'None'
[1.742s] Level 5:colcon.colcon_core.verb:set package 'dynamixel_workbench' build argument 'catkin_skip_building_tests' from command line to 'False'
[1.742s] DEBUG:colcon.colcon_core.verb:Building package 'dynamixel_workbench' with the following arguments: {'ament_cmake_args': None, 'build_base': '/home/xinchen/Dev/SRTP/build/dynamixel_workbench', 'catkin_cmake_args': None, 'catkin_skip_building_tests': False, 'cmake_args': None, 'cmake_clean_cache': False, 'cmake_clean_first': False, 'cmake_force_configure': False, 'cmake_target': None, 'cmake_target_skip_unavailable': False, 'install_base': '/home/xinchen/Dev/SRTP/install/dynamixel_workbench', 'merge_install': False, 'path': '/home/xinchen/Dev/SRTP/src/dynamixel-workbench/dynamixel_workbench', 'symlink_install': False, 'test_result_base': None}
[1.744s] INFO:colcon.colcon_core.executor:Executing jobs using 'parallel' executor
[1.757s] DEBUG:colcon.colcon_parallel_executor.executor.parallel:run_until_complete
[1.757s] INFO:colcon.colcon_ros.task.ament_cmake.build:Building ROS package in '/home/xinchen/Dev/SRTP/src/DynamixelSDK/dynamixel_sdk' with build type 'ament_cmake'
[1.758s] INFO:colcon.colcon_cmake.task.cmake.build:Building CMake package in '/home/xinchen/Dev/SRTP/src/DynamixelSDK/dynamixel_sdk'
[1.772s] INFO:colcon.colcon_core.plugin_system:Skipping extension 'colcon_core.shell.bat': Not used on non-Windows systems
[1.772s] INFO:colcon.colcon_core.shell:Skip shell extension 'powershell' for command environment: Not usable outside of PowerShell
[1.773s] DEBUG:colcon.colcon_core.shell:Skip shell extension 'dsv' for command environment
[1.788s] INFO:colcon.colcon_ros.task.ament_cmake.build:Building ROS package in '/home/xinchen/Dev/SRTP/src/DynamixelSDK/dynamixel_sdk_custom_interfaces' with build type 'ament_cmake'
[1.789s] INFO:colcon.colcon_cmake.task.cmake.build:Building CMake package in '/home/xinchen/Dev/SRTP/src/DynamixelSDK/dynamixel_sdk_custom_interfaces'
[1.795s] INFO:colcon.colcon_core.shell:Skip shell extension 'powershell' for command environment: Not usable outside of PowerShell
[1.795s] DEBUG:colcon.colcon_core.shell:Skip shell extension 'dsv' for command environment
[1.809s] INFO:colcon.colcon_ros.task.ament_cmake.build:Building ROS package in '/home/xinchen/Dev/SRTP/src/launch_files' with build type 'ament_cmake'
[1.810s] INFO:colcon.colcon_cmake.task.cmake.build:Building CMake package in '/home/xinchen/Dev/SRTP/src/launch_files'
[1.815s] INFO:colcon.colcon_core.shell:Skip shell extension 'powershell' for command environment: Not usable outside of PowerShell
[1.816s] DEBUG:colcon.colcon_core.shell:Skip shell extension 'dsv' for command environment
[1.828s] INFO:colcon.colcon_ros.task.ament_cmake.build:Building ROS package in '/home/xinchen/Dev/SRTP/src/motor_controller' with build type 'ament_cmake'
[1.829s] INFO:colcon.colcon_cmake.task.cmake.build:Building CMake package in '/home/xinchen/Dev/SRTP/src/motor_controller'
[1.835s] INFO:colcon.colcon_core.shell:Skip shell extension 'powershell' for command environment: Not usable outside of PowerShell
[1.835s] DEBUG:colcon.colcon_core.shell:Skip shell extension 'dsv' for command environment
[1.869s] DEBUG:colcon.colcon_core.event_handler.log_command:Invoking command in '/home/xinchen/Dev/SRTP/build/dynamixel_sdk': CMAKE_PREFIX_PATH=/opt/ros/foxy /usr/bin/cmake --build /home/xinchen/Dev/SRTP/build/dynamixel_sdk -- -j6 -l6
[1.885s] DEBUG:colcon.colcon_core.event_handler.log_command:Invoking command in '/home/xinchen/Dev/SRTP/build/dynamixel_sdk_custom_interfaces': CMAKE_PREFIX_PATH=/opt/ros/foxy /usr/bin/cmake --build /home/xinchen/Dev/SRTP/build/dynamixel_sdk_custom_interfaces -- -j6 -l6
[1.893s] DEBUG:colcon.colcon_core.event_handler.log_command:Invoking command in '/home/xinchen/Dev/SRTP/build/launch_files': CMAKE_PREFIX_PATH=/opt/ros/foxy /usr/bin/cmake --build /home/xinchen/Dev/SRTP/build/launch_files -- -j6 -l6
[1.917s] DEBUG:colcon.colcon_core.event_handler.log_command:Invoking command in '/home/xinchen/Dev/SRTP/build/motor_controller': CMAKE_PREFIX_PATH=/opt/ros/foxy /usr/bin/cmake /home/xinchen/Dev/SRTP/src/motor_controller -DCMAKE_INSTALL_PREFIX=/home/xinchen/Dev/SRTP/install/motor_controller
[2.177s] DEBUG:colcon.colcon_core.event_handler.log_command:Invoked command in '/home/xinchen/Dev/SRTP/build/launch_files' returned '0': CMAKE_PREFIX_PATH=/opt/ros/foxy /usr/bin/cmake --build /home/xinchen/Dev/SRTP/build/launch_files -- -j6 -l6
[2.307s] DEBUG:colcon.colcon_core.event_handler.log_command:Invoking command in '/home/xinchen/Dev/SRTP/build/launch_files': CMAKE_PREFIX_PATH=/opt/ros/foxy /usr/bin/cmake --install /home/xinchen/Dev/SRTP/build/launch_files
[2.373s] Level 1:colcon.colcon_core.environment:create_environment_scripts_only(launch_files)
[2.375s] DEBUG:colcon.colcon_core.event_handler.log_command:Invoked command in '/home/xinchen/Dev/SRTP/build/launch_files' returned '0': CMAKE_PREFIX_PATH=/opt/ros/foxy /usr/bin/cmake --install /home/xinchen/Dev/SRTP/build/launch_files
[2.471s] Level 1:colcon.colcon_core.environment:checking '/home/xinchen/Dev/SRTP/install/launch_files' for CMake module files
[2.472s] Level 1:colcon.colcon_core.environment:checking '/home/xinchen/Dev/SRTP/install/launch_files' for CMake config files
[2.473s] Level 1:colcon.colcon_core.shell:create_environment_hook('launch_files', 'cmake_prefix_path')
[2.478s] INFO:colcon.colcon_core.shell:Creating environment hook '/home/xinchen/Dev/SRTP/install/launch_files/share/launch_files/hook/cmake_prefix_path.ps1'
[3.250s] INFO:colcon.colcon_core.shell:Creating environment descriptor '/home/xinchen/Dev/SRTP/install/launch_files/share/launch_files/hook/cmake_prefix_path.dsv'
[3.253s] INFO:colcon.colcon_core.shell:Creating environment hook '/home/xinchen/Dev/SRTP/install/launch_files/share/launch_files/hook/cmake_prefix_path.sh'
[3.270s] Level 1:colcon.colcon_core.environment:checking '/home/xinchen/Dev/SRTP/install/launch_files/bin'
[3.271s] Level 1:colcon.colcon_core.environment:checking '/home/xinchen/Dev/SRTP/install/launch_files/lib/pkgconfig/launch_files.pc'
[3.272s] Level 1:colcon.colcon_core.environment:checking '/home/xinchen/Dev/SRTP/install/launch_files/lib/python3.8/site-packages'
[3.273s] Level 1:colcon.colcon_core.environment:checking '/home/xinchen/Dev/SRTP/install/launch_files/bin'
[3.283s] INFO:colcon.colcon_core.shell:Creating package script '/home/xinchen/Dev/SRTP/install/launch_files/share/launch_files/package.ps1'
[3.296s] INFO:colcon.colcon_core.shell:Creating package descriptor '/home/xinchen/Dev/SRTP/install/launch_files/share/launch_files/package.dsv'
[3.300s] INFO:colcon.colcon_core.shell:Creating package script '/home/xinchen/Dev/SRTP/install/launch_files/share/launch_files/package.sh'
[3.313s] INFO:colcon.colcon_core.shell:Creating package script '/home/xinchen/Dev/SRTP/install/launch_files/share/launch_files/package.bash'
[3.315s] INFO:colcon.colcon_core.shell:Creating package script '/home/xinchen/Dev/SRTP/install/launch_files/share/launch_files/package.zsh'
[3.319s] Level 1:colcon.colcon_core.environment:create_file_with_runtime_dependencies(/home/xinchen/Dev/SRTP/install/launch_files/share/colcon-core/packages/launch_files)
[3.631s] Level 1:colcon.colcon_core.environment:create_environment_scripts_only(launch_files)
[3.638s] Level 1:colcon.colcon_core.environment:checking '/home/xinchen/Dev/SRTP/install/launch_files' for CMake module files
[3.653s] Level 1:colcon.colcon_core.environment:checking '/home/xinchen/Dev/SRTP/install/launch_files' for CMake config files
[3.654s] Level 1:colcon.colcon_core.shell:create_environment_hook('launch_files', 'cmake_prefix_path')
[3.661s] INFO:colcon.colcon_core.shell:Creating environment hook '/home/xinchen/Dev/SRTP/install/launch_files/share/launch_files/hook/cmake_prefix_path.ps1'
[3.663s] INFO:colcon.colcon_core.shell:Creating environment descriptor '/home/xinchen/Dev/SRTP/install/launch_files/share/launch_files/hook/cmake_prefix_path.dsv'
[3.664s] INFO:colcon.colcon_core.shell:Creating environment hook '/home/xinchen/Dev/SRTP/install/launch_files/share/launch_files/hook/cmake_prefix_path.sh'
[3.667s] Level 1:colcon.colcon_core.environment:checking '/home/xinchen/Dev/SRTP/install/launch_files/bin'
[3.667s] Level 1:colcon.colcon_core.environment:checking '/home/xinchen/Dev/SRTP/install/launch_files/lib/pkgconfig/launch_files.pc'
[3.668s] Level 1:colcon.colcon_core.environment:checking '/home/xinchen/Dev/SRTP/install/launch_files/lib/python3.8/site-packages'
[3.669s] Level 1:colcon.colcon_core.environment:checking '/home/xinchen/Dev/SRTP/install/launch_files/bin'
[3.674s] INFO:colcon.colcon_core.shell:Creating package script '/home/xinchen/Dev/SRTP/install/launch_files/share/launch_files/package.ps1'
[3.677s] INFO:colcon.colcon_core.shell:Creating package descriptor '/home/xinchen/Dev/SRTP/install/launch_files/share/launch_files/package.dsv'
[3.678s] INFO:colcon.colcon_core.shell:Creating package script '/home/xinchen/Dev/SRTP/install/launch_files/share/launch_files/package.sh'
[3.678s] INFO:colcon.colcon_core.shell:Creating package script '/home/xinchen/Dev/SRTP/install/launch_files/share/launch_files/package.bash'
[3.679s] INFO:colcon.colcon_core.shell:Creating package script '/home/xinchen/Dev/SRTP/install/launch_files/share/launch_files/package.zsh'
[3.680s] Level 1:colcon.colcon_core.environment:create_file_with_runtime_dependencies(/home/xinchen/Dev/SRTP/install/launch_files/share/colcon-core/packages/launch_files)
[7.113s] DEBUG:colcon.colcon_core.event_handler.log_command:Invoked command in '/home/xinchen/Dev/SRTP/build/dynamixel_sdk' returned '0': CMAKE_PREFIX_PATH=/opt/ros/foxy /usr/bin/cmake --build /home/xinchen/Dev/SRTP/build/dynamixel_sdk -- -j6 -l6
[7.360s] DEBUG:colcon.colcon_core.event_handler.log_command:Invoking command in '/home/xinchen/Dev/SRTP/build/dynamixel_sdk': CMAKE_PREFIX_PATH=/opt/ros/foxy /usr/bin/cmake --install /home/xinchen/Dev/SRTP/build/dynamixel_sdk
[7.410s] Level 1:colcon.colcon_core.environment:create_environment_scripts_only(dynamixel_sdk)
[7.419s] Level 1:colcon.colcon_core.environment:checking '/home/xinchen/Dev/SRTP/install/dynamixel_sdk' for CMake module files
[7.421s] DEBUG:colcon.colcon_core.event_handler.log_command:Invoked command in '/home/xinchen/Dev/SRTP/build/dynamixel_sdk' returned '0': CMAKE_PREFIX_PATH=/opt/ros/foxy /usr/bin/cmake --install /home/xinchen/Dev/SRTP/build/dynamixel_sdk
[7.422s] Level 1:colcon.colcon_core.environment:checking '/home/xinchen/Dev/SRTP/install/dynamixel_sdk' for CMake config files
[7.423s] Level 1:colcon.colcon_core.shell:create_environment_hook('dynamixel_sdk', 'cmake_prefix_path')
[7.434s] INFO:colcon.colcon_core.shell:Creating environment hook '/home/xinchen/Dev/SRTP/install/dynamixel_sdk/share/dynamixel_sdk/hook/cmake_prefix_path.ps1'
[7.438s] INFO:colcon.colcon_core.shell:Creating environment descriptor '/home/xinchen/Dev/SRTP/install/dynamixel_sdk/share/dynamixel_sdk/hook/cmake_prefix_path.dsv'
[7.438s] INFO:colcon.colcon_core.shell:Creating environment hook '/home/xinchen/Dev/SRTP/install/dynamixel_sdk/share/dynamixel_sdk/hook/cmake_prefix_path.sh'
[7.440s] Level 1:colcon.colcon_core.environment:checking '/home/xinchen/Dev/SRTP/install/dynamixel_sdk/lib'
[7.441s] Level 1:colcon.colcon_core.shell:create_environment_hook('dynamixel_sdk', 'ld_library_path_lib')
[7.446s] INFO:colcon.colcon_core.shell:Creating environment hook '/home/xinchen/Dev/SRTP/install/dynamixel_sdk/share/dynamixel_sdk/hook/ld_library_path_lib.ps1'
[7.447s] INFO:colcon.colcon_core.shell:Creating environment descriptor '/home/xinchen/Dev/SRTP/install/dynamixel_sdk/share/dynamixel_sdk/hook/ld_library_path_lib.dsv'
[7.448s] INFO:colcon.colcon_core.shell:Creating environment hook '/home/xinchen/Dev/SRTP/install/dynamixel_sdk/share/dynamixel_sdk/hook/ld_library_path_lib.sh'
[7.449s] Level 1:colcon.colcon_core.environment:checking '/home/xinchen/Dev/SRTP/install/dynamixel_sdk/bin'
[7.449s] Level 1:colcon.colcon_core.environment:checking '/home/xinchen/Dev/SRTP/install/dynamixel_sdk/lib/pkgconfig/dynamixel_sdk.pc'
[7.450s] Level 1:colcon.colcon_core.environment:checking '/home/xinchen/Dev/SRTP/install/dynamixel_sdk/lib/python3.8/site-packages'
[7.450s] Level 1:colcon.colcon_core.environment:checking '/home/xinchen/Dev/SRTP/install/dynamixel_sdk/bin'
[7.456s] INFO:colcon.colcon_core.shell:Creating package script '/home/xinchen/Dev/SRTP/install/dynamixel_sdk/share/dynamixel_sdk/package.ps1'
[7.458s] INFO:colcon.colcon_core.shell:Creating package descriptor '/home/xinchen/Dev/SRTP/install/dynamixel_sdk/share/dynamixel_sdk/package.dsv'
[7.460s] INFO:colcon.colcon_core.shell:Creating package script '/home/xinchen/Dev/SRTP/install/dynamixel_sdk/share/dynamixel_sdk/package.sh'
[7.462s] INFO:colcon.colcon_core.shell:Creating package script '/home/xinchen/Dev/SRTP/install/dynamixel_sdk/share/dynamixel_sdk/package.bash'
[7.463s] INFO:colcon.colcon_core.shell:Creating package script '/home/xinchen/Dev/SRTP/install/dynamixel_sdk/share/dynamixel_sdk/package.zsh'
[7.464s] Level 1:colcon.colcon_core.environment:create_file_with_runtime_dependencies(/home/xinchen/Dev/SRTP/install/dynamixel_sdk/share/colcon-core/packages/dynamixel_sdk)
[7.582s] Level 1:colcon.colcon_core.environment:create_environment_scripts_only(dynamixel_sdk)
[7.590s] Level 1:colcon.colcon_core.environment:checking '/home/xinchen/Dev/SRTP/install/dynamixel_sdk' for CMake module files
[7.592s] Level 1:colcon.colcon_core.environment:checking '/home/xinchen/Dev/SRTP/install/dynamixel_sdk' for CMake config files
[7.593s] Level 1:colcon.colcon_core.shell:create_environment_hook('dynamixel_sdk', 'cmake_prefix_path')
[7.601s] INFO:colcon.colcon_core.shell:Creating environment hook '/home/xinchen/Dev/SRTP/install/dynamixel_sdk/share/dynamixel_sdk/hook/cmake_prefix_path.ps1'
[7.605s] INFO:colcon.colcon_core.shell:Creating environment descriptor '/home/xinchen/Dev/SRTP/install/dynamixel_sdk/share/dynamixel_sdk/hook/cmake_prefix_path.dsv'
[7.606s] INFO:colcon.colcon_core.shell:Creating environment hook '/home/xinchen/Dev/SRTP/install/dynamixel_sdk/share/dynamixel_sdk/hook/cmake_prefix_path.sh'
[7.608s] Level 1:colcon.colcon_core.environment:checking '/home/xinchen/Dev/SRTP/install/dynamixel_sdk/lib'
[7.608s] Level 1:colcon.colcon_core.shell:create_environment_hook('dynamixel_sdk', 'ld_library_path_lib')
[7.615s] INFO:colcon.colcon_core.shell:Creating environment hook '/home/xinchen/Dev/SRTP/install/dynamixel_sdk/share/dynamixel_sdk/hook/ld_library_path_lib.ps1'
[7.616s] INFO:colcon.colcon_core.shell:Creating environment descriptor '/home/xinchen/Dev/SRTP/install/dynamixel_sdk/share/dynamixel_sdk/hook/ld_library_path_lib.dsv'
[7.617s] INFO:colcon.colcon_core.shell:Creating environment hook '/home/xinchen/Dev/SRTP/install/dynamixel_sdk/share/dynamixel_sdk/hook/ld_library_path_lib.sh'
[7.618s] Level 1:colcon.colcon_core.environment:checking '/home/xinchen/Dev/SRTP/install/dynamixel_sdk/bin'
[7.618s] Level 1:colcon.colcon_core.environment:checking '/home/xinchen/Dev/SRTP/install/dynamixel_sdk/lib/pkgconfig/dynamixel_sdk.pc'
[7.619s] Level 1:colcon.colcon_core.environment:checking '/home/xinchen/Dev/SRTP/install/dynamixel_sdk/lib/python3.8/site-packages'
[7.619s] Level 1:colcon.colcon_core.environment:checking '/home/xinchen/Dev/SRTP/install/dynamixel_sdk/bin'
[7.625s] INFO:colcon.colcon_core.shell:Creating package script '/home/xinchen/Dev/SRTP/install/dynamixel_sdk/share/dynamixel_sdk/package.ps1'
[7.627s] INFO:colcon.colcon_core.shell:Creating package descriptor '/home/xinchen/Dev/SRTP/install/dynamixel_sdk/share/dynamixel_sdk/package.dsv'
[7.628s] INFO:colcon.colcon_core.shell:Creating package script '/home/xinchen/Dev/SRTP/install/dynamixel_sdk/share/dynamixel_sdk/package.sh'
[7.630s] INFO:colcon.colcon_core.shell:Creating package script '/home/xinchen/Dev/SRTP/install/dynamixel_sdk/share/dynamixel_sdk/package.bash'
[7.630s] INFO:colcon.colcon_core.shell:Creating package script '/home/xinchen/Dev/SRTP/install/dynamixel_sdk/share/dynamixel_sdk/package.zsh'
[7.631s] Level 1:colcon.colcon_core.environment:create_file_with_runtime_dependencies(/home/xinchen/Dev/SRTP/install/dynamixel_sdk/share/colcon-core/packages/dynamixel_sdk)
[7.634s] INFO:colcon.colcon_ros.task.ament_cmake.build:Building ROS package in '/home/xinchen/Dev/SRTP/src/dynamixel-workbench/dynamixel_workbench_toolbox' with build type 'ament_cmake'
[7.634s] INFO:colcon.colcon_cmake.task.cmake.build:Building CMake package in '/home/xinchen/Dev/SRTP/src/dynamixel-workbench/dynamixel_workbench_toolbox'
[7.639s] INFO:colcon.colcon_core.shell:Skip shell extension 'powershell' for command environment: Not usable outside of PowerShell
[7.640s] DEBUG:colcon.colcon_core.shell:Skip shell extension 'dsv' for command environment
[7.677s] DEBUG:colcon.colcon_core.event_handler.log_command:Invoking command in '/home/xinchen/Dev/SRTP/build/dynamixel_workbench_toolbox': AMENT_PREFIX_PATH=/home/xinchen/Dev/SRTP/install/dynamixel_sdk:${AMENT_PREFIX_PATH} CMAKE_PREFIX_PATH=/home/xinchen/Dev/SRTP/install/dynamixel_sdk:/opt/ros/foxy LD_LIBRARY_PATH=/home/xinchen/Dev/SRTP/install/dynamixel_sdk/lib:${LD_LIBRARY_PATH} /usr/bin/cmake /home/xinchen/Dev/SRTP/src/dynamixel-workbench/dynamixel_workbench_toolbox -DCMAKE_INSTALL_PREFIX=/home/xinchen/Dev/SRTP/install/dynamixel_workbench_toolbox
[8.433s] DEBUG:colcon.colcon_core.event_handler.log_command:Invoked command in '/home/xinchen/Dev/SRTP/build/motor_controller' returned '0': CMAKE_PREFIX_PATH=/opt/ros/foxy /usr/bin/cmake /home/xinchen/Dev/SRTP/src/motor_controller -DCMAKE_INSTALL_PREFIX=/home/xinchen/Dev/SRTP/install/motor_controller
[8.435s] DEBUG:colcon.colcon_core.event_handler.log_command:Invoking command in '/home/xinchen/Dev/SRTP/build/motor_controller': CMAKE_PREFIX_PATH=/opt/ros/foxy /usr/bin/cmake --build /home/xinchen/Dev/SRTP/build/motor_controller -- -j6 -l6
[8.537s] DEBUG:colcon.colcon_core.event_handler.log_command:Invoked command in '/home/xinchen/Dev/SRTP/build/motor_controller' returned '0': CMAKE_PREFIX_PATH=/opt/ros/foxy /usr/bin/cmake --build /home/xinchen/Dev/SRTP/build/motor_controller -- -j6 -l6
[8.593s] DEBUG:colcon.colcon_core.event_handler.log_command:Invoking command in '/home/xinchen/Dev/SRTP/build/motor_controller': CMAKE_PREFIX_PATH=/opt/ros/foxy /usr/bin/cmake --install /home/xinchen/Dev/SRTP/build/motor_controller
[8.620s] Level 1:colcon.colcon_core.environment:create_environment_scripts_only(motor_controller)
[8.630s] Level 1:colcon.colcon_core.environment:checking '/home/xinchen/Dev/SRTP/install/motor_controller' for CMake module files
[8.630s] DEBUG:colcon.colcon_core.event_handler.log_command:Invoked command in '/home/xinchen/Dev/SRTP/build/motor_controller' returned '0': CMAKE_PREFIX_PATH=/opt/ros/foxy /usr/bin/cmake --install /home/xinchen/Dev/SRTP/build/motor_controller
[8.634s] Level 1:colcon.colcon_core.environment:checking '/home/xinchen/Dev/SRTP/install/motor_controller' for CMake config files
[8.635s] Level 1:colcon.colcon_core.shell:create_environment_hook('motor_controller', 'cmake_prefix_path')
[8.641s] INFO:colcon.colcon_core.shell:Creating environment hook '/home/xinchen/Dev/SRTP/install/motor_controller/share/motor_controller/hook/cmake_prefix_path.ps1'
[8.642s] INFO:colcon.colcon_core.shell:Creating environment descriptor '/home/xinchen/Dev/SRTP/install/motor_controller/share/motor_controller/hook/cmake_prefix_path.dsv'
[8.643s] INFO:colcon.colcon_core.shell:Creating environment hook '/home/xinchen/Dev/SRTP/install/motor_controller/share/motor_controller/hook/cmake_prefix_path.sh'
[8.644s] Level 1:colcon.colcon_core.environment:checking '/home/xinchen/Dev/SRTP/install/motor_controller/bin'
[8.644s] Level 1:colcon.colcon_core.environment:checking '/home/xinchen/Dev/SRTP/install/motor_controller/lib/pkgconfig/motor_controller.pc'
[8.645s] Level 1:colcon.colcon_core.environment:checking '/home/xinchen/Dev/SRTP/install/motor_controller/lib/python3.8/site-packages'
[8.645s] Level 1:colcon.colcon_core.environment:checking '/home/xinchen/Dev/SRTP/install/motor_controller/bin'
[8.650s] INFO:colcon.colcon_core.shell:Creating package script '/home/xinchen/Dev/SRTP/install/motor_controller/share/motor_controller/package.ps1'
[8.652s] INFO:colcon.colcon_core.shell:Creating package descriptor '/home/xinchen/Dev/SRTP/install/motor_controller/share/motor_controller/package.dsv'
[8.653s] INFO:colcon.colcon_core.shell:Creating package script '/home/xinchen/Dev/SRTP/install/motor_controller/share/motor_controller/package.sh'
[8.653s] INFO:colcon.colcon_core.shell:Creating package script '/home/xinchen/Dev/SRTP/install/motor_controller/share/motor_controller/package.bash'
[8.654s] INFO:colcon.colcon_core.shell:Creating package script '/home/xinchen/Dev/SRTP/install/motor_controller/share/motor_controller/package.zsh'
[8.655s] Level 1:colcon.colcon_core.environment:create_file_with_runtime_dependencies(/home/xinchen/Dev/SRTP/install/motor_controller/share/colcon-core/packages/motor_controller)
[8.712s] Level 1:colcon.colcon_core.environment:create_environment_scripts_only(motor_controller)
[8.719s] Level 1:colcon.colcon_core.environment:checking '/home/xinchen/Dev/SRTP/install/motor_controller' for CMake module files
[8.720s] Level 1:colcon.colcon_core.environment:checking '/home/xinchen/Dev/SRTP/install/motor_controller' for CMake config files
[8.720s] Level 1:colcon.colcon_core.shell:create_environment_hook('motor_controller', 'cmake_prefix_path')
[8.725s] INFO:colcon.colcon_core.shell:Creating environment hook '/home/xinchen/Dev/SRTP/install/motor_controller/share/motor_controller/hook/cmake_prefix_path.ps1'
[8.727s] INFO:colcon.colcon_core.shell:Creating environment descriptor '/home/xinchen/Dev/SRTP/install/motor_controller/share/motor_controller/hook/cmake_prefix_path.dsv'
[8.728s] INFO:colcon.colcon_core.shell:Creating environment hook '/home/xinchen/Dev/SRTP/install/motor_controller/share/motor_controller/hook/cmake_prefix_path.sh'
[8.729s] Level 1:colcon.colcon_core.environment:checking '/home/xinchen/Dev/SRTP/install/motor_controller/bin'
[8.729s] Level 1:colcon.colcon_core.environment:checking '/home/xinchen/Dev/SRTP/install/motor_controller/lib/pkgconfig/motor_controller.pc'
[8.730s] Level 1:colcon.colcon_core.environment:checking '/home/xinchen/Dev/SRTP/install/motor_controller/lib/python3.8/site-packages'
[8.730s] Level 1:colcon.colcon_core.environment:checking '/home/xinchen/Dev/SRTP/install/motor_controller/bin'
[8.735s] INFO:colcon.colcon_core.shell:Creating package script '/home/xinchen/Dev/SRTP/install/motor_controller/share/motor_controller/package.ps1'
[8.736s] INFO:colcon.colcon_core.shell:Creating package descriptor '/home/xinchen/Dev/SRTP/install/motor_controller/share/motor_controller/package.dsv'
[8.737s] INFO:colcon.colcon_core.shell:Creating package script '/home/xinchen/Dev/SRTP/install/motor_controller/share/motor_controller/package.sh'
[8.738s] INFO:colcon.colcon_core.shell:Creating package script '/home/xinchen/Dev/SRTP/install/motor_controller/share/motor_controller/package.bash'
[8.739s] INFO:colcon.colcon_core.shell:Creating package script '/home/xinchen/Dev/SRTP/install/motor_controller/share/motor_controller/package.zsh'
[8.740s] Level 1:colcon.colcon_core.environment:create_file_with_runtime_dependencies(/home/xinchen/Dev/SRTP/install/motor_controller/share/colcon-core/packages/motor_controller)
[10.940s] DEBUG:colcon.colcon_core.event_handler.log_command:Invoked command in '/home/xinchen/Dev/SRTP/build/dynamixel_workbench_toolbox' returned '0': AMENT_PREFIX_PATH=/home/xinchen/Dev/SRTP/install/dynamixel_sdk:${AMENT_PREFIX_PATH} CMAKE_PREFIX_PATH=/home/xinchen/Dev/SRTP/install/dynamixel_sdk:/opt/ros/foxy LD_LIBRARY_PATH=/home/xinchen/Dev/SRTP/install/dynamixel_sdk/lib:${LD_LIBRARY_PATH} /usr/bin/cmake /home/xinchen/Dev/SRTP/src/dynamixel-workbench/dynamixel_workbench_toolbox -DCMAKE_INSTALL_PREFIX=/home/xinchen/Dev/SRTP/install/dynamixel_workbench_toolbox
[10.949s] DEBUG:colcon.colcon_core.event_handler.log_command:Invoking command in '/home/xinchen/Dev/SRTP/build/dynamixel_workbench_toolbox': AMENT_PREFIX_PATH=/home/xinchen/Dev/SRTP/install/dynamixel_sdk:${AMENT_PREFIX_PATH} CMAKE_PREFIX_PATH=/home/xinchen/Dev/SRTP/install/dynamixel_sdk:/opt/ros/foxy LD_LIBRARY_PATH=/home/xinchen/Dev/SRTP/install/dynamixel_sdk/lib:${LD_LIBRARY_PATH} /usr/bin/cmake --build /home/xinchen/Dev/SRTP/build/dynamixel_workbench_toolbox -- -j6 -l6
[12.280s] DEBUG:colcon.colcon_core.event_handler.log_command:Invoked command in '/home/xinchen/Dev/SRTP/build/dynamixel_workbench_toolbox' returned '0': AMENT_PREFIX_PATH=/home/xinchen/Dev/SRTP/install/dynamixel_sdk:${AMENT_PREFIX_PATH} CMAKE_PREFIX_PATH=/home/xinchen/Dev/SRTP/install/dynamixel_sdk:/opt/ros/foxy LD_LIBRARY_PATH=/home/xinchen/Dev/SRTP/install/dynamixel_sdk/lib:${LD_LIBRARY_PATH} /usr/bin/cmake --build /home/xinchen/Dev/SRTP/build/dynamixel_workbench_toolbox -- -j6 -l6
[12.292s] DEBUG:colcon.colcon_core.event_handler.log_command:Invoked command in '/home/xinchen/Dev/SRTP/build/dynamixel_sdk_custom_interfaces' returned '0': CMAKE_PREFIX_PATH=/opt/ros/foxy /usr/bin/cmake --build /home/xinchen/Dev/SRTP/build/dynamixel_sdk_custom_interfaces -- -j6 -l6
[12.346s] DEBUG:colcon.colcon_core.event_handler.log_command:Invoking command in '/home/xinchen/Dev/SRTP/build/dynamixel_workbench_toolbox': AMENT_PREFIX_PATH=/home/xinchen/Dev/SRTP/install/dynamixel_sdk:${AMENT_PREFIX_PATH} CMAKE_PREFIX_PATH=/home/xinchen/Dev/SRTP/install/dynamixel_sdk:/opt/ros/foxy LD_LIBRARY_PATH=/home/xinchen/Dev/SRTP/install/dynamixel_sdk/lib:${LD_LIBRARY_PATH} /usr/bin/cmake --install /home/xinchen/Dev/SRTP/build/dynamixel_workbench_toolbox
[12.378s] Level 1:colcon.colcon_core.environment:create_environment_scripts_only(dynamixel_workbench_toolbox)
[12.388s] Level 1:colcon.colcon_core.environment:checking '/home/xinchen/Dev/SRTP/install/dynamixel_workbench_toolbox' for CMake module files
[12.388s] DEBUG:colcon.colcon_core.event_handler.log_command:Invoked command in '/home/xinchen/Dev/SRTP/build/dynamixel_workbench_toolbox' returned '0': AMENT_PREFIX_PATH=/home/xinchen/Dev/SRTP/install/dynamixel_sdk:${AMENT_PREFIX_PATH} CMAKE_PREFIX_PATH=/home/xinchen/Dev/SRTP/install/dynamixel_sdk:/opt/ros/foxy LD_LIBRARY_PATH=/home/xinchen/Dev/SRTP/install/dynamixel_sdk/lib:${LD_LIBRARY_PATH} /usr/bin/cmake --install /home/xinchen/Dev/SRTP/build/dynamixel_workbench_toolbox
[12.389s] Level 1:colcon.colcon_core.environment:checking '/home/xinchen/Dev/SRTP/install/dynamixel_workbench_toolbox' for CMake config files
[12.390s] Level 1:colcon.colcon_core.shell:create_environment_hook('dynamixel_workbench_toolbox', 'cmake_prefix_path')
[12.395s] INFO:colcon.colcon_core.shell:Creating environment hook '/home/xinchen/Dev/SRTP/install/dynamixel_workbench_toolbox/share/dynamixel_workbench_toolbox/hook/cmake_prefix_path.ps1'
[12.397s] INFO:colcon.colcon_core.shell:Creating environment descriptor '/home/xinchen/Dev/SRTP/install/dynamixel_workbench_toolbox/share/dynamixel_workbench_toolbox/hook/cmake_prefix_path.dsv'
[12.398s] INFO:colcon.colcon_core.shell:Creating environment hook '/home/xinchen/Dev/SRTP/install/dynamixel_workbench_toolbox/share/dynamixel_workbench_toolbox/hook/cmake_prefix_path.sh'
[12.400s] Level 1:colcon.colcon_core.environment:checking '/home/xinchen/Dev/SRTP/install/dynamixel_workbench_toolbox/lib'
[12.400s] Level 1:colcon.colcon_core.shell:create_environment_hook('dynamixel_workbench_toolbox', 'ld_library_path_lib')
[12.404s] INFO:colcon.colcon_core.shell:Creating environment hook '/home/xinchen/Dev/SRTP/install/dynamixel_workbench_toolbox/share/dynamixel_workbench_toolbox/hook/ld_library_path_lib.ps1'
[12.405s] INFO:colcon.colcon_core.shell:Creating environment descriptor '/home/xinchen/Dev/SRTP/install/dynamixel_workbench_toolbox/share/dynamixel_workbench_toolbox/hook/ld_library_path_lib.dsv'
[12.406s] INFO:colcon.colcon_core.shell:Creating environment hook '/home/xinchen/Dev/SRTP/install/dynamixel_workbench_toolbox/share/dynamixel_workbench_toolbox/hook/ld_library_path_lib.sh'
[12.407s] Level 1:colcon.colcon_core.environment:checking '/home/xinchen/Dev/SRTP/install/dynamixel_workbench_toolbox/bin'
[12.407s] Level 1:colcon.colcon_core.environment:checking '/home/xinchen/Dev/SRTP/install/dynamixel_workbench_toolbox/lib/pkgconfig/dynamixel_workbench_toolbox.pc'
[12.407s] Level 1:colcon.colcon_core.environment:checking '/home/xinchen/Dev/SRTP/install/dynamixel_workbench_toolbox/lib/python3.8/site-packages'
[12.408s] Level 1:colcon.colcon_core.environment:checking '/home/xinchen/Dev/SRTP/install/dynamixel_workbench_toolbox/bin'
[12.413s] INFO:colcon.colcon_core.shell:Creating package script '/home/xinchen/Dev/SRTP/install/dynamixel_workbench_toolbox/share/dynamixel_workbench_toolbox/package.ps1'
[12.414s] INFO:colcon.colcon_core.shell:Creating package descriptor '/home/xinchen/Dev/SRTP/install/dynamixel_workbench_toolbox/share/dynamixel_workbench_toolbox/package.dsv'
[12.415s] INFO:colcon.colcon_core.shell:Creating package script '/home/xinchen/Dev/SRTP/install/dynamixel_workbench_toolbox/share/dynamixel_workbench_toolbox/package.sh'
[12.416s] INFO:colcon.colcon_core.shell:Creating package script '/home/xinchen/Dev/SRTP/install/dynamixel_workbench_toolbox/share/dynamixel_workbench_toolbox/package.bash'
[12.417s] INFO:colcon.colcon_core.shell:Creating package script '/home/xinchen/Dev/SRTP/install/dynamixel_workbench_toolbox/share/dynamixel_workbench_toolbox/package.zsh'
[12.418s] Level 1:colcon.colcon_core.environment:create_file_with_runtime_dependencies(/home/xinchen/Dev/SRTP/install/dynamixel_workbench_toolbox/share/colcon-core/packages/dynamixel_workbench_toolbox)
[12.433s] DEBUG:colcon.colcon_core.event_handler.log_command:Invoking command in '/home/xinchen/Dev/SRTP/build/dynamixel_sdk_custom_interfaces': CMAKE_PREFIX_PATH=/opt/ros/foxy /usr/bin/cmake --install /home/xinchen/Dev/SRTP/build/dynamixel_sdk_custom_interfaces
[12.484s] Level 1:colcon.colcon_core.environment:create_environment_scripts_only(dynamixel_workbench_toolbox)
[12.492s] Level 1:colcon.colcon_core.environment:checking '/home/xinchen/Dev/SRTP/install/dynamixel_workbench_toolbox' for CMake module files
[12.495s] Level 1:colcon.colcon_core.environment:checking '/home/xinchen/Dev/SRTP/install/dynamixel_workbench_toolbox' for CMake config files
[12.498s] Level 1:colcon.colcon_core.shell:create_environment_hook('dynamixel_workbench_toolbox', 'cmake_prefix_path')
[12.503s] INFO:colcon.colcon_core.shell:Creating environment hook '/home/xinchen/Dev/SRTP/install/dynamixel_workbench_toolbox/share/dynamixel_workbench_toolbox/hook/cmake_prefix_path.ps1'
[12.505s] INFO:colcon.colcon_core.shell:Creating environment descriptor '/home/xinchen/Dev/SRTP/install/dynamixel_workbench_toolbox/share/dynamixel_workbench_toolbox/hook/cmake_prefix_path.dsv'
[12.505s] INFO:colcon.colcon_core.shell:Creating environment hook '/home/xinchen/Dev/SRTP/install/dynamixel_workbench_toolbox/share/dynamixel_workbench_toolbox/hook/cmake_prefix_path.sh'
[12.507s] Level 1:colcon.colcon_core.environment:checking '/home/xinchen/Dev/SRTP/install/dynamixel_workbench_toolbox/lib'
[12.507s] Level 1:colcon.colcon_core.shell:create_environment_hook('dynamixel_workbench_toolbox', 'ld_library_path_lib')
[12.512s] INFO:colcon.colcon_core.shell:Creating environment hook '/home/xinchen/Dev/SRTP/install/dynamixel_workbench_toolbox/share/dynamixel_workbench_toolbox/hook/ld_library_path_lib.ps1'
[12.513s] INFO:colcon.colcon_core.shell:Creating environment descriptor '/home/xinchen/Dev/SRTP/install/dynamixel_workbench_toolbox/share/dynamixel_workbench_toolbox/hook/ld_library_path_lib.dsv'
[12.514s] INFO:colcon.colcon_core.shell:Creating environment hook '/home/xinchen/Dev/SRTP/install/dynamixel_workbench_toolbox/share/dynamixel_workbench_toolbox/hook/ld_library_path_lib.sh'
[12.515s] Level 1:colcon.colcon_core.environment:checking '/home/xinchen/Dev/SRTP/install/dynamixel_workbench_toolbox/bin'
[12.515s] Level 1:colcon.colcon_core.environment:checking '/home/xinchen/Dev/SRTP/install/dynamixel_workbench_toolbox/lib/pkgconfig/dynamixel_workbench_toolbox.pc'
[12.515s] Level 1:colcon.colcon_core.environment:checking '/home/xinchen/Dev/SRTP/install/dynamixel_workbench_toolbox/lib/python3.8/site-packages'
[12.516s] Level 1:colcon.colcon_core.environment:checking '/home/xinchen/Dev/SRTP/install/dynamixel_workbench_toolbox/bin'
[12.521s] INFO:colcon.colcon_core.shell:Creating package script '/home/xinchen/Dev/SRTP/install/dynamixel_workbench_toolbox/share/dynamixel_workbench_toolbox/package.ps1'
[12.524s] INFO:colcon.colcon_core.shell:Creating package descriptor '/home/xinchen/Dev/SRTP/install/dynamixel_workbench_toolbox/share/dynamixel_workbench_toolbox/package.dsv'
[12.525s] INFO:colcon.colcon_core.shell:Creating package script '/home/xinchen/Dev/SRTP/install/dynamixel_workbench_toolbox/share/dynamixel_workbench_toolbox/package.sh'
[12.526s] INFO:colcon.colcon_core.shell:Creating package script '/home/xinchen/Dev/SRTP/install/dynamixel_workbench_toolbox/share/dynamixel_workbench_toolbox/package.bash'
[12.527s] INFO:colcon.colcon_core.shell:Creating package script '/home/xinchen/Dev/SRTP/install/dynamixel_workbench_toolbox/share/dynamixel_workbench_toolbox/package.zsh'
[12.528s] Level 1:colcon.colcon_core.environment:create_file_with_runtime_dependencies(/home/xinchen/Dev/SRTP/install/dynamixel_workbench_toolbox/share/colcon-core/packages/dynamixel_workbench_toolbox)
[12.529s] INFO:colcon.colcon_ros.task.ament_cmake.build:Building ROS package in '/home/xinchen/Dev/SRTP/src/dynamixel-workbench/dynamixel_workbench' with build type 'ament_cmake'
[12.530s] INFO:colcon.colcon_cmake.task.cmake.build:Building CMake package in '/home/xinchen/Dev/SRTP/src/dynamixel-workbench/dynamixel_workbench'
[12.536s] INFO:colcon.colcon_core.shell:Skip shell extension 'powershell' for command environment: Not usable outside of PowerShell
[12.536s] DEBUG:colcon.colcon_core.shell:Skip shell extension 'dsv' for command environment
[12.582s] DEBUG:colcon.colcon_core.event_handler.log_command:Invoking command in '/home/xinchen/Dev/SRTP/build/dynamixel_workbench': AMENT_PREFIX_PATH=/home/xinchen/Dev/SRTP/install/dynamixel_workbench_toolbox:/home/xinchen/Dev/SRTP/install/dynamixel_sdk:${AMENT_PREFIX_PATH} CMAKE_PREFIX_PATH=/home/xinchen/Dev/SRTP/install/dynamixel_workbench_toolbox:/home/xinchen/Dev/SRTP/install/dynamixel_sdk:/opt/ros/foxy LD_LIBRARY_PATH=/home/xinchen/Dev/SRTP/install/dynamixel_workbench_toolbox/lib:/home/xinchen/Dev/SRTP/install/dynamixel_sdk/lib:${LD_LIBRARY_PATH} /usr/bin/cmake /home/xinchen/Dev/SRTP/src/dynamixel-workbench/dynamixel_workbench -DCMAKE_INSTALL_PREFIX=/home/xinchen/Dev/SRTP/install/dynamixel_workbench
[12.591s] Level 1:colcon.colcon_core.environment:create_environment_scripts_only(dynamixel_sdk_custom_interfaces)
[12.600s] Level 1:colcon.colcon_core.environment:checking '/home/xinchen/Dev/SRTP/install/dynamixel_sdk_custom_interfaces' for CMake module files
[12.601s] DEBUG:colcon.colcon_core.event_handler.log_command:Invoked command in '/home/xinchen/Dev/SRTP/build/dynamixel_sdk_custom_interfaces' returned '0': CMAKE_PREFIX_PATH=/opt/ros/foxy /usr/bin/cmake --install /home/xinchen/Dev/SRTP/build/dynamixel_sdk_custom_interfaces
[12.602s] Level 1:colcon.colcon_core.environment:checking '/home/xinchen/Dev/SRTP/install/dynamixel_sdk_custom_interfaces' for CMake config files
[12.603s] Level 1:colcon.colcon_core.shell:create_environment_hook('dynamixel_sdk_custom_interfaces', 'cmake_prefix_path')
[12.608s] INFO:colcon.colcon_core.shell:Creating environment hook '/home/xinchen/Dev/SRTP/install/dynamixel_sdk_custom_interfaces/share/dynamixel_sdk_custom_interfaces/hook/cmake_prefix_path.ps1'
[12.610s] INFO:colcon.colcon_core.shell:Creating environment descriptor '/home/xinchen/Dev/SRTP/install/dynamixel_sdk_custom_interfaces/share/dynamixel_sdk_custom_interfaces/hook/cmake_prefix_path.dsv'
[12.610s] INFO:colcon.colcon_core.shell:Creating environment hook '/home/xinchen/Dev/SRTP/install/dynamixel_sdk_custom_interfaces/share/dynamixel_sdk_custom_interfaces/hook/cmake_prefix_path.sh'
[12.611s] Level 1:colcon.colcon_core.environment:checking '/home/xinchen/Dev/SRTP/install/dynamixel_sdk_custom_interfaces/lib'
[12.612s] Level 1:colcon.colcon_core.shell:create_environment_hook('dynamixel_sdk_custom_interfaces', 'ld_library_path_lib')
[12.616s] INFO:colcon.colcon_core.shell:Creating environment hook '/home/xinchen/Dev/SRTP/install/dynamixel_sdk_custom_interfaces/share/dynamixel_sdk_custom_interfaces/hook/ld_library_path_lib.ps1'
[12.617s] INFO:colcon.colcon_core.shell:Creating environment descriptor '/home/xinchen/Dev/SRTP/install/dynamixel_sdk_custom_interfaces/share/dynamixel_sdk_custom_interfaces/hook/ld_library_path_lib.dsv'
[12.618s] INFO:colcon.colcon_core.shell:Creating environment hook '/home/xinchen/Dev/SRTP/install/dynamixel_sdk_custom_interfaces/share/dynamixel_sdk_custom_interfaces/hook/ld_library_path_lib.sh'
[12.618s] Level 1:colcon.colcon_core.environment:checking '/home/xinchen/Dev/SRTP/install/dynamixel_sdk_custom_interfaces/bin'
[12.618s] Level 1:colcon.colcon_core.environment:checking '/home/xinchen/Dev/SRTP/install/dynamixel_sdk_custom_interfaces/lib/pkgconfig/dynamixel_sdk_custom_interfaces.pc'
[12.619s] Level 1:colcon.colcon_core.environment:checking '/home/xinchen/Dev/SRTP/install/dynamixel_sdk_custom_interfaces/lib/python3.8/site-packages'
[12.619s] Level 1:colcon.colcon_core.shell:create_environment_hook('dynamixel_sdk_custom_interfaces', 'pythonpath')
[12.624s] INFO:colcon.colcon_core.shell:Creating environment hook '/home/xinchen/Dev/SRTP/install/dynamixel_sdk_custom_interfaces/share/dynamixel_sdk_custom_interfaces/hook/pythonpath.ps1'
[12.625s] INFO:colcon.colcon_core.shell:Creating environment descriptor '/home/xinchen/Dev/SRTP/install/dynamixel_sdk_custom_interfaces/share/dynamixel_sdk_custom_interfaces/hook/pythonpath.dsv'
[12.626s] INFO:colcon.colcon_core.shell:Creating environment hook '/home/xinchen/Dev/SRTP/install/dynamixel_sdk_custom_interfaces/share/dynamixel_sdk_custom_interfaces/hook/pythonpath.sh'
[12.627s] Level 1:colcon.colcon_core.environment:checking '/home/xinchen/Dev/SRTP/install/dynamixel_sdk_custom_interfaces/bin'
[12.632s] INFO:colcon.colcon_core.shell:Creating package script '/home/xinchen/Dev/SRTP/install/dynamixel_sdk_custom_interfaces/share/dynamixel_sdk_custom_interfaces/package.ps1'
[12.633s] INFO:colcon.colcon_core.shell:Creating package descriptor '/home/xinchen/Dev/SRTP/install/dynamixel_sdk_custom_interfaces/share/dynamixel_sdk_custom_interfaces/package.dsv'
[12.634s] INFO:colcon.colcon_core.shell:Creating package script '/home/xinchen/Dev/SRTP/install/dynamixel_sdk_custom_interfaces/share/dynamixel_sdk_custom_interfaces/package.sh'
[12.635s] INFO:colcon.colcon_core.shell:Creating package script '/home/xinchen/Dev/SRTP/install/dynamixel_sdk_custom_interfaces/share/dynamixel_sdk_custom_interfaces/package.bash'
[12.635s] INFO:colcon.colcon_core.shell:Creating package script '/home/xinchen/Dev/SRTP/install/dynamixel_sdk_custom_interfaces/share/dynamixel_sdk_custom_interfaces/package.zsh'
[12.636s] Level 1:colcon.colcon_core.environment:create_file_with_runtime_dependencies(/home/xinchen/Dev/SRTP/install/dynamixel_sdk_custom_interfaces/share/colcon-core/packages/dynamixel_sdk_custom_interfaces)
[12.761s] Level 1:colcon.colcon_core.environment:create_environment_scripts_only(dynamixel_sdk_custom_interfaces)
[12.768s] Level 1:colcon.colcon_core.environment:checking '/home/xinchen/Dev/SRTP/install/dynamixel_sdk_custom_interfaces' for CMake module files
[12.770s] Level 1:colcon.colcon_core.environment:checking '/home/xinchen/Dev/SRTP/install/dynamixel_sdk_custom_interfaces' for CMake config files
[12.771s] Level 1:colcon.colcon_core.shell:create_environment_hook('dynamixel_sdk_custom_interfaces', 'cmake_prefix_path')
[12.776s] INFO:colcon.colcon_core.shell:Creating environment hook '/home/xinchen/Dev/SRTP/install/dynamixel_sdk_custom_interfaces/share/dynamixel_sdk_custom_interfaces/hook/cmake_prefix_path.ps1'
[12.777s] INFO:colcon.colcon_core.shell:Creating environment descriptor '/home/xinchen/Dev/SRTP/install/dynamixel_sdk_custom_interfaces/share/dynamixel_sdk_custom_interfaces/hook/cmake_prefix_path.dsv'
[12.778s] INFO:colcon.colcon_core.shell:Creating environment hook '/home/xinchen/Dev/SRTP/install/dynamixel_sdk_custom_interfaces/share/dynamixel_sdk_custom_interfaces/hook/cmake_prefix_path.sh'
[12.779s] Level 1:colcon.colcon_core.environment:checking '/home/xinchen/Dev/SRTP/install/dynamixel_sdk_custom_interfaces/lib'
[12.779s] Level 1:colcon.colcon_core.shell:create_environment_hook('dynamixel_sdk_custom_interfaces', 'ld_library_path_lib')
[12.784s] INFO:colcon.colcon_core.shell:Creating environment hook '/home/xinchen/Dev/SRTP/install/dynamixel_sdk_custom_interfaces/share/dynamixel_sdk_custom_interfaces/hook/ld_library_path_lib.ps1'
[12.785s] INFO:colcon.colcon_core.shell:Creating environment descriptor '/home/xinchen/Dev/SRTP/install/dynamixel_sdk_custom_interfaces/share/dynamixel_sdk_custom_interfaces/hook/ld_library_path_lib.dsv'
[12.786s] INFO:colcon.colcon_core.shell:Creating environment hook '/home/xinchen/Dev/SRTP/install/dynamixel_sdk_custom_interfaces/share/dynamixel_sdk_custom_interfaces/hook/ld_library_path_lib.sh'
[12.787s] Level 1:colcon.colcon_core.environment:checking '/home/xinchen/Dev/SRTP/install/dynamixel_sdk_custom_interfaces/bin'
[12.787s] Level 1:colcon.colcon_core.environment:checking '/home/xinchen/Dev/SRTP/install/dynamixel_sdk_custom_interfaces/lib/pkgconfig/dynamixel_sdk_custom_interfaces.pc'
[12.787s] Level 1:colcon.colcon_core.environment:checking '/home/xinchen/Dev/SRTP/install/dynamixel_sdk_custom_interfaces/lib/python3.8/site-packages'
[12.787s] Level 1:colcon.colcon_core.shell:create_environment_hook('dynamixel_sdk_custom_interfaces', 'pythonpath')
[12.792s] INFO:colcon.colcon_core.shell:Creating environment hook '/home/xinchen/Dev/SRTP/install/dynamixel_sdk_custom_interfaces/share/dynamixel_sdk_custom_interfaces/hook/pythonpath.ps1'
[12.794s] INFO:colcon.colcon_core.shell:Creating environment descriptor '/home/xinchen/Dev/SRTP/install/dynamixel_sdk_custom_interfaces/share/dynamixel_sdk_custom_interfaces/hook/pythonpath.dsv'
[12.794s] INFO:colcon.colcon_core.shell:Creating environment hook '/home/xinchen/Dev/SRTP/install/dynamixel_sdk_custom_interfaces/share/dynamixel_sdk_custom_interfaces/hook/pythonpath.sh'
[12.795s] Level 1:colcon.colcon_core.environment:checking '/home/xinchen/Dev/SRTP/install/dynamixel_sdk_custom_interfaces/bin'
[12.800s] INFO:colcon.colcon_core.shell:Creating package script '/home/xinchen/Dev/SRTP/install/dynamixel_sdk_custom_interfaces/share/dynamixel_sdk_custom_interfaces/package.ps1'
[12.802s] INFO:colcon.colcon_core.shell:Creating package descriptor '/home/xinchen/Dev/SRTP/install/dynamixel_sdk_custom_interfaces/share/dynamixel_sdk_custom_interfaces/package.dsv'
[12.803s] INFO:colcon.colcon_core.shell:Creating package script '/home/xinchen/Dev/SRTP/install/dynamixel_sdk_custom_interfaces/share/dynamixel_sdk_custom_interfaces/package.sh'
[12.804s] INFO:colcon.colcon_core.shell:Creating package script '/home/xinchen/Dev/SRTP/install/dynamixel_sdk_custom_interfaces/share/dynamixel_sdk_custom_interfaces/package.bash'
[12.805s] INFO:colcon.colcon_core.shell:Creating package script '/home/xinchen/Dev/SRTP/install/dynamixel_sdk_custom_interfaces/share/dynamixel_sdk_custom_interfaces/package.zsh'
[12.806s] Level 1:colcon.colcon_core.environment:create_file_with_runtime_dependencies(/home/xinchen/Dev/SRTP/install/dynamixel_sdk_custom_interfaces/share/colcon-core/packages/dynamixel_sdk_custom_interfaces)
[12.807s] INFO:colcon.colcon_ros.task.ament_cmake.build:Building ROS package in '/home/xinchen/Dev/SRTP/src/DynamixelSDK/dynamixel_sdk_examples' with build type 'ament_cmake'
[12.808s] INFO:colcon.colcon_cmake.task.cmake.build:Building CMake package in '/home/xinchen/Dev/SRTP/src/DynamixelSDK/dynamixel_sdk_examples'
[12.813s] INFO:colcon.colcon_core.shell:Skip shell extension 'powershell' for command environment: Not usable outside of PowerShell
[12.813s] DEBUG:colcon.colcon_core.shell:Skip shell extension 'dsv' for command environment
[12.844s] DEBUG:colcon.colcon_core.event_handler.log_command:Invoking command in '/home/xinchen/Dev/SRTP/build/dynamixel_sdk_examples': AMENT_PREFIX_PATH=/home/xinchen/Dev/SRTP/install/dynamixel_sdk_custom_interfaces:/home/xinchen/Dev/SRTP/install/dynamixel_sdk:${AMENT_PREFIX_PATH} CMAKE_PREFIX_PATH=/home/xinchen/Dev/SRTP/install/dynamixel_sdk_custom_interfaces:/home/xinchen/Dev/SRTP/install/dynamixel_sdk:/opt/ros/foxy LD_LIBRARY_PATH=/home/xinchen/Dev/SRTP/install/dynamixel_sdk_custom_interfaces/lib:/home/xinchen/Dev/SRTP/install/dynamixel_sdk/lib:${LD_LIBRARY_PATH} PYTHONPATH=/home/xinchen/Dev/SRTP/install/dynamixel_sdk_custom_interfaces/lib/python3.8/site-packages:${PYTHONPATH} /usr/bin/cmake /home/xinchen/Dev/SRTP/src/DynamixelSDK/dynamixel_sdk_examples -DCMAKE_INSTALL_PREFIX=/home/xinchen/Dev/SRTP/install/dynamixel_sdk_examples
[14.249s] DEBUG:colcon.colcon_core.event_handler.log_command:Invoked command in '/home/xinchen/Dev/SRTP/build/dynamixel_workbench' returned '0': AMENT_PREFIX_PATH=/home/xinchen/Dev/SRTP/install/dynamixel_workbench_toolbox:/home/xinchen/Dev/SRTP/install/dynamixel_sdk:${AMENT_PREFIX_PATH} CMAKE_PREFIX_PATH=/home/xinchen/Dev/SRTP/install/dynamixel_workbench_toolbox:/home/xinchen/Dev/SRTP/install/dynamixel_sdk:/opt/ros/foxy LD_LIBRARY_PATH=/home/xinchen/Dev/SRTP/install/dynamixel_workbench_toolbox/lib:/home/xinchen/Dev/SRTP/install/dynamixel_sdk/lib:${LD_LIBRARY_PATH} /usr/bin/cmake /home/xinchen/Dev/SRTP/src/dynamixel-workbench/dynamixel_workbench -DCMAKE_INSTALL_PREFIX=/home/xinchen/Dev/SRTP/install/dynamixel_workbench
[14.256s] DEBUG:colcon.colcon_core.event_handler.log_command:Invoking command in '/home/xinchen/Dev/SRTP/build/dynamixel_workbench': AMENT_PREFIX_PATH=/home/xinchen/Dev/SRTP/install/dynamixel_workbench_toolbox:/home/xinchen/Dev/SRTP/install/dynamixel_sdk:${AMENT_PREFIX_PATH} CMAKE_PREFIX_PATH=/home/xinchen/Dev/SRTP/install/dynamixel_workbench_toolbox:/home/xinchen/Dev/SRTP/install/dynamixel_sdk:/opt/ros/foxy LD_LIBRARY_PATH=/home/xinchen/Dev/SRTP/install/dynamixel_workbench_toolbox/lib:/home/xinchen/Dev/SRTP/install/dynamixel_sdk/lib:${LD_LIBRARY_PATH} /usr/bin/cmake --build /home/xinchen/Dev/SRTP/build/dynamixel_workbench -- -j6 -l6
[14.346s] DEBUG:colcon.colcon_core.event_handler.log_command:Invoked command in '/home/xinchen/Dev/SRTP/build/dynamixel_workbench' returned '0': AMENT_PREFIX_PATH=/home/xinchen/Dev/SRTP/install/dynamixel_workbench_toolbox:/home/xinchen/Dev/SRTP/install/dynamixel_sdk:${AMENT_PREFIX_PATH} CMAKE_PREFIX_PATH=/home/xinchen/Dev/SRTP/install/dynamixel_workbench_toolbox:/home/xinchen/Dev/SRTP/install/dynamixel_sdk:/opt/ros/foxy LD_LIBRARY_PATH=/home/xinchen/Dev/SRTP/install/dynamixel_workbench_toolbox/lib:/home/xinchen/Dev/SRTP/install/dynamixel_sdk/lib:${LD_LIBRARY_PATH} /usr/bin/cmake --build /home/xinchen/Dev/SRTP/build/dynamixel_workbench -- -j6 -l6
[14.392s] DEBUG:colcon.colcon_core.event_handler.log_command:Invoking command in '/home/xinchen/Dev/SRTP/build/dynamixel_workbench': AMENT_PREFIX_PATH=/home/xinchen/Dev/SRTP/install/dynamixel_workbench_toolbox:/home/xinchen/Dev/SRTP/install/dynamixel_sdk:${AMENT_PREFIX_PATH} CMAKE_PREFIX_PATH=/home/xinchen/Dev/SRTP/install/dynamixel_workbench_toolbox:/home/xinchen/Dev/SRTP/install/dynamixel_sdk:/opt/ros/foxy LD_LIBRARY_PATH=/home/xinchen/Dev/SRTP/install/dynamixel_workbench_toolbox/lib:/home/xinchen/Dev/SRTP/install/dynamixel_sdk/lib:${LD_LIBRARY_PATH} /usr/bin/cmake --install /home/xinchen/Dev/SRTP/build/dynamixel_workbench
[14.425s] Level 1:colcon.colcon_core.environment:create_environment_scripts_only(dynamixel_workbench)
[14.440s] Level 1:colcon.colcon_core.environment:checking '/home/xinchen/Dev/SRTP/install/dynamixel_workbench' for CMake module files
[14.441s] DEBUG:colcon.colcon_core.event_handler.log_command:Invoked command in '/home/xinchen/Dev/SRTP/build/dynamixel_workbench' returned '0': AMENT_PREFIX_PATH=/home/xinchen/Dev/SRTP/install/dynamixel_workbench_toolbox:/home/xinchen/Dev/SRTP/install/dynamixel_sdk:${AMENT_PREFIX_PATH} CMAKE_PREFIX_PATH=/home/xinchen/Dev/SRTP/install/dynamixel_workbench_toolbox:/home/xinchen/Dev/SRTP/install/dynamixel_sdk:/opt/ros/foxy LD_LIBRARY_PATH=/home/xinchen/Dev/SRTP/install/dynamixel_workbench_toolbox/lib:/home/xinchen/Dev/SRTP/install/dynamixel_sdk/lib:${LD_LIBRARY_PATH} /usr/bin/cmake --install /home/xinchen/Dev/SRTP/build/dynamixel_workbench
[14.443s] Level 1:colcon.colcon_core.environment:checking '/home/xinchen/Dev/SRTP/install/dynamixel_workbench' for CMake config files
[14.444s] Level 1:colcon.colcon_core.shell:create_environment_hook('dynamixel_workbench', 'cmake_prefix_path')
[14.450s] INFO:colcon.colcon_core.shell:Creating environment hook '/home/xinchen/Dev/SRTP/install/dynamixel_workbench/share/dynamixel_workbench/hook/cmake_prefix_path.ps1'
[14.452s] INFO:colcon.colcon_core.shell:Creating environment descriptor '/home/xinchen/Dev/SRTP/install/dynamixel_workbench/share/dynamixel_workbench/hook/cmake_prefix_path.dsv'
[14.453s] INFO:colcon.colcon_core.shell:Creating environment hook '/home/xinchen/Dev/SRTP/install/dynamixel_workbench/share/dynamixel_workbench/hook/cmake_prefix_path.sh'
[14.454s] Level 1:colcon.colcon_core.environment:checking '/home/xinchen/Dev/SRTP/install/dynamixel_workbench/bin'
[14.454s] Level 1:colcon.colcon_core.environment:checking '/home/xinchen/Dev/SRTP/install/dynamixel_workbench/lib/pkgconfig/dynamixel_workbench.pc'
[14.455s] Level 1:colcon.colcon_core.environment:checking '/home/xinchen/Dev/SRTP/install/dynamixel_workbench/lib/python3.8/site-packages'
[14.456s] Level 1:colcon.colcon_core.environment:checking '/home/xinchen/Dev/SRTP/install/dynamixel_workbench/bin'
[14.461s] INFO:colcon.colcon_core.shell:Creating package script '/home/xinchen/Dev/SRTP/install/dynamixel_workbench/share/dynamixel_workbench/package.ps1'
[14.462s] INFO:colcon.colcon_core.shell:Creating package descriptor '/home/xinchen/Dev/SRTP/install/dynamixel_workbench/share/dynamixel_workbench/package.dsv'
[14.462s] INFO:colcon.colcon_core.shell:Creating package script '/home/xinchen/Dev/SRTP/install/dynamixel_workbench/share/dynamixel_workbench/package.sh'
[14.463s] INFO:colcon.colcon_core.shell:Creating package script '/home/xinchen/Dev/SRTP/install/dynamixel_workbench/share/dynamixel_workbench/package.bash'
[14.464s] INFO:colcon.colcon_core.shell:Creating package script '/home/xinchen/Dev/SRTP/install/dynamixel_workbench/share/dynamixel_workbench/package.zsh'
[14.464s] Level 1:colcon.colcon_core.environment:create_file_with_runtime_dependencies(/home/xinchen/Dev/SRTP/install/dynamixel_workbench/share/colcon-core/packages/dynamixel_workbench)
[14.515s] Level 1:colcon.colcon_core.environment:create_environment_scripts_only(dynamixel_workbench)
[14.522s] Level 1:colcon.colcon_core.environment:checking '/home/xinchen/Dev/SRTP/install/dynamixel_workbench' for CMake module files
[14.524s] Level 1:colcon.colcon_core.environment:checking '/home/xinchen/Dev/SRTP/install/dynamixel_workbench' for CMake config files
[14.524s] Level 1:colcon.colcon_core.shell:create_environment_hook('dynamixel_workbench', 'cmake_prefix_path')
[14.529s] INFO:colcon.colcon_core.shell:Creating environment hook '/home/xinchen/Dev/SRTP/install/dynamixel_workbench/share/dynamixel_workbench/hook/cmake_prefix_path.ps1'
[14.531s] INFO:colcon.colcon_core.shell:Creating environment descriptor '/home/xinchen/Dev/SRTP/install/dynamixel_workbench/share/dynamixel_workbench/hook/cmake_prefix_path.dsv'
[14.531s] INFO:colcon.colcon_core.shell:Creating environment hook '/home/xinchen/Dev/SRTP/install/dynamixel_workbench/share/dynamixel_workbench/hook/cmake_prefix_path.sh'
[14.533s] Level 1:colcon.colcon_core.environment:checking '/home/xinchen/Dev/SRTP/install/dynamixel_workbench/bin'
[14.533s] Level 1:colcon.colcon_core.environment:checking '/home/xinchen/Dev/SRTP/install/dynamixel_workbench/lib/pkgconfig/dynamixel_workbench.pc'
[14.534s] Level 1:colcon.colcon_core.environment:checking '/home/xinchen/Dev/SRTP/install/dynamixel_workbench/lib/python3.8/site-packages'
[14.534s] Level 1:colcon.colcon_core.environment:checking '/home/xinchen/Dev/SRTP/install/dynamixel_workbench/bin'
[14.539s] INFO:colcon.colcon_core.shell:Creating package script '/home/xinchen/Dev/SRTP/install/dynamixel_workbench/share/dynamixel_workbench/package.ps1'
[14.540s] INFO:colcon.colcon_core.shell:Creating package descriptor '/home/xinchen/Dev/SRTP/install/dynamixel_workbench/share/dynamixel_workbench/package.dsv'
[14.541s] INFO:colcon.colcon_core.shell:Creating package script '/home/xinchen/Dev/SRTP/install/dynamixel_workbench/share/dynamixel_workbench/package.sh'
[14.542s] INFO:colcon.colcon_core.shell:Creating package script '/home/xinchen/Dev/SRTP/install/dynamixel_workbench/share/dynamixel_workbench/package.bash'
[14.544s] INFO:colcon.colcon_core.shell:Creating package script '/home/xinchen/Dev/SRTP/install/dynamixel_workbench/share/dynamixel_workbench/package.zsh'
[14.545s] Level 1:colcon.colcon_core.environment:create_file_with_runtime_dependencies(/home/xinchen/Dev/SRTP/install/dynamixel_workbench/share/colcon-core/packages/dynamixel_workbench)
[16.125s] DEBUG:colcon.colcon_core.event_handler.log_command:Invoked command in '/home/xinchen/Dev/SRTP/build/dynamixel_sdk_examples' returned '0': AMENT_PREFIX_PATH=/home/xinchen/Dev/SRTP/install/dynamixel_sdk_custom_interfaces:/home/xinchen/Dev/SRTP/install/dynamixel_sdk:${AMENT_PREFIX_PATH} CMAKE_PREFIX_PATH=/home/xinchen/Dev/SRTP/install/dynamixel_sdk_custom_interfaces:/home/xinchen/Dev/SRTP/install/dynamixel_sdk:/opt/ros/foxy LD_LIBRARY_PATH=/home/xinchen/Dev/SRTP/install/dynamixel_sdk_custom_interfaces/lib:/home/xinchen/Dev/SRTP/install/dynamixel_sdk/lib:${LD_LIBRARY_PATH} PYTHONPATH=/home/xinchen/Dev/SRTP/install/dynamixel_sdk_custom_interfaces/lib/python3.8/site-packages:${PYTHONPATH} /usr/bin/cmake /home/xinchen/Dev/SRTP/src/DynamixelSDK/dynamixel_sdk_examples -DCMAKE_INSTALL_PREFIX=/home/xinchen/Dev/SRTP/install/dynamixel_sdk_examples
[16.134s] DEBUG:colcon.colcon_core.event_handler.log_command:Invoking command in '/home/xinchen/Dev/SRTP/build/dynamixel_sdk_examples': AMENT_PREFIX_PATH=/home/xinchen/Dev/SRTP/install/dynamixel_sdk_custom_interfaces:/home/xinchen/Dev/SRTP/install/dynamixel_sdk:${AMENT_PREFIX_PATH} CMAKE_PREFIX_PATH=/home/xinchen/Dev/SRTP/install/dynamixel_sdk_custom_interfaces:/home/xinchen/Dev/SRTP/install/dynamixel_sdk:/opt/ros/foxy LD_LIBRARY_PATH=/home/xinchen/Dev/SRTP/install/dynamixel_sdk_custom_interfaces/lib:/home/xinchen/Dev/SRTP/install/dynamixel_sdk/lib:${LD_LIBRARY_PATH} PYTHONPATH=/home/xinchen/Dev/SRTP/install/dynamixel_sdk_custom_interfaces/lib/python3.8/site-packages:${PYTHONPATH} /usr/bin/cmake --build /home/xinchen/Dev/SRTP/build/dynamixel_sdk_examples -- -j6 -l6
[29.271s] DEBUG:colcon.colcon_core.event_handler.log_command:Invoked command in '/home/xinchen/Dev/SRTP/build/dynamixel_sdk_examples' returned '0': AMENT_PREFIX_PATH=/home/xinchen/Dev/SRTP/install/dynamixel_sdk_custom_interfaces:/home/xinchen/Dev/SRTP/install/dynamixel_sdk:${AMENT_PREFIX_PATH} CMAKE_PREFIX_PATH=/home/xinchen/Dev/SRTP/install/dynamixel_sdk_custom_interfaces:/home/xinchen/Dev/SRTP/install/dynamixel_sdk:/opt/ros/foxy LD_LIBRARY_PATH=/home/xinchen/Dev/SRTP/install/dynamixel_sdk_custom_interfaces/lib:/home/xinchen/Dev/SRTP/install/dynamixel_sdk/lib:${LD_LIBRARY_PATH} PYTHONPATH=/home/xinchen/Dev/SRTP/install/dynamixel_sdk_custom_interfaces/lib/python3.8/site-packages:${PYTHONPATH} /usr/bin/cmake --build /home/xinchen/Dev/SRTP/build/dynamixel_sdk_examples -- -j6 -l6
[29.327s] DEBUG:colcon.colcon_core.event_handler.log_command:Invoking command in '/home/xinchen/Dev/SRTP/build/dynamixel_sdk_examples': AMENT_PREFIX_PATH=/home/xinchen/Dev/SRTP/install/dynamixel_sdk_custom_interfaces:/home/xinchen/Dev/SRTP/install/dynamixel_sdk:${AMENT_PREFIX_PATH} CMAKE_PREFIX_PATH=/home/xinchen/Dev/SRTP/install/dynamixel_sdk_custom_interfaces:/home/xinchen/Dev/SRTP/install/dynamixel_sdk:/opt/ros/foxy LD_LIBRARY_PATH=/home/xinchen/Dev/SRTP/install/dynamixel_sdk_custom_interfaces/lib:/home/xinchen/Dev/SRTP/install/dynamixel_sdk/lib:${LD_LIBRARY_PATH} PYTHONPATH=/home/xinchen/Dev/SRTP/install/dynamixel_sdk_custom_interfaces/lib/python3.8/site-packages:${PYTHONPATH} /usr/bin/cmake --install /home/xinchen/Dev/SRTP/build/dynamixel_sdk_examples
[29.369s] Level 1:colcon.colcon_core.environment:create_environment_scripts_only(dynamixel_sdk_examples)
[29.383s] Level 1:colcon.colcon_core.environment:checking '/home/xinchen/Dev/SRTP/install/dynamixel_sdk_examples' for CMake module files
[29.383s] DEBUG:colcon.colcon_core.event_handler.log_command:Invoked command in '/home/xinchen/Dev/SRTP/build/dynamixel_sdk_examples' returned '0': AMENT_PREFIX_PATH=/home/xinchen/Dev/SRTP/install/dynamixel_sdk_custom_interfaces:/home/xinchen/Dev/SRTP/install/dynamixel_sdk:${AMENT_PREFIX_PATH} CMAKE_PREFIX_PATH=/home/xinchen/Dev/SRTP/install/dynamixel_sdk_custom_interfaces:/home/xinchen/Dev/SRTP/install/dynamixel_sdk:/opt/ros/foxy LD_LIBRARY_PATH=/home/xinchen/Dev/SRTP/install/dynamixel_sdk_custom_interfaces/lib:/home/xinchen/Dev/SRTP/install/dynamixel_sdk/lib:${LD_LIBRARY_PATH} PYTHONPATH=/home/xinchen/Dev/SRTP/install/dynamixel_sdk_custom_interfaces/lib/python3.8/site-packages:${PYTHONPATH} /usr/bin/cmake --install /home/xinchen/Dev/SRTP/build/dynamixel_sdk_examples
[29.385s] Level 1:colcon.colcon_core.environment:checking '/home/xinchen/Dev/SRTP/install/dynamixel_sdk_examples' for CMake config files
[29.386s] Level 1:colcon.colcon_core.shell:create_environment_hook('dynamixel_sdk_examples', 'cmake_prefix_path')
[29.393s] INFO:colcon.colcon_core.shell:Creating environment hook '/home/xinchen/Dev/SRTP/install/dynamixel_sdk_examples/share/dynamixel_sdk_examples/hook/cmake_prefix_path.ps1'
[29.399s] INFO:colcon.colcon_core.shell:Creating environment descriptor '/home/xinchen/Dev/SRTP/install/dynamixel_sdk_examples/share/dynamixel_sdk_examples/hook/cmake_prefix_path.dsv'
[29.403s] INFO:colcon.colcon_core.shell:Creating environment hook '/home/xinchen/Dev/SRTP/install/dynamixel_sdk_examples/share/dynamixel_sdk_examples/hook/cmake_prefix_path.sh'
[29.405s] Level 1:colcon.colcon_core.environment:checking '/home/xinchen/Dev/SRTP/install/dynamixel_sdk_examples/lib'
[29.405s] Level 1:colcon.colcon_core.environment:checking '/home/xinchen/Dev/SRTP/install/dynamixel_sdk_examples/bin'
[29.406s] Level 1:colcon.colcon_core.environment:checking '/home/xinchen/Dev/SRTP/install/dynamixel_sdk_examples/lib/pkgconfig/dynamixel_sdk_examples.pc'
[29.406s] Level 1:colcon.colcon_core.environment:checking '/home/xinchen/Dev/SRTP/install/dynamixel_sdk_examples/lib/python3.8/site-packages'
[29.406s] Level 1:colcon.colcon_core.environment:checking '/home/xinchen/Dev/SRTP/install/dynamixel_sdk_examples/bin'
[29.412s] INFO:colcon.colcon_core.shell:Creating package script '/home/xinchen/Dev/SRTP/install/dynamixel_sdk_examples/share/dynamixel_sdk_examples/package.ps1'
[29.414s] INFO:colcon.colcon_core.shell:Creating package descriptor '/home/xinchen/Dev/SRTP/install/dynamixel_sdk_examples/share/dynamixel_sdk_examples/package.dsv'
[29.416s] INFO:colcon.colcon_core.shell:Creating package script '/home/xinchen/Dev/SRTP/install/dynamixel_sdk_examples/share/dynamixel_sdk_examples/package.sh'
[29.418s] INFO:colcon.colcon_core.shell:Creating package script '/home/xinchen/Dev/SRTP/install/dynamixel_sdk_examples/share/dynamixel_sdk_examples/package.bash'
[29.421s] INFO:colcon.colcon_core.shell:Creating package script '/home/xinchen/Dev/SRTP/install/dynamixel_sdk_examples/share/dynamixel_sdk_examples/package.zsh'
[29.433s] Level 1:colcon.colcon_core.environment:create_file_with_runtime_dependencies(/home/xinchen/Dev/SRTP/install/dynamixel_sdk_examples/share/colcon-core/packages/dynamixel_sdk_examples)
[29.492s] Level 1:colcon.colcon_core.environment:create_environment_scripts_only(dynamixel_sdk_examples)
[29.499s] Level 1:colcon.colcon_core.environment:checking '/home/xinchen/Dev/SRTP/install/dynamixel_sdk_examples' for CMake module files
[29.501s] Level 1:colcon.colcon_core.environment:checking '/home/xinchen/Dev/SRTP/install/dynamixel_sdk_examples' for CMake config files
[29.501s] Level 1:colcon.colcon_core.shell:create_environment_hook('dynamixel_sdk_examples', 'cmake_prefix_path')
[29.506s] INFO:colcon.colcon_core.shell:Creating environment hook '/home/xinchen/Dev/SRTP/install/dynamixel_sdk_examples/share/dynamixel_sdk_examples/hook/cmake_prefix_path.ps1'
[29.508s] INFO:colcon.colcon_core.shell:Creating environment descriptor '/home/xinchen/Dev/SRTP/install/dynamixel_sdk_examples/share/dynamixel_sdk_examples/hook/cmake_prefix_path.dsv'
[29.509s] INFO:colcon.colcon_core.shell:Creating environment hook '/home/xinchen/Dev/SRTP/install/dynamixel_sdk_examples/share/dynamixel_sdk_examples/hook/cmake_prefix_path.sh'
[29.511s] Level 1:colcon.colcon_core.environment:checking '/home/xinchen/Dev/SRTP/install/dynamixel_sdk_examples/lib'
[29.511s] Level 1:colcon.colcon_core.environment:checking '/home/xinchen/Dev/SRTP/install/dynamixel_sdk_examples/bin'
[29.511s] Level 1:colcon.colcon_core.environment:checking '/home/xinchen/Dev/SRTP/install/dynamixel_sdk_examples/lib/pkgconfig/dynamixel_sdk_examples.pc'
[29.512s] Level 1:colcon.colcon_core.environment:checking '/home/xinchen/Dev/SRTP/install/dynamixel_sdk_examples/lib/python3.8/site-packages'
[29.512s] Level 1:colcon.colcon_core.environment:checking '/home/xinchen/Dev/SRTP/install/dynamixel_sdk_examples/bin'
[29.518s] INFO:colcon.colcon_core.shell:Creating package script '/home/xinchen/Dev/SRTP/install/dynamixel_sdk_examples/share/dynamixel_sdk_examples/package.ps1'
[29.519s] INFO:colcon.colcon_core.shell:Creating package descriptor '/home/xinchen/Dev/SRTP/install/dynamixel_sdk_examples/share/dynamixel_sdk_examples/package.dsv'
[29.520s] INFO:colcon.colcon_core.shell:Creating package script '/home/xinchen/Dev/SRTP/install/dynamixel_sdk_examples/share/dynamixel_sdk_examples/package.sh'
[29.521s] INFO:colcon.colcon_core.shell:Creating package script '/home/xinchen/Dev/SRTP/install/dynamixel_sdk_examples/share/dynamixel_sdk_examples/package.bash'
[29.522s] INFO:colcon.colcon_core.shell:Creating package script '/home/xinchen/Dev/SRTP/install/dynamixel_sdk_examples/share/dynamixel_sdk_examples/package.zsh'
[29.523s] Level 1:colcon.colcon_core.environment:create_file_with_runtime_dependencies(/home/xinchen/Dev/SRTP/install/dynamixel_sdk_examples/share/colcon-core/packages/dynamixel_sdk_examples)
[29.525s] DEBUG:colcon.colcon_parallel_executor.executor.parallel:closing loop
[29.528s] DEBUG:colcon.colcon_parallel_executor.executor.parallel:loop closed
[29.529s] DEBUG:colcon.colcon_parallel_executor.executor.parallel:run_until_complete finished with '0'
[29.530s] DEBUG:colcon.colcon_core.event_reactor:joining thread
[29.631s] INFO:colcon.colcon_core.plugin_system:Skipping extension 'colcon_notification.desktop_notification.terminal_notifier': Not used on non-Darwin systems
[29.631s] INFO:colcon.colcon_core.plugin_system:Skipping extension 'colcon_notification.desktop_notification.win32': Not used on non-Windows systems
[29.631s] INFO:colcon.colcon_notification.desktop_notification:Sending desktop notification using 'notify2'
[29.757s] DEBUG:colcon.colcon_core.event_reactor:joined thread
[29.766s] INFO:colcon.colcon_core.shell:Creating prefix script '/home/xinchen/Dev/SRTP/install/local_setup.ps1'
[29.770s] INFO:colcon.colcon_core.shell:Creating prefix util module '/home/xinchen/Dev/SRTP/install/_local_setup_util_ps1.py'
[29.773s] INFO:colcon.colcon_core.shell:Creating prefix chain script '/home/xinchen/Dev/SRTP/install/setup.ps1'
[29.777s] INFO:colcon.colcon_core.shell:Creating prefix script '/home/xinchen/Dev/SRTP/install/local_setup.sh'
[29.779s] INFO:colcon.colcon_core.shell:Creating prefix util module '/home/xinchen/Dev/SRTP/install/_local_setup_util_sh.py'
[29.781s] INFO:colcon.colcon_core.shell:Creating prefix chain script '/home/xinchen/Dev/SRTP/install/setup.sh'
[29.785s] INFO:colcon.colcon_core.shell:Creating prefix script '/home/xinchen/Dev/SRTP/install/local_setup.bash'
[29.787s] INFO:colcon.colcon_core.shell:Creating prefix chain script '/home/xinchen/Dev/SRTP/install/setup.bash'
[29.796s] INFO:colcon.colcon_core.shell:Creating prefix script '/home/xinchen/Dev/SRTP/install/local_setup.zsh'
[29.798s] INFO:colcon.colcon_core.shell:Creating prefix chain script '/home/xinchen/Dev/SRTP/install/setup.zsh'
