[0.103s] Invoking command in '/home/xinchen/Dev/SRTP/build/dynamixel_sdk_custom_interfaces': CMAKE_PREFIX_PATH=${CMAKE_PREFIX_PATH}:/opt/ros/foxy /usr/bin/cmake --build /home/xinchen/Dev/SRTP/build/dynamixel_sdk_custom_interfaces -- -j6 -l6
[0.443s] [  2%] Built target dynamixel_sdk_custom_interfaces__cpp
[0.492s] [ 12%] Built target dynamixel_sdk_custom_interfaces__rosidl_generator_c
[0.571s] [ 23%] Built target dynamixel_sdk_custom_interfaces__rosidl_typesupport_introspection_cpp
[0.582s] [ 33%] Built target dynamixel_sdk_custom_interfaces__rosidl_typesupport_cpp
[0.609s] [ 51%] Built target dynamixel_sdk_custom_interfaces__rosidl_typesupport_c
[0.609s] [ 53%] Built target dynamixel_sdk_custom_interfaces__rosidl_typesupport_introspection_c
[0.623s] [ 64%] Built target dynamixel_sdk_custom_interfaces__rosidl_typesupport_fastrtps_cpp
[0.687s] [ 74%] Built target dynamixel_sdk_custom_interfaces__rosidl_typesupport_fastrtps_c
[0.733s] [ 74%] Built target dynamixel_sdk_custom_interfaces
[0.792s] [ 76%] Built target dynamixel_sdk_custom_interfaces__py
[0.878s] [ 84%] Built target dynamixel_sdk_custom_interfaces__python
[1.008s] [ 89%] Built target dynamixel_sdk_custom_interfaces__rosidl_typesupport_fastrtps_c__pyext
[1.029s] [ 94%] Built target dynamixel_sdk_custom_interfaces__rosidl_typesupport_introspection_c__pyext
[1.030s] [100%] Built target dynamixel_sdk_custom_interfaces__rosidl_typesupport_c__pyext
[1.176s] Invoked command in '/home/xinchen/Dev/SRTP/build/dynamixel_sdk_custom_interfaces' returned '0': CMAKE_PREFIX_PATH=${CMAKE_PREFIX_PATH}:/opt/ros/foxy /usr/bin/cmake --build /home/xinchen/Dev/SRTP/build/dynamixel_sdk_custom_interfaces -- -j6 -l6
[1.497s] Invoking command in '/home/xinchen/Dev/SRTP/build/dynamixel_sdk_custom_interfaces': CMAKE_PREFIX_PATH=${CMAKE_PREFIX_PATH}:/opt/ros/foxy /usr/bin/cmake --install /home/xinchen/Dev/SRTP/build/dynamixel_sdk_custom_interfaces
[1.536s] -- Install configuration: ""
[1.538s] -- Up-to-date: /home/xinchen/Dev/SRTP/install/dynamixel_sdk_custom_interfaces/share/ament_index/resource_index/rosidl_interfaces/dynamixel_sdk_custom_interfaces
[1.545s] -- Up-to-date: /home/xinchen/Dev/SRTP/install/dynamixel_sdk_custom_interfaces/include/dynamixel_sdk_custom_interfaces
[1.552s] -- Up-to-date: /home/xinchen/Dev/SRTP/install/dynamixel_sdk_custom_interfaces/include/dynamixel_sdk_custom_interfaces/srv
[1.552s] -- Up-to-date: /home/xinchen/Dev/SRTP/install/dynamixel_sdk_custom_interfaces/include/dynamixel_sdk_custom_interfaces/srv/detail
[1.552s] -- Up-to-date: /home/xinchen/Dev/SRTP/install/dynamixel_sdk_custom_interfaces/include/dynamixel_sdk_custom_interfaces/srv/detail/get_position__struct.h
[1.552s] -- Up-to-date: /home/xinchen/Dev/SRTP/install/dynamixel_sdk_custom_interfaces/include/dynamixel_sdk_custom_interfaces/srv/detail/get_position__functions.h
[1.553s] -- Up-to-date: /home/xinchen/Dev/SRTP/install/dynamixel_sdk_custom_interfaces/include/dynamixel_sdk_custom_interfaces/srv/detail/get_position__type_support.h
[1.553s] -- Up-to-date: /home/xinchen/Dev/SRTP/install/dynamixel_sdk_custom_interfaces/include/dynamixel_sdk_custom_interfaces/srv/detail/get_position__functions.c
[1.553s] -- Up-to-date: /home/xinchen/Dev/SRTP/install/dynamixel_sdk_custom_interfaces/include/dynamixel_sdk_custom_interfaces/srv/get_position.h
[1.554s] -- Up-to-date: /home/xinchen/Dev/SRTP/install/dynamixel_sdk_custom_interfaces/include/dynamixel_sdk_custom_interfaces/msg
[1.554s] -- Up-to-date: /home/xinchen/Dev/SRTP/install/dynamixel_sdk_custom_interfaces/include/dynamixel_sdk_custom_interfaces/msg/detail
[1.568s] -- Up-to-date: /home/xinchen/Dev/SRTP/install/dynamixel_sdk_custom_interfaces/include/dynamixel_sdk_custom_interfaces/msg/detail/set_position__functions.h
[1.568s] -- Up-to-date: /home/xinchen/Dev/SRTP/install/dynamixel_sdk_custom_interfaces/include/dynamixel_sdk_custom_interfaces/msg/detail/set_position__type_support.h
[1.568s] -- Up-to-date: /home/xinchen/Dev/SRTP/install/dynamixel_sdk_custom_interfaces/include/dynamixel_sdk_custom_interfaces/msg/detail/set_position__struct.h
[1.568s] -- Up-to-date: /home/xinchen/Dev/SRTP/install/dynamixel_sdk_custom_interfaces/include/dynamixel_sdk_custom_interfaces/msg/detail/set_position__functions.c
[1.568s] -- Up-to-date: /home/xinchen/Dev/SRTP/install/dynamixel_sdk_custom_interfaces/include/dynamixel_sdk_custom_interfaces/msg/rosidl_generator_c__visibility_control.h
[1.568s] -- Up-to-date: /home/xinchen/Dev/SRTP/install/dynamixel_sdk_custom_interfaces/include/dynamixel_sdk_custom_interfaces/msg/set_position.h
[1.568s] -- Up-to-date: /home/xinchen/Dev/SRTP/install/dynamixel_sdk_custom_interfaces/share/dynamixel_sdk_custom_interfaces/environment/library_path.sh
[1.569s] -- Up-to-date: /home/xinchen/Dev/SRTP/install/dynamixel_sdk_custom_interfaces/share/dynamixel_sdk_custom_interfaces/environment/library_path.dsv
[1.569s] -- Up-to-date: /home/xinchen/Dev/SRTP/install/dynamixel_sdk_custom_interfaces/lib/libdynamixel_sdk_custom_interfaces__rosidl_generator_c.so
[1.569s] -- Up-to-date: /home/xinchen/Dev/SRTP/install/dynamixel_sdk_custom_interfaces/include/dynamixel_sdk_custom_interfaces
[1.569s] -- Up-to-date: /home/xinchen/Dev/SRTP/install/dynamixel_sdk_custom_interfaces/include/dynamixel_sdk_custom_interfaces/srv
[1.569s] -- Up-to-date: /home/xinchen/Dev/SRTP/install/dynamixel_sdk_custom_interfaces/include/dynamixel_sdk_custom_interfaces/srv/detail
[1.569s] -- Up-to-date: /home/xinchen/Dev/SRTP/install/dynamixel_sdk_custom_interfaces/include/dynamixel_sdk_custom_interfaces/srv/detail/get_position__rosidl_typesupport_fastrtps_c.h
[1.569s] -- Up-to-date: /home/xinchen/Dev/SRTP/install/dynamixel_sdk_custom_interfaces/include/dynamixel_sdk_custom_interfaces/msg
[1.570s] -- Up-to-date: /home/xinchen/Dev/SRTP/install/dynamixel_sdk_custom_interfaces/include/dynamixel_sdk_custom_interfaces/msg/detail
[1.570s] -- Up-to-date: /home/xinchen/Dev/SRTP/install/dynamixel_sdk_custom_interfaces/include/dynamixel_sdk_custom_interfaces/msg/detail/set_position__rosidl_typesupport_fastrtps_c.h
[1.571s] -- Up-to-date: /home/xinchen/Dev/SRTP/install/dynamixel_sdk_custom_interfaces/include/dynamixel_sdk_custom_interfaces/msg/rosidl_typesupport_fastrtps_c__visibility_control.h
[1.571s] -- Up-to-date: /home/xinchen/Dev/SRTP/install/dynamixel_sdk_custom_interfaces/lib/libdynamixel_sdk_custom_interfaces__rosidl_typesupport_fastrtps_c.so
[1.571s] -- Up-to-date: /home/xinchen/Dev/SRTP/install/dynamixel_sdk_custom_interfaces/include/dynamixel_sdk_custom_interfaces
[1.572s] -- Up-to-date: /home/xinchen/Dev/SRTP/install/dynamixel_sdk_custom_interfaces/include/dynamixel_sdk_custom_interfaces/srv
[1.577s] -- Up-to-date: /home/xinchen/Dev/SRTP/install/dynamixel_sdk_custom_interfaces/include/dynamixel_sdk_custom_interfaces/srv/detail
[1.577s] -- Up-to-date: /home/xinchen/Dev/SRTP/install/dynamixel_sdk_custom_interfaces/include/dynamixel_sdk_custom_interfaces/srv/detail/dds_fastrtps
[1.578s] -- Up-to-date: /home/xinchen/Dev/SRTP/install/dynamixel_sdk_custom_interfaces/include/dynamixel_sdk_custom_interfaces/srv/detail/get_position__rosidl_typesupport_fastrtps_cpp.hpp
[1.578s] -- Up-to-date: /home/xinchen/Dev/SRTP/install/dynamixel_sdk_custom_interfaces/include/dynamixel_sdk_custom_interfaces/msg
[1.578s] -- Up-to-date: /home/xinchen/Dev/SRTP/install/dynamixel_sdk_custom_interfaces/include/dynamixel_sdk_custom_interfaces/msg/detail
[1.578s] -- Up-to-date: /home/xinchen/Dev/SRTP/install/dynamixel_sdk_custom_interfaces/include/dynamixel_sdk_custom_interfaces/msg/detail/dds_fastrtps
[1.578s] -- Up-to-date: /home/xinchen/Dev/SRTP/install/dynamixel_sdk_custom_interfaces/include/dynamixel_sdk_custom_interfaces/msg/detail/set_position__rosidl_typesupport_fastrtps_cpp.hpp
[1.578s] -- Up-to-date: /home/xinchen/Dev/SRTP/install/dynamixel_sdk_custom_interfaces/include/dynamixel_sdk_custom_interfaces/msg/rosidl_typesupport_fastrtps_cpp__visibility_control.h
[1.578s] -- Up-to-date: /home/xinchen/Dev/SRTP/install/dynamixel_sdk_custom_interfaces/lib/libdynamixel_sdk_custom_interfaces__rosidl_typesupport_fastrtps_cpp.so
[1.589s] -- Up-to-date: /home/xinchen/Dev/SRTP/install/dynamixel_sdk_custom_interfaces/include/dynamixel_sdk_custom_interfaces
[1.591s] -- Up-to-date: /home/xinchen/Dev/SRTP/install/dynamixel_sdk_custom_interfaces/include/dynamixel_sdk_custom_interfaces/srv
[1.592s] -- Up-to-date: /home/xinchen/Dev/SRTP/install/dynamixel_sdk_custom_interfaces/include/dynamixel_sdk_custom_interfaces/srv/detail
[1.592s] -- Up-to-date: /home/xinchen/Dev/SRTP/install/dynamixel_sdk_custom_interfaces/include/dynamixel_sdk_custom_interfaces/srv/detail/get_position__type_support.c
[1.592s] -- Up-to-date: /home/xinchen/Dev/SRTP/install/dynamixel_sdk_custom_interfaces/include/dynamixel_sdk_custom_interfaces/srv/detail/get_position__rosidl_typesupport_introspection_c.h
[1.592s] -- Up-to-date: /home/xinchen/Dev/SRTP/install/dynamixel_sdk_custom_interfaces/include/dynamixel_sdk_custom_interfaces/msg
[1.593s] -- Up-to-date: /home/xinchen/Dev/SRTP/install/dynamixel_sdk_custom_interfaces/include/dynamixel_sdk_custom_interfaces/msg/detail
[1.593s] -- Up-to-date: /home/xinchen/Dev/SRTP/install/dynamixel_sdk_custom_interfaces/include/dynamixel_sdk_custom_interfaces/msg/detail/set_position__rosidl_typesupport_introspection_c.h
[1.593s] -- Up-to-date: /home/xinchen/Dev/SRTP/install/dynamixel_sdk_custom_interfaces/include/dynamixel_sdk_custom_interfaces/msg/detail/set_position__type_support.c
[1.593s] -- Up-to-date: /home/xinchen/Dev/SRTP/install/dynamixel_sdk_custom_interfaces/include/dynamixel_sdk_custom_interfaces/msg/rosidl_typesupport_introspection_c__visibility_control.h
[1.593s] -- Up-to-date: /home/xinchen/Dev/SRTP/install/dynamixel_sdk_custom_interfaces/lib/libdynamixel_sdk_custom_interfaces__rosidl_typesupport_introspection_c.so
[1.594s] -- Up-to-date: /home/xinchen/Dev/SRTP/install/dynamixel_sdk_custom_interfaces/lib/libdynamixel_sdk_custom_interfaces__rosidl_typesupport_c.so
[1.594s] -- Up-to-date: /home/xinchen/Dev/SRTP/install/dynamixel_sdk_custom_interfaces/include/dynamixel_sdk_custom_interfaces
[1.594s] -- Up-to-date: /home/xinchen/Dev/SRTP/install/dynamixel_sdk_custom_interfaces/include/dynamixel_sdk_custom_interfaces/srv
[1.594s] -- Up-to-date: /home/xinchen/Dev/SRTP/install/dynamixel_sdk_custom_interfaces/include/dynamixel_sdk_custom_interfaces/srv/detail
[1.594s] -- Up-to-date: /home/xinchen/Dev/SRTP/install/dynamixel_sdk_custom_interfaces/include/dynamixel_sdk_custom_interfaces/srv/detail/get_position__traits.hpp
[1.594s] -- Up-to-date: /home/xinchen/Dev/SRTP/install/dynamixel_sdk_custom_interfaces/include/dynamixel_sdk_custom_interfaces/srv/detail/get_position__struct.hpp
[1.594s] -- Up-to-date: /home/xinchen/Dev/SRTP/install/dynamixel_sdk_custom_interfaces/include/dynamixel_sdk_custom_interfaces/srv/detail/get_position__builder.hpp
[1.595s] -- Up-to-date: /home/xinchen/Dev/SRTP/install/dynamixel_sdk_custom_interfaces/include/dynamixel_sdk_custom_interfaces/srv/detail/get_position__type_support.hpp
[1.595s] -- Up-to-date: /home/xinchen/Dev/SRTP/install/dynamixel_sdk_custom_interfaces/include/dynamixel_sdk_custom_interfaces/srv/get_position.hpp
[1.595s] -- Up-to-date: /home/xinchen/Dev/SRTP/install/dynamixel_sdk_custom_interfaces/include/dynamixel_sdk_custom_interfaces/msg
[1.595s] -- Up-to-date: /home/xinchen/Dev/SRTP/install/dynamixel_sdk_custom_interfaces/include/dynamixel_sdk_custom_interfaces/msg/detail
[1.595s] -- Up-to-date: /home/xinchen/Dev/SRTP/install/dynamixel_sdk_custom_interfaces/include/dynamixel_sdk_custom_interfaces/msg/detail/set_position__struct.hpp
[1.596s] -- Up-to-date: /home/xinchen/Dev/SRTP/install/dynamixel_sdk_custom_interfaces/include/dynamixel_sdk_custom_interfaces/msg/detail/set_position__builder.hpp
[1.596s] -- Up-to-date: /home/xinchen/Dev/SRTP/install/dynamixel_sdk_custom_interfaces/include/dynamixel_sdk_custom_interfaces/msg/detail/set_position__type_support.hpp
[1.596s] -- Up-to-date: /home/xinchen/Dev/SRTP/install/dynamixel_sdk_custom_interfaces/include/dynamixel_sdk_custom_interfaces/msg/detail/set_position__traits.hpp
[1.596s] -- Up-to-date: /home/xinchen/Dev/SRTP/install/dynamixel_sdk_custom_interfaces/include/dynamixel_sdk_custom_interfaces/msg/rosidl_generator_cpp__visibility_control.hpp
[1.596s] -- Up-to-date: /home/xinchen/Dev/SRTP/install/dynamixel_sdk_custom_interfaces/include/dynamixel_sdk_custom_interfaces/msg/set_position.hpp
[1.597s] -- Up-to-date: /home/xinchen/Dev/SRTP/install/dynamixel_sdk_custom_interfaces/include/dynamixel_sdk_custom_interfaces
[1.597s] -- Up-to-date: /home/xinchen/Dev/SRTP/install/dynamixel_sdk_custom_interfaces/include/dynamixel_sdk_custom_interfaces/srv
[1.597s] -- Up-to-date: /home/xinchen/Dev/SRTP/install/dynamixel_sdk_custom_interfaces/include/dynamixel_sdk_custom_interfaces/srv/detail
[1.597s] -- Up-to-date: /home/xinchen/Dev/SRTP/install/dynamixel_sdk_custom_interfaces/include/dynamixel_sdk_custom_interfaces/srv/detail/get_position__type_support.cpp
[1.597s] -- Up-to-date: /home/xinchen/Dev/SRTP/install/dynamixel_sdk_custom_interfaces/include/dynamixel_sdk_custom_interfaces/srv/detail/get_position__rosidl_typesupport_introspection_cpp.hpp
[1.598s] -- Up-to-date: /home/xinchen/Dev/SRTP/install/dynamixel_sdk_custom_interfaces/include/dynamixel_sdk_custom_interfaces/msg
[1.598s] -- Up-to-date: /home/xinchen/Dev/SRTP/install/dynamixel_sdk_custom_interfaces/include/dynamixel_sdk_custom_interfaces/msg/detail
[1.598s] -- Up-to-date: /home/xinchen/Dev/SRTP/install/dynamixel_sdk_custom_interfaces/include/dynamixel_sdk_custom_interfaces/msg/detail/set_position__type_support.cpp
[1.598s] -- Up-to-date: /home/xinchen/Dev/SRTP/install/dynamixel_sdk_custom_interfaces/include/dynamixel_sdk_custom_interfaces/msg/detail/set_position__rosidl_typesupport_introspection_cpp.hpp
[1.598s] -- Up-to-date: /home/xinchen/Dev/SRTP/install/dynamixel_sdk_custom_interfaces/lib/libdynamixel_sdk_custom_interfaces__rosidl_typesupport_introspection_cpp.so
[1.598s] -- Up-to-date: /home/xinchen/Dev/SRTP/install/dynamixel_sdk_custom_interfaces/lib/libdynamixel_sdk_custom_interfaces__rosidl_typesupport_cpp.so
[1.598s] -- Up-to-date: /home/xinchen/Dev/SRTP/install/dynamixel_sdk_custom_interfaces/share/dynamixel_sdk_custom_interfaces/environment/pythonpath.sh
[1.599s] -- Up-to-date: /home/xinchen/Dev/SRTP/install/dynamixel_sdk_custom_interfaces/share/dynamixel_sdk_custom_interfaces/environment/pythonpath.dsv
[1.599s] -- Up-to-date: /home/xinchen/Dev/SRTP/install/dynamixel_sdk_custom_interfaces/lib/python3.8/site-packages/dynamixel_sdk_custom_interfaces/__init__.py
[1.655s] -- Up-to-date: /home/xinchen/Dev/SRTP/install/dynamixel_sdk_custom_interfaces/lib/python3.8/site-packages/dynamixel_sdk_custom_interfaces/msg
[1.655s] -- Up-to-date: /home/xinchen/Dev/SRTP/install/dynamixel_sdk_custom_interfaces/lib/python3.8/site-packages/dynamixel_sdk_custom_interfaces/msg/_set_position.py
[1.655s] -- Up-to-date: /home/xinchen/Dev/SRTP/install/dynamixel_sdk_custom_interfaces/lib/python3.8/site-packages/dynamixel_sdk_custom_interfaces/msg/__init__.py
[1.655s] -- Up-to-date: /home/xinchen/Dev/SRTP/install/dynamixel_sdk_custom_interfaces/lib/python3.8/site-packages/dynamixel_sdk_custom_interfaces/msg/_set_position_s.c
[1.656s] -- Up-to-date: /home/xinchen/Dev/SRTP/install/dynamixel_sdk_custom_interfaces/lib/python3.8/site-packages/dynamixel_sdk_custom_interfaces/srv
[1.656s] -- Up-to-date: /home/xinchen/Dev/SRTP/install/dynamixel_sdk_custom_interfaces/lib/python3.8/site-packages/dynamixel_sdk_custom_interfaces/srv/_get_position.py
[1.656s] -- Up-to-date: /home/xinchen/Dev/SRTP/install/dynamixel_sdk_custom_interfaces/lib/python3.8/site-packages/dynamixel_sdk_custom_interfaces/srv/_get_position_s.c
[1.656s] -- Up-to-date: /home/xinchen/Dev/SRTP/install/dynamixel_sdk_custom_interfaces/lib/python3.8/site-packages/dynamixel_sdk_custom_interfaces/srv/__init__.py
[1.657s] -- Up-to-date: /home/xinchen/Dev/SRTP/install/dynamixel_sdk_custom_interfaces/lib/python3.8/site-packages/dynamixel_sdk_custom_interfaces/dynamixel_sdk_custom_interfaces_s__rosidl_typesupport_fastrtps_c.cpython-38-aarch64-linux-gnu.so
[1.657s] -- Up-to-date: /home/xinchen/Dev/SRTP/install/dynamixel_sdk_custom_interfaces/lib/python3.8/site-packages/dynamixel_sdk_custom_interfaces/dynamixel_sdk_custom_interfaces_s__rosidl_typesupport_introspection_c.cpython-38-aarch64-linux-gnu.so
[1.660s] -- Up-to-date: /home/xinchen/Dev/SRTP/install/dynamixel_sdk_custom_interfaces/lib/python3.8/site-packages/dynamixel_sdk_custom_interfaces/dynamixel_sdk_custom_interfaces_s__rosidl_typesupport_c.cpython-38-aarch64-linux-gnu.so
[1.660s] -- Up-to-date: /home/xinchen/Dev/SRTP/install/dynamixel_sdk_custom_interfaces/lib/libdynamixel_sdk_custom_interfaces__python.so
[1.660s] -- Up-to-date: /home/xinchen/Dev/SRTP/install/dynamixel_sdk_custom_interfaces/share/dynamixel_sdk_custom_interfaces/msg/SetPosition.idl
[1.661s] -- Up-to-date: /home/xinchen/Dev/SRTP/install/dynamixel_sdk_custom_interfaces/share/dynamixel_sdk_custom_interfaces/srv/GetPosition.idl
[1.661s] -- Up-to-date: /home/xinchen/Dev/SRTP/install/dynamixel_sdk_custom_interfaces/share/dynamixel_sdk_custom_interfaces/msg/SetPosition.msg
[1.661s] -- Up-to-date: /home/xinchen/Dev/SRTP/install/dynamixel_sdk_custom_interfaces/share/dynamixel_sdk_custom_interfaces/srv/GetPosition.srv
[1.662s] -- Up-to-date: /home/xinchen/Dev/SRTP/install/dynamixel_sdk_custom_interfaces/share/dynamixel_sdk_custom_interfaces/srv/GetPosition_Request.msg
[1.662s] -- Up-to-date: /home/xinchen/Dev/SRTP/install/dynamixel_sdk_custom_interfaces/share/dynamixel_sdk_custom_interfaces/srv/GetPosition_Response.msg
[1.662s] -- Up-to-date: /home/xinchen/Dev/SRTP/install/dynamixel_sdk_custom_interfaces/share/ament_index/resource_index/package_run_dependencies/dynamixel_sdk_custom_interfaces
[1.662s] -- Up-to-date: /home/xinchen/Dev/SRTP/install/dynamixel_sdk_custom_interfaces/share/ament_index/resource_index/parent_prefix_path/dynamixel_sdk_custom_interfaces
[1.662s] -- Up-to-date: /home/xinchen/Dev/SRTP/install/dynamixel_sdk_custom_interfaces/share/dynamixel_sdk_custom_interfaces/environment/ament_prefix_path.sh
[1.662s] -- Up-to-date: /home/xinchen/Dev/SRTP/install/dynamixel_sdk_custom_interfaces/share/dynamixel_sdk_custom_interfaces/environment/ament_prefix_path.dsv
[1.663s] -- Up-to-date: /home/xinchen/Dev/SRTP/install/dynamixel_sdk_custom_interfaces/share/dynamixel_sdk_custom_interfaces/environment/path.sh
[1.663s] -- Up-to-date: /home/xinchen/Dev/SRTP/install/dynamixel_sdk_custom_interfaces/share/dynamixel_sdk_custom_interfaces/environment/path.dsv
[1.663s] -- Up-to-date: /home/xinchen/Dev/SRTP/install/dynamixel_sdk_custom_interfaces/share/dynamixel_sdk_custom_interfaces/local_setup.bash
[1.664s] -- Up-to-date: /home/xinchen/Dev/SRTP/install/dynamixel_sdk_custom_interfaces/share/dynamixel_sdk_custom_interfaces/local_setup.sh
[1.665s] -- Up-to-date: /home/xinchen/Dev/SRTP/install/dynamixel_sdk_custom_interfaces/share/dynamixel_sdk_custom_interfaces/local_setup.zsh
[1.666s] -- Up-to-date: /home/xinchen/Dev/SRTP/install/dynamixel_sdk_custom_interfaces/share/dynamixel_sdk_custom_interfaces/local_setup.dsv
[1.667s] -- Installing: /home/xinchen/Dev/SRTP/install/dynamixel_sdk_custom_interfaces/share/dynamixel_sdk_custom_interfaces/package.dsv
[1.667s] -- Up-to-date: /home/xinchen/Dev/SRTP/install/dynamixel_sdk_custom_interfaces/share/ament_index/resource_index/packages/dynamixel_sdk_custom_interfaces
[1.668s] -- Up-to-date: /home/xinchen/Dev/SRTP/install/dynamixel_sdk_custom_interfaces/share/dynamixel_sdk_custom_interfaces/cmake/dynamixel_sdk_custom_interfaces__rosidl_generator_cExport.cmake
[1.668s] -- Up-to-date: /home/xinchen/Dev/SRTP/install/dynamixel_sdk_custom_interfaces/share/dynamixel_sdk_custom_interfaces/cmake/dynamixel_sdk_custom_interfaces__rosidl_generator_cExport-noconfig.cmake
[1.668s] -- Up-to-date: /home/xinchen/Dev/SRTP/install/dynamixel_sdk_custom_interfaces/share/dynamixel_sdk_custom_interfaces/cmake/dynamixel_sdk_custom_interfaces__rosidl_typesupport_introspection_cExport.cmake
[1.669s] -- Up-to-date: /home/xinchen/Dev/SRTP/install/dynamixel_sdk_custom_interfaces/share/dynamixel_sdk_custom_interfaces/cmake/dynamixel_sdk_custom_interfaces__rosidl_typesupport_introspection_cExport-noconfig.cmake
[1.673s] -- Up-to-date: /home/xinchen/Dev/SRTP/install/dynamixel_sdk_custom_interfaces/share/dynamixel_sdk_custom_interfaces/cmake/dynamixel_sdk_custom_interfaces__rosidl_typesupport_cExport.cmake
[1.673s] -- Up-to-date: /home/xinchen/Dev/SRTP/install/dynamixel_sdk_custom_interfaces/share/dynamixel_sdk_custom_interfaces/cmake/dynamixel_sdk_custom_interfaces__rosidl_typesupport_cExport-noconfig.cmake
[1.674s] -- Up-to-date: /home/xinchen/Dev/SRTP/install/dynamixel_sdk_custom_interfaces/share/dynamixel_sdk_custom_interfaces/cmake/dynamixel_sdk_custom_interfaces__rosidl_generator_cppExport.cmake
[1.675s] -- Up-to-date: /home/xinchen/Dev/SRTP/install/dynamixel_sdk_custom_interfaces/share/dynamixel_sdk_custom_interfaces/cmake/dynamixel_sdk_custom_interfaces__rosidl_typesupport_introspection_cppExport.cmake
[1.680s] -- Up-to-date: /home/xinchen/Dev/SRTP/install/dynamixel_sdk_custom_interfaces/share/dynamixel_sdk_custom_interfaces/cmake/dynamixel_sdk_custom_interfaces__rosidl_typesupport_introspection_cppExport-noconfig.cmake
[1.681s] -- Up-to-date: /home/xinchen/Dev/SRTP/install/dynamixel_sdk_custom_interfaces/share/dynamixel_sdk_custom_interfaces/cmake/dynamixel_sdk_custom_interfaces__rosidl_typesupport_cppExport.cmake
[1.681s] -- Up-to-date: /home/xinchen/Dev/SRTP/install/dynamixel_sdk_custom_interfaces/share/dynamixel_sdk_custom_interfaces/cmake/dynamixel_sdk_custom_interfaces__rosidl_typesupport_cppExport-noconfig.cmake
[1.681s] -- Up-to-date: /home/xinchen/Dev/SRTP/install/dynamixel_sdk_custom_interfaces/share/dynamixel_sdk_custom_interfaces/cmake/rosidl_cmake-extras.cmake
[1.681s] -- Up-to-date: /home/xinchen/Dev/SRTP/install/dynamixel_sdk_custom_interfaces/share/dynamixel_sdk_custom_interfaces/cmake/ament_cmake_export_dependencies-extras.cmake
[1.681s] -- Up-to-date: /home/xinchen/Dev/SRTP/install/dynamixel_sdk_custom_interfaces/share/dynamixel_sdk_custom_interfaces/cmake/ament_cmake_export_libraries-extras.cmake
[1.681s] -- Up-to-date: /home/xinchen/Dev/SRTP/install/dynamixel_sdk_custom_interfaces/share/dynamixel_sdk_custom_interfaces/cmake/ament_cmake_export_targets-extras.cmake
[1.682s] -- Up-to-date: /home/xinchen/Dev/SRTP/install/dynamixel_sdk_custom_interfaces/share/dynamixel_sdk_custom_interfaces/cmake/ament_cmake_export_include_directories-extras.cmake
[1.682s] -- Up-to-date: /home/xinchen/Dev/SRTP/install/dynamixel_sdk_custom_interfaces/share/dynamixel_sdk_custom_interfaces/cmake/rosidl_cmake_export_typesupport_libraries-extras.cmake
[1.682s] -- Up-to-date: /home/xinchen/Dev/SRTP/install/dynamixel_sdk_custom_interfaces/share/dynamixel_sdk_custom_interfaces/cmake/rosidl_cmake_export_typesupport_targets-extras.cmake
[1.682s] -- Up-to-date: /home/xinchen/Dev/SRTP/install/dynamixel_sdk_custom_interfaces/share/dynamixel_sdk_custom_interfaces/cmake/dynamixel_sdk_custom_interfacesConfig.cmake
[1.682s] -- Up-to-date: /home/xinchen/Dev/SRTP/install/dynamixel_sdk_custom_interfaces/share/dynamixel_sdk_custom_interfaces/cmake/dynamixel_sdk_custom_interfacesConfig-version.cmake
[1.682s] -- Up-to-date: /home/xinchen/Dev/SRTP/install/dynamixel_sdk_custom_interfaces/share/dynamixel_sdk_custom_interfaces/package.xml
[1.756s] Invoked command in '/home/xinchen/Dev/SRTP/build/dynamixel_sdk_custom_interfaces' returned '0': CMAKE_PREFIX_PATH=${CMAKE_PREFIX_PATH}:/opt/ros/foxy /usr/bin/cmake --install /home/xinchen/Dev/SRTP/build/dynamixel_sdk_custom_interfaces
