[0.097s] Invoking command in '/home/xinchen/Dev/SRTP/build/motor_controller': AMENT_PREFIX_PATH=/home/xinchen/Dev/SRTP/install/custom_interface:${AMENT_PREFIX_PATH} CMAKE_PREFIX_PATH=/home/xinchen/Dev/SRTP/install/dynamixel_workbench_toolbox:/home/xinchen/Dev/SRTP/install/dynamixel_sdk:/home/xinchen/Dev/SRTP/install/custom_interface:/home/xinchen/Dev/SRTP/install/motor_controller:/home/xinchen/Dev/SRTP/install/launch_files:/home/xinchen/Dev/SRTP/install/dynamixel_workbench:/home/xinchen/Dev/SRTP/install/dynamixel_sdk_examples:/home/xinchen/Dev/SRTP/install/dynamixel_sdk_custom_interfaces:/opt/ros/foxy LD_LIBRARY_PATH=/home/xinchen/Dev/SRTP/install/dynamixel_workbench_toolbox/lib:/home/xinchen/Dev/SRTP/install/dynamixel_sdk/lib:/home/xinchen/Dev/SRTP/install/custom_interface/lib:/home/xinchen/Dev/SRTP/install/dynamixel_sdk_custom_interfaces/lib:/usr/lib/aarch64-linux-gnu/gazebo-11/plugins:/opt/ros/foxy/opt/yaml_cpp_vendor/lib:/opt/ros/foxy/opt/rviz_ogre_vendor/lib:/opt/ros/foxy/lib/aarch64-linux-gnu:/opt/ros/foxy/lib PYTHONPATH=/home/xinchen/Dev/SRTP/install/custom_interface/lib/python3.8/site-packages:${PYTHONPATH} /usr/bin/cmake --build /home/xinchen/Dev/SRTP/build/motor_controller -- -j6 -l6
[0.214s] [35m[1mScanning dependencies of target torque_controller[0m
[0.298s] [ 50%] Built target position_controller
[0.312s] [ 75%] [32mBuilding CXX object CMakeFiles/torque_controller.dir/src/torque_controller.cpp.o[0m
[11.585s] [100%] [32m[1mLinking CXX executable torque_controller[0m
[12.148s] [100%] Built target torque_controller
[12.181s] Invoked command in '/home/xinchen/Dev/SRTP/build/motor_controller' returned '0': AMENT_PREFIX_PATH=/home/xinchen/Dev/SRTP/install/custom_interface:${AMENT_PREFIX_PATH} CMAKE_PREFIX_PATH=/home/xinchen/Dev/SRTP/install/dynamixel_workbench_toolbox:/home/xinchen/Dev/SRTP/install/dynamixel_sdk:/home/xinchen/Dev/SRTP/install/custom_interface:/home/xinchen/Dev/SRTP/install/motor_controller:/home/xinchen/Dev/SRTP/install/launch_files:/home/xinchen/Dev/SRTP/install/dynamixel_workbench:/home/xinchen/Dev/SRTP/install/dynamixel_sdk_examples:/home/xinchen/Dev/SRTP/install/dynamixel_sdk_custom_interfaces:/opt/ros/foxy LD_LIBRARY_PATH=/home/xinchen/Dev/SRTP/install/dynamixel_workbench_toolbox/lib:/home/xinchen/Dev/SRTP/install/dynamixel_sdk/lib:/home/xinchen/Dev/SRTP/install/custom_interface/lib:/home/xinchen/Dev/SRTP/install/dynamixel_sdk_custom_interfaces/lib:/usr/lib/aarch64-linux-gnu/gazebo-11/plugins:/opt/ros/foxy/opt/yaml_cpp_vendor/lib:/opt/ros/foxy/opt/rviz_ogre_vendor/lib:/opt/ros/foxy/lib/aarch64-linux-gnu:/opt/ros/foxy/lib PYTHONPATH=/home/xinchen/Dev/SRTP/install/custom_interface/lib/python3.8/site-packages:${PYTHONPATH} /usr/bin/cmake --build /home/xinchen/Dev/SRTP/build/motor_controller -- -j6 -l6
[12.245s] Invoking command in '/home/xinchen/Dev/SRTP/build/motor_controller': AMENT_PREFIX_PATH=/home/xinchen/Dev/SRTP/install/custom_interface:${AMENT_PREFIX_PATH} CMAKE_PREFIX_PATH=/home/xinchen/Dev/SRTP/install/dynamixel_workbench_toolbox:/home/xinchen/Dev/SRTP/install/dynamixel_sdk:/home/xinchen/Dev/SRTP/install/custom_interface:/home/xinchen/Dev/SRTP/install/motor_controller:/home/xinchen/Dev/SRTP/install/launch_files:/home/xinchen/Dev/SRTP/install/dynamixel_workbench:/home/xinchen/Dev/SRTP/install/dynamixel_sdk_examples:/home/xinchen/Dev/SRTP/install/dynamixel_sdk_custom_interfaces:/opt/ros/foxy LD_LIBRARY_PATH=/home/xinchen/Dev/SRTP/install/dynamixel_workbench_toolbox/lib:/home/xinchen/Dev/SRTP/install/dynamixel_sdk/lib:/home/xinchen/Dev/SRTP/install/custom_interface/lib:/home/xinchen/Dev/SRTP/install/dynamixel_sdk_custom_interfaces/lib:/usr/lib/aarch64-linux-gnu/gazebo-11/plugins:/opt/ros/foxy/opt/yaml_cpp_vendor/lib:/opt/ros/foxy/opt/rviz_ogre_vendor/lib:/opt/ros/foxy/lib/aarch64-linux-gnu:/opt/ros/foxy/lib PYTHONPATH=/home/xinchen/Dev/SRTP/install/custom_interface/lib/python3.8/site-packages:${PYTHONPATH} /usr/bin/cmake --install /home/xinchen/Dev/SRTP/build/motor_controller
[12.267s] -- Install configuration: ""
[12.272s] -- Installing: /home/xinchen/Dev/SRTP/install/motor_controller/lib/motor_controller/torque_controller
[12.272s] -- Set runtime path of "/home/xinchen/Dev/SRTP/install/motor_controller/lib/motor_controller/torque_controller" to ""
[12.273s] -- Up-to-date: /home/xinchen/Dev/SRTP/install/motor_controller/lib/motor_controller/position_controller
[12.274s] -- Installing: /home/xinchen/Dev/SRTP/install/motor_controller/share/ament_index/resource_index/package_run_dependencies/motor_controller
[12.274s] -- Up-to-date: /home/xinchen/Dev/SRTP/install/motor_controller/share/ament_index/resource_index/parent_prefix_path/motor_controller
[12.276s] -- Up-to-date: /home/xinchen/Dev/SRTP/install/motor_controller/share/motor_controller/environment/ament_prefix_path.sh
[12.276s] -- Installing: /home/xinchen/Dev/SRTP/install/motor_controller/share/motor_controller/environment/ament_prefix_path.dsv
[12.276s] -- Up-to-date: /home/xinchen/Dev/SRTP/install/motor_controller/share/motor_controller/environment/path.sh
[12.277s] -- Installing: /home/xinchen/Dev/SRTP/install/motor_controller/share/motor_controller/environment/path.dsv
[12.277s] -- Up-to-date: /home/xinchen/Dev/SRTP/install/motor_controller/share/motor_controller/local_setup.bash
[12.277s] -- Up-to-date: /home/xinchen/Dev/SRTP/install/motor_controller/share/motor_controller/local_setup.sh
[12.277s] -- Up-to-date: /home/xinchen/Dev/SRTP/install/motor_controller/share/motor_controller/local_setup.zsh
[12.278s] -- Installing: /home/xinchen/Dev/SRTP/install/motor_controller/share/motor_controller/local_setup.dsv
[12.278s] -- Installing: /home/xinchen/Dev/SRTP/install/motor_controller/share/motor_controller/package.dsv
[12.279s] -- Up-to-date: /home/xinchen/Dev/SRTP/install/motor_controller/share/ament_index/resource_index/packages/motor_controller
[12.279s] -- Up-to-date: /home/xinchen/Dev/SRTP/install/motor_controller/share/motor_controller/cmake/motor_controllerConfig.cmake
[12.279s] -- Up-to-date: /home/xinchen/Dev/SRTP/install/motor_controller/share/motor_controller/cmake/motor_controllerConfig-version.cmake
[12.279s] -- Installing: /home/xinchen/Dev/SRTP/install/motor_controller/share/motor_controller/package.xml
[12.297s] Invoked command in '/home/xinchen/Dev/SRTP/build/motor_controller' returned '0': AMENT_PREFIX_PATH=/home/xinchen/Dev/SRTP/install/custom_interface:${AMENT_PREFIX_PATH} CMAKE_PREFIX_PATH=/home/xinchen/Dev/SRTP/install/dynamixel_workbench_toolbox:/home/xinchen/Dev/SRTP/install/dynamixel_sdk:/home/xinchen/Dev/SRTP/install/custom_interface:/home/xinchen/Dev/SRTP/install/motor_controller:/home/xinchen/Dev/SRTP/install/launch_files:/home/xinchen/Dev/SRTP/install/dynamixel_workbench:/home/xinchen/Dev/SRTP/install/dynamixel_sdk_examples:/home/xinchen/Dev/SRTP/install/dynamixel_sdk_custom_interfaces:/opt/ros/foxy LD_LIBRARY_PATH=/home/xinchen/Dev/SRTP/install/dynamixel_workbench_toolbox/lib:/home/xinchen/Dev/SRTP/install/dynamixel_sdk/lib:/home/xinchen/Dev/SRTP/install/custom_interface/lib:/home/xinchen/Dev/SRTP/install/dynamixel_sdk_custom_interfaces/lib:/usr/lib/aarch64-linux-gnu/gazebo-11/plugins:/opt/ros/foxy/opt/yaml_cpp_vendor/lib:/opt/ros/foxy/opt/rviz_ogre_vendor/lib:/opt/ros/foxy/lib/aarch64-linux-gnu:/opt/ros/foxy/lib PYTHONPATH=/home/xinchen/Dev/SRTP/install/custom_interface/lib/python3.8/site-packages:${PYTHONPATH} /usr/bin/cmake --install /home/xinchen/Dev/SRTP/build/motor_controller
