[0.129s] Invoking command in '/home/xinchen/Dev/SRTP/build/motor_controller': AMENT_PREFIX_PATH=/home/xinchen/Dev/SRTP/install/custom_interface:${AMENT_PREFIX_PATH} CMAKE_PREFIX_PATH=/home/xinchen/Dev/SRTP/install/custom_interface:/home/xinchen/Dev/SRTP/install/motor_controller:/home/xinchen/Dev/SRTP/install/launch_files:/home/xinchen/Dev/SRTP/install/dynamixel_workbench:/home/xinchen/Dev/SRTP/install/dynamixel_workbench_toolbox:/home/xinchen/Dev/SRTP/install/dynamixel_sdk_examples:/home/xinchen/Dev/SRTP/install/dynamixel_sdk_custom_interfaces:/home/xinchen/Dev/SRTP/install/dynamixel_sdk:/opt/ros/foxy LD_LIBRARY_PATH=/home/xinchen/Dev/SRTP/install/custom_interface/lib:${LD_LIBRARY_PATH} PYTHONPATH=/home/xinchen/Dev/SRTP/install/custom_interface/lib/python3.8/site-packages:${PYTHONPATH} /usr/bin/cmake --build /home/xinchen/Dev/SRTP/build/motor_controller -- -j6 -l6
[0.216s] -- Found ament_cmake: 0.9.12 (/opt/ros/foxy/share/ament_cmake/cmake)
[0.286s] -- Using PYTHON_EXECUTABLE: /usr/bin/python3
[0.927s] -- Found dynamixel_workbench_toolbox: 2.2.3 (/home/xinchen/Dev/SRTP/install/dynamixel_workbench_toolbox/share/dynamixel_workbench_toolbox/cmake)
[1.061s] -- Using all available rosidl_typesupport_c: rosidl_typesupport_fastrtps_c;rosidl_typesupport_introspection_c
[1.078s] -- Found rosidl_adapter: 1.3.1 (/opt/ros/foxy/share/rosidl_adapter/cmake)
[1.541s] -- Using all available rosidl_typesupport_cpp: rosidl_typesupport_fastrtps_cpp;rosidl_typesupport_introspection_cpp
[1.663s] -- Found rmw_implementation_cmake: 1.0.4 (/opt/ros/foxy/share/rmw_implementation_cmake/cmake)
[1.667s] -- Using RMW implementation 'rmw_fastrtps_cpp' as default
[2.006s] -- Found custom_interface: 0.0.0 (/home/xinchen/Dev/SRTP/install/custom_interface/share/custom_interface/cmake)
[2.041s] -- Found ament_lint_auto: 0.9.8 (/opt/ros/foxy/share/ament_lint_auto/cmake)
[2.189s] -- Added test 'copyright' to check source files copyright and LICENSE
[2.190s] -- Added test 'cppcheck' to perform static code analysis on C / C++ code
[2.190s] -- Configured cppcheck include dirs: 
[2.192s] -- Configured cppcheck exclude dirs and/or files: 
[2.192s] -- Added test 'cpplint' to check C / C++ code against the Google style
[2.192s] -- Configured cpplint exclude dirs and/or files: 
[2.193s] -- Added test 'lint_cmake' to check CMake code style
[2.195s] -- Added test 'uncrustify' to check C / C++ code style
[2.195s] -- Configured uncrustify additional arguments: 
[2.196s] -- Added test 'xmllint' to check XML markup files
[2.202s] -- Configuring done
[2.257s] -- Generating done
[2.261s] -- Build files have been written to: /home/xinchen/Dev/SRTP/build/motor_controller
[2.329s] [35m[1mScanning dependencies of target torque_controller[0m
[2.370s] [ 50%] Built target position_controller
[2.393s] [ 75%] [32mBuilding CXX object CMakeFiles/torque_controller.dir/src/torque_controller.cpp.o[0m
[5.610s] In file included from [01m[K/usr/include/c++/9/ext/alloc_traits.h:36[m[K,
[5.611s]                  from [01m[K/usr/include/c++/9/bits/stl_construct.h:61[m[K,
[5.611s]                  from [01m[K/usr/include/c++/9/memory:64[m[K,
[5.611s]                  from [01m[K/home/xinchen/Dev/SRTP/src/motor_controller/src/torque_controller.cpp:1[m[K:
[5.611s] /usr/include/c++/9/bits/alloc_traits.h: In instantiation of ‘[01m[Kstruct std::allocator_traits<std::allocator<const custom_interface::msg::Torque_<std::allocator<void> >&> >[m[K’:
[5.611s] [01m[K/opt/ros/foxy/include/rclcpp/message_memory_strategy.hpp:47:9:[m[K   required from ‘[01m[Kclass rclcpp::message_memory_strategy::MessageMemoryStrategy<const custom_interface::msg::Torque_<std::allocator<void> >&, std::allocator<void> >[m[K’
[5.612s] [01m[K/opt/ros/foxy/include/rclcpp/node_impl.hpp:91:1:[m[K   required by substitution of ‘[01m[Ktemplate<class MessageT, class CallbackT, class AllocatorT, class CallbackMessageT, class SubscriptionT, class MessageMemoryStrategyT> std::shared_ptr<SubscriptionT> rclcpp::Node::create_subscription(const string&, const rclcpp::QoS&, CallbackT&&, const rclcpp::SubscriptionOptionsWithAllocator<AllocatorT>&, typename MessageMemoryStrategyT::SharedPtr) [with MessageT = custom_interface::msg::Torque_<std::allocator<void> >; CallbackT = std::_Bind<void (TorqueController::*(TorqueController*, std::_Placeholder<1>))(const custom_interface::msg::Torque_<std::allocator<void> >&) const>; AllocatorT = std::allocator<void>; CallbackMessageT = const custom_interface::msg::Torque_<std::allocator<void> >&; SubscriptionT = rclcpp::Subscription<const custom_interface::msg::Torque_<std::allocator<void> >&, std::allocator<void>, rclcpp::message_memory_strategy::MessageMemoryStrategy<const custom_interface::msg::Torque_<std::allocator<void> >&, std::allocator<void> > >; MessageMemoryStrategyT = rclcpp::message_memory_strategy::MessageMemoryStrategy<const custom_interface::msg::Torque_<std::allocator<void> >&, std::allocator<void> >][m[K’
[5.612s] [01m[K/home/xinchen/Dev/SRTP/src/motor_controller/src/torque_controller.cpp:21:101:[m[K   required from here
[5.612s] [01m[K/usr/include/c++/9/bits/alloc_traits.h:399:13:[m[K [01;31m[Kerror: [m[Kforming pointer to reference type ‘[01m[Kconst custom_interface::msg::Torque_<std::allocator<void> >&[m[K’
[5.612s]   399 |       using [01;31m[Kpointer[m[K = _Tp*;
[5.612s]       |             [01;31m[K^~~~~~~[m[K
[5.612s] [01m[K/usr/include/c++/9/bits/alloc_traits.h:402:13:[m[K [01;31m[Kerror: [m[Kforming pointer to reference type ‘[01m[Kconst custom_interface::msg::Torque_<std::allocator<void> >&[m[K’
[5.612s]   402 |       using [01;31m[Kconst_pointer[m[K = const _Tp*;
[5.613s]       |             [01;31m[K^~~~~~~~~~~~~[m[K
[5.616s] In file included from [01m[K/usr/include/c++/9/memory:80[m[K,
[5.617s]                  from [01m[K/home/xinchen/Dev/SRTP/src/motor_controller/src/torque_controller.cpp:1[m[K:
[5.617s] /usr/include/c++/9/bits/unique_ptr.h: In instantiation of ‘[01m[Kstruct std::default_delete<const custom_interface::msg::Torque_<std::allocator<void> >&>[m[K’:
[5.617s] [01m[K/opt/ros/foxy/include/rclcpp/message_memory_strategy.hpp:119:18:[m[K   required from ‘[01m[Kclass rclcpp::message_memory_strategy::MessageMemoryStrategy<const custom_interface::msg::Torque_<std::allocator<void> >&, std::allocator<void> >[m[K’
[5.617s] [01m[K/opt/ros/foxy/include/rclcpp/node_impl.hpp:91:1:[m[K   required by substitution of ‘[01m[Ktemplate<class MessageT, class CallbackT, class AllocatorT, class CallbackMessageT, class SubscriptionT, class MessageMemoryStrategyT> std::shared_ptr<SubscriptionT> rclcpp::Node::create_subscription(const string&, const rclcpp::QoS&, CallbackT&&, const rclcpp::SubscriptionOptionsWithAllocator<AllocatorT>&, typename MessageMemoryStrategyT::SharedPtr) [with MessageT = custom_interface::msg::Torque_<std::allocator<void> >; CallbackT = std::_Bind<void (TorqueController::*(TorqueController*, std::_Placeholder<1>))(const custom_interface::msg::Torque_<std::allocator<void> >&) const>; AllocatorT = std::allocator<void>; CallbackMessageT = const custom_interface::msg::Torque_<std::allocator<void> >&; SubscriptionT = rclcpp::Subscription<const custom_interface::msg::Torque_<std::allocator<void> >&, std::allocator<void>, rclcpp::message_memory_strategy::MessageMemoryStrategy<const custom_interface::msg::Torque_<std::allocator<void> >&, std::allocator<void> > >; MessageMemoryStrategyT = rclcpp::message_memory_strategy::MessageMemoryStrategy<const custom_interface::msg::Torque_<std::allocator<void> >&, std::allocator<void> >][m[K’
[5.617s] [01m[K/home/xinchen/Dev/SRTP/src/motor_controller/src/torque_controller.cpp:21:101:[m[K   required from here
[5.618s] [01m[K/usr/include/c++/9/bits/unique_ptr.h:71:9:[m[K [01;31m[Kerror: [m[Kforming pointer to reference type ‘[01m[Kconst custom_interface::msg::Torque_<std::allocator<void> >&[m[K’
[5.618s]    71 |         [01;31m[Kdefault_delete[m[K(const default_delete<_Up>&) noexcept { }
[5.618s]       |         [01;31m[K^~~~~~~~~~~~~~[m[K
[5.618s] [01m[K/usr/include/c++/9/bits/unique_ptr.h:75:7:[m[K [01;31m[Kerror: [m[Kforming pointer to reference type ‘[01m[Kconst custom_interface::msg::Torque_<std::allocator<void> >&[m[K’
[5.618s]    75 |       [01;31m[Koperator[m[K()(_Tp* __ptr) const
[5.618s]       |       [01;31m[K^~~~~~~~[m[K
[5.638s] In file included from [01m[K/opt/ros/foxy/include/rclcpp/subscription_base.hpp:29[m[K,
[5.638s]                  from [01m[K/opt/ros/foxy/include/rclcpp/callback_group.hpp:26[m[K,
[5.638s]                  from [01m[K/opt/ros/foxy/include/rclcpp/any_executable.hpp:20[m[K,
[5.639s]                  from [01m[K/opt/ros/foxy/include/rclcpp/memory_strategy.hpp:24[m[K,
[5.639s]                  from [01m[K/opt/ros/foxy/include/rclcpp/memory_strategies.hpp:18[m[K,
[5.639s]                  from [01m[K/opt/ros/foxy/include/rclcpp/executor_options.hpp:20[m[K,
[5.639s]                  from [01m[K/opt/ros/foxy/include/rclcpp/executor.hpp:33[m[K,
[5.639s]                  from [01m[K/opt/ros/foxy/include/rclcpp/executors/multi_threaded_executor.hpp:26[m[K,
[5.639s]                  from [01m[K/opt/ros/foxy/include/rclcpp/executors.hpp:21[m[K,
[5.639s]                  from [01m[K/opt/ros/foxy/include/rclcpp/rclcpp.hpp:146[m[K,
[5.640s]                  from [01m[K/home/xinchen/Dev/SRTP/src/motor_controller/src/torque_controller.cpp:2[m[K:
[5.640s] /opt/ros/foxy/include/rclcpp/any_subscription_callback.hpp: In instantiation of ‘[01m[Kclass rclcpp::AnySubscriptionCallback<const custom_interface::msg::Torque_<std::allocator<void> >&, std::allocator<void> >[m[K’:
[5.640s] [01m[K/opt/ros/foxy/include/rclcpp/subscription.hpp:347:57:[m[K   required from ‘[01m[Kclass rclcpp::Subscription<const custom_interface::msg::Torque_<std::allocator<void> >&, std::allocator<void>, rclcpp::message_memory_strategy::MessageMemoryStrategy<const custom_interface::msg::Torque_<std::allocator<void> >&, std::allocator<void> > >[m[K’
[5.640s] [01m[K/usr/include/c++/9/type_traits:1313:45:[m[K   required by substitution of ‘[01m[Ktemplate<class _From1, class _To1, class> static std::true_type std::__is_convertible_helper<rclcpp::Subscription<const custom_interface::msg::Torque_<std::allocator<void> >&, std::allocator<void>, rclcpp::message_memory_strategy::MessageMemoryStrategy<const custom_interface::msg::Torque_<std::allocator<void> >&, std::allocator<void> > >*, rclcpp::Subscription<custom_interface::msg::Torque_<std::allocator<void> > >*, false>::__test<_From1, _To1, <template-parameter-1-3> >(int) [with _From1 = rclcpp::Subscription<const custom_interface::msg::Torque_<std::allocator<void> >&, std::allocator<void>, rclcpp::message_memory_strategy::MessageMemoryStrategy<const custom_interface::msg::Torque_<std::allocator<void> >&, std::allocator<void> > >*; _To1 = rclcpp::Subscription<custom_interface::msg::Torque_<std::allocator<void> > >*; <template-parameter-1-3> = <missing>][m[K’
[5.640s] [01m[K/usr/include/c++/9/type_traits:1322:42:[m[K   required from ‘[01m[Kstruct std::__is_convertible_helper<rclcpp::Subscription<const custom_interface::msg::Torque_<std::allocator<void> >&, std::allocator<void>, rclcpp::message_memory_strategy::MessageMemoryStrategy<const custom_interface::msg::Torque_<std::allocator<void> >&, std::allocator<void> > >*, rclcpp::Subscription<custom_interface::msg::Torque_<std::allocator<void> > >*, false>[m[K’
[5.640s] [01m[K/usr/include/c++/9/type_traits:1328:12:[m[K   required from ‘[01m[Kstruct std::is_convertible<rclcpp::Subscription<const custom_interface::msg::Torque_<std::allocator<void> >&, std::allocator<void>, rclcpp::message_memory_strategy::MessageMemoryStrategy<const custom_interface::msg::Torque_<std::allocator<void> >&, std::allocator<void> > >*, rclcpp::Subscription<custom_interface::msg::Torque_<std::allocator<void> > >*>[m[K’
[5.641s] [01m[K/usr/include/c++/9/bits/shared_ptr_base.h:927:12:[m[K   [ skipping 2 instantiation contexts, use -ftemplate-backtrace-limit=0 to disable ]
[5.641s] [01m[K/usr/include/c++/9/bits/shared_ptr_base.h:1099:8:[m[K   required by substitution of ‘[01m[Ktemplate<class _Tp, __gnu_cxx::_Lock_policy _Lp> template<class _Yp> using _Assignable = std::__shared_ptr<_Tp, _Lp>::_Compatible<_Yp, std::__shared_ptr<_Tp, _Lp>&> [with _Yp = rclcpp::Subscription<const custom_interface::msg::Torque_<std::allocator<void> >&, std::allocator<void>, rclcpp::message_memory_strategy::MessageMemoryStrategy<const custom_interface::msg::Torque_<std::allocator<void> >&, std::allocator<void> > >; _Tp = rclcpp::Subscription<custom_interface::msg::Torque_<std::allocator<void> > >; __gnu_cxx::_Lock_policy _Lp = __gnu_cxx::_S_atomic][m[K’
[5.641s] [01m[K/usr/include/c++/9/bits/shared_ptr_base.h:1271:2:[m[K   required by substitution of ‘[01m[Ktemplate<class _Yp> std::__shared_ptr<rclcpp::Subscription<custom_interface::msg::Torque_<std::allocator<void> > >, __gnu_cxx::_S_atomic>::_Assignable<_Yp> std::__shared_ptr<rclcpp::Subscription<custom_interface::msg::Torque_<std::allocator<void> > >, __gnu_cxx::_S_atomic>::operator=<_Yp>(std::__shared_ptr<_Tp>&&) [with _Yp = rclcpp::Subscription<const custom_interface::msg::Torque_<std::allocator<void> >&, std::allocator<void>, rclcpp::message_memory_strategy::MessageMemoryStrategy<const custom_interface::msg::Torque_<std::allocator<void> >&, std::allocator<void> > >][m[K’
[5.641s] [01m[K/usr/include/c++/9/type_traits:1010:12:[m[K   required from ‘[01m[Kstruct std::is_assignable<std::__shared_ptr<rclcpp::Subscription<custom_interface::msg::Torque_<std::allocator<void> > >, __gnu_cxx::_S_atomic>&, std::shared_ptr<rclcpp::Subscription<const custom_interface::msg::Torque_<std::allocator<void> >&, std::allocator<void>, rclcpp::message_memory_strategy::MessageMemoryStrategy<const custom_interface::msg::Torque_<std::allocator<void> >&, std::allocator<void> > > > >[m[K’
[5.641s] [01m[K/usr/include/c++/9/bits/shared_ptr.h:111:8:[m[K   required by substitution of ‘[01m[Ktemplate<class _Tp> template<class _Arg> using _Assignable = typename std::enable_if<std::is_assignable<std::__shared_ptr<_Tp>&, _Arg>::value, std::shared_ptr<_Tp>&>::type [with _Arg = std::shared_ptr<rclcpp::Subscription<const custom_interface::msg::Torque_<std::allocator<void> >&, std::allocator<void>, rclcpp::message_memory_strategy::MessageMemoryStrategy<const custom_interface::msg::Torque_<std::allocator<void> >&, std::allocator<void> > > >; _Tp = rclcpp::Subscription<custom_interface::msg::Torque_<std::allocator<void> > >][m[K’
[5.641s] [01m[K/usr/include/c++/9/bits/shared_ptr.h:341:2:[m[K   required by substitution of ‘[01m[Ktemplate<class _Yp> std::shared_ptr<rclcpp::Subscription<custom_interface::msg::Torque_<std::allocator<void> > > >::_Assignable<std::shared_ptr<_Tp> > std::shared_ptr<rclcpp::Subscription<custom_interface::msg::Torque_<std::allocator<void> > > >::operator=<_Yp>(std::shared_ptr<_Tp>&&) [with _Yp = rclcpp::Subscription<const custom_interface::msg::Torque_<std::allocator<void> >&, std::allocator<void>, rclcpp::message_memory_strategy::MessageMemoryStrategy<const custom_interface::msg::Torque_<std::allocator<void> >&, std::allocator<void> > >][m[K’
[5.641s] [01m[K/home/xinchen/Dev/SRTP/src/motor_controller/src/torque_controller.cpp:21:101:[m[K   required from here
[5.642s] [01m[K/opt/ros/foxy/include/rclcpp/any_subscription_callback.hpp:111:8:[m[K [01;31m[Kerror: [m[K‘[01m[Ktemplate<class CallbackT, typename std::enable_if<rclcpp::function_traits::same_arguments<CallbackT, std::function<void(std::shared_ptr<const custom_interface::msg::Torque_<std::allocator<void> >&>)> >::value, void>::type* <anonymous> > void rclcpp::AnySubscriptionCallback<MessageT, Alloc>::set(CallbackT) [with CallbackT = CallbackT; typename std::enable_if<rclcpp::function_traits::same_arguments<CallbackT, std::function<void(std::shared_ptr<const _Tp>)> >::value>::type* <anonymous> = <enumerator>; MessageT = const custom_interface::msg::Torque_<std::allocator<void> >&; Alloc = std::allocator<void>][m[K’ cannot be overloaded with ‘[01m[Ktemplate<class CallbackT, typename std::enable_if<rclcpp::function_traits::same_arguments<CallbackT, std::function<void(std::shared_ptr<const custom_interface::msg::Torque_<std::allocator<void> >&>)> >::value, void>::type* <anonymous> > void rclcpp::AnySubscriptionCallback<MessageT, Alloc>::set(CallbackT) [with CallbackT = CallbackT; typename std::enable_if<rclcpp::function_traits::same_arguments<CallbackT, std::function<void(std::shared_ptr<_Tp>)> >::value>::type* <anonymous> = <enumerator>; MessageT = const custom_interface::msg::Torque_<std::allocator<void> >&; Alloc = std::allocator<void>][m[K’
[5.642s]   111 |   void [01;31m[Kset[m[K(CallbackT callback)
[5.642s]       |        [01;31m[K^~~[m[K
[5.642s] [01m[K/opt/ros/foxy/include/rclcpp/any_subscription_callback.hpp:83:8:[m[K [01;36m[Knote: [m[Kprevious declaration ‘[01m[Ktemplate<class CallbackT, typename std::enable_if<rclcpp::function_traits::same_arguments<CallbackT, std::function<void(std::shared_ptr<const custom_interface::msg::Torque_<std::allocator<void> >&>)> >::value, void>::type* <anonymous> > void rclcpp::AnySubscriptionCallback<MessageT, Alloc>::set(CallbackT) [with CallbackT = CallbackT; typename std::enable_if<rclcpp::function_traits::same_arguments<CallbackT, std::function<void(std::shared_ptr<_Tp>)> >::value>::type* <anonymous> = <enumerator>; MessageT = const custom_interface::msg::Torque_<std::allocator<void> >&; Alloc = std::allocator<void>][m[K’
[5.642s]    83 |   void [01;36m[Kset[m[K(CallbackT callback)
[5.642s]       |        [01;36m[K^~~[m[K
[5.642s] [01m[K/opt/ros/foxy/include/rclcpp/any_subscription_callback.hpp:125:8:[m[K [01;31m[Kerror: [m[K‘[01m[Ktemplate<class CallbackT, typename std::enable_if<rclcpp::function_traits::same_arguments<CallbackT, std::function<void(std::shared_ptr<const custom_interface::msg::Torque_<std::allocator<void> >&>, const rclcpp::MessageInfo&)> >::value, void>::type* <anonymous> > void rclcpp::AnySubscriptionCallback<MessageT, Alloc>::set(CallbackT) [with CallbackT = CallbackT; typename std::enable_if<rclcpp::function_traits::same_arguments<CallbackT, std::function<void(std::shared_ptr<const _Tp>, const rclcpp::MessageInfo&)> >::value>::type* <anonymous> = <enumerator>; MessageT = const custom_interface::msg::Torque_<std::allocator<void> >&; Alloc = std::allocator<void>][m[K’ cannot be overloaded with ‘[01m[Ktemplate<class CallbackT, typename std::enable_if<rclcpp::function_traits::same_arguments<CallbackT, std::function<void(std::shared_ptr<const custom_interface::msg::Torque_<std::allocator<void> >&>, const rclcpp::MessageInfo&)> >::value, void>::type* <anonymous> > void rclcpp::AnySubscriptionCallback<MessageT, Alloc>::set(CallbackT) [with CallbackT = CallbackT; typename std::enable_if<rclcpp::function_traits::same_arguments<CallbackT, std::function<void(std::shared_ptr<_Tp>, const rclcpp::MessageInfo&)> >::value>::type* <anonymous> = <enumerator>; MessageT = const custom_interface::msg::Torque_<std::allocator<void> >&; Alloc = std::allocator<void>][m[K’
[5.643s]   125 |   void [01;31m[Kset[m[K(CallbackT callback)
[5.643s]       |        [01;31m[K^~~[m[K
[5.643s] [01m[K/opt/ros/foxy/include/rclcpp/any_subscription_callback.hpp:97:8:[m[K [01;36m[Knote: [m[Kprevious declaration ‘[01m[Ktemplate<class CallbackT, typename std::enable_if<rclcpp::function_traits::same_arguments<CallbackT, std::function<void(std::shared_ptr<const custom_interface::msg::Torque_<std::allocator<void> >&>, const rclcpp::MessageInfo&)> >::value, void>::type* <anonymous> > void rclcpp::AnySubscriptionCallback<MessageT, Alloc>::set(CallbackT) [with CallbackT = CallbackT; typename std::enable_if<rclcpp::function_traits::same_arguments<CallbackT, std::function<void(std::shared_ptr<_Tp>, const rclcpp::MessageInfo&)> >::value>::type* <anonymous> = <enumerator>; MessageT = const custom_interface::msg::Torque_<std::allocator<void> >&; Alloc = std::allocator<void>][m[K’
[5.643s]    97 |   void [01;36m[Kset[m[K(CallbackT callback)
[5.643s]       |        [01;36m[K^~~[m[K
[5.646s] [01m[K/home/xinchen/Dev/SRTP/src/motor_controller/src/torque_controller.cpp:[m[K In constructor ‘[01m[KTorqueController::TorqueController()[m[K’:
[5.647s] [01m[K/home/xinchen/Dev/SRTP/src/motor_controller/src/torque_controller.cpp:21:101:[m[K [01;31m[Kerror: [m[Kno match for ‘[01m[Koperator=[m[K’ (operand types are ‘[01m[Krclcpp::Subscription<custom_interface::msg::Torque_<std::allocator<void> > >::SharedPtr[m[K’ {aka ‘[01m[Kstd::shared_ptr<rclcpp::Subscription<custom_interface::msg::Torque_<std::allocator<void> > > >[m[K’} and ‘[01m[Kstd::shared_ptr<rclcpp::Subscription<const custom_interface::msg::Torque_<std::allocator<void> >&, std::allocator<void>, rclcpp::message_memory_strategy::MessageMemoryStrategy<const custom_interface::msg::Torque_<std::allocator<void> >&, std::allocator<void> > > >[m[K’)
[5.647s]    21 |             "torque", 10, std::bind(&TorqueController::torque_callback, this, std::placeholders::_1)[01;31m[K)[m[K;
[5.647s]       |                                                                                                     [01;31m[K^[m[K
[5.648s] In file included from [01m[K/usr/include/c++/9/memory:81[m[K,
[5.648s]                  from [01m[K/home/xinchen/Dev/SRTP/src/motor_controller/src/torque_controller.cpp:1[m[K:
[5.648s] [01m[K/usr/include/c++/9/bits/shared_ptr.h:309:19:[m[K [01;36m[Knote: [m[Kcandidate: ‘[01m[Kstd::shared_ptr<_Tp>& std::shared_ptr<_Tp>::operator=(const std::shared_ptr<_Tp>&) [with _Tp = rclcpp::Subscription<custom_interface::msg::Torque_<std::allocator<void> > >][m[K’
[5.648s]   309 |       shared_ptr& [01;36m[Koperator[m[K=(const shared_ptr&) noexcept = default;
[5.648s]       |                   [01;36m[K^~~~~~~~[m[K
[5.648s] [01m[K/usr/include/c++/9/bits/shared_ptr.h:309:29:[m[K [01;36m[Knote: [m[K  no known conversion for argument 1 from ‘[01m[Kstd::shared_ptr<rclcpp::Subscription<const custom_interface::msg::Torque_<std::allocator<void> >&, std::allocator<void>, rclcpp::message_memory_strategy::MessageMemoryStrategy<const custom_interface::msg::Torque_<std::allocator<void> >&, std::allocator<void> > > >[m[K’ to ‘[01m[Kconst std::shared_ptr<rclcpp::Subscription<custom_interface::msg::Torque_<std::allocator<void> > > >&[m[K’
[5.648s]   309 |       shared_ptr& operator=([01;36m[Kconst shared_ptr&[m[K) noexcept = default;
[5.648s]       |                             [01;36m[K^~~~~~~~~~~~~~~~~[m[K
[5.649s] [01m[K/usr/include/c++/9/bits/shared_ptr.h:313:2:[m[K [01;36m[Knote: [m[Kcandidate: ‘[01m[Ktemplate<class _Yp> std::shared_ptr<_Tp>::_Assignable<const std::shared_ptr<_Yp>&> std::shared_ptr<_Tp>::operator=(const std::shared_ptr<_Yp>&) [with _Yp = _Yp; _Tp = rclcpp::Subscription<custom_interface::msg::Torque_<std::allocator<void> > >][m[K’
[5.649s]   313 |  [01;36m[Koperator[m[K=(const shared_ptr<_Yp>& __r) noexcept
[5.649s]       |  [01;36m[K^~~~~~~~[m[K
[5.649s] [01m[K/usr/include/c++/9/bits/shared_ptr.h:313:2:[m[K [01;36m[Knote: [m[K  template argument deduction/substitution failed:
[5.649s] /usr/include/c++/9/bits/shared_ptr.h: In substitution of ‘[01m[Ktemplate<class _Tp> template<class _Arg> using _Assignable = typename std::enable_if<std::is_assignable<std::__shared_ptr<_Tp>&, _Arg>::value, std::shared_ptr<_Tp>&>::type [with _Arg = const std::shared_ptr<rclcpp::Subscription<const custom_interface::msg::Torque_<std::allocator<void> >&, std::allocator<void>, rclcpp::message_memory_strategy::MessageMemoryStrategy<const custom_interface::msg::Torque_<std::allocator<void> >&, std::allocator<void> > > >&; _Tp = rclcpp::Subscription<custom_interface::msg::Torque_<std::allocator<void> > >][m[K’:
[5.649s] [01m[K/usr/include/c++/9/bits/shared_ptr.h:313:2:[m[K   required by substitution of ‘[01m[Ktemplate<class _Yp> std::shared_ptr<rclcpp::Subscription<custom_interface::msg::Torque_<std::allocator<void> > > >::_Assignable<const std::shared_ptr<_Tp>&> std::shared_ptr<rclcpp::Subscription<custom_interface::msg::Torque_<std::allocator<void> > > >::operator=<_Yp>(const std::shared_ptr<_Tp>&) [with _Yp = rclcpp::Subscription<const custom_interface::msg::Torque_<std::allocator<void> >&, std::allocator<void>, rclcpp::message_memory_strategy::MessageMemoryStrategy<const custom_interface::msg::Torque_<std::allocator<void> >&, std::allocator<void> > >][m[K’
[5.649s] [01m[K/home/xinchen/Dev/SRTP/src/motor_controller/src/torque_controller.cpp:21:101:[m[K   required from here
[5.650s] [01m[K/usr/include/c++/9/bits/shared_ptr.h:111:8:[m[K [01;31m[Kerror: [m[Kno type named ‘[01m[Ktype[m[K’ in ‘[01m[Kstruct std::enable_if<false, std::shared_ptr<rclcpp::Subscription<custom_interface::msg::Torque_<std::allocator<void> > > >&>[m[K’
[5.650s]   111 |  using [01;31m[K_Assignable[m[K = typename enable_if<
[5.650s]       |        [01;31m[K^~~~~~~~~~~[m[K
[5.650s] [01m[K/usr/include/c++/9/bits/shared_ptr.h:324:2:[m[K [01;36m[Knote: [m[Kcandidate: ‘[01m[Ktemplate<class _Yp> std::shared_ptr<_Tp>::_Assignable<std::auto_ptr<_Up> > std::shared_ptr<_Tp>::operator=(std::auto_ptr<_Up>&&) [with _Yp = _Yp; _Tp = rclcpp::Subscription<custom_interface::msg::Torque_<std::allocator<void> > >][m[K’
[5.650s]   324 |  [01;36m[Koperator[m[K=(auto_ptr<_Yp>&& __r)
[5.650s]       |  [01;36m[K^~~~~~~~[m[K
[5.650s] [01m[K/usr/include/c++/9/bits/shared_ptr.h:324:2:[m[K [01;36m[Knote: [m[K  template argument deduction/substitution failed:
[5.651s] [01m[K/home/xinchen/Dev/SRTP/src/motor_controller/src/torque_controller.cpp:21:101:[m[K [01;36m[Knote: [m[K  ‘[01m[Kstd::shared_ptr<rclcpp::Subscription<const custom_interface::msg::Torque_<std::allocator<void> >&, std::allocator<void>, rclcpp::message_memory_strategy::MessageMemoryStrategy<const custom_interface::msg::Torque_<std::allocator<void> >&, std::allocator<void> > > >[m[K’ is not derived from ‘[01m[Kstd::auto_ptr<_Up>[m[K’
[5.651s]    21 |             "torque", 10, std::bind(&TorqueController::torque_callback, this, std::placeholders::_1)[01;36m[K)[m[K;
[5.651s]       |                                                                                                     [01;36m[K^[m[K
[5.651s] In file included from [01m[K/usr/include/c++/9/memory:81[m[K,
[5.651s]                  from [01m[K/home/xinchen/Dev/SRTP/src/motor_controller/src/torque_controller.cpp:1[m[K:
[5.651s] [01m[K/usr/include/c++/9/bits/shared_ptr.h:333:7:[m[K [01;36m[Knote: [m[Kcandidate: ‘[01m[Kstd::shared_ptr<_Tp>& std::shared_ptr<_Tp>::operator=(std::shared_ptr<_Tp>&&) [with _Tp = rclcpp::Subscription<custom_interface::msg::Torque_<std::allocator<void> > >][m[K’
[5.651s]   333 |       [01;36m[Koperator[m[K=(shared_ptr&& __r) noexcept
[5.651s]       |       [01;36m[K^~~~~~~~[m[K
[5.652s] [01m[K/usr/include/c++/9/bits/shared_ptr.h:333:30:[m[K [01;36m[Knote: [m[K  no known conversion for argument 1 from ‘[01m[Kstd::shared_ptr<rclcpp::Subscription<const custom_interface::msg::Torque_<std::allocator<void> >&, std::allocator<void>, rclcpp::message_memory_strategy::MessageMemoryStrategy<const custom_interface::msg::Torque_<std::allocator<void> >&, std::allocator<void> > > >[m[K’ to ‘[01m[Kstd::shared_ptr<rclcpp::Subscription<custom_interface::msg::Torque_<std::allocator<void> > > >&&[m[K’
[5.652s]   333 |       operator=([01;36m[Kshared_ptr&& __r[m[K) noexcept
[5.652s]       |                 [01;36m[K~~~~~~~~~~~~~^~~[m[K
[5.652s] [01m[K/usr/include/c++/9/bits/shared_ptr.h:341:2:[m[K [01;36m[Knote: [m[Kcandidate: ‘[01m[Ktemplate<class _Yp> std::shared_ptr<_Tp>::_Assignable<std::shared_ptr<_Yp> > std::shared_ptr<_Tp>::operator=(std::shared_ptr<_Yp>&&) [with _Yp = _Yp; _Tp = rclcpp::Subscription<custom_interface::msg::Torque_<std::allocator<void> > >][m[K’
[5.652s]   341 |  [01;36m[Koperator[m[K=(shared_ptr<_Yp>&& __r) noexcept
[5.652s]       |  [01;36m[K^~~~~~~~[m[K
[5.652s] [01m[K/usr/include/c++/9/bits/shared_ptr.h:341:2:[m[K [01;36m[Knote: [m[K  substitution of deduced template arguments resulted in errors seen above
[5.653s] [01m[K/usr/include/c++/9/bits/shared_ptr.h:349:2:[m[K [01;36m[Knote: [m[Kcandidate: ‘[01m[Ktemplate<class _Yp, class _Del> std::shared_ptr<_Tp>::_Assignable<std::unique_ptr<_Up, _Ep> > std::shared_ptr<_Tp>::operator=(std::unique_ptr<_Up, _Ep>&&) [with _Yp = _Yp; _Del = _Del; _Tp = rclcpp::Subscription<custom_interface::msg::Torque_<std::allocator<void> > >][m[K’
[5.653s]   349 |  [01;36m[Koperator[m[K=(unique_ptr<_Yp, _Del>&& __r)
[5.653s]       |  [01;36m[K^~~~~~~~[m[K
[5.653s] [01m[K/usr/include/c++/9/bits/shared_ptr.h:349:2:[m[K [01;36m[Knote: [m[K  template argument deduction/substitution failed:
[5.653s] [01m[K/home/xinchen/Dev/SRTP/src/motor_controller/src/torque_controller.cpp:21:101:[m[K [01;36m[Knote: [m[K  ‘[01m[Kstd::shared_ptr<rclcpp::Subscription<const custom_interface::msg::Torque_<std::allocator<void> >&, std::allocator<void>, rclcpp::message_memory_strategy::MessageMemoryStrategy<const custom_interface::msg::Torque_<std::allocator<void> >&, std::allocator<void> > > >[m[K’ is not derived from ‘[01m[Kstd::unique_ptr<_Tp, _Dp>[m[K’
[5.653s]    21 |             "torque", 10, std::bind(&TorqueController::torque_callback, this, std::placeholders::_1)[01;36m[K)[m[K;
[5.653s]       |                                                                                                     [01;36m[K^[m[K
[5.653s] [01m[K/home/xinchen/Dev/SRTP/src/motor_controller/src/torque_controller.cpp:[m[K In member function ‘[01m[Kvoid TorqueController::torque_callback(const Torque&) const[m[K’:
[5.654s] [01m[K/home/xinchen/Dev/SRTP/src/motor_controller/src/torque_controller.cpp:26:51:[m[K [01;31m[Kerror: [m[Kinvalid cast from type ‘[01m[Kconst Torque[m[K’ {aka ‘[01m[Kconst custom_interface::msg::Torque_<std::allocator<void> >[m[K’} to type ‘[01m[Kint[m[K’
[5.654s]    26 |         dxl_wb.itemWrite(ID, "Goal_Current", (int)[01;31m[Ktorque[m[K); // remain to be changed: torque, goal current
[5.654s]       |                                                   [01;31m[K^~~~~~[m[K
[6.302s] In file included from [01m[K/opt/ros/foxy/include/rclcpp/node_interfaces/node_topics_interface.hpp:32[m[K,
[6.303s]                  from [01m[K/opt/ros/foxy/include/rclcpp/node.hpp:55[m[K,
[6.303s]                  from [01m[K/opt/ros/foxy/include/rclcpp/executors/single_threaded_executor.hpp:28[m[K,
[6.303s]                  from [01m[K/opt/ros/foxy/include/rclcpp/executors.hpp:22[m[K,
[6.303s]                  from [01m[K/opt/ros/foxy/include/rclcpp/rclcpp.hpp:146[m[K,
[6.303s]                  from [01m[K/home/xinchen/Dev/SRTP/src/motor_controller/src/torque_controller.cpp:2[m[K:
[6.303s] /opt/ros/foxy/include/rclcpp/subscription_factory.hpp: In instantiation of ‘[01m[Krclcpp::SubscriptionFactory rclcpp::create_subscription_factory(CallbackT&&, const rclcpp::SubscriptionOptionsWithAllocator<AllocatorT>&, typename MessageMemoryStrategyT::SharedPtr, std::shared_ptr<rclcpp::topic_statistics::SubscriptionTopicStatistics<CallbackMessageT> >) [with MessageT = custom_interface::msg::Torque_<std::allocator<void> >; CallbackT = std::_Bind<void (TorqueController::*(TorqueController*, std::_Placeholder<1>))(const custom_interface::msg::Torque_<std::allocator<void> >&) const>; AllocatorT = std::allocator<void>; CallbackMessageT = const custom_interface::msg::Torque_<std::allocator<void> >&; SubscriptionT = rclcpp::Subscription<const custom_interface::msg::Torque_<std::allocator<void> >&, std::allocator<void>, rclcpp::message_memory_strategy::MessageMemoryStrategy<const custom_interface::msg::Torque_<std::allocator<void> >&, std::allocator<void> > >; MessageMemoryStrategyT = rclcpp::message_memory_strategy::MessageMemoryStrategy<const custom_interface::msg::Torque_<std::allocator<void> >&, std::allocator<void> >; typename MessageMemoryStrategyT::SharedPtr = std::shared_ptr<rclcpp::message_memory_strategy::MessageMemoryStrategy<const custom_interface::msg::Torque_<std::allocator<void> >&, std::allocator<void> > >][m[K’:
[6.304s] [01m[K/opt/ros/foxy/include/rclcpp/create_subscription.hpp:144:63:[m[K   required from ‘[01m[Kstd::shared_ptr<SubscriptionT> rclcpp::create_subscription(NodeT&&, const string&, const rclcpp::QoS&, CallbackT&&, const rclcpp::SubscriptionOptionsWithAllocator<AllocatorT>&, typename MessageMemoryStrategyT::SharedPtr) [with MessageT = custom_interface::msg::Torque_<std::allocator<void> >; CallbackT = std::_Bind<void (TorqueController::*(TorqueController*, std::_Placeholder<1>))(const custom_interface::msg::Torque_<std::allocator<void> >&) const>; AllocatorT = std::allocator<void>; CallbackMessageT = const custom_interface::msg::Torque_<std::allocator<void> >&; SubscriptionT = rclcpp::Subscription<const custom_interface::msg::Torque_<std::allocator<void> >&, std::allocator<void>, rclcpp::message_memory_strategy::MessageMemoryStrategy<const custom_interface::msg::Torque_<std::allocator<void> >&, std::allocator<void> > >; MessageMemoryStrategyT = rclcpp::message_memory_strategy::MessageMemoryStrategy<const custom_interface::msg::Torque_<std::allocator<void> >&, std::allocator<void> >; NodeT = rclcpp::Node&; std::string = std::__cxx11::basic_string<char>; typename MessageMemoryStrategyT::SharedPtr = std::shared_ptr<rclcpp::message_memory_strategy::MessageMemoryStrategy<const custom_interface::msg::Torque_<std::allocator<void> >&, std::allocator<void> > >][m[K’
[6.304s] [01m[K/opt/ros/foxy/include/rclcpp/node_impl.hpp:98:47:[m[K   required from ‘[01m[Kstd::shared_ptr<SubscriptionT> rclcpp::Node::create_subscription(const string&, const rclcpp::QoS&, CallbackT&&, const rclcpp::SubscriptionOptionsWithAllocator<AllocatorT>&, typename MessageMemoryStrategyT::SharedPtr) [with MessageT = custom_interface::msg::Torque_<std::allocator<void> >; CallbackT = std::_Bind<void (TorqueController::*(TorqueController*, std::_Placeholder<1>))(const custom_interface::msg::Torque_<std::allocator<void> >&) const>; AllocatorT = std::allocator<void>; CallbackMessageT = const custom_interface::msg::Torque_<std::allocator<void> >&; SubscriptionT = rclcpp::Subscription<const custom_interface::msg::Torque_<std::allocator<void> >&, std::allocator<void>, rclcpp::message_memory_strategy::MessageMemoryStrategy<const custom_interface::msg::Torque_<std::allocator<void> >&, std::allocator<void> > >; MessageMemoryStrategyT = rclcpp::message_memory_strategy::MessageMemoryStrategy<const custom_interface::msg::Torque_<std::allocator<void> >&, std::allocator<void> >; std::string = std::__cxx11::basic_string<char>; typename MessageMemoryStrategyT::SharedPtr = std::shared_ptr<rclcpp::message_memory_strategy::MessageMemoryStrategy<const custom_interface::msg::Torque_<std::allocator<void> >&, std::allocator<void> > >][m[K’
[6.304s] [01m[K/home/xinchen/Dev/SRTP/src/motor_controller/src/torque_controller.cpp:21:101:[m[K   required from here
[6.304s] [01m[K/opt/ros/foxy/include/rclcpp/subscription_factory.hpp:97:3:[m[K [01;31m[Kerror: [m[Kno matching function for call to ‘[01m[Krclcpp::AnySubscriptionCallback<const custom_interface::msg::Torque_<std::allocator<void> >&, std::allocator<void> >::set(std::_Bind<void (TorqueController::*(TorqueController*, std::_Placeholder<1>))(const custom_interface::msg::Torque_<std::allocator<void> >&) const>)[m[K’
[6.305s]    97 |   [01;31m[Kany_subscription_callback[m[K.set(std::forward<CallbackT>(callback));
[6.305s]       |   [01;31m[K^~~~~~~~~~~~~~~~~~~~~~~~~[m[K
[6.305s] In file included from [01m[K/opt/ros/foxy/include/rclcpp/subscription_base.hpp:29[m[K,
[6.305s]                  from [01m[K/opt/ros/foxy/include/rclcpp/callback_group.hpp:26[m[K,
[6.305s]                  from [01m[K/opt/ros/foxy/include/rclcpp/any_executable.hpp:20[m[K,
[6.305s]                  from [01m[K/opt/ros/foxy/include/rclcpp/memory_strategy.hpp:24[m[K,
[6.305s]                  from [01m[K/opt/ros/foxy/include/rclcpp/memory_strategies.hpp:18[m[K,
[6.306s]                  from [01m[K/opt/ros/foxy/include/rclcpp/executor_options.hpp:20[m[K,
[6.306s]                  from [01m[K/opt/ros/foxy/include/rclcpp/executor.hpp:33[m[K,
[6.306s]                  from [01m[K/opt/ros/foxy/include/rclcpp/executors/multi_threaded_executor.hpp:26[m[K,
[6.306s]                  from [01m[K/opt/ros/foxy/include/rclcpp/executors.hpp:21[m[K,
[6.306s]                  from [01m[K/opt/ros/foxy/include/rclcpp/rclcpp.hpp:146[m[K,
[6.306s]                  from [01m[K/home/xinchen/Dev/SRTP/src/motor_controller/src/torque_controller.cpp:2[m[K:
[6.306s] [01m[K/opt/ros/foxy/include/rclcpp/any_subscription_callback.hpp:83:8:[m[K [01;36m[Knote: [m[Kcandidate: ‘[01m[Ktemplate<class CallbackT, typename std::enable_if<rclcpp::function_traits::same_arguments<CallbackT, std::function<void(std::shared_ptr<const custom_interface::msg::Torque_<std::allocator<void> >&>)> >::value, void>::type* <anonymous> > void rclcpp::AnySubscriptionCallback<MessageT, Alloc>::set(CallbackT) [with CallbackT = CallbackT; typename std::enable_if<rclcpp::function_traits::same_arguments<CallbackT, std::function<void(std::shared_ptr<_Tp>)> >::value>::type* <anonymous> = <enumerator>; MessageT = const custom_interface::msg::Torque_<std::allocator<void> >&; Alloc = std::allocator<void>][m[K’
[6.306s]    83 |   void [01;36m[Kset[m[K(CallbackT callback)
[6.307s]       |        [01;36m[K^~~[m[K
[6.307s] [01m[K/opt/ros/foxy/include/rclcpp/any_subscription_callback.hpp:83:8:[m[K [01;36m[Knote: [m[K  template argument deduction/substitution failed:
[6.307s] [01m[K/opt/ros/foxy/include/rclcpp/any_subscription_callback.hpp:81:17:[m[K [01;31m[Kerror: [m[Kno type named ‘[01m[Ktype[m[K’ in ‘[01m[Kstruct std::enable_if<false, void>[m[K’
[6.307s]    81 |     >::type * = [01;31m[Knullptr[m[K
[6.307s]       |                 [01;31m[K^~~~~~~[m[K
[6.307s] [01m[K/opt/ros/foxy/include/rclcpp/any_subscription_callback.hpp:97:8:[m[K [01;36m[Knote: [m[Kcandidate: ‘[01m[Ktemplate<class CallbackT, typename std::enable_if<rclcpp::function_traits::same_arguments<CallbackT, std::function<void(std::shared_ptr<const custom_interface::msg::Torque_<std::allocator<void> >&>, const rclcpp::MessageInfo&)> >::value, void>::type* <anonymous> > void rclcpp::AnySubscriptionCallback<MessageT, Alloc>::set(CallbackT) [with CallbackT = CallbackT; typename std::enable_if<rclcpp::function_traits::same_arguments<CallbackT, std::function<void(std::shared_ptr<_Tp>, const rclcpp::MessageInfo&)> >::value>::type* <anonymous> = <enumerator>; MessageT = const custom_interface::msg::Torque_<std::allocator<void> >&; Alloc = std::allocator<void>][m[K’
[6.307s]    97 |   void [01;36m[Kset[m[K(CallbackT callback)
[6.308s]       |        [01;36m[K^~~[m[K
[6.308s] [01m[K/opt/ros/foxy/include/rclcpp/any_subscription_callback.hpp:97:8:[m[K [01;36m[Knote: [m[K  template argument deduction/substitution failed:
[6.308s] [01m[K/opt/ros/foxy/include/rclcpp/any_subscription_callback.hpp:95:17:[m[K [01;31m[Kerror: [m[Kno type named ‘[01m[Ktype[m[K’ in ‘[01m[Kstruct std::enable_if<false, void>[m[K’
[6.308s]    95 |     >::type * = [01;31m[Knullptr[m[K
[6.308s]       |                 [01;31m[K^~~~~~~[m[K
[6.308s] [01m[K/opt/ros/foxy/include/rclcpp/any_subscription_callback.hpp:139:8:[m[K [01;36m[Knote: [m[Kcandidate: ‘[01m[Ktemplate<class CallbackT, typename std::enable_if<rclcpp::function_traits::same_arguments<CallbackT, std::function<void(std::unique_ptr<const custom_interface::msg::Torque_<std::allocator<void> >&, std::default_delete<const custom_interface::msg::Torque_<std::allocator<void> >&> >)> >::value, void>::type* <anonymous> > void rclcpp::AnySubscriptionCallback<MessageT, Alloc>::set(CallbackT) [with CallbackT = CallbackT; typename std::enable_if<rclcpp::function_traits::same_arguments<CallbackT, std::function<void(std::unique_ptr<MessageT, typename std::conditional<std::is_same<typename std::allocator_traits<typename std::allocator_traits<_Alloc>::rebind_traits<MessageT>::allocator_type>::rebind_alloc<MessageT>, typename std::allocator<void>::rebind<_Tp1>::other>::value, std::default_delete<_Tp>, rclcpp::allocator::AllocatorDeleter<typename std::allocator_traits<_Alloc>::rebind_traits<MessageT>::allocator_type> >::type>)> >::value>::type* <anonymous> = <enumerator>; MessageT = const custom_interface::msg::Torque_<std::allocator<void> >&; Alloc = std::allocator<void>][m[K’
[6.308s]   139 |   void [01;36m[Kset[m[K(CallbackT callback)
[6.309s]       |        [01;36m[K^~~[m[K
[6.309s] [01m[K/opt/ros/foxy/include/rclcpp/any_subscription_callback.hpp:139:8:[m[K [01;36m[Knote: [m[K  template argument deduction/substitution failed:
[6.309s] [01m[K/opt/ros/foxy/include/rclcpp/any_subscription_callback.hpp:137:17:[m[K [01;31m[Kerror: [m[Kno type named ‘[01m[Ktype[m[K’ in ‘[01m[Kstruct std::enable_if<false, void>[m[K’
[6.309s]   137 |     >::type * = [01;31m[Knullptr[m[K
[6.309s]       |                 [01;31m[K^~~~~~~[m[K
[6.309s] [01m[K/opt/ros/foxy/include/rclcpp/any_subscription_callback.hpp:153:8:[m[K [01;36m[Knote: [m[Kcandidate: ‘[01m[Ktemplate<class CallbackT, typename std::enable_if<rclcpp::function_traits::same_arguments<CallbackT, std::function<void(std::unique_ptr<const custom_interface::msg::Torque_<std::allocator<void> >&, std::default_delete<const custom_interface::msg::Torque_<std::allocator<void> >&> >, const rclcpp::MessageInfo&)> >::value, void>::type* <anonymous> > void rclcpp::AnySubscriptionCallback<MessageT, Alloc>::set(CallbackT) [with CallbackT = CallbackT; typename std::enable_if<rclcpp::function_traits::same_arguments<CallbackT, std::function<void(std::unique_ptr<MessageT, typename std::conditional<std::is_same<typename std::allocator_traits<typename std::allocator_traits<_Alloc>::rebind_traits<MessageT>::allocator_type>::rebind_alloc<MessageT>, typename std::allocator<void>::rebind<_Tp1>::other>::value, std::default_delete<_Tp>, rclcpp::allocator::AllocatorDeleter<typename std::allocator_traits<_Alloc>::rebind_traits<MessageT>::allocator_type> >::type>, const rclcpp::MessageInfo&)> >::value>::type* <anonymous> = <enumerator>; MessageT = const custom_interface::msg::Torque_<std::allocator<void> >&; Alloc = std::allocator<void>][m[K’
[6.309s]   153 |   void [01;36m[Kset[m[K(CallbackT callback)
[6.309s]       |        [01;36m[K^~~[m[K
[6.310s] [01m[K/opt/ros/foxy/include/rclcpp/any_subscription_callback.hpp:153:8:[m[K [01;36m[Knote: [m[K  template argument deduction/substitution failed:
[6.310s] [01m[K/opt/ros/foxy/include/rclcpp/any_subscription_callback.hpp:151:17:[m[K [01;31m[Kerror: [m[Kno type named ‘[01m[Ktype[m[K’ in ‘[01m[Kstruct std::enable_if<false, void>[m[K’
[6.310s]   151 |     >::type * = [01;31m[Knullptr[m[K
[6.310s]       |                 [01;31m[K^~~~~~~[m[K
[7.245s] In file included from [01m[K/usr/include/aarch64-linux-gnu/c++/9/bits/c++allocator.h:33[m[K,
[7.246s]                  from [01m[K/usr/include/c++/9/bits/allocator.h:46[m[K,
[7.246s]                  from [01m[K/usr/include/c++/9/memory:63[m[K,
[7.246s]                  from [01m[K/home/xinchen/Dev/SRTP/src/motor_controller/src/torque_controller.cpp:1[m[K:
[7.247s] /usr/include/c++/9/ext/new_allocator.h: In instantiation of ‘[01m[Kclass __gnu_cxx::new_allocator<const custom_interface::msg::Torque_<std::allocator<void> >&>[m[K’:
[7.247s] [01m[K/usr/include/c++/9/bits/allocator.h:111:11:[m[K   required from ‘[01m[Kclass std::allocator<const custom_interface::msg::Torque_<std::allocator<void> >&>[m[K’
[7.247s] [01m[K/usr/include/c++/9/bits/shared_ptr_base.h:1365:63:[m[K   required by substitution of ‘[01m[Ktemplate<class _Yp> struct std::__shared_ptr<std::allocator<const custom_interface::msg::Torque_<std::allocator<void> >&>, __gnu_cxx::_S_atomic>::__has_esft_base<_Yp, std::__void_t<decltype (__enable_shared_from_this_base(declval<const std::__shared_count<__gnu_cxx::_S_atomic>&>(), declval<_Yp*>()))> > [with _Yp = std::allocator<const custom_interface::msg::Torque_<std::allocator<void> >&>][m[K’
[7.247s] [01m[K/usr/include/c++/9/bits/shared_ptr_base.h:1387:21:[m[K   required by substitution of ‘[01m[Ktemplate<class _Yp, class _Yp2> typename std::enable_if<(! std::__shared_ptr<std::allocator<const custom_interface::msg::Torque_<std::allocator<void> >&>, __gnu_cxx::_S_atomic>::__has_esft_base<_Yp2, void>::value), void>::type std::__shared_ptr<std::allocator<const custom_interface::msg::Torque_<std::allocator<void> >&>, __gnu_cxx::_S_atomic>::_M_enable_shared_from_this_with<_Yp, _Yp2>(_Yp*) [with _Yp = std::allocator<const custom_interface::msg::Torque_<std::allocator<void> >&>; _Yp2 = std::allocator<const custom_interface::msg::Torque_<std::allocator<void> >&>][m[K’
[7.247s] [01m[K/usr/include/c++/9/bits/shared_ptr_base.h:1345:4:[m[K   required from ‘[01m[Kstd::__shared_ptr<_Tp, _Lp>::__shared_ptr(std::_Sp_alloc_shared_tag<_Tp>, _Args&& ...) [with _Alloc = std::allocator<std::allocator<const custom_interface::msg::Torque_<std::allocator<void> >&> >; _Args = {std::allocator<void>&}; _Tp = std::allocator<const custom_interface::msg::Torque_<std::allocator<void> >&>; __gnu_cxx::_Lock_policy _Lp = __gnu_cxx::_S_atomic][m[K’
[7.247s] [01m[K/usr/include/c++/9/bits/shared_ptr.h:359:59:[m[K   [ skipping 2 instantiation contexts, use -ftemplate-backtrace-limit=0 to disable ]
[7.248s] [01m[K/usr/include/c++/9/bits/shared_ptr.h:717:39:[m[K   required from ‘[01m[Kstd::shared_ptr<_Tp> std::make_shared(_Args&& ...) [with _Tp = std::allocator<const custom_interface::msg::Torque_<std::allocator<void> >&>; _Args = {std::allocator<void>&}][m[K’
[7.248s] [01m[K/opt/ros/foxy/include/rclcpp/any_subscription_callback.hpp:68:56:[m[K   required from ‘[01m[Krclcpp::AnySubscriptionCallback<MessageT, Alloc>::AnySubscriptionCallback(std::shared_ptr<_Tp>) [with MessageT = const custom_interface::msg::Torque_<std::allocator<void> >&; Alloc = std::allocator<void>][m[K’
[7.252s] [01m[K/opt/ros/foxy/include/rclcpp/subscription_factory.hpp:96:57:[m[K   required from ‘[01m[Krclcpp::SubscriptionFactory rclcpp::create_subscription_factory(CallbackT&&, const rclcpp::SubscriptionOptionsWithAllocator<AllocatorT>&, typename MessageMemoryStrategyT::SharedPtr, std::shared_ptr<rclcpp::topic_statistics::SubscriptionTopicStatistics<CallbackMessageT> >) [with MessageT = custom_interface::msg::Torque_<std::allocator<void> >; CallbackT = std::_Bind<void (TorqueController::*(TorqueController*, std::_Placeholder<1>))(const custom_interface::msg::Torque_<std::allocator<void> >&) const>; AllocatorT = std::allocator<void>; CallbackMessageT = const custom_interface::msg::Torque_<std::allocator<void> >&; SubscriptionT = rclcpp::Subscription<const custom_interface::msg::Torque_<std::allocator<void> >&, std::allocator<void>, rclcpp::message_memory_strategy::MessageMemoryStrategy<const custom_interface::msg::Torque_<std::allocator<void> >&, std::allocator<void> > >; MessageMemoryStrategyT = rclcpp::message_memory_strategy::MessageMemoryStrategy<const custom_interface::msg::Torque_<std::allocator<void> >&, std::allocator<void> >; typename MessageMemoryStrategyT::SharedPtr = std::shared_ptr<rclcpp::message_memory_strategy::MessageMemoryStrategy<const custom_interface::msg::Torque_<std::allocator<void> >&, std::allocator<void> > >][m[K’
[7.252s] [01m[K/opt/ros/foxy/include/rclcpp/create_subscription.hpp:144:63:[m[K   required from ‘[01m[Kstd::shared_ptr<SubscriptionT> rclcpp::create_subscription(NodeT&&, const string&, const rclcpp::QoS&, CallbackT&&, const rclcpp::SubscriptionOptionsWithAllocator<AllocatorT>&, typename MessageMemoryStrategyT::SharedPtr) [with MessageT = custom_interface::msg::Torque_<std::allocator<void> >; CallbackT = std::_Bind<void (TorqueController::*(TorqueController*, std::_Placeholder<1>))(const custom_interface::msg::Torque_<std::allocator<void> >&) const>; AllocatorT = std::allocator<void>; CallbackMessageT = const custom_interface::msg::Torque_<std::allocator<void> >&; SubscriptionT = rclcpp::Subscription<const custom_interface::msg::Torque_<std::allocator<void> >&, std::allocator<void>, rclcpp::message_memory_strategy::MessageMemoryStrategy<const custom_interface::msg::Torque_<std::allocator<void> >&, std::allocator<void> > >; MessageMemoryStrategyT = rclcpp::message_memory_strategy::MessageMemoryStrategy<const custom_interface::msg::Torque_<std::allocator<void> >&, std::allocator<void> >; NodeT = rclcpp::Node&; std::string = std::__cxx11::basic_string<char>; typename MessageMemoryStrategyT::SharedPtr = std::shared_ptr<rclcpp::message_memory_strategy::MessageMemoryStrategy<const custom_interface::msg::Torque_<std::allocator<void> >&, std::allocator<void> > >][m[K’
[7.252s] [01m[K/opt/ros/foxy/include/rclcpp/node_impl.hpp:98:47:[m[K   required from ‘[01m[Kstd::shared_ptr<SubscriptionT> rclcpp::Node::create_subscription(const string&, const rclcpp::QoS&, CallbackT&&, const rclcpp::SubscriptionOptionsWithAllocator<AllocatorT>&, typename MessageMemoryStrategyT::SharedPtr) [with MessageT = custom_interface::msg::Torque_<std::allocator<void> >; CallbackT = std::_Bind<void (TorqueController::*(TorqueController*, std::_Placeholder<1>))(const custom_interface::msg::Torque_<std::allocator<void> >&) const>; AllocatorT = std::allocator<void>; CallbackMessageT = const custom_interface::msg::Torque_<std::allocator<void> >&; SubscriptionT = rclcpp::Subscription<const custom_interface::msg::Torque_<std::allocator<void> >&, std::allocator<void>, rclcpp::message_memory_strategy::MessageMemoryStrategy<const custom_interface::msg::Torque_<std::allocator<void> >&, std::allocator<void> > >; MessageMemoryStrategyT = rclcpp::message_memory_strategy::MessageMemoryStrategy<const custom_interface::msg::Torque_<std::allocator<void> >&, std::allocator<void> >; std::string = std::__cxx11::basic_string<char>; typename MessageMemoryStrategyT::SharedPtr = std::shared_ptr<rclcpp::message_memory_strategy::MessageMemoryStrategy<const custom_interface::msg::Torque_<std::allocator<void> >&, std::allocator<void> > >][m[K’
[7.252s] [01m[K/home/xinchen/Dev/SRTP/src/motor_controller/src/torque_controller.cpp:21:101:[m[K   required from here
[7.253s] [01m[K/usr/include/c++/9/ext/new_allocator.h:63:26:[m[K [01;31m[Kerror: [m[Kforming pointer to reference type ‘[01m[Kconst custom_interface::msg::Torque_<std::allocator<void> >&[m[K’
[7.253s]    63 |       typedef _Tp*       [01;31m[Kpointer[m[K;
[7.253s]       |                          [01;31m[K^~~~~~~[m[K
[7.253s] [01m[K/usr/include/c++/9/ext/new_allocator.h:64:26:[m[K [01;31m[Kerror: [m[Kforming pointer to reference type ‘[01m[Kconst custom_interface::msg::Torque_<std::allocator<void> >&[m[K’
[7.253s]    64 |       typedef const _Tp* [01;31m[Kconst_pointer[m[K;
[7.253s]       |                          [01;31m[K^~~~~~~~~~~~~[m[K
[7.253s] In file included from [01m[K/usr/include/c++/9/memory:63[m[K,
[7.253s]                  from [01m[K/home/xinchen/Dev/SRTP/src/motor_controller/src/torque_controller.cpp:1[m[K:
[7.254s] /usr/include/c++/9/bits/allocator.h: In instantiation of ‘[01m[Kclass std::allocator<const custom_interface::msg::Torque_<std::allocator<void> >&>[m[K’:
[7.254s] [01m[K/usr/include/c++/9/bits/shared_ptr_base.h:1365:63:[m[K   required by substitution of ‘[01m[Ktemplate<class _Yp> struct std::__shared_ptr<std::allocator<const custom_interface::msg::Torque_<std::allocator<void> >&>, __gnu_cxx::_S_atomic>::__has_esft_base<_Yp, std::__void_t<decltype (__enable_shared_from_this_base(declval<const std::__shared_count<__gnu_cxx::_S_atomic>&>(), declval<_Yp*>()))> > [with _Yp = std::allocator<const custom_interface::msg::Torque_<std::allocator<void> >&>][m[K’
[7.254s] [01m[K/usr/include/c++/9/bits/shared_ptr_base.h:1387:21:[m[K   required by substitution of ‘[01m[Ktemplate<class _Yp, class _Yp2> typename std::enable_if<(! std::__shared_ptr<std::allocator<const custom_interface::msg::Torque_<std::allocator<void> >&>, __gnu_cxx::_S_atomic>::__has_esft_base<_Yp2, void>::value), void>::type std::__shared_ptr<std::allocator<const custom_interface::msg::Torque_<std::allocator<void> >&>, __gnu_cxx::_S_atomic>::_M_enable_shared_from_this_with<_Yp, _Yp2>(_Yp*) [with _Yp = std::allocator<const custom_interface::msg::Torque_<std::allocator<void> >&>; _Yp2 = std::allocator<const custom_interface::msg::Torque_<std::allocator<void> >&>][m[K’
[7.254s] [01m[K/usr/include/c++/9/bits/shared_ptr_base.h:1345:4:[m[K   required from ‘[01m[Kstd::__shared_ptr<_Tp, _Lp>::__shared_ptr(std::_Sp_alloc_shared_tag<_Tp>, _Args&& ...) [with _Alloc = std::allocator<std::allocator<const custom_interface::msg::Torque_<std::allocator<void> >&> >; _Args = {std::allocator<void>&}; _Tp = std::allocator<const custom_interface::msg::Torque_<std::allocator<void> >&>; __gnu_cxx::_Lock_policy _Lp = __gnu_cxx::_S_atomic][m[K’
[7.254s] [01m[K/usr/include/c++/9/bits/shared_ptr.h:359:59:[m[K   required from ‘[01m[Kstd::shared_ptr<_Tp>::shared_ptr(std::_Sp_alloc_shared_tag<_Tp>, _Args&& ...) [with _Alloc = std::allocator<std::allocator<const custom_interface::msg::Torque_<std::allocator<void> >&> >; _Args = {std::allocator<void>&}; _Tp = std::allocator<const custom_interface::msg::Torque_<std::allocator<void> >&>][m[K’
[7.254s] [01m[K/usr/include/c++/9/bits/shared_ptr.h:701:14:[m[K   required from ‘[01m[Kstd::shared_ptr<_Tp> std::allocate_shared(const _Alloc&, _Args&& ...) [with _Tp = std::allocator<const custom_interface::msg::Torque_<std::allocator<void> >&>; _Alloc = std::allocator<std::allocator<const custom_interface::msg::Torque_<std::allocator<void> >&> >; _Args = {std::allocator<void>&}][m[K’
[7.254s] [01m[K/usr/include/c++/9/bits/shared_ptr.h:717:39:[m[K   required from ‘[01m[Kstd::shared_ptr<_Tp> std::make_shared(_Args&& ...) [with _Tp = std::allocator<const custom_interface::msg::Torque_<std::allocator<void> >&>; _Args = {std::allocator<void>&}][m[K’
[7.255s] [01m[K/opt/ros/foxy/include/rclcpp/any_subscription_callback.hpp:68:56:[m[K   required from ‘[01m[Krclcpp::AnySubscriptionCallback<MessageT, Alloc>::AnySubscriptionCallback(std::shared_ptr<_Tp>) [with MessageT = const custom_interface::msg::Torque_<std::allocator<void> >&; Alloc = std::allocator<void>][m[K’
[7.255s] [01m[K/opt/ros/foxy/include/rclcpp/subscription_factory.hpp:96:57:[m[K   required from ‘[01m[Krclcpp::SubscriptionFactory rclcpp::create_subscription_factory(CallbackT&&, const rclcpp::SubscriptionOptionsWithAllocator<AllocatorT>&, typename MessageMemoryStrategyT::SharedPtr, std::shared_ptr<rclcpp::topic_statistics::SubscriptionTopicStatistics<CallbackMessageT> >) [with MessageT = custom_interface::msg::Torque_<std::allocator<void> >; CallbackT = std::_Bind<void (TorqueController::*(TorqueController*, std::_Placeholder<1>))(const custom_interface::msg::Torque_<std::allocator<void> >&) const>; AllocatorT = std::allocator<void>; CallbackMessageT = const custom_interface::msg::Torque_<std::allocator<void> >&; SubscriptionT = rclcpp::Subscription<const custom_interface::msg::Torque_<std::allocator<void> >&, std::allocator<void>, rclcpp::message_memory_strategy::MessageMemoryStrategy<const custom_interface::msg::Torque_<std::allocator<void> >&, std::allocator<void> > >; MessageMemoryStrategyT = rclcpp::message_memory_strategy::MessageMemoryStrategy<const custom_interface::msg::Torque_<std::allocator<void> >&, std::allocator<void> >; typename MessageMemoryStrategyT::SharedPtr = std::shared_ptr<rclcpp::message_memory_strategy::MessageMemoryStrategy<const custom_interface::msg::Torque_<std::allocator<void> >&, std::allocator<void> > >][m[K’
[7.255s] [01m[K/opt/ros/foxy/include/rclcpp/create_subscription.hpp:144:63:[m[K   required from ‘[01m[Kstd::shared_ptr<SubscriptionT> rclcpp::create_subscription(NodeT&&, const string&, const rclcpp::QoS&, CallbackT&&, const rclcpp::SubscriptionOptionsWithAllocator<AllocatorT>&, typename MessageMemoryStrategyT::SharedPtr) [with MessageT = custom_interface::msg::Torque_<std::allocator<void> >; CallbackT = std::_Bind<void (TorqueController::*(TorqueController*, std::_Placeholder<1>))(const custom_interface::msg::Torque_<std::allocator<void> >&) const>; AllocatorT = std::allocator<void>; CallbackMessageT = const custom_interface::msg::Torque_<std::allocator<void> >&; SubscriptionT = rclcpp::Subscription<const custom_interface::msg::Torque_<std::allocator<void> >&, std::allocator<void>, rclcpp::message_memory_strategy::MessageMemoryStrategy<const custom_interface::msg::Torque_<std::allocator<void> >&, std::allocator<void> > >; MessageMemoryStrategyT = rclcpp::message_memory_strategy::MessageMemoryStrategy<const custom_interface::msg::Torque_<std::allocator<void> >&, std::allocator<void> >; NodeT = rclcpp::Node&; std::string = std::__cxx11::basic_string<char>; typename MessageMemoryStrategyT::SharedPtr = std::shared_ptr<rclcpp::message_memory_strategy::MessageMemoryStrategy<const custom_interface::msg::Torque_<std::allocator<void> >&, std::allocator<void> > >][m[K’
[7.255s] [01m[K/opt/ros/foxy/include/rclcpp/node_impl.hpp:98:47:[m[K   required from ‘[01m[Kstd::shared_ptr<SubscriptionT> rclcpp::Node::create_subscription(const string&, const rclcpp::QoS&, CallbackT&&, const rclcpp::SubscriptionOptionsWithAllocator<AllocatorT>&, typename MessageMemoryStrategyT::SharedPtr) [with MessageT = custom_interface::msg::Torque_<std::allocator<void> >; CallbackT = std::_Bind<void (TorqueController::*(TorqueController*, std::_Placeholder<1>))(const custom_interface::msg::Torque_<std::allocator<void> >&) const>; AllocatorT = std::allocator<void>; CallbackMessageT = const custom_interface::msg::Torque_<std::allocator<void> >&; SubscriptionT = rclcpp::Subscription<const custom_interface::msg::Torque_<std::allocator<void> >&, std::allocator<void>, rclcpp::message_memory_strategy::MessageMemoryStrategy<const custom_interface::msg::Torque_<std::allocator<void> >&, std::allocator<void> > >; MessageMemoryStrategyT = rclcpp::message_memory_strategy::MessageMemoryStrategy<const custom_interface::msg::Torque_<std::allocator<void> >&, std::allocator<void> >; std::string = std::__cxx11::basic_string<char>; typename MessageMemoryStrategyT::SharedPtr = std::shared_ptr<rclcpp::message_memory_strategy::MessageMemoryStrategy<const custom_interface::msg::Torque_<std::allocator<void> >&, std::allocator<void> > >][m[K’
[7.255s] [01m[K/home/xinchen/Dev/SRTP/src/motor_controller/src/torque_controller.cpp:21:101:[m[K   required from here
[7.255s] [01m[K/usr/include/c++/9/bits/allocator.h:116:26:[m[K [01;31m[Kerror: [m[Kforming pointer to reference type ‘[01m[Kconst custom_interface::msg::Torque_<std::allocator<void> >&[m[K’
[7.256s]   116 |       typedef _Tp*       [01;31m[Kpointer[m[K;
[7.256s]       |                          [01;31m[K^~~~~~~[m[K
[7.256s] [01m[K/usr/include/c++/9/bits/allocator.h:117:26:[m[K [01;31m[Kerror: [m[Kforming pointer to reference type ‘[01m[Kconst custom_interface::msg::Torque_<std::allocator<void> >&[m[K’
[7.256s]   117 |       typedef const _Tp* [01;31m[Kconst_pointer[m[K;
[7.256s]       |                          [01;31m[K^~~~~~~~~~~~~[m[K
[7.257s] In file included from [01m[K/usr/include/aarch64-linux-gnu/c++/9/bits/c++allocator.h:33[m[K,
[7.257s]                  from [01m[K/usr/include/c++/9/bits/allocator.h:46[m[K,
[7.257s]                  from [01m[K/usr/include/c++/9/memory:63[m[K,
[7.257s]                  from [01m[K/home/xinchen/Dev/SRTP/src/motor_controller/src/torque_controller.cpp:1[m[K:
[7.257s] /usr/include/c++/9/ext/new_allocator.h: In instantiation of ‘[01m[Kvoid __gnu_cxx::new_allocator<_Tp>::construct(_Up*, _Args&& ...) [with _Up = TorqueController; _Args = {}; _Tp = TorqueController][m[K’:
[7.257s] [01m[K/usr/include/c++/9/bits/alloc_traits.h:483:4:[m[K   required from ‘[01m[Kstatic void std::allocator_traits<std::allocator<_Tp1> >::construct(std::allocator_traits<std::allocator<_Tp1> >::allocator_type&, _Up*, _Args&& ...) [with _Up = TorqueController; _Args = {}; _Tp = TorqueController; std::allocator_traits<std::allocator<_Tp1> >::allocator_type = std::allocator<TorqueController>][m[K’
[7.257s] [01m[K/usr/include/c++/9/bits/shared_ptr_base.h:548:39:[m[K   required from ‘[01m[Kstd::_Sp_counted_ptr_inplace<_Tp, _Alloc, _Lp>::_Sp_counted_ptr_inplace(_Alloc, _Args&& ...) [with _Args = {}; _Tp = TorqueController; _Alloc = std::allocator<TorqueController>; __gnu_cxx::_Lock_policy _Lp = __gnu_cxx::_S_atomic][m[K’
[7.258s] [01m[K/usr/include/c++/9/bits/shared_ptr_base.h:679:16:[m[K   required from ‘[01m[Kstd::__shared_count<_Lp>::__shared_count(_Tp*&, std::_Sp_alloc_shared_tag<_Alloc>, _Args&& ...) [with _Tp = TorqueController; _Alloc = std::allocator<TorqueController>; _Args = {}; __gnu_cxx::_Lock_policy _Lp = __gnu_cxx::_S_atomic][m[K’
[7.258s] [01m[K/usr/include/c++/9/bits/shared_ptr_base.h:1344:71:[m[K   required from ‘[01m[Kstd::__shared_ptr<_Tp, _Lp>::__shared_ptr(std::_Sp_alloc_shared_tag<_Tp>, _Args&& ...) [with _Alloc = std::allocator<TorqueController>; _Args = {}; _Tp = TorqueController; __gnu_cxx::_Lock_policy _Lp = __gnu_cxx::_S_atomic][m[K’
[7.258s] [01m[K/usr/include/c++/9/bits/shared_ptr.h:359:59:[m[K   required from ‘[01m[Kstd::shared_ptr<_Tp>::shared_ptr(std::_Sp_alloc_shared_tag<_Tp>, _Args&& ...) [with _Alloc = std::allocator<TorqueController>; _Args = {}; _Tp = TorqueController][m[K’
[7.258s] [01m[K/usr/include/c++/9/bits/shared_ptr.h:701:14:[m[K   required from ‘[01m[Kstd::shared_ptr<_Tp> std::allocate_shared(const _Alloc&, _Args&& ...) [with _Tp = TorqueController; _Alloc = std::allocator<TorqueController>; _Args = {}][m[K’
[7.258s] [01m[K/usr/include/c++/9/bits/shared_ptr.h:717:39:[m[K   required from ‘[01m[Kstd::shared_ptr<_Tp> std::make_shared(_Args&& ...) [with _Tp = TorqueController; _Args = {}][m[K’
[7.258s] [01m[K/home/xinchen/Dev/SRTP/src/motor_controller/src/torque_controller.cpp:39:53:[m[K   required from here
[7.258s] [01m[K/usr/include/c++/9/ext/new_allocator.h:146:4:[m[K [01;31m[Kerror: [m[K‘[01m[KTorqueController::TorqueController()[m[K’ is private within this context
[7.258s]   146 |  { [01;31m[K::new((void *)__p) _Up(std::forward<_Args>(__args)...)[m[K; }
[7.259s]       |    [01;31m[K^~~~~~~~~~~~~~~~~~~~~~~~~~~~~~~~~~~~~~~~~~~~~~~~~~~~~~[m[K
[7.259s] [01m[K/home/xinchen/Dev/SRTP/src/motor_controller/src/torque_controller.cpp:18:5:[m[K [01;36m[Knote: [m[Kdeclared private here
[7.259s]    18 |     [01;36m[KTorqueController[m[K() : Node("TorqueContoller")
[7.259s]       |     [01;36m[K^~~~~~~~~~~~~~~~[m[K
[7.853s] In file included from [01m[K/usr/include/c++/9/bits/shared_ptr.h:52[m[K,
[7.853s]                  from [01m[K/usr/include/c++/9/memory:81[m[K,
[7.853s]                  from [01m[K/home/xinchen/Dev/SRTP/src/motor_controller/src/torque_controller.cpp:1[m[K:
[7.853s] /usr/include/c++/9/bits/shared_ptr_base.h: In instantiation of ‘[01m[Kclass std::__shared_ptr_access<const custom_interface::msg::Torque_<std::allocator<void> >&, __gnu_cxx::_S_atomic, false, false>[m[K’:
[7.854s] [01m[K/usr/include/c++/9/bits/shared_ptr_base.h:1080:11:[m[K   required from ‘[01m[Kclass std::__shared_ptr<const custom_interface::msg::Torque_<std::allocator<void> >&, __gnu_cxx::_S_atomic>[m[K’
[7.854s] [01m[K/opt/ros/foxy/include/rclcpp/message_memory_strategy.hpp:85:37:[m[K   recursively required from ‘[01m[Kstd::shared_ptr<_Tp> rclcpp::message_memory_strategy::MessageMemoryStrategy<MessageT, Alloc>::borrow_message() [with MessageT = const custom_interface::msg::Torque_<std::allocator<void> >&; Alloc = std::allocator<void>][m[K’
[7.854s] [01m[K/opt/ros/foxy/include/rclcpp/message_memory_strategy.hpp:85:37:[m[K   required from here
[7.854s] [01m[K/usr/include/c++/9/bits/shared_ptr_base.h:1012:7:[m[K [01;31m[Kerror: [m[Kforming pointer to reference type ‘[01m[Kstd::__shared_ptr_access<const custom_interface::msg::Torque_<std::allocator<void> >&, __gnu_cxx::_S_atomic, false, false>::element_type[m[K’ {aka ‘[01m[Kconst custom_interface::msg::Torque_<std::allocator<void> >&[m[K’}
[7.854s]  1012 |       [01;31m[Koperator[m[K->() const noexcept
[7.854s]       |       [01;31m[K^~~~~~~~[m[K
[7.854s] [01m[K/usr/include/c++/9/bits/shared_ptr_base.h:1020:7:[m[K [01;31m[Kerror: [m[Kforming pointer to reference type ‘[01m[Kstd::__shared_ptr_access<const custom_interface::msg::Torque_<std::allocator<void> >&, __gnu_cxx::_S_atomic, false, false>::element_type[m[K’ {aka ‘[01m[Kconst custom_interface::msg::Torque_<std::allocator<void> >&[m[K’}
[7.855s]  1020 |       [01;31m[K_M_get[m[K() const noexcept
[7.855s]       |       [01;31m[K^~~~~~[m[K
[7.855s] /usr/include/c++/9/bits/shared_ptr_base.h: In instantiation of ‘[01m[Kclass std::__shared_ptr<const custom_interface::msg::Torque_<std::allocator<void> >&, __gnu_cxx::_S_atomic>[m[K’:
[7.855s] [01m[K/opt/ros/foxy/include/rclcpp/message_memory_strategy.hpp:85:37:[m[K   recursively required from ‘[01m[Kstd::shared_ptr<_Tp> rclcpp::message_memory_strategy::MessageMemoryStrategy<MessageT, Alloc>::borrow_message() [with MessageT = const custom_interface::msg::Torque_<std::allocator<void> >&; Alloc = std::allocator<void>][m[K’
[7.855s] [01m[K/opt/ros/foxy/include/rclcpp/message_memory_strategy.hpp:85:37:[m[K   required from here
[7.855s] [01m[K/usr/include/c++/9/bits/shared_ptr_base.h:1094:8:[m[K [01;31m[Kerror: [m[Kforming pointer to reference type ‘[01m[Kconst custom_interface::msg::Torque_<std::allocator<void> >&[m[K’
[7.855s]  1094 |  using [01;31m[K_Compatible[m[K = typename
[7.855s]       |        [01;31m[K^~~~~~~~~~~[m[K
[7.856s] [01m[K/usr/include/c++/9/bits/shared_ptr_base.h:1104:8:[m[K [01;31m[Kerror: [m[Kforming pointer to reference type ‘[01m[Kconst custom_interface::msg::Torque_<std::allocator<void> >&[m[K’
[7.856s]  1104 |  using [01;31m[K_UniqCompatible[m[K = typename enable_if<__and_<
[7.856s]       |        [01;31m[K^~~~~~~~~~~~~~~[m[K
[7.857s] [01m[K/usr/include/c++/9/bits/shared_ptr_base.h:1162:2:[m[K [01;31m[Kerror: [m[Kforming pointer to reference type ‘[01m[Kstd::__shared_ptr<const custom_interface::msg::Torque_<std::allocator<void> >&, __gnu_cxx::_S_atomic>::element_type[m[K’ {aka ‘[01m[Kconst custom_interface::msg::Torque_<std::allocator<void> >&[m[K’}
[7.857s]  1162 |  [01;31m[K__shared_ptr[m[K(const __shared_ptr<_Yp, _Lp>& __r,
[7.857s]       |  [01;31m[K^~~~~~~~~~~~[m[K
[7.857s] /usr/include/c++/9/bits/shared_ptr_base.h: In substitution of ‘[01m[Ktemplate<class _Tp, __gnu_cxx::_Lock_policy _Lp> template<class _Yp, class _Res> using _Compatible = typename std::enable_if<std::__sp_compatible_with<_Yp*, _Tp*>::value, _Res>::type [with _Yp = _Yp; _Res = void; _Tp = const custom_interface::msg::Torque_<std::allocator<void> >&; __gnu_cxx::_Lock_policy _Lp = __gnu_cxx::_S_atomic][m[K’:
[7.857s] [01m[K/usr/include/c++/9/bits/shared_ptr_base.h:1172:2:[m[K   required from ‘[01m[Kclass std::__shared_ptr<const custom_interface::msg::Torque_<std::allocator<void> >&, __gnu_cxx::_S_atomic>[m[K’
[7.857s] [01m[K/opt/ros/foxy/include/rclcpp/message_memory_strategy.hpp:85:37:[m[K   recursively required from ‘[01m[Kstd::shared_ptr<_Tp> rclcpp::message_memory_strategy::MessageMemoryStrategy<MessageT, Alloc>::borrow_message() [with MessageT = const custom_interface::msg::Torque_<std::allocator<void> >&; Alloc = std::allocator<void>][m[K’
[7.857s] [01m[K/opt/ros/foxy/include/rclcpp/message_memory_strategy.hpp:85:37:[m[K   required from here
[7.858s] [01m[K/usr/include/c++/9/bits/shared_ptr_base.h:1094:8:[m[K [01;31m[Kerror: [m[Kforming pointer to reference type ‘[01m[Kconst custom_interface::msg::Torque_<std::allocator<void> >&[m[K’
[7.858s]  1094 |  using [01;31m[K_Compatible[m[K = typename
[7.858s]       |        [01;31m[K^~~~~~~~~~~[m[K
[7.858s] /usr/include/c++/9/bits/shared_ptr_base.h: In substitution of ‘[01m[Ktemplate<class _Tp, __gnu_cxx::_Lock_policy _Lp> template<class _Yp, class _Del, class _Res, class _Ptr> using _UniqCompatible = typename std::enable_if<std::__and_<std::__sp_compatible_with<_Yp*, _Tp*>, std::is_convertible<_Ptr, typename std::remove_extent<_Up>::type*> >::value, _Res>::type [with _Yp = _Yp; _Del = _Del; _Res = void; _Ptr = typename std::unique_ptr<_Tp, _Dp>::pointer; _Tp = const custom_interface::msg::Torque_<std::allocator<void> >&; __gnu_cxx::_Lock_policy _Lp = __gnu_cxx::_S_atomic][m[K’:
[7.858s] [01m[K/usr/include/c++/9/bits/shared_ptr_base.h:1203:2:[m[K   required from ‘[01m[Kclass std::__shared_ptr<const custom_interface::msg::Torque_<std::allocator<void> >&, __gnu_cxx::_S_atomic>[m[K’
[7.858s] [01m[K/opt/ros/foxy/include/rclcpp/message_memory_strategy.hpp:85:37:[m[K   recursively required from ‘[01m[Kstd::shared_ptr<_Tp> rclcpp::message_memory_strategy::MessageMemoryStrategy<MessageT, Alloc>::borrow_message() [with MessageT = const custom_interface::msg::Torque_<std::allocator<void> >&; Alloc = std::allocator<void>][m[K’
[7.858s] [01m[K/opt/ros/foxy/include/rclcpp/message_memory_strategy.hpp:85:37:[m[K   required from here
[7.859s] [01m[K/usr/include/c++/9/bits/shared_ptr_base.h:1104:8:[m[K [01;31m[Kerror: [m[Kforming pointer to reference type ‘[01m[Kconst custom_interface::msg::Torque_<std::allocator<void> >&[m[K’
[7.859s]  1104 |  using [01;31m[K_UniqCompatible[m[K = typename enable_if<__and_<
[7.859s]       |        [01;31m[K^~~~~~~~~~~~~~~[m[K
[7.859s] /usr/include/c++/9/bits/shared_ptr_base.h: In instantiation of ‘[01m[Kclass std::__shared_ptr<const custom_interface::msg::Torque_<std::allocator<void> >&, __gnu_cxx::_S_atomic>[m[K’:
[7.859s] [01m[K/opt/ros/foxy/include/rclcpp/message_memory_strategy.hpp:85:37:[m[K   recursively required from ‘[01m[Kstd::shared_ptr<_Tp> rclcpp::message_memory_strategy::MessageMemoryStrategy<MessageT, Alloc>::borrow_message() [with MessageT = const custom_interface::msg::Torque_<std::allocator<void> >&; Alloc = std::allocator<void>][m[K’
[7.859s] [01m[K/opt/ros/foxy/include/rclcpp/message_memory_strategy.hpp:85:37:[m[K   required from here
[7.859s] [01m[K/usr/include/c++/9/bits/shared_ptr_base.h:1219:2:[m[K [01;31m[Kerror: [m[Kforming pointer to reference type ‘[01m[Kconst custom_interface::msg::Torque_<std::allocator<void> >&[m[K’
[7.859s]  1219 |  [01;31m[K__shared_ptr[m[K(unique_ptr<_Tp1, _Del>&& __r, __sp_array_delete)
[7.860s]       |  [01;31m[K^~~~~~~~~~~~[m[K
[7.860s] [01m[K/usr/include/c++/9/bits/shared_ptr_base.h:1309:7:[m[K [01;31m[Kerror: [m[Kforming pointer to reference type ‘[01m[Kstd::__shared_ptr<const custom_interface::msg::Torque_<std::allocator<void> >&, __gnu_cxx::_S_atomic>::element_type[m[K’ {aka ‘[01m[Kconst custom_interface::msg::Torque_<std::allocator<void> >&[m[K’}
[7.860s]  1309 |       [01;31m[Kget[m[K() const noexcept
[7.860s]       |       [01;31m[K^~~[m[K
[7.860s] [01m[K/usr/include/c++/9/bits/shared_ptr_base.h:1404:24:[m[K [01;31m[Kerror: [m[Kforming pointer to reference type ‘[01m[Kstd::__shared_ptr<const custom_interface::msg::Torque_<std::allocator<void> >&, __gnu_cxx::_S_atomic>::element_type[m[K’ {aka ‘[01m[Kconst custom_interface::msg::Torque_<std::allocator<void> >&[m[K’}
[7.860s]  1404 |       element_type*    [01;31m[K_M_ptr[m[K;         // Contained pointer.
[7.860s]       |                        [01;31m[K^~~~~~[m[K
[7.861s] In file included from [01m[K/usr/include/c++/9/memory:81[m[K,
[7.861s]                  from [01m[K/home/xinchen/Dev/SRTP/src/motor_controller/src/torque_controller.cpp:1[m[K:
[7.861s] /usr/include/c++/9/bits/shared_ptr.h: In instantiation of ‘[01m[Kclass std::shared_ptr<const custom_interface::msg::Torque_<std::allocator<void> >&>[m[K’:
[7.861s] [01m[K/opt/ros/foxy/include/rclcpp/message_memory_strategy.hpp:85:37:[m[K   recursively required from ‘[01m[Kstd::shared_ptr<_Tp> rclcpp::message_memory_strategy::MessageMemoryStrategy<MessageT, Alloc>::borrow_message() [with MessageT = const custom_interface::msg::Torque_<std::allocator<void> >&; Alloc = std::allocator<void>][m[K’
[7.861s] [01m[K/opt/ros/foxy/include/rclcpp/message_memory_strategy.hpp:85:37:[m[K   required from here
[7.861s] [01m[K/usr/include/c++/9/bits/shared_ptr.h:234:2:[m[K [01;31m[Kerror: [m[Kforming pointer to reference type ‘[01m[Kstd::shared_ptr<const custom_interface::msg::Torque_<std::allocator<void> >&>::element_type[m[K’ {aka ‘[01m[Kconst custom_interface::msg::Torque_<std::allocator<void> >&[m[K’}
[7.861s]   234 |  [01;31m[Kshared_ptr[m[K(const shared_ptr<_Yp>& __r, element_type* __p) noexcept
[7.862s]       |  [01;31m[K^~~~~~~~~~[m[K
[7.879s] In file included from [01m[K/usr/include/c++/9/bits/shared_ptr.h:52[m[K,
[7.879s]                  from [01m[K/usr/include/c++/9/memory:81[m[K,
[7.879s]                  from [01m[K/home/xinchen/Dev/SRTP/src/motor_controller/src/torque_controller.cpp:1[m[K:
[7.880s] /usr/include/c++/9/bits/shared_ptr_base.h: In instantiation of ‘[01m[Kconstexpr std::__shared_ptr<_Tp, _Lp>::__shared_ptr() [with _Tp = const custom_interface::msg::Torque_<std::allocator<void> >&; __gnu_cxx::_Lock_policy _Lp = __gnu_cxx::_S_atomic][m[K’:
[7.880s] [01m[K/usr/include/c++/9/bits/shared_ptr_base.h:1287:9:[m[K   required from ‘[01m[Kvoid std::__shared_ptr<_Tp, _Lp>::reset() [with _Tp = const custom_interface::msg::Torque_<std::allocator<void> >&; __gnu_cxx::_Lock_policy _Lp = __gnu_cxx::_S_atomic][m[K’
[7.880s] [01m[K/opt/ros/foxy/include/rclcpp/message_memory_strategy.hpp:109:5:[m[K   required from ‘[01m[Kvoid rclcpp::message_memory_strategy::MessageMemoryStrategy<MessageT, Alloc>::return_message(std::shared_ptr<_Tp>&) [with MessageT = const custom_interface::msg::Torque_<std::allocator<void> >&; Alloc = std::allocator<void>][m[K’
[7.880s] [01m[K/opt/ros/foxy/include/rclcpp/message_memory_strategy.hpp:107:16:[m[K   required from here
[7.880s] [01m[K/usr/include/c++/9/bits/shared_ptr_base.h:1119:32:[m[K [01;31m[Kerror: [m[Kusing invalid field ‘[01m[Kstd::__shared_ptr<_Tp, _Lp>::_M_ptr[m[K’
[7.880s]  1119 |       : _M_ptr(0), _M_refcount([01;31m[K)[m[K
[7.881s]       |                                [01;31m[K^[m[K
[7.881s] /usr/include/c++/9/bits/shared_ptr_base.h: In instantiation of ‘[01m[Kvoid std::__shared_ptr<_Tp, _Lp>::swap(std::__shared_ptr<_Tp, _Lp>&) [with _Tp = const custom_interface::msg::Torque_<std::allocator<void> >&; __gnu_cxx::_Lock_policy _Lp = __gnu_cxx::_S_atomic][m[K’:
[7.881s] [01m[K/usr/include/c++/9/bits/shared_ptr_base.h:1287:24:[m[K   required from ‘[01m[Kvoid std::__shared_ptr<_Tp, _Lp>::reset() [with _Tp = const custom_interface::msg::Torque_<std::allocator<void> >&; __gnu_cxx::_Lock_policy _Lp = __gnu_cxx::_S_atomic][m[K’
[7.881s] [01m[K/opt/ros/foxy/include/rclcpp/message_memory_strategy.hpp:109:5:[m[K   required from ‘[01m[Kvoid rclcpp::message_memory_strategy::MessageMemoryStrategy<MessageT, Alloc>::return_message(std::shared_ptr<_Tp>&) [with MessageT = const custom_interface::msg::Torque_<std::allocator<void> >&; Alloc = std::allocator<void>][m[K’
[7.881s] [01m[K/opt/ros/foxy/include/rclcpp/message_memory_strategy.hpp:107:16:[m[K   required from here
[7.881s] [01m[K/usr/include/c++/9/bits/shared_ptr_base.h:1326:12:[m[K [01;31m[Kerror: [m[Kusing invalid field ‘[01m[Kstd::__shared_ptr<_Tp, _Lp>::_M_ptr[m[K’
[7.881s]  1326 |  std::swap([01;31m[K_M_ptr[m[K, __other._M_ptr);
[7.881s]       |            [01;31m[K^~~~~~[m[K
[7.882s] [01m[K/usr/include/c++/9/bits/shared_ptr_base.h:1326:28:[m[K [01;31m[Kerror: [m[K‘[01m[Kclass std::__shared_ptr<const custom_interface::msg::Torque_<std::allocator<void> >&, __gnu_cxx::_S_atomic>[m[K’ has no member named ‘[01m[K_M_ptr[m[K’
[7.882s]  1326 |  std::swap(_M_ptr, [01;31m[K__other._M_ptr[m[K);
[7.882s]       |                    [01;31m[K~~~~~~~~^~~~~~[m[K
[7.913s] In file included from [01m[K/usr/include/c++/9/future:48[m[K,
[7.913s]                  from [01m[K/opt/ros/foxy/include/rclcpp/executors.hpp:18[m[K,
[7.913s]                  from [01m[K/opt/ros/foxy/include/rclcpp/rclcpp.hpp:146[m[K,
[7.914s]                  from [01m[K/home/xinchen/Dev/SRTP/src/motor_controller/src/torque_controller.cpp:2[m[K:
[7.914s] [01m[K/usr/include/c++/9/bits/std_function.h:[m[K At global scope:
[7.914s] [01m[K/usr/include/c++/9/bits/std_function.h:667:7:[m[K [01;31m[Kerror: [m[K‘[01m[Kstd::function<_Res(_ArgTypes ...)>::function(_Functor) [with _Functor = rclcpp::create_subscription_factory(CallbackT&&, const rclcpp::SubscriptionOptionsWithAllocator<AllocatorT>&, typename MessageMemoryStrategyT::SharedPtr, std::shared_ptr<rclcpp::topic_statistics::SubscriptionTopicStatistics<CallbackMessageT> >) [with MessageT = custom_interface::msg::Torque_<std::allocator<void> >; CallbackT = std::_Bind<void (TorqueController::*(TorqueController*, std::_Placeholder<1>))(const custom_interface::msg::Torque_<std::allocator<void> >&) const>; AllocatorT = std::allocator<void>; CallbackMessageT = const custom_interface::msg::Torque_<std::allocator<void> >&; SubscriptionT = rclcpp::Subscription<const custom_interface::msg::Torque_<std::allocator<void> >&, std::allocator<void>, rclcpp::message_memory_strategy::MessageMemoryStrategy<const custom_interface::msg::Torque_<std::allocator<void> >&, std::allocator<void> > >; MessageMemoryStrategyT = rclcpp::message_memory_strategy::MessageMemoryStrategy<const custom_interface::msg::Torque_<std::allocator<void> >&, std::allocator<void> >; typename MessageMemoryStrategyT::SharedPtr = std::shared_ptr<rclcpp::message_memory_strategy::MessageMemoryStrategy<const custom_interface::msg::Torque_<std::allocator<void> >&, std::allocator<void> > >]::<lambda(rclcpp::node_interfaces::NodeBaseInterface*, const string&, const rclcpp::QoS&)>; <template-parameter-2-2> = void; <template-parameter-2-3> = void; _Res = std::shared_ptr<rclcpp::SubscriptionBase>; _ArgTypes = {rclcpp::node_interfaces::NodeBaseInterface*, const std::__cxx11::basic_string<char, std::char_traits<char>, std::allocator<char> >&, const rclcpp::QoS&}][m[K’, declared using local type ‘[01m[Krclcpp::create_subscription_factory(CallbackT&&, const rclcpp::SubscriptionOptionsWithAllocator<AllocatorT>&, typename MessageMemoryStrategyT::SharedPtr, std::shared_ptr<rclcpp::topic_statistics::SubscriptionTopicStatistics<CallbackMessageT> >) [with MessageT = custom_interface::msg::Torque_<std::allocator<void> >; CallbackT = std::_Bind<void (TorqueController::*(TorqueController*, std::_Placeholder<1>))(const custom_interface::msg::Torque_<std::allocator<void> >&) const>; AllocatorT = std::allocator<void>; CallbackMessageT = const custom_interface::msg::Torque_<std::allocator<void> >&; SubscriptionT = rclcpp::Subscription<const custom_interface::msg::Torque_<std::allocator<void> >&, std::allocator<void>, rclcpp::message_memory_strategy::MessageMemoryStrategy<const custom_interface::msg::Torque_<std::allocator<void> >&, std::allocator<void> > >; MessageMemoryStrategyT = rclcpp::message_memory_strategy::MessageMemoryStrategy<const custom_interface::msg::Torque_<std::allocator<void> >&, std::allocator<void> >; typename MessageMemoryStrategyT::SharedPtr = std::shared_ptr<rclcpp::message_memory_strategy::MessageMemoryStrategy<const custom_interface::msg::Torque_<std::allocator<void> >&, std::allocator<void> > >]::<lambda(rclcpp::node_interfaces::NodeBaseInterface*, const string&, const rclcpp::QoS&)>[m[K’, is used but never defined [[01;31m[K-fpermissive[m[K]
[7.914s]   667 |       [01;31m[Kfunction<_Res(_ArgTypes...)>[m[K::
[7.914s]       |       [01;31m[K^~~~~~~~~~~~~~~~~~~~~~~~~~~~[m[K
[8.147s] make[2]: *** [CMakeFiles/torque_controller.dir/build.make:63: CMakeFiles/torque_controller.dir/src/torque_controller.cpp.o] Error 1
[8.147s] make[1]: *** [CMakeFiles/Makefile2:107: CMakeFiles/torque_controller.dir/all] Error 2
[8.148s] make: *** [Makefile:141: all] Error 2
[8.167s] Invoked command in '/home/xinchen/Dev/SRTP/build/motor_controller' returned '2': AMENT_PREFIX_PATH=/home/xinchen/Dev/SRTP/install/custom_interface:${AMENT_PREFIX_PATH} CMAKE_PREFIX_PATH=/home/xinchen/Dev/SRTP/install/custom_interface:/home/xinchen/Dev/SRTP/install/motor_controller:/home/xinchen/Dev/SRTP/install/launch_files:/home/xinchen/Dev/SRTP/install/dynamixel_workbench:/home/xinchen/Dev/SRTP/install/dynamixel_workbench_toolbox:/home/xinchen/Dev/SRTP/install/dynamixel_sdk_examples:/home/xinchen/Dev/SRTP/install/dynamixel_sdk_custom_interfaces:/home/xinchen/Dev/SRTP/install/dynamixel_sdk:/opt/ros/foxy LD_LIBRARY_PATH=/home/xinchen/Dev/SRTP/install/custom_interface/lib:${LD_LIBRARY_PATH} PYTHONPATH=/home/xinchen/Dev/SRTP/install/custom_interface/lib/python3.8/site-packages:${PYTHONPATH} /usr/bin/cmake --build /home/xinchen/Dev/SRTP/build/motor_controller -- -j6 -l6
