-- Found ament_cmake: 0.9.12 (/opt/ros/foxy/share/ament_cmake/cmake)
-- Using PYTHON_EXECUTABLE: /usr/bin/python3
-- Found rclcpp: 2.4.3 (/opt/ros/foxy/share/rclcpp/cmake)
-- Using all available rosidl_typesupport_c: rosidl_typesupport_fastrtps_c;rosidl_typesupport_introspection_c
-- Found rosidl_adapter: 1.3.1 (/opt/ros/foxy/share/rosidl_adapter/cmake)
-- Found OpenSSL: /usr/lib/aarch64-linux-gnu/libcrypto.so (found version "1.1.1f")  
-- Found FastRTPS: /opt/ros/foxy/include  
-- Using all available rosidl_typesupport_cpp: rosidl_typesupport_fastrtps_cpp;rosidl_typesupport_introspection_cpp
-- Found rmw_implementation_cmake: 1.0.4 (/opt/ros/foxy/share/rmw_implementation_cmake/cmake)
-- Using RMW implementation 'rmw_fastrtps_cpp' as default
-- Looking for pthread.h
-- Looking for pthread.h - found
-- Performing Test CMAKE_HAVE_LIBC_PTHREAD
-- Performing Test CMAKE_HAVE_LIBC_PTHREAD - Failed
-- Looking for pthread_create in pthreads
-- Looking for pthread_create in pthreads - not found
-- Looking for pthread_create in pthread
-- Looking for pthread_create in pthread - found
-- Found Threads: TRUE  
-- Found ament_lint_auto: 0.9.8 (/opt/ros/foxy/share/ament_lint_auto/cmake)
-- Added test 'copyright' to check source files copyright and LICENSE
-- Added test 'cppcheck' to perform static code analysis on C / C++ code
-- Configured cppcheck include dirs: 
-- Configured cppcheck exclude dirs and/or files: 
-- Added test 'cpplint' to check C / C++ code against the Google style
-- Configured cpplint exclude dirs and/or files: 
-- Added test 'lint_cmake' to check CMake code style
-- Added test 'uncrustify' to check C / C++ code style
-- Configured uncrustify additional arguments: 
-- Added test 'xmllint' to check XML markup files
-- Configuring done
-- Generating done
-- Build files have been written to: /home/xinchen/Dev/SRTP/build/motor_controller
-- Install configuration: ""
-- Installing: /home/xinchen/Dev/SRTP/install/motor_controller/share/ament_index/resource_index/package_run_dependencies/motor_controller
-- Installing: /home/xinchen/Dev/SRTP/install/motor_controller/share/ament_index/resource_index/parent_prefix_path/motor_controller
-- Installing: /home/xinchen/Dev/SRTP/install/motor_controller/share/motor_controller/environment/ament_prefix_path.sh
-- Installing: /home/xinchen/Dev/SRTP/install/motor_controller/share/motor_controller/environment/ament_prefix_path.dsv
-- Installing: /home/xinchen/Dev/SRTP/install/motor_controller/share/motor_controller/environment/path.sh
-- Installing: /home/xinchen/Dev/SRTP/install/motor_controller/share/motor_controller/environment/path.dsv
-- Installing: /home/xinchen/Dev/SRTP/install/motor_controller/share/motor_controller/local_setup.bash
-- Installing: /home/xinchen/Dev/SRTP/install/motor_controller/share/motor_controller/local_setup.sh
-- Installing: /home/xinchen/Dev/SRTP/install/motor_controller/share/motor_controller/local_setup.zsh
-- Installing: /home/xinchen/Dev/SRTP/install/motor_controller/share/motor_controller/local_setup.dsv
-- Installing: /home/xinchen/Dev/SRTP/install/motor_controller/share/motor_controller/package.dsv
-- Installing: /home/xinchen/Dev/SRTP/install/motor_controller/share/ament_index/resource_index/packages/motor_controller
-- Installing: /home/xinchen/Dev/SRTP/install/motor_controller/share/motor_controller/cmake/motor_controllerConfig.cmake
-- Installing: /home/xinchen/Dev/SRTP/install/motor_controller/share/motor_controller/cmake/motor_controllerConfig-version.cmake
-- Installing: /home/xinchen/Dev/SRTP/install/motor_controller/share/motor_controller/package.xml
