[0.084s] Invoking command in '/home/xinchen/Dev/SRTP/build/motor_controller': CMAKE_PREFIX_PATH=/opt/ros/foxy /usr/bin/cmake /home/xinchen/Dev/SRTP/src/motor_controller -DCMAKE_INSTALL_PREFIX=/home/xinchen/Dev/SRTP/install/motor_controller
[0.318s] -- Found ament_cmake: 0.9.12 (/opt/ros/foxy/share/ament_cmake/cmake)
[0.374s] -- Using PYTHON_EXECUTABLE: /usr/bin/python3
[3.685s] -- Found rclcpp: 2.4.3 (/opt/ros/foxy/share/rclcpp/cmake)
[3.935s] -- Using all available rosidl_typesupport_c: rosidl_typesupport_fastrtps_c;rosidl_typesupport_introspection_c
[3.954s] -- Found rosidl_adapter: 1.3.1 (/opt/ros/foxy/share/rosidl_adapter/cmake)
[4.290s] -- Found OpenSSL: /usr/lib/aarch64-linux-gnu/libcrypto.so (found version "1.1.1f")  
[4.400s] -- Found FastRTPS: /opt/ros/foxy/include  
[4.786s] -- Using all available rosidl_typesupport_cpp: rosidl_typesupport_fastrtps_cpp;rosidl_typesupport_introspection_cpp
[5.079s] -- Found rmw_implementation_cmake: 1.0.4 (/opt/ros/foxy/share/rmw_implementation_cmake/cmake)
[5.092s] -- Using RMW implementation 'rmw_fastrtps_cpp' as default
[5.097s] -- Looking for pthread.h
[5.441s] -- Looking for pthread.h - found
[5.443s] -- Performing Test CMAKE_HAVE_LIBC_PTHREAD
[5.641s] -- Performing Test CMAKE_HAVE_LIBC_PTHREAD - Failed
[5.641s] -- Looking for pthread_create in pthreads
[5.797s] -- Looking for pthread_create in pthreads - not found
[5.799s] -- Looking for pthread_create in pthread
[5.962s] -- Looking for pthread_create in pthread - found
[5.962s] -- Found Threads: TRUE  
[6.288s] -- Found ament_lint_auto: 0.9.8 (/opt/ros/foxy/share/ament_lint_auto/cmake)
[6.538s] -- Added test 'copyright' to check source files copyright and LICENSE
[6.542s] -- Added test 'cppcheck' to perform static code analysis on C / C++ code
[6.544s] -- Configured cppcheck include dirs: 
[6.544s] -- Configured cppcheck exclude dirs and/or files: 
[6.545s] -- Added test 'cpplint' to check C / C++ code against the Google style
[6.545s] -- Configured cpplint exclude dirs and/or files: 
[6.547s] -- Added test 'lint_cmake' to check CMake code style
[6.550s] -- Added test 'uncrustify' to check C / C++ code style
[6.551s] -- Configured uncrustify additional arguments: 
[6.553s] -- Added test 'xmllint' to check XML markup files
[6.562s] -- Configuring done
[6.570s] -- Generating done
[6.573s] -- Build files have been written to: /home/xinchen/Dev/SRTP/build/motor_controller
[6.603s] Invoked command in '/home/xinchen/Dev/SRTP/build/motor_controller' returned '0': CMAKE_PREFIX_PATH=/opt/ros/foxy /usr/bin/cmake /home/xinchen/Dev/SRTP/src/motor_controller -DCMAKE_INSTALL_PREFIX=/home/xinchen/Dev/SRTP/install/motor_controller
[6.606s] Invoking command in '/home/xinchen/Dev/SRTP/build/motor_controller': CMAKE_PREFIX_PATH=/opt/ros/foxy /usr/bin/cmake --build /home/xinchen/Dev/SRTP/build/motor_controller -- -j6 -l6
[6.707s] Invoked command in '/home/xinchen/Dev/SRTP/build/motor_controller' returned '0': CMAKE_PREFIX_PATH=/opt/ros/foxy /usr/bin/cmake --build /home/xinchen/Dev/SRTP/build/motor_controller -- -j6 -l6
[6.763s] Invoking command in '/home/xinchen/Dev/SRTP/build/motor_controller': CMAKE_PREFIX_PATH=/opt/ros/foxy /usr/bin/cmake --install /home/xinchen/Dev/SRTP/build/motor_controller
[6.782s] -- Install configuration: ""
[6.782s] -- Installing: /home/xinchen/Dev/SRTP/install/motor_controller/share/ament_index/resource_index/package_run_dependencies/motor_controller
[6.783s] -- Installing: /home/xinchen/Dev/SRTP/install/motor_controller/share/ament_index/resource_index/parent_prefix_path/motor_controller
[6.783s] -- Installing: /home/xinchen/Dev/SRTP/install/motor_controller/share/motor_controller/environment/ament_prefix_path.sh
[6.784s] -- Installing: /home/xinchen/Dev/SRTP/install/motor_controller/share/motor_controller/environment/ament_prefix_path.dsv
[6.784s] -- Installing: /home/xinchen/Dev/SRTP/install/motor_controller/share/motor_controller/environment/path.sh
[6.784s] -- Installing: /home/xinchen/Dev/SRTP/install/motor_controller/share/motor_controller/environment/path.dsv
[6.784s] -- Installing: /home/xinchen/Dev/SRTP/install/motor_controller/share/motor_controller/local_setup.bash
[6.785s] -- Installing: /home/xinchen/Dev/SRTP/install/motor_controller/share/motor_controller/local_setup.sh
[6.785s] -- Installing: /home/xinchen/Dev/SRTP/install/motor_controller/share/motor_controller/local_setup.zsh
[6.785s] -- Installing: /home/xinchen/Dev/SRTP/install/motor_controller/share/motor_controller/local_setup.dsv
[6.786s] -- Installing: /home/xinchen/Dev/SRTP/install/motor_controller/share/motor_controller/package.dsv
[6.786s] -- Installing: /home/xinchen/Dev/SRTP/install/motor_controller/share/ament_index/resource_index/packages/motor_controller
[6.786s] -- Installing: /home/xinchen/Dev/SRTP/install/motor_controller/share/motor_controller/cmake/motor_controllerConfig.cmake
[6.787s] -- Installing: /home/xinchen/Dev/SRTP/install/motor_controller/share/motor_controller/cmake/motor_controllerConfig-version.cmake
[6.787s] -- Installing: /home/xinchen/Dev/SRTP/install/motor_controller/share/motor_controller/package.xml
[6.801s] Invoked command in '/home/xinchen/Dev/SRTP/build/motor_controller' returned '0': CMAKE_PREFIX_PATH=/opt/ros/foxy /usr/bin/cmake --install /home/xinchen/Dev/SRTP/build/motor_controller
