[0.138s] Invoking command in '/home/xinchen/Dev/SRTP/build/dynamixel_sdk': CMAKE_PREFIX_PATH=${CMAKE_PREFIX_PATH}:/opt/ros/foxy /usr/bin/cmake /home/xinchen/Dev/SRTP/src/DynamixelSDK/dynamixel_sdk -DCMAKE_EXPORT_COMPILE_COMMANDS=On -DCMAKE_INSTALL_PREFIX=/home/xinchen/Dev/SRTP/install/dynamixel_sdk
[0.229s] -- Found ament_cmake: 0.9.12 (/opt/ros/foxy/share/ament_cmake/cmake)
[0.272s] -- Using PYTHON_EXECUTABLE: /usr/bin/python3
[0.904s] -- Configuring done
[0.932s] -- Generating done
[0.938s] -- Build files have been written to: /home/xinchen/Dev/SRTP/build/dynamixel_sdk
[0.956s] Invoked command in '/home/xinchen/Dev/SRTP/build/dynamixel_sdk' returned '0': CMAKE_PREFIX_PATH=${CMAKE_PREFIX_PATH}:/opt/ros/foxy /usr/bin/cmake /home/xinchen/Dev/SRTP/src/DynamixelSDK/dynamixel_sdk -DCMAKE_EXPORT_COMPILE_COMMANDS=On -DCMAKE_INSTALL_PREFIX=/home/xinchen/Dev/SRTP/install/dynamixel_sdk
[0.957s] Invoking command in '/home/xinchen/Dev/SRTP/build/dynamixel_sdk': CMAKE_PREFIX_PATH=${CMAKE_PREFIX_PATH}:/opt/ros/foxy /usr/bin/cmake --build /home/xinchen/Dev/SRTP/build/dynamixel_sdk -- -j6 -l6
[1.090s] [100%] Built target dynamixel_sdk
[1.130s] Invoked command in '/home/xinchen/Dev/SRTP/build/dynamixel_sdk' returned '0': CMAKE_PREFIX_PATH=${CMAKE_PREFIX_PATH}:/opt/ros/foxy /usr/bin/cmake --build /home/xinchen/Dev/SRTP/build/dynamixel_sdk -- -j6 -l6
[1.274s] Invoking command in '/home/xinchen/Dev/SRTP/build/dynamixel_sdk': CMAKE_PREFIX_PATH=${CMAKE_PREFIX_PATH}:/opt/ros/foxy /usr/bin/cmake --install /home/xinchen/Dev/SRTP/build/dynamixel_sdk
[1.294s] -- Install configuration: ""
[1.295s] -- Up-to-date: /home/xinchen/Dev/SRTP/install/dynamixel_sdk/include/
[1.295s] -- Up-to-date: /home/xinchen/Dev/SRTP/install/dynamixel_sdk/include//dynamixel_sdk
[1.295s] -- Up-to-date: /home/xinchen/Dev/SRTP/install/dynamixel_sdk/include//dynamixel_sdk/port_handler_windows.h
[1.295s] -- Up-to-date: /home/xinchen/Dev/SRTP/install/dynamixel_sdk/include//dynamixel_sdk/packet_handler.h
[1.295s] -- Up-to-date: /home/xinchen/Dev/SRTP/install/dynamixel_sdk/include//dynamixel_sdk/port_handler_arduino.h
[1.296s] -- Up-to-date: /home/xinchen/Dev/SRTP/install/dynamixel_sdk/include//dynamixel_sdk/port_handler_mac.h
[1.296s] -- Up-to-date: /home/xinchen/Dev/SRTP/install/dynamixel_sdk/include//dynamixel_sdk/group_bulk_read.h
[1.296s] -- Up-to-date: /home/xinchen/Dev/SRTP/install/dynamixel_sdk/include//dynamixel_sdk/port_handler.h
[1.296s] -- Up-to-date: /home/xinchen/Dev/SRTP/install/dynamixel_sdk/include//dynamixel_sdk/protocol1_packet_handler.h
[1.296s] -- Up-to-date: /home/xinchen/Dev/SRTP/install/dynamixel_sdk/include//dynamixel_sdk/dynamixel_sdk.h
[1.296s] -- Up-to-date: /home/xinchen/Dev/SRTP/install/dynamixel_sdk/include//dynamixel_sdk/group_sync_read.h
[1.296s] -- Up-to-date: /home/xinchen/Dev/SRTP/install/dynamixel_sdk/include//dynamixel_sdk/protocol2_packet_handler.h
[1.296s] -- Up-to-date: /home/xinchen/Dev/SRTP/install/dynamixel_sdk/include//dynamixel_sdk/group_sync_write.h
[1.297s] -- Up-to-date: /home/xinchen/Dev/SRTP/install/dynamixel_sdk/include//dynamixel_sdk/group_bulk_write.h
[1.297s] -- Up-to-date: /home/xinchen/Dev/SRTP/install/dynamixel_sdk/include//dynamixel_sdk/port_handler_linux.h
[1.297s] -- Up-to-date: /home/xinchen/Dev/SRTP/install/dynamixel_sdk/lib/libdynamixel_sdk.so
[1.297s] -- Up-to-date: /home/xinchen/Dev/SRTP/install/dynamixel_sdk/share/dynamixel_sdk/environment/library_path.sh
[1.297s] -- Installing: /home/xinchen/Dev/SRTP/install/dynamixel_sdk/share/dynamixel_sdk/environment/library_path.dsv
[1.298s] -- Up-to-date: /home/xinchen/Dev/SRTP/install/dynamixel_sdk/share/ament_index/resource_index/package_run_dependencies/dynamixel_sdk
[1.298s] -- Up-to-date: /home/xinchen/Dev/SRTP/install/dynamixel_sdk/share/ament_index/resource_index/parent_prefix_path/dynamixel_sdk
[1.298s] -- Up-to-date: /home/xinchen/Dev/SRTP/install/dynamixel_sdk/share/dynamixel_sdk/environment/ament_prefix_path.sh
[1.298s] -- Installing: /home/xinchen/Dev/SRTP/install/dynamixel_sdk/share/dynamixel_sdk/environment/ament_prefix_path.dsv
[1.298s] -- Up-to-date: /home/xinchen/Dev/SRTP/install/dynamixel_sdk/share/dynamixel_sdk/environment/path.sh
[1.298s] -- Installing: /home/xinchen/Dev/SRTP/install/dynamixel_sdk/share/dynamixel_sdk/environment/path.dsv
[1.298s] -- Up-to-date: /home/xinchen/Dev/SRTP/install/dynamixel_sdk/share/dynamixel_sdk/local_setup.bash
[1.299s] -- Up-to-date: /home/xinchen/Dev/SRTP/install/dynamixel_sdk/share/dynamixel_sdk/local_setup.sh
[1.299s] -- Up-to-date: /home/xinchen/Dev/SRTP/install/dynamixel_sdk/share/dynamixel_sdk/local_setup.zsh
[1.299s] -- Installing: /home/xinchen/Dev/SRTP/install/dynamixel_sdk/share/dynamixel_sdk/local_setup.dsv
[1.299s] -- Installing: /home/xinchen/Dev/SRTP/install/dynamixel_sdk/share/dynamixel_sdk/package.dsv
[1.299s] -- Up-to-date: /home/xinchen/Dev/SRTP/install/dynamixel_sdk/share/ament_index/resource_index/packages/dynamixel_sdk
[1.299s] -- Up-to-date: /home/xinchen/Dev/SRTP/install/dynamixel_sdk/share/dynamixel_sdk/cmake/ament_cmake_export_include_directories-extras.cmake
[1.300s] -- Up-to-date: /home/xinchen/Dev/SRTP/install/dynamixel_sdk/share/dynamixel_sdk/cmake/ament_cmake_export_libraries-extras.cmake
[1.300s] -- Up-to-date: /home/xinchen/Dev/SRTP/install/dynamixel_sdk/share/dynamixel_sdk/cmake/dynamixel_sdkConfig.cmake
[1.306s] -- Up-to-date: /home/xinchen/Dev/SRTP/install/dynamixel_sdk/share/dynamixel_sdk/cmake/dynamixel_sdkConfig-version.cmake
[1.306s] -- Up-to-date: /home/xinchen/Dev/SRTP/install/dynamixel_sdk/share/dynamixel_sdk/package.xml
[1.306s] Invoked command in '/home/xinchen/Dev/SRTP/build/dynamixel_sdk' returned '0': CMAKE_PREFIX_PATH=${CMAKE_PREFIX_PATH}:/opt/ros/foxy /usr/bin/cmake --install /home/xinchen/Dev/SRTP/build/dynamixel_sdk
