[0.124s] Invoking command in '/home/xinchen/Dev/SRTP/build/launch_files': CMAKE_PREFIX_PATH=/opt/ros/foxy /usr/bin/cmake --build /home/xinchen/Dev/SRTP/build/launch_files -- -j6 -l6
[1.210s] Invoked command in '/home/xinchen/Dev/SRTP/build/launch_files' returned '0': CMAKE_PREFIX_PATH=/opt/ros/foxy /usr/bin/cmake --build /home/xinchen/Dev/SRTP/build/launch_files -- -j6 -l6
[1.314s] Invoking command in '/home/xinchen/Dev/SRTP/build/launch_files': CMAKE_PREFIX_PATH=/opt/ros/foxy /usr/bin/cmake --install /home/xinchen/Dev/SRTP/build/launch_files
[1.345s] -- Install configuration: ""
[1.347s] -- Up-to-date: /home/xinchen/Dev/SRTP/install/launch_files/share/ament_index/resource_index/package_run_dependencies/launch_files
[1.348s] -- Up-to-date: /home/xinchen/Dev/SRTP/install/launch_files/share/ament_index/resource_index/parent_prefix_path/launch_files
[1.349s] -- Up-to-date: /home/xinchen/Dev/SRTP/install/launch_files/share/launch_files/environment/ament_prefix_path.sh
[1.352s] -- Up-to-date: /home/xinchen/Dev/SRTP/install/launch_files/share/launch_files/environment/ament_prefix_path.dsv
[1.352s] -- Up-to-date: /home/xinchen/Dev/SRTP/install/launch_files/share/launch_files/environment/path.sh
[1.352s] -- Up-to-date: /home/xinchen/Dev/SRTP/install/launch_files/share/launch_files/environment/path.dsv
[1.355s] -- Up-to-date: /home/xinchen/Dev/SRTP/install/launch_files/share/launch_files/local_setup.bash
[1.356s] -- Up-to-date: /home/xinchen/Dev/SRTP/install/launch_files/share/launch_files/local_setup.sh
[1.357s] -- Up-to-date: /home/xinchen/Dev/SRTP/install/launch_files/share/launch_files/local_setup.zsh
[1.357s] -- Up-to-date: /home/xinchen/Dev/SRTP/install/launch_files/share/launch_files/local_setup.dsv
[1.358s] -- Installing: /home/xinchen/Dev/SRTP/install/launch_files/share/launch_files/package.dsv
[1.358s] -- Up-to-date: /home/xinchen/Dev/SRTP/install/launch_files/share/ament_index/resource_index/packages/launch_files
[1.359s] -- Up-to-date: /home/xinchen/Dev/SRTP/install/launch_files/share/launch_files/cmake/launch_filesConfig.cmake
[1.359s] -- Up-to-date: /home/xinchen/Dev/SRTP/install/launch_files/share/launch_files/cmake/launch_filesConfig-version.cmake
[1.360s] -- Up-to-date: /home/xinchen/Dev/SRTP/install/launch_files/share/launch_files/package.xml
[1.373s] Invoked command in '/home/xinchen/Dev/SRTP/build/launch_files' returned '0': CMAKE_PREFIX_PATH=/opt/ros/foxy /usr/bin/cmake --install /home/xinchen/Dev/SRTP/build/launch_files
