[0.107s] Invoking command in '/home/xinchen/Dev/SRTP/build/dynamixel_sdk': CMAKE_PREFIX_PATH=/opt/ros/foxy /usr/bin/cmake /home/xinchen/Dev/SRTP/src/DynamixelSDK/dynamixel_sdk -DCMAKE_INSTALL_PREFIX=/home/xinchen/Dev/SRTP/install/dynamixel_sdk
[0.489s] -- The C compiler identification is GNU 9.4.0
[0.721s] -- The CXX compiler identification is GNU 9.4.0
[0.733s] -- Check for working C compiler: /usr/bin/cc
[0.960s] -- Check for working C compiler: /usr/bin/cc -- works
[0.961s] -- Detecting C compiler ABI info
[1.151s] -- Detecting C compiler ABI info - done
[1.181s] -- Detecting C compile features
[1.182s] -- Detecting C compile features - done
[1.189s] -- Check for working CXX compiler: /usr/bin/c++
[1.450s] -- Check for working CXX compiler: /usr/bin/c++ -- works
[1.452s] -- Detecting CXX compiler ABI info
[1.680s] -- Detecting CXX compiler ABI info - done
[1.714s] -- Detecting CXX compile features
[1.719s] -- Detecting CXX compile features - done
[1.748s] -- Found ament_cmake: 0.9.12 (/opt/ros/foxy/share/ament_cmake/cmake)
[1.851s] -- Found PythonInterp: /usr/bin/python3 (found suitable version "3.8.10", minimum required is "3") 
[1.851s] -- Using PYTHON_EXECUTABLE: /usr/bin/python3
[2.702s] -- Configuring done
[2.712s] -- Generating done
[2.715s] -- Build files have been written to: /home/xinchen/Dev/SRTP/build/dynamixel_sdk
