[0.107s] Invoking command in '/home/xinchen/Dev/SRTP/build/custom_interface': CMAKE_PREFIX_PATH=/opt/ros/foxy /usr/bin/cmake --build /home/xinchen/Dev/SRTP/build/custom_interface -- -j6 -l6
[0.384s] [  9%] Built target custom_interface__rosidl_generator_c
[0.392s] [ 12%] Built target custom_interface__cpp
[0.537s] [ 22%] Built target custom_interface__rosidl_typesupport_introspection_cpp
[0.547s] [ 32%] Built target custom_interface__rosidl_typesupport_introspection_c
[0.547s] [ 41%] Built target custom_interface__rosidl_typesupport_c
[0.550s] [ 51%] Built target custom_interface__rosidl_typesupport_cpp
[0.570s] [ 61%] Built target custom_interface__rosidl_typesupport_fastrtps_cpp
[0.680s] [ 70%] Built target custom_interface__rosidl_typesupport_fastrtps_c
[0.737s] [ 70%] Built target custom_interface
[0.783s] [ 74%] Built target custom_interface__py
[0.850s] [ 80%] Built target custom_interface__python
[0.934s] [ 87%] Built target custom_interface__rosidl_typesupport_fastrtps_c__pyext
[0.934s] [ 93%] Built target custom_interface__rosidl_typesupport_introspection_c__pyext
[0.934s] [100%] Built target custom_interface__rosidl_typesupport_c__pyext
[1.061s] Invoked command in '/home/xinchen/Dev/SRTP/build/custom_interface' returned '0': CMAKE_PREFIX_PATH=/opt/ros/foxy /usr/bin/cmake --build /home/xinchen/Dev/SRTP/build/custom_interface -- -j6 -l6
[1.181s] Invoking command in '/home/xinchen/Dev/SRTP/build/custom_interface': CMAKE_PREFIX_PATH=/opt/ros/foxy /usr/bin/cmake --install /home/xinchen/Dev/SRTP/build/custom_interface
[1.227s] -- Install configuration: ""
[1.227s] -- Up-to-date: /home/xinchen/Dev/SRTP/install/custom_interface/share/ament_index/resource_index/rosidl_interfaces/custom_interface
[1.227s] -- Up-to-date: /home/xinchen/Dev/SRTP/install/custom_interface/include/custom_interface
[1.229s] -- Up-to-date: /home/xinchen/Dev/SRTP/install/custom_interface/include/custom_interface/msg
[1.230s] -- Up-to-date: /home/xinchen/Dev/SRTP/install/custom_interface/include/custom_interface/msg/torque.h
[1.230s] -- Up-to-date: /home/xinchen/Dev/SRTP/install/custom_interface/include/custom_interface/msg/detail
[1.230s] -- Up-to-date: /home/xinchen/Dev/SRTP/install/custom_interface/include/custom_interface/msg/detail/torque__functions.c
[1.231s] -- Up-to-date: /home/xinchen/Dev/SRTP/install/custom_interface/include/custom_interface/msg/detail/torque__type_support.h
[1.231s] -- Up-to-date: /home/xinchen/Dev/SRTP/install/custom_interface/include/custom_interface/msg/detail/torque__functions.h
[1.231s] -- Up-to-date: /home/xinchen/Dev/SRTP/install/custom_interface/include/custom_interface/msg/detail/torque__struct.h
[1.231s] -- Up-to-date: /home/xinchen/Dev/SRTP/install/custom_interface/include/custom_interface/msg/rosidl_generator_c__visibility_control.h
[1.231s] -- Up-to-date: /home/xinchen/Dev/SRTP/install/custom_interface/share/custom_interface/environment/library_path.sh
[1.231s] -- Up-to-date: /home/xinchen/Dev/SRTP/install/custom_interface/share/custom_interface/environment/library_path.dsv
[1.232s] -- Up-to-date: /home/xinchen/Dev/SRTP/install/custom_interface/lib/libcustom_interface__rosidl_generator_c.so
[1.232s] -- Up-to-date: /home/xinchen/Dev/SRTP/install/custom_interface/include/custom_interface
[1.238s] -- Up-to-date: /home/xinchen/Dev/SRTP/install/custom_interface/include/custom_interface/msg
[1.238s] -- Up-to-date: /home/xinchen/Dev/SRTP/install/custom_interface/include/custom_interface/msg/detail
[1.238s] -- Up-to-date: /home/xinchen/Dev/SRTP/install/custom_interface/include/custom_interface/msg/detail/torque__rosidl_typesupport_fastrtps_c.h
[1.238s] -- Up-to-date: /home/xinchen/Dev/SRTP/install/custom_interface/include/custom_interface/msg/rosidl_typesupport_fastrtps_c__visibility_control.h
[1.238s] -- Up-to-date: /home/xinchen/Dev/SRTP/install/custom_interface/lib/libcustom_interface__rosidl_typesupport_fastrtps_c.so
[1.238s] -- Up-to-date: /home/xinchen/Dev/SRTP/install/custom_interface/include/custom_interface
[1.239s] -- Up-to-date: /home/xinchen/Dev/SRTP/install/custom_interface/include/custom_interface/msg
[1.239s] -- Up-to-date: /home/xinchen/Dev/SRTP/install/custom_interface/include/custom_interface/msg/detail
[1.239s] -- Up-to-date: /home/xinchen/Dev/SRTP/install/custom_interface/include/custom_interface/msg/detail/torque__rosidl_typesupport_fastrtps_cpp.hpp
[1.239s] -- Up-to-date: /home/xinchen/Dev/SRTP/install/custom_interface/include/custom_interface/msg/detail/dds_fastrtps
[1.239s] -- Up-to-date: /home/xinchen/Dev/SRTP/install/custom_interface/include/custom_interface/msg/rosidl_typesupport_fastrtps_cpp__visibility_control.h
[1.239s] -- Up-to-date: /home/xinchen/Dev/SRTP/install/custom_interface/lib/libcustom_interface__rosidl_typesupport_fastrtps_cpp.so
[1.240s] -- Up-to-date: /home/xinchen/Dev/SRTP/install/custom_interface/include/custom_interface
[1.240s] -- Up-to-date: /home/xinchen/Dev/SRTP/install/custom_interface/include/custom_interface/msg
[1.240s] -- Up-to-date: /home/xinchen/Dev/SRTP/install/custom_interface/include/custom_interface/msg/detail
[1.240s] -- Up-to-date: /home/xinchen/Dev/SRTP/install/custom_interface/include/custom_interface/msg/detail/torque__type_support.c
[1.241s] -- Up-to-date: /home/xinchen/Dev/SRTP/install/custom_interface/include/custom_interface/msg/detail/torque__rosidl_typesupport_introspection_c.h
[1.242s] -- Up-to-date: /home/xinchen/Dev/SRTP/install/custom_interface/include/custom_interface/msg/rosidl_typesupport_introspection_c__visibility_control.h
[1.242s] -- Up-to-date: /home/xinchen/Dev/SRTP/install/custom_interface/lib/libcustom_interface__rosidl_typesupport_introspection_c.so
[1.243s] -- Up-to-date: /home/xinchen/Dev/SRTP/install/custom_interface/lib/libcustom_interface__rosidl_typesupport_c.so
[1.243s] -- Up-to-date: /home/xinchen/Dev/SRTP/install/custom_interface/include/custom_interface
[1.244s] -- Up-to-date: /home/xinchen/Dev/SRTP/install/custom_interface/include/custom_interface/msg
[1.244s] -- Up-to-date: /home/xinchen/Dev/SRTP/install/custom_interface/include/custom_interface/msg/detail
[1.244s] -- Up-to-date: /home/xinchen/Dev/SRTP/install/custom_interface/include/custom_interface/msg/detail/torque__builder.hpp
[1.244s] -- Up-to-date: /home/xinchen/Dev/SRTP/install/custom_interface/include/custom_interface/msg/detail/torque__type_support.hpp
[1.247s] -- Up-to-date: /home/xinchen/Dev/SRTP/install/custom_interface/include/custom_interface/msg/detail/torque__traits.hpp
[1.250s] -- Up-to-date: /home/xinchen/Dev/SRTP/install/custom_interface/include/custom_interface/msg/detail/torque__struct.hpp
[1.251s] -- Up-to-date: /home/xinchen/Dev/SRTP/install/custom_interface/include/custom_interface/msg/rosidl_generator_cpp__visibility_control.hpp
[1.252s] -- Up-to-date: /home/xinchen/Dev/SRTP/install/custom_interface/include/custom_interface/msg/torque.hpp
[1.252s] -- Up-to-date: /home/xinchen/Dev/SRTP/install/custom_interface/include/custom_interface
[1.252s] -- Up-to-date: /home/xinchen/Dev/SRTP/install/custom_interface/include/custom_interface/msg
[1.252s] -- Up-to-date: /home/xinchen/Dev/SRTP/install/custom_interface/include/custom_interface/msg/detail
[1.255s] -- Up-to-date: /home/xinchen/Dev/SRTP/install/custom_interface/include/custom_interface/msg/detail/torque__rosidl_typesupport_introspection_cpp.hpp
[1.256s] -- Up-to-date: /home/xinchen/Dev/SRTP/install/custom_interface/include/custom_interface/msg/detail/torque__type_support.cpp
[1.256s] -- Up-to-date: /home/xinchen/Dev/SRTP/install/custom_interface/lib/libcustom_interface__rosidl_typesupport_introspection_cpp.so
[1.256s] -- Up-to-date: /home/xinchen/Dev/SRTP/install/custom_interface/lib/libcustom_interface__rosidl_typesupport_cpp.so
[1.256s] -- Up-to-date: /home/xinchen/Dev/SRTP/install/custom_interface/share/custom_interface/environment/pythonpath.sh
[1.256s] -- Up-to-date: /home/xinchen/Dev/SRTP/install/custom_interface/share/custom_interface/environment/pythonpath.dsv
[1.257s] -- Up-to-date: /home/xinchen/Dev/SRTP/install/custom_interface/lib/python3.8/site-packages/custom_interface/__init__.py
[1.313s] -- Up-to-date: /home/xinchen/Dev/SRTP/install/custom_interface/lib/python3.8/site-packages/custom_interface/msg
[1.321s] -- Up-to-date: /home/xinchen/Dev/SRTP/install/custom_interface/lib/python3.8/site-packages/custom_interface/msg/_torque_s.c
[1.321s] -- Up-to-date: /home/xinchen/Dev/SRTP/install/custom_interface/lib/python3.8/site-packages/custom_interface/msg/_torque.py
[1.322s] -- Up-to-date: /home/xinchen/Dev/SRTP/install/custom_interface/lib/python3.8/site-packages/custom_interface/msg/__init__.py
[1.322s] -- Up-to-date: /home/xinchen/Dev/SRTP/install/custom_interface/lib/python3.8/site-packages/custom_interface/custom_interface_s__rosidl_typesupport_fastrtps_c.cpython-38-aarch64-linux-gnu.so
[1.322s] -- Up-to-date: /home/xinchen/Dev/SRTP/install/custom_interface/lib/python3.8/site-packages/custom_interface/custom_interface_s__rosidl_typesupport_introspection_c.cpython-38-aarch64-linux-gnu.so
[1.322s] -- Up-to-date: /home/xinchen/Dev/SRTP/install/custom_interface/lib/python3.8/site-packages/custom_interface/custom_interface_s__rosidl_typesupport_c.cpython-38-aarch64-linux-gnu.so
[1.323s] -- Up-to-date: /home/xinchen/Dev/SRTP/install/custom_interface/lib/libcustom_interface__python.so
[1.323s] -- Up-to-date: /home/xinchen/Dev/SRTP/install/custom_interface/share/custom_interface/msg/Torque.idl
[1.323s] -- Up-to-date: /home/xinchen/Dev/SRTP/install/custom_interface/share/custom_interface/msg/Torque.msg
[1.323s] -- Up-to-date: /home/xinchen/Dev/SRTP/install/custom_interface/share/ament_index/resource_index/package_run_dependencies/custom_interface
[1.325s] -- Up-to-date: /home/xinchen/Dev/SRTP/install/custom_interface/share/ament_index/resource_index/parent_prefix_path/custom_interface
[1.325s] -- Up-to-date: /home/xinchen/Dev/SRTP/install/custom_interface/share/custom_interface/environment/ament_prefix_path.sh
[1.325s] -- Up-to-date: /home/xinchen/Dev/SRTP/install/custom_interface/share/custom_interface/environment/ament_prefix_path.dsv
[1.326s] -- Up-to-date: /home/xinchen/Dev/SRTP/install/custom_interface/share/custom_interface/environment/path.sh
[1.326s] -- Up-to-date: /home/xinchen/Dev/SRTP/install/custom_interface/share/custom_interface/environment/path.dsv
[1.326s] -- Up-to-date: /home/xinchen/Dev/SRTP/install/custom_interface/share/custom_interface/local_setup.bash
[1.326s] -- Up-to-date: /home/xinchen/Dev/SRTP/install/custom_interface/share/custom_interface/local_setup.sh
[1.326s] -- Up-to-date: /home/xinchen/Dev/SRTP/install/custom_interface/share/custom_interface/local_setup.zsh
[1.326s] -- Up-to-date: /home/xinchen/Dev/SRTP/install/custom_interface/share/custom_interface/local_setup.dsv
[1.327s] -- Installing: /home/xinchen/Dev/SRTP/install/custom_interface/share/custom_interface/package.dsv
[1.327s] -- Up-to-date: /home/xinchen/Dev/SRTP/install/custom_interface/share/ament_index/resource_index/packages/custom_interface
[1.327s] -- Up-to-date: /home/xinchen/Dev/SRTP/install/custom_interface/share/custom_interface/cmake/custom_interface__rosidl_generator_cExport.cmake
[1.327s] -- Up-to-date: /home/xinchen/Dev/SRTP/install/custom_interface/share/custom_interface/cmake/custom_interface__rosidl_generator_cExport-noconfig.cmake
[1.327s] -- Up-to-date: /home/xinchen/Dev/SRTP/install/custom_interface/share/custom_interface/cmake/custom_interface__rosidl_typesupport_introspection_cExport.cmake
[1.327s] -- Up-to-date: /home/xinchen/Dev/SRTP/install/custom_interface/share/custom_interface/cmake/custom_interface__rosidl_typesupport_introspection_cExport-noconfig.cmake
[1.331s] -- Up-to-date: /home/xinchen/Dev/SRTP/install/custom_interface/share/custom_interface/cmake/custom_interface__rosidl_typesupport_cExport.cmake
[1.331s] -- Up-to-date: /home/xinchen/Dev/SRTP/install/custom_interface/share/custom_interface/cmake/custom_interface__rosidl_typesupport_cExport-noconfig.cmake
[1.332s] -- Up-to-date: /home/xinchen/Dev/SRTP/install/custom_interface/share/custom_interface/cmake/custom_interface__rosidl_generator_cppExport.cmake
[1.333s] -- Up-to-date: /home/xinchen/Dev/SRTP/install/custom_interface/share/custom_interface/cmake/custom_interface__rosidl_typesupport_introspection_cppExport.cmake
[1.333s] -- Up-to-date: /home/xinchen/Dev/SRTP/install/custom_interface/share/custom_interface/cmake/custom_interface__rosidl_typesupport_introspection_cppExport-noconfig.cmake
[1.333s] -- Up-to-date: /home/xinchen/Dev/SRTP/install/custom_interface/share/custom_interface/cmake/custom_interface__rosidl_typesupport_cppExport.cmake
[1.334s] -- Up-to-date: /home/xinchen/Dev/SRTP/install/custom_interface/share/custom_interface/cmake/custom_interface__rosidl_typesupport_cppExport-noconfig.cmake
[1.334s] -- Up-to-date: /home/xinchen/Dev/SRTP/install/custom_interface/share/custom_interface/cmake/rosidl_cmake-extras.cmake
[1.334s] -- Up-to-date: /home/xinchen/Dev/SRTP/install/custom_interface/share/custom_interface/cmake/ament_cmake_export_dependencies-extras.cmake
[1.334s] -- Up-to-date: /home/xinchen/Dev/SRTP/install/custom_interface/share/custom_interface/cmake/ament_cmake_export_libraries-extras.cmake
[1.334s] -- Up-to-date: /home/xinchen/Dev/SRTP/install/custom_interface/share/custom_interface/cmake/ament_cmake_export_targets-extras.cmake
[1.334s] -- Up-to-date: /home/xinchen/Dev/SRTP/install/custom_interface/share/custom_interface/cmake/ament_cmake_export_include_directories-extras.cmake
[1.337s] -- Up-to-date: /home/xinchen/Dev/SRTP/install/custom_interface/share/custom_interface/cmake/rosidl_cmake_export_typesupport_libraries-extras.cmake
[1.338s] -- Up-to-date: /home/xinchen/Dev/SRTP/install/custom_interface/share/custom_interface/cmake/rosidl_cmake_export_typesupport_targets-extras.cmake
[1.338s] -- Up-to-date: /home/xinchen/Dev/SRTP/install/custom_interface/share/custom_interface/cmake/custom_interfaceConfig.cmake
[1.338s] -- Up-to-date: /home/xinchen/Dev/SRTP/install/custom_interface/share/custom_interface/cmake/custom_interfaceConfig-version.cmake
[1.338s] -- Up-to-date: /home/xinchen/Dev/SRTP/install/custom_interface/share/custom_interface/package.xml
[1.365s] Invoked command in '/home/xinchen/Dev/SRTP/build/custom_interface' returned '0': CMAKE_PREFIX_PATH=/opt/ros/foxy /usr/bin/cmake --install /home/xinchen/Dev/SRTP/build/custom_interface
