[0.125s] Invoking command in '/home/xinchen/Dev/SRTP/build/dynamixel_sdk_custom_interfaces': CMAKE_PREFIX_PATH=${CMAKE_PREFIX_PATH}:/opt/ros/foxy /usr/bin/cmake --build /home/xinchen/Dev/SRTP/build/dynamixel_sdk_custom_interfaces -- -j6 -l6
[0.447s] [ 10%] Built target dynamixel_sdk_custom_interfaces__rosidl_generator_c
[0.484s] [ 12%] Built target dynamixel_sdk_custom_interfaces__cpp
[0.661s] [ 23%] Built target dynamixel_sdk_custom_interfaces__rosidl_typesupport_c
[0.692s] [ 33%] Built target dynamixel_sdk_custom_interfaces__rosidl_typesupport_cpp
[0.715s] [ 43%] Built target dynamixel_sdk_custom_interfaces__rosidl_typesupport_fastrtps_cpp
[0.737s] [ 53%] Built target dynamixel_sdk_custom_interfaces__rosidl_typesupport_introspection_cpp
[0.753s] [ 64%] Built target dynamixel_sdk_custom_interfaces__rosidl_typesupport_introspection_c
[0.845s] [ 74%] Built target dynamixel_sdk_custom_interfaces__rosidl_typesupport_fastrtps_c
[0.902s] [ 74%] Built target dynamixel_sdk_custom_interfaces
[0.964s] [ 76%] Built target dynamixel_sdk_custom_interfaces__py
[1.042s] [ 84%] Built target dynamixel_sdk_custom_interfaces__python
[1.150s] [ 89%] Built target dynamixel_sdk_custom_interfaces__rosidl_typesupport_c__pyext
[1.255s] [ 94%] Built target dynamixel_sdk_custom_interfaces__rosidl_typesupport_introspection_c__pyext
[1.258s] [100%] Built target dynamixel_sdk_custom_interfaces__rosidl_typesupport_fastrtps_c__pyext
[1.335s] Invoked command in '/home/xinchen/Dev/SRTP/build/dynamixel_sdk_custom_interfaces' returned '0': CMAKE_PREFIX_PATH=${CMAKE_PREFIX_PATH}:/opt/ros/foxy /usr/bin/cmake --build /home/xinchen/Dev/SRTP/build/dynamixel_sdk_custom_interfaces -- -j6 -l6
[1.929s] Invoking command in '/home/xinchen/Dev/SRTP/build/dynamixel_sdk_custom_interfaces': CMAKE_PREFIX_PATH=${CMAKE_PREFIX_PATH}:/opt/ros/foxy /usr/bin/cmake --install /home/xinchen/Dev/SRTP/build/dynamixel_sdk_custom_interfaces
[1.953s] -- Install configuration: ""
[1.954s] -- Up-to-date: /home/xinchen/Dev/SRTP/install/dynamixel_sdk_custom_interfaces/share/ament_index/resource_index/rosidl_interfaces/dynamixel_sdk_custom_interfaces
[1.954s] -- Up-to-date: /home/xinchen/Dev/SRTP/install/dynamixel_sdk_custom_interfaces/include/dynamixel_sdk_custom_interfaces
[1.955s] -- Up-to-date: /home/xinchen/Dev/SRTP/install/dynamixel_sdk_custom_interfaces/include/dynamixel_sdk_custom_interfaces/srv
[1.955s] -- Up-to-date: /home/xinchen/Dev/SRTP/install/dynamixel_sdk_custom_interfaces/include/dynamixel_sdk_custom_interfaces/srv/detail
[1.955s] -- Up-to-date: /home/xinchen/Dev/SRTP/install/dynamixel_sdk_custom_interfaces/include/dynamixel_sdk_custom_interfaces/srv/detail/get_position__struct.h
[1.956s] -- Up-to-date: /home/xinchen/Dev/SRTP/install/dynamixel_sdk_custom_interfaces/include/dynamixel_sdk_custom_interfaces/srv/detail/get_position__functions.h
[1.956s] -- Up-to-date: /home/xinchen/Dev/SRTP/install/dynamixel_sdk_custom_interfaces/include/dynamixel_sdk_custom_interfaces/srv/detail/get_position__type_support.h
[1.956s] -- Up-to-date: /home/xinchen/Dev/SRTP/install/dynamixel_sdk_custom_interfaces/include/dynamixel_sdk_custom_interfaces/srv/detail/get_position__functions.c
[1.956s] -- Up-to-date: /home/xinchen/Dev/SRTP/install/dynamixel_sdk_custom_interfaces/include/dynamixel_sdk_custom_interfaces/srv/get_position.h
[1.956s] -- Up-to-date: /home/xinchen/Dev/SRTP/install/dynamixel_sdk_custom_interfaces/include/dynamixel_sdk_custom_interfaces/msg
[1.957s] -- Up-to-date: /home/xinchen/Dev/SRTP/install/dynamixel_sdk_custom_interfaces/include/dynamixel_sdk_custom_interfaces/msg/detail
[1.957s] -- Up-to-date: /home/xinchen/Dev/SRTP/install/dynamixel_sdk_custom_interfaces/include/dynamixel_sdk_custom_interfaces/msg/detail/set_position__functions.h
[1.957s] -- Up-to-date: /home/xinchen/Dev/SRTP/install/dynamixel_sdk_custom_interfaces/include/dynamixel_sdk_custom_interfaces/msg/detail/set_position__type_support.h
[1.957s] -- Up-to-date: /home/xinchen/Dev/SRTP/install/dynamixel_sdk_custom_interfaces/include/dynamixel_sdk_custom_interfaces/msg/detail/set_position__struct.h
[1.958s] -- Up-to-date: /home/xinchen/Dev/SRTP/install/dynamixel_sdk_custom_interfaces/include/dynamixel_sdk_custom_interfaces/msg/detail/set_position__functions.c
[1.958s] -- Up-to-date: /home/xinchen/Dev/SRTP/install/dynamixel_sdk_custom_interfaces/include/dynamixel_sdk_custom_interfaces/msg/rosidl_generator_c__visibility_control.h
[1.958s] -- Up-to-date: /home/xinchen/Dev/SRTP/install/dynamixel_sdk_custom_interfaces/include/dynamixel_sdk_custom_interfaces/msg/set_position.h
[1.958s] -- Up-to-date: /home/xinchen/Dev/SRTP/install/dynamixel_sdk_custom_interfaces/share/dynamixel_sdk_custom_interfaces/environment/library_path.sh
[1.959s] -- Up-to-date: /home/xinchen/Dev/SRTP/install/dynamixel_sdk_custom_interfaces/share/dynamixel_sdk_custom_interfaces/environment/library_path.dsv
[1.968s] -- Up-to-date: /home/xinchen/Dev/SRTP/install/dynamixel_sdk_custom_interfaces/lib/libdynamixel_sdk_custom_interfaces__rosidl_generator_c.so
[1.971s] -- Up-to-date: /home/xinchen/Dev/SRTP/install/dynamixel_sdk_custom_interfaces/include/dynamixel_sdk_custom_interfaces
[1.972s] -- Up-to-date: /home/xinchen/Dev/SRTP/install/dynamixel_sdk_custom_interfaces/include/dynamixel_sdk_custom_interfaces/srv
[1.972s] -- Up-to-date: /home/xinchen/Dev/SRTP/install/dynamixel_sdk_custom_interfaces/include/dynamixel_sdk_custom_interfaces/srv/detail
[1.972s] -- Up-to-date: /home/xinchen/Dev/SRTP/install/dynamixel_sdk_custom_interfaces/include/dynamixel_sdk_custom_interfaces/srv/detail/get_position__rosidl_typesupport_fastrtps_c.h
[1.972s] -- Up-to-date: /home/xinchen/Dev/SRTP/install/dynamixel_sdk_custom_interfaces/include/dynamixel_sdk_custom_interfaces/msg
[1.972s] -- Up-to-date: /home/xinchen/Dev/SRTP/install/dynamixel_sdk_custom_interfaces/include/dynamixel_sdk_custom_interfaces/msg/detail
[1.972s] -- Up-to-date: /home/xinchen/Dev/SRTP/install/dynamixel_sdk_custom_interfaces/include/dynamixel_sdk_custom_interfaces/msg/detail/set_position__rosidl_typesupport_fastrtps_c.h
[1.973s] -- Up-to-date: /home/xinchen/Dev/SRTP/install/dynamixel_sdk_custom_interfaces/include/dynamixel_sdk_custom_interfaces/msg/rosidl_typesupport_fastrtps_c__visibility_control.h
[1.973s] -- Up-to-date: /home/xinchen/Dev/SRTP/install/dynamixel_sdk_custom_interfaces/lib/libdynamixel_sdk_custom_interfaces__rosidl_typesupport_fastrtps_c.so
[1.973s] -- Up-to-date: /home/xinchen/Dev/SRTP/install/dynamixel_sdk_custom_interfaces/include/dynamixel_sdk_custom_interfaces
[1.973s] -- Up-to-date: /home/xinchen/Dev/SRTP/install/dynamixel_sdk_custom_interfaces/include/dynamixel_sdk_custom_interfaces/srv
[1.973s] -- Up-to-date: /home/xinchen/Dev/SRTP/install/dynamixel_sdk_custom_interfaces/include/dynamixel_sdk_custom_interfaces/srv/detail
[1.974s] -- Up-to-date: /home/xinchen/Dev/SRTP/install/dynamixel_sdk_custom_interfaces/include/dynamixel_sdk_custom_interfaces/srv/detail/dds_fastrtps
[1.974s] -- Up-to-date: /home/xinchen/Dev/SRTP/install/dynamixel_sdk_custom_interfaces/include/dynamixel_sdk_custom_interfaces/srv/detail/get_position__rosidl_typesupport_fastrtps_cpp.hpp
[1.974s] -- Up-to-date: /home/xinchen/Dev/SRTP/install/dynamixel_sdk_custom_interfaces/include/dynamixel_sdk_custom_interfaces/msg
[1.974s] -- Up-to-date: /home/xinchen/Dev/SRTP/install/dynamixel_sdk_custom_interfaces/include/dynamixel_sdk_custom_interfaces/msg/detail
[1.974s] -- Up-to-date: /home/xinchen/Dev/SRTP/install/dynamixel_sdk_custom_interfaces/include/dynamixel_sdk_custom_interfaces/msg/detail/dds_fastrtps
[1.975s] -- Up-to-date: /home/xinchen/Dev/SRTP/install/dynamixel_sdk_custom_interfaces/include/dynamixel_sdk_custom_interfaces/msg/detail/set_position__rosidl_typesupport_fastrtps_cpp.hpp
[1.975s] -- Up-to-date: /home/xinchen/Dev/SRTP/install/dynamixel_sdk_custom_interfaces/include/dynamixel_sdk_custom_interfaces/msg/rosidl_typesupport_fastrtps_cpp__visibility_control.h
[1.975s] -- Up-to-date: /home/xinchen/Dev/SRTP/install/dynamixel_sdk_custom_interfaces/lib/libdynamixel_sdk_custom_interfaces__rosidl_typesupport_fastrtps_cpp.so
[1.985s] -- Up-to-date: /home/xinchen/Dev/SRTP/install/dynamixel_sdk_custom_interfaces/include/dynamixel_sdk_custom_interfaces
[1.985s] -- Up-to-date: /home/xinchen/Dev/SRTP/install/dynamixel_sdk_custom_interfaces/include/dynamixel_sdk_custom_interfaces/srv
[1.985s] -- Up-to-date: /home/xinchen/Dev/SRTP/install/dynamixel_sdk_custom_interfaces/include/dynamixel_sdk_custom_interfaces/srv/detail
[1.987s] -- Up-to-date: /home/xinchen/Dev/SRTP/install/dynamixel_sdk_custom_interfaces/include/dynamixel_sdk_custom_interfaces/srv/detail/get_position__type_support.c
[1.987s] -- Up-to-date: /home/xinchen/Dev/SRTP/install/dynamixel_sdk_custom_interfaces/include/dynamixel_sdk_custom_interfaces/srv/detail/get_position__rosidl_typesupport_introspection_c.h
[1.987s] -- Up-to-date: /home/xinchen/Dev/SRTP/install/dynamixel_sdk_custom_interfaces/include/dynamixel_sdk_custom_interfaces/msg
[1.987s] -- Up-to-date: /home/xinchen/Dev/SRTP/install/dynamixel_sdk_custom_interfaces/include/dynamixel_sdk_custom_interfaces/msg/detail
[1.988s] -- Up-to-date: /home/xinchen/Dev/SRTP/install/dynamixel_sdk_custom_interfaces/include/dynamixel_sdk_custom_interfaces/msg/detail/set_position__rosidl_typesupport_introspection_c.h
[1.988s] -- Up-to-date: /home/xinchen/Dev/SRTP/install/dynamixel_sdk_custom_interfaces/include/dynamixel_sdk_custom_interfaces/msg/detail/set_position__type_support.c
[1.988s] -- Up-to-date: /home/xinchen/Dev/SRTP/install/dynamixel_sdk_custom_interfaces/include/dynamixel_sdk_custom_interfaces/msg/rosidl_typesupport_introspection_c__visibility_control.h
[1.989s] -- Up-to-date: /home/xinchen/Dev/SRTP/install/dynamixel_sdk_custom_interfaces/lib/libdynamixel_sdk_custom_interfaces__rosidl_typesupport_introspection_c.so
[1.991s] -- Up-to-date: /home/xinchen/Dev/SRTP/install/dynamixel_sdk_custom_interfaces/lib/libdynamixel_sdk_custom_interfaces__rosidl_typesupport_c.so
[1.992s] -- Up-to-date: /home/xinchen/Dev/SRTP/install/dynamixel_sdk_custom_interfaces/include/dynamixel_sdk_custom_interfaces
[1.992s] -- Up-to-date: /home/xinchen/Dev/SRTP/install/dynamixel_sdk_custom_interfaces/include/dynamixel_sdk_custom_interfaces/srv
[1.993s] -- Up-to-date: /home/xinchen/Dev/SRTP/install/dynamixel_sdk_custom_interfaces/include/dynamixel_sdk_custom_interfaces/srv/detail
[1.993s] -- Up-to-date: /home/xinchen/Dev/SRTP/install/dynamixel_sdk_custom_interfaces/include/dynamixel_sdk_custom_interfaces/srv/detail/get_position__traits.hpp
[1.993s] -- Up-to-date: /home/xinchen/Dev/SRTP/install/dynamixel_sdk_custom_interfaces/include/dynamixel_sdk_custom_interfaces/srv/detail/get_position__struct.hpp
[1.993s] -- Up-to-date: /home/xinchen/Dev/SRTP/install/dynamixel_sdk_custom_interfaces/include/dynamixel_sdk_custom_interfaces/srv/detail/get_position__builder.hpp
[1.994s] -- Up-to-date: /home/xinchen/Dev/SRTP/install/dynamixel_sdk_custom_interfaces/include/dynamixel_sdk_custom_interfaces/srv/detail/get_position__type_support.hpp
[1.994s] -- Up-to-date: /home/xinchen/Dev/SRTP/install/dynamixel_sdk_custom_interfaces/include/dynamixel_sdk_custom_interfaces/srv/get_position.hpp
[1.994s] -- Up-to-date: /home/xinchen/Dev/SRTP/install/dynamixel_sdk_custom_interfaces/include/dynamixel_sdk_custom_interfaces/msg
[1.994s] -- Up-to-date: /home/xinchen/Dev/SRTP/install/dynamixel_sdk_custom_interfaces/include/dynamixel_sdk_custom_interfaces/msg/detail
[1.995s] -- Up-to-date: /home/xinchen/Dev/SRTP/install/dynamixel_sdk_custom_interfaces/include/dynamixel_sdk_custom_interfaces/msg/detail/set_position__struct.hpp
[1.995s] -- Up-to-date: /home/xinchen/Dev/SRTP/install/dynamixel_sdk_custom_interfaces/include/dynamixel_sdk_custom_interfaces/msg/detail/set_position__builder.hpp
[1.995s] -- Up-to-date: /home/xinchen/Dev/SRTP/install/dynamixel_sdk_custom_interfaces/include/dynamixel_sdk_custom_interfaces/msg/detail/set_position__type_support.hpp
[1.995s] -- Up-to-date: /home/xinchen/Dev/SRTP/install/dynamixel_sdk_custom_interfaces/include/dynamixel_sdk_custom_interfaces/msg/detail/set_position__traits.hpp
[1.996s] -- Up-to-date: /home/xinchen/Dev/SRTP/install/dynamixel_sdk_custom_interfaces/include/dynamixel_sdk_custom_interfaces/msg/rosidl_generator_cpp__visibility_control.hpp
[1.996s] -- Up-to-date: /home/xinchen/Dev/SRTP/install/dynamixel_sdk_custom_interfaces/include/dynamixel_sdk_custom_interfaces/msg/set_position.hpp
[1.997s] -- Up-to-date: /home/xinchen/Dev/SRTP/install/dynamixel_sdk_custom_interfaces/include/dynamixel_sdk_custom_interfaces
[1.997s] -- Up-to-date: /home/xinchen/Dev/SRTP/install/dynamixel_sdk_custom_interfaces/include/dynamixel_sdk_custom_interfaces/srv
[1.997s] -- Up-to-date: /home/xinchen/Dev/SRTP/install/dynamixel_sdk_custom_interfaces/include/dynamixel_sdk_custom_interfaces/srv/detail
[1.998s] -- Up-to-date: /home/xinchen/Dev/SRTP/install/dynamixel_sdk_custom_interfaces/include/dynamixel_sdk_custom_interfaces/srv/detail/get_position__type_support.cpp
[1.998s] -- Up-to-date: /home/xinchen/Dev/SRTP/install/dynamixel_sdk_custom_interfaces/include/dynamixel_sdk_custom_interfaces/srv/detail/get_position__rosidl_typesupport_introspection_cpp.hpp
[1.999s] -- Up-to-date: /home/xinchen/Dev/SRTP/install/dynamixel_sdk_custom_interfaces/include/dynamixel_sdk_custom_interfaces/msg
[1.999s] -- Up-to-date: /home/xinchen/Dev/SRTP/install/dynamixel_sdk_custom_interfaces/include/dynamixel_sdk_custom_interfaces/msg/detail
[2.000s] -- Up-to-date: /home/xinchen/Dev/SRTP/install/dynamixel_sdk_custom_interfaces/include/dynamixel_sdk_custom_interfaces/msg/detail/set_position__type_support.cpp
[2.000s] -- Up-to-date: /home/xinchen/Dev/SRTP/install/dynamixel_sdk_custom_interfaces/include/dynamixel_sdk_custom_interfaces/msg/detail/set_position__rosidl_typesupport_introspection_cpp.hpp
[2.002s] -- Up-to-date: /home/xinchen/Dev/SRTP/install/dynamixel_sdk_custom_interfaces/lib/libdynamixel_sdk_custom_interfaces__rosidl_typesupport_introspection_cpp.so
[2.003s] -- Up-to-date: /home/xinchen/Dev/SRTP/install/dynamixel_sdk_custom_interfaces/lib/libdynamixel_sdk_custom_interfaces__rosidl_typesupport_cpp.so
[2.003s] -- Up-to-date: /home/xinchen/Dev/SRTP/install/dynamixel_sdk_custom_interfaces/share/dynamixel_sdk_custom_interfaces/environment/pythonpath.sh
[2.004s] -- Up-to-date: /home/xinchen/Dev/SRTP/install/dynamixel_sdk_custom_interfaces/share/dynamixel_sdk_custom_interfaces/environment/pythonpath.dsv
[2.004s] -- Up-to-date: /home/xinchen/Dev/SRTP/install/dynamixel_sdk_custom_interfaces/lib/python3.8/site-packages/dynamixel_sdk_custom_interfaces/__init__.py
[2.119s] -- Up-to-date: /home/xinchen/Dev/SRTP/install/dynamixel_sdk_custom_interfaces/lib/python3.8/site-packages/dynamixel_sdk_custom_interfaces/msg
[2.119s] -- Up-to-date: /home/xinchen/Dev/SRTP/install/dynamixel_sdk_custom_interfaces/lib/python3.8/site-packages/dynamixel_sdk_custom_interfaces/msg/_set_position.py
[2.120s] -- Up-to-date: /home/xinchen/Dev/SRTP/install/dynamixel_sdk_custom_interfaces/lib/python3.8/site-packages/dynamixel_sdk_custom_interfaces/msg/__init__.py
[2.120s] -- Up-to-date: /home/xinchen/Dev/SRTP/install/dynamixel_sdk_custom_interfaces/lib/python3.8/site-packages/dynamixel_sdk_custom_interfaces/msg/_set_position_s.c
[2.120s] -- Up-to-date: /home/xinchen/Dev/SRTP/install/dynamixel_sdk_custom_interfaces/lib/python3.8/site-packages/dynamixel_sdk_custom_interfaces/srv
[2.120s] -- Up-to-date: /home/xinchen/Dev/SRTP/install/dynamixel_sdk_custom_interfaces/lib/python3.8/site-packages/dynamixel_sdk_custom_interfaces/srv/_get_position.py
[2.120s] -- Up-to-date: /home/xinchen/Dev/SRTP/install/dynamixel_sdk_custom_interfaces/lib/python3.8/site-packages/dynamixel_sdk_custom_interfaces/srv/_get_position_s.c
[2.120s] -- Up-to-date: /home/xinchen/Dev/SRTP/install/dynamixel_sdk_custom_interfaces/lib/python3.8/site-packages/dynamixel_sdk_custom_interfaces/srv/__init__.py
[2.121s] -- Up-to-date: /home/xinchen/Dev/SRTP/install/dynamixel_sdk_custom_interfaces/lib/python3.8/site-packages/dynamixel_sdk_custom_interfaces/dynamixel_sdk_custom_interfaces_s__rosidl_typesupport_fastrtps_c.cpython-38-aarch64-linux-gnu.so
[2.127s] -- Up-to-date: /home/xinchen/Dev/SRTP/install/dynamixel_sdk_custom_interfaces/lib/python3.8/site-packages/dynamixel_sdk_custom_interfaces/dynamixel_sdk_custom_interfaces_s__rosidl_typesupport_introspection_c.cpython-38-aarch64-linux-gnu.so
[2.128s] -- Up-to-date: /home/xinchen/Dev/SRTP/install/dynamixel_sdk_custom_interfaces/lib/python3.8/site-packages/dynamixel_sdk_custom_interfaces/dynamixel_sdk_custom_interfaces_s__rosidl_typesupport_c.cpython-38-aarch64-linux-gnu.so
[2.128s] -- Up-to-date: /home/xinchen/Dev/SRTP/install/dynamixel_sdk_custom_interfaces/lib/libdynamixel_sdk_custom_interfaces__python.so
[2.128s] -- Up-to-date: /home/xinchen/Dev/SRTP/install/dynamixel_sdk_custom_interfaces/share/dynamixel_sdk_custom_interfaces/msg/SetPosition.idl
[2.128s] -- Up-to-date: /home/xinchen/Dev/SRTP/install/dynamixel_sdk_custom_interfaces/share/dynamixel_sdk_custom_interfaces/srv/GetPosition.idl
[2.129s] -- Up-to-date: /home/xinchen/Dev/SRTP/install/dynamixel_sdk_custom_interfaces/share/dynamixel_sdk_custom_interfaces/msg/SetPosition.msg
[2.129s] -- Up-to-date: /home/xinchen/Dev/SRTP/install/dynamixel_sdk_custom_interfaces/share/dynamixel_sdk_custom_interfaces/srv/GetPosition.srv
[2.129s] -- Up-to-date: /home/xinchen/Dev/SRTP/install/dynamixel_sdk_custom_interfaces/share/dynamixel_sdk_custom_interfaces/srv/GetPosition_Request.msg
[2.129s] -- Up-to-date: /home/xinchen/Dev/SRTP/install/dynamixel_sdk_custom_interfaces/share/dynamixel_sdk_custom_interfaces/srv/GetPosition_Response.msg
[2.129s] -- Up-to-date: /home/xinchen/Dev/SRTP/install/dynamixel_sdk_custom_interfaces/share/ament_index/resource_index/package_run_dependencies/dynamixel_sdk_custom_interfaces
[2.130s] -- Up-to-date: /home/xinchen/Dev/SRTP/install/dynamixel_sdk_custom_interfaces/share/ament_index/resource_index/parent_prefix_path/dynamixel_sdk_custom_interfaces
[2.130s] -- Up-to-date: /home/xinchen/Dev/SRTP/install/dynamixel_sdk_custom_interfaces/share/dynamixel_sdk_custom_interfaces/environment/ament_prefix_path.sh
[2.130s] -- Up-to-date: /home/xinchen/Dev/SRTP/install/dynamixel_sdk_custom_interfaces/share/dynamixel_sdk_custom_interfaces/environment/ament_prefix_path.dsv
[2.130s] -- Up-to-date: /home/xinchen/Dev/SRTP/install/dynamixel_sdk_custom_interfaces/share/dynamixel_sdk_custom_interfaces/environment/path.sh
[2.130s] -- Up-to-date: /home/xinchen/Dev/SRTP/install/dynamixel_sdk_custom_interfaces/share/dynamixel_sdk_custom_interfaces/environment/path.dsv
[2.131s] -- Up-to-date: /home/xinchen/Dev/SRTP/install/dynamixel_sdk_custom_interfaces/share/dynamixel_sdk_custom_interfaces/local_setup.bash
[2.131s] -- Up-to-date: /home/xinchen/Dev/SRTP/install/dynamixel_sdk_custom_interfaces/share/dynamixel_sdk_custom_interfaces/local_setup.sh
[2.131s] -- Up-to-date: /home/xinchen/Dev/SRTP/install/dynamixel_sdk_custom_interfaces/share/dynamixel_sdk_custom_interfaces/local_setup.zsh
[2.131s] -- Up-to-date: /home/xinchen/Dev/SRTP/install/dynamixel_sdk_custom_interfaces/share/dynamixel_sdk_custom_interfaces/local_setup.dsv
[2.131s] -- Installing: /home/xinchen/Dev/SRTP/install/dynamixel_sdk_custom_interfaces/share/dynamixel_sdk_custom_interfaces/package.dsv
[2.132s] -- Up-to-date: /home/xinchen/Dev/SRTP/install/dynamixel_sdk_custom_interfaces/share/ament_index/resource_index/packages/dynamixel_sdk_custom_interfaces
[2.134s] -- Up-to-date: /home/xinchen/Dev/SRTP/install/dynamixel_sdk_custom_interfaces/share/dynamixel_sdk_custom_interfaces/cmake/dynamixel_sdk_custom_interfaces__rosidl_generator_cExport.cmake
[2.135s] -- Up-to-date: /home/xinchen/Dev/SRTP/install/dynamixel_sdk_custom_interfaces/share/dynamixel_sdk_custom_interfaces/cmake/dynamixel_sdk_custom_interfaces__rosidl_generator_cExport-noconfig.cmake
[2.135s] -- Up-to-date: /home/xinchen/Dev/SRTP/install/dynamixel_sdk_custom_interfaces/share/dynamixel_sdk_custom_interfaces/cmake/dynamixel_sdk_custom_interfaces__rosidl_typesupport_introspection_cExport.cmake
[2.135s] -- Up-to-date: /home/xinchen/Dev/SRTP/install/dynamixel_sdk_custom_interfaces/share/dynamixel_sdk_custom_interfaces/cmake/dynamixel_sdk_custom_interfaces__rosidl_typesupport_introspection_cExport-noconfig.cmake
[2.135s] -- Up-to-date: /home/xinchen/Dev/SRTP/install/dynamixel_sdk_custom_interfaces/share/dynamixel_sdk_custom_interfaces/cmake/dynamixel_sdk_custom_interfaces__rosidl_typesupport_cExport.cmake
[2.136s] -- Up-to-date: /home/xinchen/Dev/SRTP/install/dynamixel_sdk_custom_interfaces/share/dynamixel_sdk_custom_interfaces/cmake/dynamixel_sdk_custom_interfaces__rosidl_typesupport_cExport-noconfig.cmake
[2.138s] -- Up-to-date: /home/xinchen/Dev/SRTP/install/dynamixel_sdk_custom_interfaces/share/dynamixel_sdk_custom_interfaces/cmake/dynamixel_sdk_custom_interfaces__rosidl_generator_cppExport.cmake
[2.140s] -- Up-to-date: /home/xinchen/Dev/SRTP/install/dynamixel_sdk_custom_interfaces/share/dynamixel_sdk_custom_interfaces/cmake/dynamixel_sdk_custom_interfaces__rosidl_typesupport_introspection_cppExport.cmake
[2.141s] -- Up-to-date: /home/xinchen/Dev/SRTP/install/dynamixel_sdk_custom_interfaces/share/dynamixel_sdk_custom_interfaces/cmake/dynamixel_sdk_custom_interfaces__rosidl_typesupport_introspection_cppExport-noconfig.cmake
[2.143s] -- Up-to-date: /home/xinchen/Dev/SRTP/install/dynamixel_sdk_custom_interfaces/share/dynamixel_sdk_custom_interfaces/cmake/dynamixel_sdk_custom_interfaces__rosidl_typesupport_cppExport.cmake
[2.154s] -- Up-to-date: /home/xinchen/Dev/SRTP/install/dynamixel_sdk_custom_interfaces/share/dynamixel_sdk_custom_interfaces/cmake/dynamixel_sdk_custom_interfaces__rosidl_typesupport_cppExport-noconfig.cmake
[2.155s] -- Up-to-date: /home/xinchen/Dev/SRTP/install/dynamixel_sdk_custom_interfaces/share/dynamixel_sdk_custom_interfaces/cmake/rosidl_cmake-extras.cmake
[2.155s] -- Up-to-date: /home/xinchen/Dev/SRTP/install/dynamixel_sdk_custom_interfaces/share/dynamixel_sdk_custom_interfaces/cmake/ament_cmake_export_dependencies-extras.cmake
[2.155s] -- Up-to-date: /home/xinchen/Dev/SRTP/install/dynamixel_sdk_custom_interfaces/share/dynamixel_sdk_custom_interfaces/cmake/ament_cmake_export_libraries-extras.cmake
[2.155s] -- Up-to-date: /home/xinchen/Dev/SRTP/install/dynamixel_sdk_custom_interfaces/share/dynamixel_sdk_custom_interfaces/cmake/ament_cmake_export_targets-extras.cmake
[2.156s] -- Up-to-date: /home/xinchen/Dev/SRTP/install/dynamixel_sdk_custom_interfaces/share/dynamixel_sdk_custom_interfaces/cmake/ament_cmake_export_include_directories-extras.cmake
[2.156s] -- Up-to-date: /home/xinchen/Dev/SRTP/install/dynamixel_sdk_custom_interfaces/share/dynamixel_sdk_custom_interfaces/cmake/rosidl_cmake_export_typesupport_libraries-extras.cmake
[2.156s] -- Up-to-date: /home/xinchen/Dev/SRTP/install/dynamixel_sdk_custom_interfaces/share/dynamixel_sdk_custom_interfaces/cmake/rosidl_cmake_export_typesupport_targets-extras.cmake
[2.156s] -- Up-to-date: /home/xinchen/Dev/SRTP/install/dynamixel_sdk_custom_interfaces/share/dynamixel_sdk_custom_interfaces/cmake/dynamixel_sdk_custom_interfacesConfig.cmake
[2.157s] -- Up-to-date: /home/xinchen/Dev/SRTP/install/dynamixel_sdk_custom_interfaces/share/dynamixel_sdk_custom_interfaces/cmake/dynamixel_sdk_custom_interfacesConfig-version.cmake
[2.157s] -- Up-to-date: /home/xinchen/Dev/SRTP/install/dynamixel_sdk_custom_interfaces/share/dynamixel_sdk_custom_interfaces/package.xml
[2.229s] Invoked command in '/home/xinchen/Dev/SRTP/build/dynamixel_sdk_custom_interfaces' returned '0': CMAKE_PREFIX_PATH=${CMAKE_PREFIX_PATH}:/opt/ros/foxy /usr/bin/cmake --install /home/xinchen/Dev/SRTP/build/dynamixel_sdk_custom_interfaces
