[0.076s] Invoking command in '/home/xinchen/Dev/SRTP/build/motor_controller': AMENT_PREFIX_PATH=/home/xinchen/Dev/SRTP/install/custom_interface:${AMENT_PREFIX_PATH} CMAKE_PREFIX_PATH=/home/xinchen/Dev/SRTP/install/custom_interface:/home/xinchen/Dev/SRTP/install/motor_controller:/home/xinchen/Dev/SRTP/install/launch_files:/home/xinchen/Dev/SRTP/install/dynamixel_workbench:/home/xinchen/Dev/SRTP/install/dynamixel_workbench_toolbox:/home/xinchen/Dev/SRTP/install/dynamixel_sdk_examples:/home/xinchen/Dev/SRTP/install/dynamixel_sdk_custom_interfaces:/home/xinchen/Dev/SRTP/install/dynamixel_sdk:/opt/ros/foxy LD_LIBRARY_PATH=/home/xinchen/Dev/SRTP/install/custom_interface/lib:${LD_LIBRARY_PATH} PYTHONPATH=/home/xinchen/Dev/SRTP/install/custom_interface/lib/python3.8/site-packages:${PYTHONPATH} /usr/bin/cmake --build /home/xinchen/Dev/SRTP/build/motor_controller -- -j6 -l6
[0.160s] -- Found ament_cmake: 0.9.12 (/opt/ros/foxy/share/ament_cmake/cmake)
[0.223s] -- Using PYTHON_EXECUTABLE: /usr/bin/python3
[0.696s] -- Found dynamixel_workbench_toolbox: 2.2.3 (/home/xinchen/Dev/SRTP/install/dynamixel_workbench_toolbox/share/dynamixel_workbench_toolbox/cmake)
[0.780s] -- Using all available rosidl_typesupport_c: rosidl_typesupport_fastrtps_c;rosidl_typesupport_introspection_c
[0.787s] -- Found rosidl_adapter: 1.3.1 (/opt/ros/foxy/share/rosidl_adapter/cmake)
[1.038s] -- Using all available rosidl_typesupport_cpp: rosidl_typesupport_fastrtps_cpp;rosidl_typesupport_introspection_cpp
[1.139s] -- Found rmw_implementation_cmake: 1.0.4 (/opt/ros/foxy/share/rmw_implementation_cmake/cmake)
[1.142s] -- Using RMW implementation 'rmw_fastrtps_cpp' as default
[1.430s] -- Found custom_interface: 0.0.0 (/home/xinchen/Dev/SRTP/install/custom_interface/share/custom_interface/cmake)
[1.466s] -- Found ament_lint_auto: 0.9.8 (/opt/ros/foxy/share/ament_lint_auto/cmake)
[1.605s] -- Added test 'copyright' to check source files copyright and LICENSE
[1.606s] -- Added test 'cppcheck' to perform static code analysis on C / C++ code
[1.606s] -- Configured cppcheck include dirs: 
[1.607s] -- Configured cppcheck exclude dirs and/or files: 
[1.608s] -- Added test 'cpplint' to check C / C++ code against the Google style
[1.608s] -- Configured cpplint exclude dirs and/or files: 
[1.609s] -- Added test 'lint_cmake' to check CMake code style
[1.610s] -- Added test 'uncrustify' to check C / C++ code style
[1.610s] -- Configured uncrustify additional arguments: 
[1.611s] -- Added test 'xmllint' to check XML markup files
[1.617s] -- Configuring done
[1.669s] -- Generating done
[1.672s] -- Build files have been written to: /home/xinchen/Dev/SRTP/build/motor_controller
[1.737s] [35m[1mScanning dependencies of target torque_controller[0m
[1.737s] [35m[1mScanning dependencies of target position_controller[0m
[1.881s] [ 25%] [32mBuilding CXX object CMakeFiles/position_controller.dir/src/position_controller.cpp.o[0m
[1.939s] [ 50%] [32mBuilding CXX object CMakeFiles/torque_controller.dir/src/torque_controller.cpp.o[0m
[6.970s] [01m[K/home/xinchen/Dev/SRTP/src/motor_controller/src/position_controller.cpp:[m[K In function ‘[01m[Kint main(int, char**)[m[K’:
[6.971s] [01m[K/home/xinchen/Dev/SRTP/src/motor_controller/src/position_controller.cpp:18:13:[m[K [01;35m[Kwarning: [m[Kunused variable ‘[01m[Kposition_data[m[K’ [[01;35m[K-Wunused-variable[m[K]
[6.971s]    18 |     int32_t [01;35m[Kposition_data[m[K = 0;
[6.971s]       |             [01;35m[K^~~~~~~~~~~~~[m[K
[6.971s] [01m[K/home/xinchen/Dev/SRTP/src/motor_controller/src/torque_controller.cpp:[m[K In constructor ‘[01m[KTorqueController::TorqueController()[m[K’:
[6.972s] [01m[K/home/xinchen/Dev/SRTP/src/motor_controller/src/torque_controller.cpp:17:51:[m[K [01;31m[Kerror: [m[K‘[01m[Kcustome_interface[m[K’ was not declared in this scope; did you mean ‘[01m[Kcustom_interface[m[K’?
[6.972s]    17 |         subscription_ = this->create_subscription<[01;31m[Kcustome_interface[m[K::msg::torque>(
[6.972s]       |                                                   [01;31m[K^~~~~~~~~~~~~~~~~[m[K
[6.972s]       |                                                   [32m[Kcustom_interface[m[K
[6.972s] [01m[K/home/xinchen/Dev/SRTP/src/motor_controller/src/torque_controller.cpp:17:31:[m[K [01;31m[Kerror: [m[Kparse error in template argument list
[6.972s]    17 |         subscription_ = this->[01;31m[Kcreate_subscription<custome_interface::msg::torque>[m[K(
[6.972s]       |                               [01;31m[K^~~~~~~~~~~~~~~~~~~~~~~~~~~~~~~~~~~~~~~~~~~~~~~~~~~[m[K
[6.983s] [01m[K/home/xinchen/Dev/SRTP/src/motor_controller/src/torque_controller.cpp:18:101:[m[K [01;31m[Kerror: [m[Kno matching function for call to ‘[01m[KTorqueController::create_subscription<<expression error> >(const char [7], int, std::_Bind_helper<false, void (TorqueController::*)(float), TorqueController*, const std::_Placeholder<1>&>::type)[m[K’
[6.983s]    18 |             "torque", 10, std::bind(&TorqueController::torque_callback, this, std::placeholders::_1)[01;31m[K)[m[K;
[6.983s]       |                                                                                                     [01;31m[K^[m[K
[6.984s] In file included from [01m[K/opt/ros/foxy/include/rclcpp/executors/single_threaded_executor.hpp:28[m[K,
[6.984s]                  from [01m[K/opt/ros/foxy/include/rclcpp/executors.hpp:22[m[K,
[6.985s]                  from [01m[K/opt/ros/foxy/include/rclcpp/rclcpp.hpp:146[m[K,
[6.985s]                  from [01m[K/home/xinchen/Dev/SRTP/src/motor_controller/src/torque_controller.cpp:2[m[K:
[6.985s] [01m[K/opt/ros/foxy/include/rclcpp/node.hpp:213:3:[m[K [01;36m[Knote: [m[Kcandidate: ‘[01m[Ktemplate<class MessageT, class CallbackT, class AllocatorT, class CallbackMessageT, class SubscriptionT, class MessageMemoryStrategyT> std::shared_ptr<SubscriptionT> rclcpp::Node::create_subscription(const string&, const rclcpp::QoS&, CallbackT&&, const rclcpp::SubscriptionOptionsWithAllocator<AllocatorT>&, typename MessageMemoryStrategyT::SharedPtr)[m[K’
[6.985s]   213 |   [01;36m[Kcreate_subscription[m[K(
[6.985s]       |   [01;36m[K^~~~~~~~~~~~~~~~~~~[m[K
[6.985s] [01m[K/opt/ros/foxy/include/rclcpp/node.hpp:213:3:[m[K [01;36m[Knote: [m[K  template argument deduction/substitution failed:
[6.985s] [01m[K/home/xinchen/Dev/SRTP/src/motor_controller/src/torque_controller.cpp:18:101:[m[K [01;31m[Kerror: [m[Ktemplate argument 1 is invalid
[6.986s]    18 |             "torque", 10, std::bind(&TorqueController::torque_callback, this, std::placeholders::_1)[01;31m[K)[m[K;
[6.986s]       |                                                                                                     [01;31m[K^[m[K
[7.853s] In file included from [01m[K/usr/include/aarch64-linux-gnu/c++/9/bits/c++allocator.h:33[m[K,
[7.853s]                  from [01m[K/usr/include/c++/9/bits/allocator.h:46[m[K,
[7.853s]                  from [01m[K/usr/include/c++/9/memory:63[m[K,
[7.853s]                  from [01m[K/home/xinchen/Dev/SRTP/src/motor_controller/src/torque_controller.cpp:1[m[K:
[7.853s] /usr/include/c++/9/ext/new_allocator.h: In instantiation of ‘[01m[Kvoid __gnu_cxx::new_allocator<_Tp>::construct(_Up*, _Args&& ...) [with _Up = TorqueController; _Args = {}; _Tp = TorqueController][m[K’:
[7.853s] [01m[K/usr/include/c++/9/bits/alloc_traits.h:483:4:[m[K   required from ‘[01m[Kstatic void std::allocator_traits<std::allocator<_Tp1> >::construct(std::allocator_traits<std::allocator<_Tp1> >::allocator_type&, _Up*, _Args&& ...) [with _Up = TorqueController; _Args = {}; _Tp = TorqueController; std::allocator_traits<std::allocator<_Tp1> >::allocator_type = std::allocator<TorqueController>][m[K’
[7.854s] [01m[K/usr/include/c++/9/bits/shared_ptr_base.h:548:39:[m[K   required from ‘[01m[Kstd::_Sp_counted_ptr_inplace<_Tp, _Alloc, _Lp>::_Sp_counted_ptr_inplace(_Alloc, _Args&& ...) [with _Args = {}; _Tp = TorqueController; _Alloc = std::allocator<TorqueController>; __gnu_cxx::_Lock_policy _Lp = __gnu_cxx::_S_atomic][m[K’
[7.854s] [01m[K/usr/include/c++/9/bits/shared_ptr_base.h:679:16:[m[K   required from ‘[01m[Kstd::__shared_count<_Lp>::__shared_count(_Tp*&, std::_Sp_alloc_shared_tag<_Alloc>, _Args&& ...) [with _Tp = TorqueController; _Alloc = std::allocator<TorqueController>; _Args = {}; __gnu_cxx::_Lock_policy _Lp = __gnu_cxx::_S_atomic][m[K’
[7.854s] [01m[K/usr/include/c++/9/bits/shared_ptr_base.h:1344:71:[m[K   required from ‘[01m[Kstd::__shared_ptr<_Tp, _Lp>::__shared_ptr(std::_Sp_alloc_shared_tag<_Tp>, _Args&& ...) [with _Alloc = std::allocator<TorqueController>; _Args = {}; _Tp = TorqueController; __gnu_cxx::_Lock_policy _Lp = __gnu_cxx::_S_atomic][m[K’
[7.854s] [01m[K/usr/include/c++/9/bits/shared_ptr.h:359:59:[m[K   required from ‘[01m[Kstd::shared_ptr<_Tp>::shared_ptr(std::_Sp_alloc_shared_tag<_Tp>, _Args&& ...) [with _Alloc = std::allocator<TorqueController>; _Args = {}; _Tp = TorqueController][m[K’
[7.854s] [01m[K/usr/include/c++/9/bits/shared_ptr.h:701:14:[m[K   required from ‘[01m[Kstd::shared_ptr<_Tp> std::allocate_shared(const _Alloc&, _Args&& ...) [with _Tp = TorqueController; _Alloc = std::allocator<TorqueController>; _Args = {}][m[K’
[7.854s] [01m[K/usr/include/c++/9/bits/shared_ptr.h:717:39:[m[K   required from ‘[01m[Kstd::shared_ptr<_Tp> std::make_shared(_Args&& ...) [with _Tp = TorqueController; _Args = {}][m[K’
[7.855s] [01m[K/home/xinchen/Dev/SRTP/src/motor_controller/src/torque_controller.cpp:38:53:[m[K   required from here
[7.855s] [01m[K/usr/include/c++/9/ext/new_allocator.h:146:4:[m[K [01;31m[Kerror: [m[K‘[01m[KTorqueController::TorqueController()[m[K’ is private within this context
[7.855s]   146 |  { [01;31m[K::new((void *)__p) _Up(std::forward<_Args>(__args)...)[m[K; }
[7.855s]       |    [01;31m[K^~~~~~~~~~~~~~~~~~~~~~~~~~~~~~~~~~~~~~~~~~~~~~~~~~~~~~[m[K
[7.855s] [01m[K/home/xinchen/Dev/SRTP/src/motor_controller/src/torque_controller.cpp:15:5:[m[K [01;36m[Knote: [m[Kdeclared private here
[7.855s]    15 |     [01;36m[KTorqueController[m[K() : Node("TorqueContoller")
[7.855s]       |     [01;36m[K^~~~~~~~~~~~~~~~[m[K
[8.183s] make[2]: *** [CMakeFiles/torque_controller.dir/build.make:63: CMakeFiles/torque_controller.dir/src/torque_controller.cpp.o] Error 1
[8.184s] make[1]: *** [CMakeFiles/Makefile2:107: CMakeFiles/torque_controller.dir/all] Error 2
[8.185s] make[1]: *** Waiting for unfinished jobs....
[8.469s] [ 75%] [32m[1mLinking CXX executable position_controller[0m
[8.800s] [ 75%] Built target position_controller
[8.803s] make: *** [Makefile:141: all] Error 2
[8.817s] Invoked command in '/home/xinchen/Dev/SRTP/build/motor_controller' returned '2': AMENT_PREFIX_PATH=/home/xinchen/Dev/SRTP/install/custom_interface:${AMENT_PREFIX_PATH} CMAKE_PREFIX_PATH=/home/xinchen/Dev/SRTP/install/custom_interface:/home/xinchen/Dev/SRTP/install/motor_controller:/home/xinchen/Dev/SRTP/install/launch_files:/home/xinchen/Dev/SRTP/install/dynamixel_workbench:/home/xinchen/Dev/SRTP/install/dynamixel_workbench_toolbox:/home/xinchen/Dev/SRTP/install/dynamixel_sdk_examples:/home/xinchen/Dev/SRTP/install/dynamixel_sdk_custom_interfaces:/home/xinchen/Dev/SRTP/install/dynamixel_sdk:/opt/ros/foxy LD_LIBRARY_PATH=/home/xinchen/Dev/SRTP/install/custom_interface/lib:${LD_LIBRARY_PATH} PYTHONPATH=/home/xinchen/Dev/SRTP/install/custom_interface/lib/python3.8/site-packages:${PYTHONPATH} /usr/bin/cmake --build /home/xinchen/Dev/SRTP/build/motor_controller -- -j6 -l6
