[0.043s] Invoking command in '/home/xinchen/Dev/SRTP/build/motor_controller': AMENT_PREFIX_PATH=/home/xinchen/Dev/SRTP/install/custom_interface:${AMENT_PREFIX_PATH} CMAKE_PREFIX_PATH=/home/xinchen/Dev/SRTP/install/custom_interface:/home/xinchen/Dev/SRTP/install/motor_controller:/home/xinchen/Dev/SRTP/install/launch_files:/home/xinchen/Dev/SRTP/install/dynamixel_workbench:/home/xinchen/Dev/SRTP/install/dynamixel_workbench_toolbox:/home/xinchen/Dev/SRTP/install/dynamixel_sdk_examples:/home/xinchen/Dev/SRTP/install/dynamixel_sdk_custom_interfaces:/home/xinchen/Dev/SRTP/install/dynamixel_sdk:/opt/ros/foxy LD_LIBRARY_PATH=/home/xinchen/Dev/SRTP/install/custom_interface/lib:${LD_LIBRARY_PATH} PYTHONPATH=/home/xinchen/Dev/SRTP/install/custom_interface/lib/python3.8/site-packages:${PYTHONPATH} /usr/bin/cmake --build /home/xinchen/Dev/SRTP/build/motor_controller -- -j6 -l6
[0.106s] -- Found ament_cmake: 0.9.12 (/opt/ros/foxy/share/ament_cmake/cmake)
[0.157s] -- Using PYTHON_EXECUTABLE: /usr/bin/python3
[0.593s] -- Found dynamixel_workbench_toolbox: 2.2.3 (/home/xinchen/Dev/SRTP/install/dynamixel_workbench_toolbox/share/dynamixel_workbench_toolbox/cmake)
[0.675s] -- Using all available rosidl_typesupport_c: rosidl_typesupport_fastrtps_c;rosidl_typesupport_introspection_c
[0.682s] -- Found rosidl_adapter: 1.3.1 (/opt/ros/foxy/share/rosidl_adapter/cmake)
[0.959s] -- Using all available rosidl_typesupport_cpp: rosidl_typesupport_fastrtps_cpp;rosidl_typesupport_introspection_cpp
[1.062s] -- Found rmw_implementation_cmake: 1.0.4 (/opt/ros/foxy/share/rmw_implementation_cmake/cmake)
[1.066s] -- Using RMW implementation 'rmw_fastrtps_cpp' as default
[1.353s] -- Found custom_interface: 0.0.0 (/home/xinchen/Dev/SRTP/install/custom_interface/share/custom_interface/cmake)
[1.390s] -- Found ament_lint_auto: 0.9.8 (/opt/ros/foxy/share/ament_lint_auto/cmake)
[1.528s] -- Added test 'copyright' to check source files copyright and LICENSE
[1.529s] -- Added test 'cppcheck' to perform static code analysis on C / C++ code
[1.530s] -- Configured cppcheck include dirs: 
[1.530s] -- Configured cppcheck exclude dirs and/or files: 
[1.531s] -- Added test 'cpplint' to check C / C++ code against the Google style
[1.531s] -- Configured cpplint exclude dirs and/or files: 
[1.532s] -- Added test 'lint_cmake' to check CMake code style
[1.535s] -- Added test 'uncrustify' to check C / C++ code style
[1.535s] -- Configured uncrustify additional arguments: 
[1.535s] -- Added test 'xmllint' to check XML markup files
[1.542s] -- Configuring done
[1.595s] -- Generating done
[1.599s] -- Build files have been written to: /home/xinchen/Dev/SRTP/build/motor_controller
[1.664s] [35m[1mScanning dependencies of target torque_controller[0m
[1.705s] [ 50%] Built target position_controller
[1.735s] [ 75%] [32mBuilding CXX object CMakeFiles/torque_controller.dir/src/torque_controller.cpp.o[0m
[5.641s] In file included from [01m[K/usr/include/aarch64-linux-gnu/c++/9/bits/c++allocator.h:33[m[K,
[5.641s]                  from [01m[K/usr/include/c++/9/bits/allocator.h:46[m[K,
[5.641s]                  from [01m[K/usr/include/c++/9/memory:63[m[K,
[5.641s]                  from [01m[K/home/xinchen/Dev/SRTP/src/motor_controller/src/torque_controller.cpp:1[m[K:
[5.642s] /usr/include/c++/9/ext/new_allocator.h: In instantiation of ‘[01m[Kvoid __gnu_cxx::new_allocator<_Tp>::construct(_Up*, _Args&& ...) [with _Up = TorqueController; _Args = {}; _Tp = TorqueController][m[K’:
[5.642s] [01m[K/usr/include/c++/9/bits/alloc_traits.h:483:4:[m[K   required from ‘[01m[Kstatic void std::allocator_traits<std::allocator<_Tp1> >::construct(std::allocator_traits<std::allocator<_Tp1> >::allocator_type&, _Up*, _Args&& ...) [with _Up = TorqueController; _Args = {}; _Tp = TorqueController; std::allocator_traits<std::allocator<_Tp1> >::allocator_type = std::allocator<TorqueController>][m[K’
[5.642s] [01m[K/usr/include/c++/9/bits/shared_ptr_base.h:548:39:[m[K   required from ‘[01m[Kstd::_Sp_counted_ptr_inplace<_Tp, _Alloc, _Lp>::_Sp_counted_ptr_inplace(_Alloc, _Args&& ...) [with _Args = {}; _Tp = TorqueController; _Alloc = std::allocator<TorqueController>; __gnu_cxx::_Lock_policy _Lp = __gnu_cxx::_S_atomic][m[K’
[5.642s] [01m[K/usr/include/c++/9/bits/shared_ptr_base.h:679:16:[m[K   required from ‘[01m[Kstd::__shared_count<_Lp>::__shared_count(_Tp*&, std::_Sp_alloc_shared_tag<_Alloc>, _Args&& ...) [with _Tp = TorqueController; _Alloc = std::allocator<TorqueController>; _Args = {}; __gnu_cxx::_Lock_policy _Lp = __gnu_cxx::_S_atomic][m[K’
[5.642s] [01m[K/usr/include/c++/9/bits/shared_ptr_base.h:1344:71:[m[K   required from ‘[01m[Kstd::__shared_ptr<_Tp, _Lp>::__shared_ptr(std::_Sp_alloc_shared_tag<_Tp>, _Args&& ...) [with _Alloc = std::allocator<TorqueController>; _Args = {}; _Tp = TorqueController; __gnu_cxx::_Lock_policy _Lp = __gnu_cxx::_S_atomic][m[K’
[5.642s] [01m[K/usr/include/c++/9/bits/shared_ptr.h:359:59:[m[K   required from ‘[01m[Kstd::shared_ptr<_Tp>::shared_ptr(std::_Sp_alloc_shared_tag<_Tp>, _Args&& ...) [with _Alloc = std::allocator<TorqueController>; _Args = {}; _Tp = TorqueController][m[K’
[5.643s] [01m[K/usr/include/c++/9/bits/shared_ptr.h:701:14:[m[K   required from ‘[01m[Kstd::shared_ptr<_Tp> std::allocate_shared(const _Alloc&, _Args&& ...) [with _Tp = TorqueController; _Alloc = std::allocator<TorqueController>; _Args = {}][m[K’
[5.643s] [01m[K/usr/include/c++/9/bits/shared_ptr.h:717:39:[m[K   required from ‘[01m[Kstd::shared_ptr<_Tp> std::make_shared(_Args&& ...) [with _Tp = TorqueController; _Args = {}][m[K’
[5.643s] [01m[K/home/xinchen/Dev/SRTP/src/motor_controller/src/torque_controller.cpp:40:53:[m[K   required from here
[5.643s] [01m[K/usr/include/c++/9/ext/new_allocator.h:146:4:[m[K [01;31m[Kerror: [m[Kuse of deleted function ‘[01m[KTorqueController::TorqueController()[m[K’
[5.643s]   146 |  { [01;31m[K::new((void *)__p) _Up(std::forward<_Args>(__args)...)[m[K; }
[5.643s]       |    [01;31m[K^~~~~~~~~~~~~~~~~~~~~~~~~~~~~~~~~~~~~~~~~~~~~~~~~~~~~~[m[K
[5.643s] [01m[K/home/xinchen/Dev/SRTP/src/motor_controller/src/torque_controller.cpp:13:7:[m[K [01;36m[Knote: [m[K‘[01m[KTorqueController::TorqueController()[m[K’ is implicitly deleted because the default definition would be ill-formed:
[5.643s]    13 | class [01;36m[KTorqueController[m[K : public rclcpp::Node
[5.644s]       |       [01;36m[K^~~~~~~~~~~~~~~~[m[K
[5.644s] [01m[K/home/xinchen/Dev/SRTP/src/motor_controller/src/torque_controller.cpp:13:7:[m[K [01;31m[Kerror: [m[Kno matching function for call to ‘[01m[Krclcpp::Node::Node()[m[K’
[5.644s] In file included from [01m[K/opt/ros/foxy/include/rclcpp/executors/single_threaded_executor.hpp:28[m[K,
[5.644s]                  from [01m[K/opt/ros/foxy/include/rclcpp/executors.hpp:22[m[K,
[5.644s]                  from [01m[K/opt/ros/foxy/include/rclcpp/rclcpp.hpp:146[m[K,
[5.644s]                  from [01m[K/home/xinchen/Dev/SRTP/src/motor_controller/src/torque_controller.cpp:2[m[K:
[5.644s] [01m[K/opt/ros/foxy/include/rclcpp/node.hpp:1193:3:[m[K [01;36m[Knote: [m[Kcandidate: ‘[01m[Krclcpp::Node::Node(const rclcpp::Node&, const string&)[m[K’
[5.645s]  1193 |   [01;36m[KNode[m[K(
[5.645s]       |   [01;36m[K^~~~[m[K
[5.645s] [01m[K/opt/ros/foxy/include/rclcpp/node.hpp:1193:3:[m[K [01;36m[Knote: [m[K  candidate expects 2 arguments, 0 provided
[5.645s] [01m[K/opt/ros/foxy/include/rclcpp/node.hpp:98:12:[m[K [01;36m[Knote: [m[Kcandidate: ‘[01m[Krclcpp::Node::Node(const string&, const string&, const rclcpp::NodeOptions&)[m[K’
[5.645s]    98 |   explicit [01;36m[KNode[m[K(
[5.645s]       |            [01;36m[K^~~~[m[K
[5.645s] [01m[K/opt/ros/foxy/include/rclcpp/node.hpp:98:12:[m[K [01;36m[Knote: [m[K  candidate expects 3 arguments, 0 provided
[5.645s] [01m[K/opt/ros/foxy/include/rclcpp/node.hpp:86:12:[m[K [01;36m[Knote: [m[Kcandidate: ‘[01m[Krclcpp::Node::Node(const string&, const rclcpp::NodeOptions&)[m[K’
[5.646s]    86 |   explicit [01;36m[KNode[m[K(
[5.646s]       |            [01;36m[K^~~~[m[K
[5.646s] [01m[K/opt/ros/foxy/include/rclcpp/node.hpp:86:12:[m[K [01;36m[Knote: [m[K  candidate expects 2 arguments, 0 provided
[5.830s] make[2]: *** [CMakeFiles/torque_controller.dir/build.make:63: CMakeFiles/torque_controller.dir/src/torque_controller.cpp.o] Error 1
[5.831s] make[1]: *** [CMakeFiles/Makefile2:107: CMakeFiles/torque_controller.dir/all] Error 2
[5.831s] make: *** [Makefile:141: all] Error 2
[5.837s] Invoked command in '/home/xinchen/Dev/SRTP/build/motor_controller' returned '2': AMENT_PREFIX_PATH=/home/xinchen/Dev/SRTP/install/custom_interface:${AMENT_PREFIX_PATH} CMAKE_PREFIX_PATH=/home/xinchen/Dev/SRTP/install/custom_interface:/home/xinchen/Dev/SRTP/install/motor_controller:/home/xinchen/Dev/SRTP/install/launch_files:/home/xinchen/Dev/SRTP/install/dynamixel_workbench:/home/xinchen/Dev/SRTP/install/dynamixel_workbench_toolbox:/home/xinchen/Dev/SRTP/install/dynamixel_sdk_examples:/home/xinchen/Dev/SRTP/install/dynamixel_sdk_custom_interfaces:/home/xinchen/Dev/SRTP/install/dynamixel_sdk:/opt/ros/foxy LD_LIBRARY_PATH=/home/xinchen/Dev/SRTP/install/custom_interface/lib:${LD_LIBRARY_PATH} PYTHONPATH=/home/xinchen/Dev/SRTP/install/custom_interface/lib/python3.8/site-packages:${PYTHONPATH} /usr/bin/cmake --build /home/xinchen/Dev/SRTP/build/motor_controller -- -j6 -l6
