[0.246s] Invoking command in '/home/xinchen/Dev/SRTP/build/motor_controller': AMENT_PREFIX_PATH=/home/xinchen/Dev/SRTP/install/custom_interface:${AMENT_PREFIX_PATH} CMAKE_PREFIX_PATH=/home/xinchen/Dev/SRTP/install/custom_interface:/home/xinchen/Dev/SRTP/install/motor_controller:/home/xinchen/Dev/SRTP/install/launch_files:/home/xinchen/Dev/SRTP/install/dynamixel_workbench:/home/xinchen/Dev/SRTP/install/dynamixel_workbench_toolbox:/home/xinchen/Dev/SRTP/install/dynamixel_sdk_examples:/home/xinchen/Dev/SRTP/install/dynamixel_sdk_custom_interfaces:/home/xinchen/Dev/SRTP/install/dynamixel_sdk:/opt/ros/foxy LD_LIBRARY_PATH=/home/xinchen/Dev/SRTP/install/custom_interface/lib:${LD_LIBRARY_PATH} PYTHONPATH=/home/xinchen/Dev/SRTP/install/custom_interface/lib/python3.8/site-packages:${PYTHONPATH} /usr/bin/cmake --build /home/xinchen/Dev/SRTP/build/motor_controller -- -j6 -l6
[0.418s] [35m[1mScanning dependencies of target torque_controller[0m
[0.558s] [ 50%] Built target position_controller
[0.583s] [ 75%] [32mBuilding CXX object CMakeFiles/torque_controller.dir/src/torque_controller.cpp.o[0m
[4.619s] [01m[K/home/xinchen/Dev/SRTP/src/motor_controller/src/torque_controller.cpp:45:1:[m[K [01;31m[Kerror: [m[Kexpected ‘[01m[K}[m[K’ at end of input
[4.621s]    45 | [01;31m[K}[m[K
[4.621s]       | [01;31m[K^[m[K
[4.621s] [01m[K/home/xinchen/Dev/SRTP/src/motor_controller/src/torque_controller.cpp:14:1:[m[K [01;36m[Knote: [m[Kto match this ‘[01m[K{[m[K’
[4.621s]    14 | [01;36m[K{[m[K
[4.621s]       | [01;36m[K^[m[K
[4.635s] [01m[K/home/xinchen/Dev/SRTP/src/motor_controller/src/torque_controller.cpp:[m[K In lambda function:
[4.636s] [01m[K/home/xinchen/Dev/SRTP/src/motor_controller/src/torque_controller.cpp:22:23:[m[K [01;31m[Kerror: [m[K‘[01m[Kclass TorqueController[m[K’ has no member named ‘[01m[Ktorque_callback[m[K’
[4.636s]    22 |                 this->[01;31m[Ktorque_callback[m[K(*torque);
[4.636s]       |                       [01;31m[K^~~~~~~~~~~~~~~[m[K
[4.636s] [01m[K/home/xinchen/Dev/SRTP/src/motor_controller/src/torque_controller.cpp:[m[K In constructor ‘[01m[KTorqueController::TorqueController()[m[K’:
[4.636s] [01m[K/home/xinchen/Dev/SRTP/src/motor_controller/src/torque_controller.cpp:23:14:[m[K [01;31m[Kerror: [m[Kexpected ‘[01m[K)[m[K’ before ‘[01m[K}[m[K’ token
[4.636s]    23 |             }
[4.637s]       |              [01;31m[K^[m[K
[4.637s]       |              [32m[K)[m[K
[4.637s]    24 |     [32m[K}[m[K
[4.637s]       |     [32m[K~[m[K         
[4.637s] [01m[K/home/xinchen/Dev/SRTP/src/motor_controller/src/torque_controller.cpp:20:81:[m[K [01;36m[Knote: [m[Kto match this ‘[01m[K([m[K’
[4.637s]    20 |         subscription_ = this->create_subscription<custom_interface::msg::Torque>[01;36m[K([m[K
[4.637s]       |                                                                                 [01;36m[K^[m[K
[4.638s] [01m[K/home/xinchen/Dev/SRTP/src/motor_controller/src/torque_controller.cpp:[m[K At global scope:
[4.638s] [01m[K/home/xinchen/Dev/SRTP/src/motor_controller/src/torque_controller.cpp:24:5:[m[K [01;31m[Kerror: [m[Kexpected unqualified-id at end of input
[4.638s]    24 |     [01;31m[K}[m[K
[4.638s]       |     [01;31m[K^[m[K
[5.639s] make[2]: *** [CMakeFiles/torque_controller.dir/build.make:63: CMakeFiles/torque_controller.dir/src/torque_controller.cpp.o] Error 1
[5.640s] make[1]: *** [CMakeFiles/Makefile2:107: CMakeFiles/torque_controller.dir/all] Error 2
[5.643s] make: *** [Makefile:141: all] Error 2
[5.653s] Invoked command in '/home/xinchen/Dev/SRTP/build/motor_controller' returned '2': AMENT_PREFIX_PATH=/home/xinchen/Dev/SRTP/install/custom_interface:${AMENT_PREFIX_PATH} CMAKE_PREFIX_PATH=/home/xinchen/Dev/SRTP/install/custom_interface:/home/xinchen/Dev/SRTP/install/motor_controller:/home/xinchen/Dev/SRTP/install/launch_files:/home/xinchen/Dev/SRTP/install/dynamixel_workbench:/home/xinchen/Dev/SRTP/install/dynamixel_workbench_toolbox:/home/xinchen/Dev/SRTP/install/dynamixel_sdk_examples:/home/xinchen/Dev/SRTP/install/dynamixel_sdk_custom_interfaces:/home/xinchen/Dev/SRTP/install/dynamixel_sdk:/opt/ros/foxy LD_LIBRARY_PATH=/home/xinchen/Dev/SRTP/install/custom_interface/lib:${LD_LIBRARY_PATH} PYTHONPATH=/home/xinchen/Dev/SRTP/install/custom_interface/lib/python3.8/site-packages:${PYTHONPATH} /usr/bin/cmake --build /home/xinchen/Dev/SRTP/build/motor_controller -- -j6 -l6
