[0.132s] Invoking command in '/home/xinchen/Dev/SRTP/build/dynamixel_sdk_examples': CMAKE_PREFIX_PATH=/home/xinchen/Dev/SRTP/install/dynamixel_sdk_custom_interfaces:/home/xinchen/Dev/SRTP/install/dynamixel_sdk:/home/xinchen/Dev/SRTP/install/motor_controller:/home/xinchen/Dev/SRTP/install/launch_files:/home/xinchen/Dev/SRTP/install/dynamixel_workbench:/home/xinchen/Dev/SRTP/install/dynamixel_workbench_toolbox:/home/xinchen/Dev/SRTP/install/dynamixel_sdk_examples:/opt/ros/foxy LD_LIBRARY_PATH=/home/xinchen/Dev/SRTP/install/dynamixel_sdk_custom_interfaces/lib:/home/xinchen/Dev/SRTP/install/dynamixel_sdk/lib:/home/xinchen/Dev/SRTP/install/dynamixel_workbench_toolbox/lib:/usr/lib/aarch64-linux-gnu/gazebo-11/plugins:/opt/ros/foxy/opt/yaml_cpp_vendor/lib:/opt/ros/foxy/opt/rviz_ogre_vendor/lib:/opt/ros/foxy/lib/aarch64-linux-gnu:/opt/ros/foxy/lib /usr/bin/cmake /home/xinchen/Dev/SRTP/src/DynamixelSDK/dynamixel_sdk_examples -DCMAKE_EXPORT_COMPILE_COMMANDS=On -DCMAKE_INSTALL_PREFIX=/home/xinchen/Dev/SRTP/install/dynamixel_sdk_examples
[0.163s] -- Found ament_cmake: 0.9.12 (/opt/ros/foxy/share/ament_cmake/cmake)
[0.216s] -- Using PYTHON_EXECUTABLE: /usr/bin/python3
[0.751s] -- Found dynamixel_sdk: 3.7.40 (/home/xinchen/Dev/SRTP/install/dynamixel_sdk/share/dynamixel_sdk/cmake)
[0.755s] -- Found dynamixel_sdk_custom_interfaces: 3.7.40 (/home/xinchen/Dev/SRTP/install/dynamixel_sdk_custom_interfaces/share/dynamixel_sdk_custom_interfaces/cmake)
[0.814s] -- Using all available rosidl_typesupport_c: rosidl_typesupport_fastrtps_c;rosidl_typesupport_introspection_c
[0.822s] -- Found rosidl_adapter: 1.3.1 (/opt/ros/foxy/share/rosidl_adapter/cmake)
[1.096s] -- Using all available rosidl_typesupport_cpp: rosidl_typesupport_fastrtps_cpp;rosidl_typesupport_introspection_cpp
[1.267s] -- Found rclcpp: 2.4.3 (/opt/ros/foxy/share/rclcpp/cmake)
[1.411s] -- Found rmw_implementation_cmake: 1.0.4 (/opt/ros/foxy/share/rmw_implementation_cmake/cmake)
[1.417s] -- Using RMW implementation 'rmw_fastrtps_cpp' as default
[1.812s] -- Found ament_lint_auto: 0.9.8 (/opt/ros/foxy/share/ament_lint_auto/cmake)
[1.973s] -- Added test 'copyright' to check source files copyright and LICENSE
[1.975s] -- Added test 'cppcheck' to perform static code analysis on C / C++ code
[1.975s] -- Configured cppcheck include dirs: /home/xinchen/Dev/SRTP/src/DynamixelSDK/dynamixel_sdk_examples/include
[1.975s] -- Configured cppcheck exclude dirs and/or files: 
[1.976s] -- Added test 'cpplint' to check C / C++ code against the Google style
[1.977s] -- Configured cpplint exclude dirs and/or files: 
[1.978s] -- Added test 'lint_cmake' to check CMake code style
[1.979s] -- Added test 'uncrustify' to check C / C++ code style
[1.979s] -- Configured uncrustify additional arguments: 
[1.980s] -- Added test 'xmllint' to check XML markup files
[1.987s] -- Configuring done
[2.012s] -- Generating done
[2.016s] -- Build files have been written to: /home/xinchen/Dev/SRTP/build/dynamixel_sdk_examples
[2.044s] Invoked command in '/home/xinchen/Dev/SRTP/build/dynamixel_sdk_examples' returned '0': CMAKE_PREFIX_PATH=/home/xinchen/Dev/SRTP/install/dynamixel_sdk_custom_interfaces:/home/xinchen/Dev/SRTP/install/dynamixel_sdk:/home/xinchen/Dev/SRTP/install/motor_controller:/home/xinchen/Dev/SRTP/install/launch_files:/home/xinchen/Dev/SRTP/install/dynamixel_workbench:/home/xinchen/Dev/SRTP/install/dynamixel_workbench_toolbox:/home/xinchen/Dev/SRTP/install/dynamixel_sdk_examples:/opt/ros/foxy LD_LIBRARY_PATH=/home/xinchen/Dev/SRTP/install/dynamixel_sdk_custom_interfaces/lib:/home/xinchen/Dev/SRTP/install/dynamixel_sdk/lib:/home/xinchen/Dev/SRTP/install/dynamixel_workbench_toolbox/lib:/usr/lib/aarch64-linux-gnu/gazebo-11/plugins:/opt/ros/foxy/opt/yaml_cpp_vendor/lib:/opt/ros/foxy/opt/rviz_ogre_vendor/lib:/opt/ros/foxy/lib/aarch64-linux-gnu:/opt/ros/foxy/lib /usr/bin/cmake /home/xinchen/Dev/SRTP/src/DynamixelSDK/dynamixel_sdk_examples -DCMAKE_EXPORT_COMPILE_COMMANDS=On -DCMAKE_INSTALL_PREFIX=/home/xinchen/Dev/SRTP/install/dynamixel_sdk_examples
[2.046s] Invoking command in '/home/xinchen/Dev/SRTP/build/dynamixel_sdk_examples': CMAKE_PREFIX_PATH=/home/xinchen/Dev/SRTP/install/dynamixel_sdk_custom_interfaces:/home/xinchen/Dev/SRTP/install/dynamixel_sdk:/home/xinchen/Dev/SRTP/install/motor_controller:/home/xinchen/Dev/SRTP/install/launch_files:/home/xinchen/Dev/SRTP/install/dynamixel_workbench:/home/xinchen/Dev/SRTP/install/dynamixel_workbench_toolbox:/home/xinchen/Dev/SRTP/install/dynamixel_sdk_examples:/opt/ros/foxy LD_LIBRARY_PATH=/home/xinchen/Dev/SRTP/install/dynamixel_sdk_custom_interfaces/lib:/home/xinchen/Dev/SRTP/install/dynamixel_sdk/lib:/home/xinchen/Dev/SRTP/install/dynamixel_workbench_toolbox/lib:/usr/lib/aarch64-linux-gnu/gazebo-11/plugins:/opt/ros/foxy/opt/yaml_cpp_vendor/lib:/opt/ros/foxy/opt/rviz_ogre_vendor/lib:/opt/ros/foxy/lib/aarch64-linux-gnu:/opt/ros/foxy/lib /usr/bin/cmake --build /home/xinchen/Dev/SRTP/build/dynamixel_sdk_examples -- -j6 -l6
[2.191s] [100%] Built target read_write_node
[2.228s] Invoked command in '/home/xinchen/Dev/SRTP/build/dynamixel_sdk_examples' returned '0': CMAKE_PREFIX_PATH=/home/xinchen/Dev/SRTP/install/dynamixel_sdk_custom_interfaces:/home/xinchen/Dev/SRTP/install/dynamixel_sdk:/home/xinchen/Dev/SRTP/install/motor_controller:/home/xinchen/Dev/SRTP/install/launch_files:/home/xinchen/Dev/SRTP/install/dynamixel_workbench:/home/xinchen/Dev/SRTP/install/dynamixel_workbench_toolbox:/home/xinchen/Dev/SRTP/install/dynamixel_sdk_examples:/opt/ros/foxy LD_LIBRARY_PATH=/home/xinchen/Dev/SRTP/install/dynamixel_sdk_custom_interfaces/lib:/home/xinchen/Dev/SRTP/install/dynamixel_sdk/lib:/home/xinchen/Dev/SRTP/install/dynamixel_workbench_toolbox/lib:/usr/lib/aarch64-linux-gnu/gazebo-11/plugins:/opt/ros/foxy/opt/yaml_cpp_vendor/lib:/opt/ros/foxy/opt/rviz_ogre_vendor/lib:/opt/ros/foxy/lib/aarch64-linux-gnu:/opt/ros/foxy/lib /usr/bin/cmake --build /home/xinchen/Dev/SRTP/build/dynamixel_sdk_examples -- -j6 -l6
[2.289s] Invoking command in '/home/xinchen/Dev/SRTP/build/dynamixel_sdk_examples': CMAKE_PREFIX_PATH=/home/xinchen/Dev/SRTP/install/dynamixel_sdk_custom_interfaces:/home/xinchen/Dev/SRTP/install/dynamixel_sdk:/home/xinchen/Dev/SRTP/install/motor_controller:/home/xinchen/Dev/SRTP/install/launch_files:/home/xinchen/Dev/SRTP/install/dynamixel_workbench:/home/xinchen/Dev/SRTP/install/dynamixel_workbench_toolbox:/home/xinchen/Dev/SRTP/install/dynamixel_sdk_examples:/opt/ros/foxy LD_LIBRARY_PATH=/home/xinchen/Dev/SRTP/install/dynamixel_sdk_custom_interfaces/lib:/home/xinchen/Dev/SRTP/install/dynamixel_sdk/lib:/home/xinchen/Dev/SRTP/install/dynamixel_workbench_toolbox/lib:/usr/lib/aarch64-linux-gnu/gazebo-11/plugins:/opt/ros/foxy/opt/yaml_cpp_vendor/lib:/opt/ros/foxy/opt/rviz_ogre_vendor/lib:/opt/ros/foxy/lib/aarch64-linux-gnu:/opt/ros/foxy/lib /usr/bin/cmake --install /home/xinchen/Dev/SRTP/build/dynamixel_sdk_examples
[2.311s] -- Install configuration: ""
[2.312s] -- Up-to-date: /home/xinchen/Dev/SRTP/install/dynamixel_sdk_examples/lib/dynamixel_sdk_examples/read_write_node
[2.313s] -- Up-to-date: /home/xinchen/Dev/SRTP/install/dynamixel_sdk_examples/share/ament_index/resource_index/package_run_dependencies/dynamixel_sdk_examples
[2.314s] -- Installing: /home/xinchen/Dev/SRTP/install/dynamixel_sdk_examples/share/ament_index/resource_index/parent_prefix_path/dynamixel_sdk_examples
[2.314s] -- Up-to-date: /home/xinchen/Dev/SRTP/install/dynamixel_sdk_examples/share/dynamixel_sdk_examples/environment/ament_prefix_path.sh
[2.314s] -- Installing: /home/xinchen/Dev/SRTP/install/dynamixel_sdk_examples/share/dynamixel_sdk_examples/environment/ament_prefix_path.dsv
[2.314s] -- Up-to-date: /home/xinchen/Dev/SRTP/install/dynamixel_sdk_examples/share/dynamixel_sdk_examples/environment/path.sh
[2.315s] -- Installing: /home/xinchen/Dev/SRTP/install/dynamixel_sdk_examples/share/dynamixel_sdk_examples/environment/path.dsv
[2.315s] -- Up-to-date: /home/xinchen/Dev/SRTP/install/dynamixel_sdk_examples/share/dynamixel_sdk_examples/local_setup.bash
[2.315s] -- Up-to-date: /home/xinchen/Dev/SRTP/install/dynamixel_sdk_examples/share/dynamixel_sdk_examples/local_setup.sh
[2.315s] -- Up-to-date: /home/xinchen/Dev/SRTP/install/dynamixel_sdk_examples/share/dynamixel_sdk_examples/local_setup.zsh
[2.315s] -- Installing: /home/xinchen/Dev/SRTP/install/dynamixel_sdk_examples/share/dynamixel_sdk_examples/local_setup.dsv
[2.316s] -- Installing: /home/xinchen/Dev/SRTP/install/dynamixel_sdk_examples/share/dynamixel_sdk_examples/package.dsv
[2.316s] -- Up-to-date: /home/xinchen/Dev/SRTP/install/dynamixel_sdk_examples/share/ament_index/resource_index/packages/dynamixel_sdk_examples
[2.316s] -- Up-to-date: /home/xinchen/Dev/SRTP/install/dynamixel_sdk_examples/share/dynamixel_sdk_examples/cmake/dynamixel_sdk_examplesConfig.cmake
[2.316s] -- Up-to-date: /home/xinchen/Dev/SRTP/install/dynamixel_sdk_examples/share/dynamixel_sdk_examples/cmake/dynamixel_sdk_examplesConfig-version.cmake
[2.317s] -- Up-to-date: /home/xinchen/Dev/SRTP/install/dynamixel_sdk_examples/share/dynamixel_sdk_examples/package.xml
[2.338s] Invoked command in '/home/xinchen/Dev/SRTP/build/dynamixel_sdk_examples' returned '0': CMAKE_PREFIX_PATH=/home/xinchen/Dev/SRTP/install/dynamixel_sdk_custom_interfaces:/home/xinchen/Dev/SRTP/install/dynamixel_sdk:/home/xinchen/Dev/SRTP/install/motor_controller:/home/xinchen/Dev/SRTP/install/launch_files:/home/xinchen/Dev/SRTP/install/dynamixel_workbench:/home/xinchen/Dev/SRTP/install/dynamixel_workbench_toolbox:/home/xinchen/Dev/SRTP/install/dynamixel_sdk_examples:/opt/ros/foxy LD_LIBRARY_PATH=/home/xinchen/Dev/SRTP/install/dynamixel_sdk_custom_interfaces/lib:/home/xinchen/Dev/SRTP/install/dynamixel_sdk/lib:/home/xinchen/Dev/SRTP/install/dynamixel_workbench_toolbox/lib:/usr/lib/aarch64-linux-gnu/gazebo-11/plugins:/opt/ros/foxy/opt/yaml_cpp_vendor/lib:/opt/ros/foxy/opt/rviz_ogre_vendor/lib:/opt/ros/foxy/lib/aarch64-linux-gnu:/opt/ros/foxy/lib /usr/bin/cmake --install /home/xinchen/Dev/SRTP/build/dynamixel_sdk_examples
